[INFO:2021-04-13 16:50:27,677] waiting OPENING sell-liquid/buy-bitbank margin:3977, open_threshold:3000
[INFO:2021-04-13 16:50:31,199] waiting CLOSING sell-bitbank/buy-liquid margin:-3651, close_threshold:-977
[INFO:2021-04-13 16:50:34,284] waiting CLOSING sell-bitbank/buy-liquid margin:-6206, close_threshold:-977
[INFO:2021-04-13 16:50:37,339] waiting CLOSING sell-bitbank/buy-liquid margin:-6206, close_threshold:-977
[INFO:2021-04-13 16:50:40,380] waiting CLOSING sell-bitbank/buy-liquid margin:-6571, close_threshold:-977
[INFO:2021-04-13 16:50:43,432] waiting CLOSING sell-bitbank/buy-liquid margin:-6545, close_threshold:-977
[INFO:2021-04-13 16:50:46,476] waiting CLOSING sell-bitbank/buy-liquid margin:-6065, close_threshold:-977
[INFO:2021-04-13 16:50:49,517] waiting CLOSING sell-bitbank/buy-liquid margin:-6277, close_threshold:-977
[INFO:2021-04-13 16:50:52,574] waiting CLOSING sell-bitbank/buy-liquid margin:-6271, close_threshold:-977
[INFO:2021-04-13 16:50:55,626] waiting CLOSING sell-bitbank/buy-liquid margin:-7214, close_threshold:-977
[INFO:2021-04-13 16:50:58,704] waiting CLOSING sell-bitbank/buy-liquid margin:-7194, close_threshold:-977
[INFO:2021-04-13 16:51:01,753] waiting CLOSING sell-bitbank/buy-liquid margin:-7190, close_threshold:-977
[INFO:2021-04-13 16:51:04,804] waiting CLOSING sell-bitbank/buy-liquid margin:-7174, close_threshold:-977
[INFO:2021-04-13 16:51:07,859] waiting CLOSING sell-bitbank/buy-liquid margin:-7159, close_threshold:-977
[INFO:2021-04-13 16:51:10,940] waiting CLOSING sell-bitbank/buy-liquid margin:-6915, close_threshold:-977
[INFO:2021-04-13 16:51:13,989] waiting CLOSING sell-bitbank/buy-liquid margin:-6598, close_threshold:-977
[INFO:2021-04-13 16:51:17,033] waiting CLOSING sell-bitbank/buy-liquid margin:-6609, close_threshold:-977
[INFO:2021-04-13 16:51:20,083] waiting CLOSING sell-bitbank/buy-liquid margin:-6168, close_threshold:-977
[INFO:2021-04-13 16:51:23,127] waiting CLOSING sell-bitbank/buy-liquid margin:-5897, close_threshold:-977
[INFO:2021-04-13 16:51:26,182] waiting CLOSING sell-bitbank/buy-liquid margin:-5159, close_threshold:-977
[INFO:2021-04-13 16:51:29,237] waiting CLOSING sell-bitbank/buy-liquid margin:-4940, close_threshold:-977
[INFO:2021-04-13 16:51:32,281] waiting CLOSING sell-bitbank/buy-liquid margin:-5568, close_threshold:-977
[INFO:2021-04-13 16:51:35,326] waiting CLOSING sell-bitbank/buy-liquid margin:-5698, close_threshold:-977
[INFO:2021-04-13 16:51:38,383] waiting CLOSING sell-bitbank/buy-liquid margin:-7973, close_threshold:-977
[INFO:2021-04-13 16:51:41,434] waiting CLOSING sell-bitbank/buy-liquid margin:-7904, close_threshold:-977
[INFO:2021-04-13 16:51:44,479] waiting CLOSING sell-bitbank/buy-liquid margin:-7898, close_threshold:-977
[INFO:2021-04-13 16:51:47,535] waiting CLOSING sell-bitbank/buy-liquid margin:-7892, close_threshold:-977
[INFO:2021-04-13 16:51:50,585] waiting CLOSING sell-bitbank/buy-liquid margin:-8181, close_threshold:-977
[INFO:2021-04-13 16:51:53,635] waiting CLOSING sell-bitbank/buy-liquid margin:-8052, close_threshold:-977
[INFO:2021-04-13 16:51:56,683] waiting CLOSING sell-bitbank/buy-liquid margin:-9798, close_threshold:-977
[INFO:2021-04-13 16:51:59,725] waiting CLOSING sell-bitbank/buy-liquid margin:-9788, close_threshold:-977
[INFO:2021-04-13 16:52:02,771] waiting CLOSING sell-bitbank/buy-liquid margin:-9027, close_threshold:-977
[INFO:2021-04-13 16:52:05,811] waiting CLOSING sell-bitbank/buy-liquid margin:-8683, close_threshold:-977
[INFO:2021-04-13 16:52:08,885] waiting CLOSING sell-bitbank/buy-liquid margin:-8662, close_threshold:-977
[INFO:2021-04-13 16:52:11,950] waiting CLOSING sell-bitbank/buy-liquid margin:-8661, close_threshold:-977
[INFO:2021-04-13 16:52:15,022] waiting CLOSING sell-bitbank/buy-liquid margin:-8913, close_threshold:-977
[INFO:2021-04-13 16:52:18,070] waiting CLOSING sell-bitbank/buy-liquid margin:-7416, close_threshold:-977
[INFO:2021-04-13 16:52:21,122] waiting CLOSING sell-bitbank/buy-liquid margin:-9118, close_threshold:-977
[INFO:2021-04-13 16:52:24,176] waiting CLOSING sell-bitbank/buy-liquid margin:-9522, close_threshold:-977
[INFO:2021-04-13 16:52:27,257] waiting CLOSING sell-bitbank/buy-liquid margin:-9002, close_threshold:-977
[INFO:2021-04-13 16:52:30,309] waiting CLOSING sell-bitbank/buy-liquid margin:-8289, close_threshold:-977
[INFO:2021-04-13 16:52:33,353] waiting CLOSING sell-bitbank/buy-liquid margin:-9364, close_threshold:-977
[INFO:2021-04-13 16:52:36,396] waiting CLOSING sell-bitbank/buy-liquid margin:-9360, close_threshold:-977
[INFO:2021-04-13 16:52:39,445] waiting CLOSING sell-bitbank/buy-liquid margin:-8286, close_threshold:-977
[INFO:2021-04-13 16:52:42,484] waiting CLOSING sell-bitbank/buy-liquid margin:-9645, close_threshold:-977
[INFO:2021-04-13 16:52:45,563] waiting CLOSING sell-bitbank/buy-liquid margin:-8023, close_threshold:-977
[INFO:2021-04-13 16:52:48,613] waiting CLOSING sell-bitbank/buy-liquid margin:-8598, close_threshold:-977
[INFO:2021-04-13 16:52:51,662] waiting CLOSING sell-bitbank/buy-liquid margin:-8596, close_threshold:-977
[INFO:2021-04-13 16:52:54,714] waiting CLOSING sell-bitbank/buy-liquid margin:-8539, close_threshold:-977
[INFO:2021-04-13 16:52:57,781] waiting CLOSING sell-bitbank/buy-liquid margin:-7332, close_threshold:-977
[INFO:2021-04-13 16:53:00,840] waiting CLOSING sell-bitbank/buy-liquid margin:-6829, close_threshold:-977
[INFO:2021-04-13 16:53:03,890] waiting CLOSING sell-bitbank/buy-liquid margin:-6219, close_threshold:-977
[INFO:2021-04-13 16:53:06,968] waiting CLOSING sell-bitbank/buy-liquid margin:-6288, close_threshold:-977
[INFO:2021-04-13 16:53:10,023] waiting CLOSING sell-bitbank/buy-liquid margin:-6237, close_threshold:-977
[INFO:2021-04-13 16:53:13,067] waiting CLOSING sell-bitbank/buy-liquid margin:-6287, close_threshold:-977
[INFO:2021-04-13 16:53:16,108] waiting CLOSING sell-bitbank/buy-liquid margin:-9728, close_threshold:-977
[INFO:2021-04-13 16:53:19,191] waiting CLOSING sell-bitbank/buy-liquid margin:-7931, close_threshold:-977
[INFO:2021-04-13 16:53:22,242] waiting CLOSING sell-bitbank/buy-liquid margin:-5274, close_threshold:-977
[INFO:2021-04-13 16:53:25,322] waiting CLOSING sell-bitbank/buy-liquid margin:-5845, close_threshold:-977
[INFO:2021-04-13 16:53:28,400] waiting CLOSING sell-bitbank/buy-liquid margin:-7464, close_threshold:-977
[INFO:2021-04-13 16:53:31,462] waiting CLOSING sell-bitbank/buy-liquid margin:-8641, close_threshold:-977
[INFO:2021-04-13 16:53:34,535] waiting CLOSING sell-bitbank/buy-liquid margin:-7287, close_threshold:-977
[INFO:2021-04-13 16:53:37,591] waiting CLOSING sell-bitbank/buy-liquid margin:-6728, close_threshold:-977
[INFO:2021-04-13 16:53:40,635] waiting CLOSING sell-bitbank/buy-liquid margin:-6534, close_threshold:-977
[INFO:2021-04-13 16:53:43,683] waiting CLOSING sell-bitbank/buy-liquid margin:-6252, close_threshold:-977
[INFO:2021-04-13 16:53:46,746] waiting CLOSING sell-bitbank/buy-liquid margin:-6023, close_threshold:-977
[INFO:2021-04-13 16:53:49,804] waiting CLOSING sell-bitbank/buy-liquid margin:-6132, close_threshold:-977
[INFO:2021-04-13 16:53:52,845] waiting CLOSING sell-bitbank/buy-liquid margin:-6727, close_threshold:-977
[INFO:2021-04-13 16:53:55,900] waiting CLOSING sell-bitbank/buy-liquid margin:-6727, close_threshold:-977
[INFO:2021-04-13 16:53:58,945] waiting CLOSING sell-bitbank/buy-liquid margin:-6727, close_threshold:-977
[INFO:2021-04-13 16:54:02,045] waiting CLOSING sell-bitbank/buy-liquid margin:-6727, close_threshold:-977
[INFO:2021-04-13 16:54:05,100] waiting CLOSING sell-bitbank/buy-liquid margin:-9560, close_threshold:-977
[INFO:2021-04-13 16:54:08,176] waiting CLOSING sell-bitbank/buy-liquid margin:-8636, close_threshold:-977
[INFO:2021-04-13 16:54:11,222] waiting CLOSING sell-bitbank/buy-liquid margin:-8319, close_threshold:-977
[INFO:2021-04-13 16:54:14,288] waiting CLOSING sell-bitbank/buy-liquid margin:-8127, close_threshold:-977
[INFO:2021-04-13 16:54:17,339] waiting CLOSING sell-bitbank/buy-liquid margin:-7897, close_threshold:-977
[INFO:2021-04-13 16:54:20,394] waiting CLOSING sell-bitbank/buy-liquid margin:-2751, close_threshold:-977
[INFO:2021-04-13 16:54:23,458] waiting CLOSING sell-bitbank/buy-liquid margin:-3590, close_threshold:-977
[INFO:2021-04-13 16:54:26,502] waiting CLOSING sell-bitbank/buy-liquid margin:-2881, close_threshold:-977
[INFO:2021-04-13 16:54:29,591] waiting CLOSING sell-bitbank/buy-liquid margin:-2875, close_threshold:-977
[INFO:2021-04-13 16:54:32,682] waiting CLOSING sell-bitbank/buy-liquid margin:-2857, close_threshold:-977
[INFO:2021-04-13 16:54:35,742] waiting CLOSING sell-bitbank/buy-liquid margin:-2845, close_threshold:-977
[INFO:2021-04-13 16:54:38,792] waiting CLOSING sell-bitbank/buy-liquid margin:-1981, close_threshold:-977
[INFO:2021-04-13 16:54:41,845] waiting CLOSING sell-bitbank/buy-liquid margin:-2249, close_threshold:-977
[INFO:2021-04-13 16:54:44,890] waiting CLOSING sell-bitbank/buy-liquid margin:-4475, close_threshold:-977
[INFO:2021-04-13 16:54:47,945] waiting CLOSING sell-bitbank/buy-liquid margin:-5999, close_threshold:-977
[INFO:2021-04-13 16:54:50,991] waiting CLOSING sell-bitbank/buy-liquid margin:-7249, close_threshold:-977
[INFO:2021-04-13 16:54:54,043] waiting CLOSING sell-bitbank/buy-liquid margin:-7249, close_threshold:-977
[INFO:2021-04-13 16:54:57,100] waiting CLOSING sell-bitbank/buy-liquid margin:-7249, close_threshold:-977
[INFO:2021-04-13 16:55:00,140] waiting CLOSING sell-bitbank/buy-liquid margin:-8499, close_threshold:-977
[INFO:2021-04-13 16:55:03,186] waiting CLOSING sell-bitbank/buy-liquid margin:-12094, close_threshold:-977
[INFO:2021-04-13 16:55:06,234] waiting CLOSING sell-bitbank/buy-liquid margin:-6315, close_threshold:-977
[INFO:2021-04-13 16:55:09,287] waiting CLOSING sell-bitbank/buy-liquid margin:-5836, close_threshold:-977
[INFO:2021-04-13 16:55:12,456] waiting CLOSING sell-bitbank/buy-liquid margin:-5834, close_threshold:-977
[INFO:2021-04-13 16:55:15,535] waiting CLOSING sell-bitbank/buy-liquid margin:-7587, close_threshold:-977
[INFO:2021-04-13 16:55:18,580] waiting CLOSING sell-bitbank/buy-liquid margin:-7209, close_threshold:-977
[INFO:2021-04-13 16:55:21,632] waiting CLOSING sell-bitbank/buy-liquid margin:-7202, close_threshold:-977
[INFO:2021-04-13 16:55:24,690] waiting CLOSING sell-bitbank/buy-liquid margin:-7195, close_threshold:-977
[INFO:2021-04-13 16:55:27,745] waiting CLOSING sell-bitbank/buy-liquid margin:-6820, close_threshold:-977
[INFO:2021-04-13 16:55:30,784] waiting CLOSING sell-bitbank/buy-liquid margin:-8443, close_threshold:-977
[INFO:2021-04-13 16:55:33,834] waiting CLOSING sell-bitbank/buy-liquid margin:-8250, close_threshold:-977
[INFO:2021-04-13 16:55:36,912] waiting CLOSING sell-bitbank/buy-liquid margin:-7029, close_threshold:-1631
[INFO:2021-04-13 16:55:39,962] waiting CLOSING sell-bitbank/buy-liquid margin:-7911, close_threshold:-1631
[INFO:2021-04-13 16:55:43,010] waiting CLOSING sell-bitbank/buy-liquid margin:-7632, close_threshold:-1631
[INFO:2021-04-13 16:55:46,061] waiting CLOSING sell-bitbank/buy-liquid margin:-6127, close_threshold:-1631
[INFO:2021-04-13 16:55:49,141] waiting CLOSING sell-bitbank/buy-liquid margin:-6550, close_threshold:-1631
[INFO:2021-04-13 16:55:52,179] waiting CLOSING sell-bitbank/buy-liquid margin:-5750, close_threshold:-1631
[INFO:2021-04-13 16:55:55,242] waiting CLOSING sell-bitbank/buy-liquid margin:-5596, close_threshold:-1631
[INFO:2021-04-13 16:55:58,287] waiting CLOSING sell-bitbank/buy-liquid margin:-5227, close_threshold:-1631
[INFO:2021-04-13 16:56:01,358] waiting CLOSING sell-bitbank/buy-liquid margin:-5227, close_threshold:-1631
[INFO:2021-04-13 16:56:04,402] waiting CLOSING sell-bitbank/buy-liquid margin:-5450, close_threshold:-1631
[INFO:2021-04-13 16:56:07,457] waiting CLOSING sell-bitbank/buy-liquid margin:-7551, close_threshold:-1631
[INFO:2021-04-13 16:56:10,504] waiting CLOSING sell-bitbank/buy-liquid margin:-6896, close_threshold:-1631
[INFO:2021-04-13 16:56:13,548] waiting CLOSING sell-bitbank/buy-liquid margin:-7539, close_threshold:-1631
[INFO:2021-04-13 16:56:16,693] waiting CLOSING sell-bitbank/buy-liquid margin:-7533, close_threshold:-1631
[INFO:2021-04-13 16:56:19,740] waiting CLOSING sell-bitbank/buy-liquid margin:-7532, close_threshold:-1631
[INFO:2021-04-13 16:56:22,788] waiting CLOSING sell-bitbank/buy-liquid margin:-7550, close_threshold:-1631
[INFO:2021-04-13 16:56:25,833] waiting CLOSING sell-bitbank/buy-liquid margin:-7356, close_threshold:-1631
[INFO:2021-04-13 16:56:28,902] waiting CLOSING sell-bitbank/buy-liquid margin:-7356, close_threshold:-1631
[INFO:2021-04-13 16:56:31,946] waiting CLOSING sell-bitbank/buy-liquid margin:-6129, close_threshold:-1631
[INFO:2021-04-13 16:56:35,033] waiting CLOSING sell-bitbank/buy-liquid margin:-2548, close_threshold:-1631
[INFO:2021-04-13 16:56:38,078] waiting CLOSING sell-bitbank/buy-liquid margin:-4391, close_threshold:-1631
[INFO:2021-04-13 16:56:41,151] waiting CLOSING sell-bitbank/buy-liquid margin:-5031, close_threshold:-1631
[INFO:2021-04-13 16:56:44,228] waiting CLOSING sell-bitbank/buy-liquid margin:-1835, close_threshold:-1631
[INFO:2021-04-13 16:56:47,411] waiting CLOSING sell-bitbank/buy-liquid margin:566, close_threshold:-1631
[INFO:2021-04-13 16:56:50,917] waiting OPENING sell-liquid/buy-bitbank margin:1084, open_threshold:4631
[INFO:2021-04-13 16:56:53,963] waiting OPENING sell-liquid/buy-bitbank margin:1108, open_threshold:4631
[INFO:2021-04-13 16:56:57,005] waiting OPENING sell-liquid/buy-bitbank margin:448, open_threshold:4631
[INFO:2021-04-13 16:57:00,052] waiting OPENING sell-liquid/buy-bitbank margin:399, open_threshold:4631
[INFO:2021-04-13 16:57:03,107] waiting OPENING sell-bitbank/buy-liquid margin:890, open_threshold:4631
[INFO:2021-04-13 16:57:06,163] waiting OPENING sell-liquid/buy-bitbank margin:3010, open_threshold:4631
[INFO:2021-04-13 16:57:09,208] waiting OPENING sell-liquid/buy-bitbank margin:3054, open_threshold:4631
[INFO:2021-04-13 16:57:12,258] waiting OPENING sell-liquid/buy-bitbank margin:2467, open_threshold:4631
[INFO:2021-04-13 16:57:15,331] waiting OPENING sell-liquid/buy-bitbank margin:2854, open_threshold:4631
[INFO:2021-04-13 16:57:18,393] waiting OPENING sell-liquid/buy-bitbank margin:2854, open_threshold:4631
[INFO:2021-04-13 16:57:21,435] waiting OPENING sell-liquid/buy-bitbank margin:-1017, open_threshold:4631
[INFO:2021-04-13 16:57:24,485] waiting OPENING sell-liquid/buy-bitbank margin:-1, open_threshold:4631
[INFO:2021-04-13 16:57:27,560] waiting OPENING sell-liquid/buy-bitbank margin:-1, open_threshold:4631
[INFO:2021-04-13 16:57:30,605] waiting OPENING sell-liquid/buy-bitbank margin:29, open_threshold:4631
[INFO:2021-04-13 16:57:33,648] waiting OPENING sell-liquid/buy-bitbank margin:1052, open_threshold:4631
[INFO:2021-04-13 16:57:36,709] waiting OPENING sell-liquid/buy-bitbank margin:25, open_threshold:4631
[INFO:2021-04-13 16:57:39,752] waiting OPENING sell-liquid/buy-bitbank margin:25, open_threshold:4631
[INFO:2021-04-13 16:57:42,796] waiting OPENING sell-liquid/buy-bitbank margin:1177, open_threshold:4631
[INFO:2021-04-13 16:57:45,854] waiting OPENING sell-liquid/buy-bitbank margin:1177, open_threshold:4631
[INFO:2021-04-13 16:57:48,895] waiting OPENING sell-liquid/buy-bitbank margin:3877, open_threshold:4631
[INFO:2021-04-13 16:57:51,955] waiting OPENING sell-liquid/buy-bitbank margin:3878, open_threshold:4631
[INFO:2021-04-13 16:57:55,013] waiting OPENING sell-liquid/buy-bitbank margin:4149, open_threshold:4631
[INFO:2021-04-13 16:57:58,117] waiting OPENING sell-liquid/buy-bitbank margin:4724, open_threshold:4631
[INFO:2021-04-13 16:58:02,531] waiting CLOSING sell-bitbank/buy-liquid margin:-4637, close_threshold:-1724
[INFO:2021-04-13 16:58:05,591] waiting CLOSING sell-bitbank/buy-liquid margin:-52, close_threshold:-1724
[INFO:2021-04-13 16:58:09,100] waiting OPENING sell-liquid/buy-bitbank margin:74, open_threshold:4631
[INFO:2021-04-13 16:58:12,153] waiting OPENING sell-bitbank/buy-liquid margin:-480, open_threshold:4631
[INFO:2021-04-13 16:58:15,200] waiting OPENING sell-bitbank/buy-liquid margin:564, open_threshold:4631
[INFO:2021-04-13 16:58:18,249] waiting OPENING sell-bitbank/buy-liquid margin:1264, open_threshold:4631
[INFO:2021-04-13 16:58:21,302] waiting OPENING sell-liquid/buy-bitbank margin:-227, open_threshold:4631
[INFO:2021-04-13 16:58:24,342] waiting OPENING sell-liquid/buy-bitbank margin:-371, open_threshold:4631
[INFO:2021-04-13 16:58:27,405] waiting OPENING sell-liquid/buy-bitbank margin:-688, open_threshold:4631
[INFO:2021-04-13 16:58:30,455] waiting OPENING sell-liquid/buy-bitbank margin:-300, open_threshold:4631
[INFO:2021-04-13 16:58:33,522] waiting OPENING sell-liquid/buy-bitbank margin:3226, open_threshold:4631
[INFO:2021-04-13 16:58:36,563] waiting OPENING sell-liquid/buy-bitbank margin:3367, open_threshold:4631
[INFO:2021-04-13 16:58:39,635] waiting OPENING sell-liquid/buy-bitbank margin:2550, open_threshold:4631
[INFO:2021-04-13 16:58:42,737] waiting OPENING sell-liquid/buy-bitbank margin:3097, open_threshold:4631
[INFO:2021-04-13 16:58:45,787] waiting OPENING sell-liquid/buy-bitbank margin:5067, open_threshold:4631
[INFO:2021-04-13 16:58:49,301] waiting CLOSING sell-bitbank/buy-liquid margin:-5793, close_threshold:-2067
[INFO:2021-04-13 16:58:52,374] waiting CLOSING sell-bitbank/buy-liquid margin:-6473, close_threshold:-2067
[INFO:2021-04-13 16:58:55,431] waiting CLOSING sell-bitbank/buy-liquid margin:-6070, close_threshold:-2067
[INFO:2021-04-13 16:58:58,517] waiting CLOSING sell-bitbank/buy-liquid margin:-3700, close_threshold:-2067
[INFO:2021-04-13 16:59:01,603] waiting CLOSING sell-bitbank/buy-liquid margin:-3105, close_threshold:-2067
[INFO:2021-04-13 16:59:04,706] waiting CLOSING sell-bitbank/buy-liquid margin:-2169, close_threshold:-2067
[INFO:2021-04-13 16:59:07,771] waiting CLOSING sell-bitbank/buy-liquid margin:-2159, close_threshold:-2067
[INFO:2021-04-13 16:59:10,830] waiting CLOSING sell-bitbank/buy-liquid margin:-2099, close_threshold:-2067
[INFO:2021-04-13 16:59:13,904] waiting CLOSING sell-bitbank/buy-liquid margin:-1838, close_threshold:-2067
[INFO:2021-04-13 16:59:17,410] waiting OPENING sell-liquid/buy-bitbank margin:1696, open_threshold:4631
[INFO:2021-04-13 16:59:20,493] waiting OPENING sell-liquid/buy-bitbank margin:5734, open_threshold:4631
[INFO:2021-04-13 16:59:24,076] waiting CLOSING sell-bitbank/buy-liquid margin:-6932, close_threshold:-2734
[INFO:2021-04-13 16:59:27,155] waiting CLOSING sell-bitbank/buy-liquid margin:-5875, close_threshold:-2734
[INFO:2021-04-13 16:59:30,258] waiting CLOSING sell-bitbank/buy-liquid margin:-5860, close_threshold:-2734
[INFO:2021-04-13 16:59:33,331] waiting CLOSING sell-bitbank/buy-liquid margin:-5860, close_threshold:-2734
[INFO:2021-04-13 16:59:36,398] waiting CLOSING sell-bitbank/buy-liquid margin:-5700, close_threshold:-2734
[INFO:2021-04-13 16:59:39,446] waiting CLOSING sell-bitbank/buy-liquid margin:-7614, close_threshold:-2734
[INFO:2021-04-13 16:59:42,508] waiting CLOSING sell-bitbank/buy-liquid margin:-5400, close_threshold:-2734
[INFO:2021-04-13 16:59:45,564] waiting CLOSING sell-bitbank/buy-liquid margin:-6342, close_threshold:-2734
[INFO:2021-04-13 16:59:48,601] waiting CLOSING sell-bitbank/buy-liquid margin:-5305, close_threshold:-2734
[INFO:2021-04-13 16:59:51,661] waiting CLOSING sell-bitbank/buy-liquid margin:-7223, close_threshold:-2734
[INFO:2021-04-13 16:59:54,707] waiting CLOSING sell-bitbank/buy-liquid margin:-7322, close_threshold:-2734
[INFO:2021-04-13 16:59:57,752] waiting CLOSING sell-bitbank/buy-liquid margin:-7176, close_threshold:-2734
[INFO:2021-04-13 17:00:00,814] waiting CLOSING sell-bitbank/buy-liquid margin:-8384, close_threshold:-2734
[INFO:2021-04-13 17:00:03,861] waiting CLOSING sell-bitbank/buy-liquid margin:-6076, close_threshold:-2734
[INFO:2021-04-13 17:00:06,930] waiting CLOSING sell-bitbank/buy-liquid margin:-7969, close_threshold:-2734
[INFO:2021-04-13 17:00:10,016] waiting CLOSING sell-bitbank/buy-liquid margin:-5017, close_threshold:-2734
[INFO:2021-04-13 17:00:13,095] waiting CLOSING sell-bitbank/buy-liquid margin:-8058, close_threshold:-2734
[INFO:2021-04-13 17:00:16,159] waiting CLOSING sell-bitbank/buy-liquid margin:-7967, close_threshold:-2734
[INFO:2021-04-13 17:00:19,216] waiting CLOSING sell-bitbank/buy-liquid margin:-9691, close_threshold:-2734
[INFO:2021-04-13 17:00:22,268] waiting CLOSING sell-bitbank/buy-liquid margin:-9691, close_threshold:-2734
[INFO:2021-04-13 17:00:25,321] waiting CLOSING sell-bitbank/buy-liquid margin:-10143, close_threshold:-2734
[INFO:2021-04-13 17:00:28,379] waiting CLOSING sell-bitbank/buy-liquid margin:-8492, close_threshold:-2734
[INFO:2021-04-13 17:00:31,430] waiting CLOSING sell-bitbank/buy-liquid margin:-8458, close_threshold:-2734
[INFO:2021-04-13 17:00:34,498] waiting CLOSING sell-bitbank/buy-liquid margin:-10143, close_threshold:-2734
[INFO:2021-04-13 17:00:37,545] waiting CLOSING sell-bitbank/buy-liquid margin:-9982, close_threshold:-2734
[INFO:2021-04-13 17:00:40,592] waiting CLOSING sell-bitbank/buy-liquid margin:-10143, close_threshold:-2734
[INFO:2021-04-13 17:00:43,638] waiting CLOSING sell-bitbank/buy-liquid margin:-10143, close_threshold:-2734
[INFO:2021-04-13 17:00:46,681] waiting CLOSING sell-bitbank/buy-liquid margin:-10143, close_threshold:-2734
[INFO:2021-04-13 17:00:50,061] waiting CLOSING sell-bitbank/buy-liquid margin:-10143, close_threshold:-2734
[INFO:2021-04-13 17:00:53,107] waiting CLOSING sell-bitbank/buy-liquid margin:-11607, close_threshold:-2734
[INFO:2021-04-13 17:00:56,180] waiting CLOSING sell-bitbank/buy-liquid margin:-7495, close_threshold:-2734
[INFO:2021-04-13 17:00:59,315] waiting CLOSING sell-bitbank/buy-liquid margin:-7596, close_threshold:-2734
[INFO:2021-04-13 17:01:02,385] waiting CLOSING sell-bitbank/buy-liquid margin:-7596, close_threshold:-2734
[INFO:2021-04-13 17:01:05,434] waiting CLOSING sell-bitbank/buy-liquid margin:-11028, close_threshold:-2734
[INFO:2021-04-13 17:01:08,492] waiting CLOSING sell-bitbank/buy-liquid margin:-11239, close_threshold:-2734
[INFO:2021-04-13 17:01:11,551] waiting CLOSING sell-bitbank/buy-liquid margin:-12893, close_threshold:-2734
[INFO:2021-04-13 17:01:14,597] waiting CLOSING sell-bitbank/buy-liquid margin:-7017, close_threshold:-2734
[INFO:2021-04-13 17:01:17,652] waiting CLOSING sell-bitbank/buy-liquid margin:-6987, close_threshold:-2734
[INFO:2021-04-13 17:01:20,706] waiting CLOSING sell-bitbank/buy-liquid margin:-7321, close_threshold:-2734
[INFO:2021-04-13 17:01:23,762] waiting CLOSING sell-bitbank/buy-liquid margin:-7661, close_threshold:-2734
[INFO:2021-04-13 17:01:26,811] waiting CLOSING sell-bitbank/buy-liquid margin:-9207, close_threshold:-2734
[INFO:2021-04-13 17:01:29,862] waiting CLOSING sell-bitbank/buy-liquid margin:-9472, close_threshold:-2734
[INFO:2021-04-13 17:01:32,925] waiting CLOSING sell-bitbank/buy-liquid margin:-6284, close_threshold:-2734
[INFO:2021-04-13 17:01:35,984] waiting CLOSING sell-bitbank/buy-liquid margin:-6836, close_threshold:-2734
[INFO:2021-04-13 17:01:39,038] waiting CLOSING sell-bitbank/buy-liquid margin:-9217, close_threshold:-2734
[INFO:2021-04-13 17:01:42,104] waiting CLOSING sell-bitbank/buy-liquid margin:-7991, close_threshold:-2734
[INFO:2021-04-13 17:01:45,220] waiting CLOSING sell-bitbank/buy-liquid margin:-6655, close_threshold:-2734
[INFO:2021-04-13 17:01:48,278] waiting CLOSING sell-bitbank/buy-liquid margin:-9113, close_threshold:-2734
[INFO:2021-04-13 17:01:51,331] waiting CLOSING sell-bitbank/buy-liquid margin:-9900, close_threshold:-2734
[INFO:2021-04-13 17:01:54,393] waiting CLOSING sell-bitbank/buy-liquid margin:-9901, close_threshold:-2734
[INFO:2021-04-13 17:01:57,435] waiting CLOSING sell-bitbank/buy-liquid margin:-9895, close_threshold:-2734
[INFO:2021-04-13 17:02:00,485] waiting CLOSING sell-bitbank/buy-liquid margin:-9901, close_threshold:-2734
[INFO:2021-04-13 17:02:03,553] waiting CLOSING sell-bitbank/buy-liquid margin:-9478, close_threshold:-2734
[INFO:2021-04-13 17:02:06,601] waiting CLOSING sell-bitbank/buy-liquid margin:-8750, close_threshold:-2734
[INFO:2021-04-13 17:02:09,643] waiting CLOSING sell-bitbank/buy-liquid margin:-8750, close_threshold:-2734
[INFO:2021-04-13 17:02:12,695] waiting CLOSING sell-bitbank/buy-liquid margin:-8675, close_threshold:-2734
[INFO:2021-04-13 17:02:15,745] waiting CLOSING sell-bitbank/buy-liquid margin:-8675, close_threshold:-2734
[INFO:2021-04-13 17:02:18,859] waiting CLOSING sell-bitbank/buy-liquid margin:-9779, close_threshold:-2734
[INFO:2021-04-13 17:02:21,903] waiting CLOSING sell-bitbank/buy-liquid margin:-8991, close_threshold:-2734
[INFO:2021-04-13 17:02:24,967] waiting CLOSING sell-bitbank/buy-liquid margin:-6948, close_threshold:-2734
[INFO:2021-04-13 17:02:28,008] waiting CLOSING sell-bitbank/buy-liquid margin:-6938, close_threshold:-2734
[INFO:2021-04-13 17:02:31,059] waiting CLOSING sell-bitbank/buy-liquid margin:-6963, close_threshold:-2734
[INFO:2021-04-13 17:02:34,113] waiting CLOSING sell-bitbank/buy-liquid margin:-6963, close_threshold:-2734
[INFO:2021-04-13 17:02:37,158] waiting CLOSING sell-bitbank/buy-liquid margin:-6566, close_threshold:-2734
[INFO:2021-04-13 17:02:40,209] waiting CLOSING sell-bitbank/buy-liquid margin:-4439, close_threshold:-2734
[INFO:2021-04-13 17:02:43,278] waiting CLOSING sell-bitbank/buy-liquid margin:-3493, close_threshold:-2734
[INFO:2021-04-13 17:02:46,317] waiting CLOSING sell-bitbank/buy-liquid margin:-4825, close_threshold:-2734
[INFO:2021-04-13 17:02:49,371] waiting CLOSING sell-bitbank/buy-liquid margin:-5449, close_threshold:-2734
[INFO:2021-04-13 17:02:52,435] waiting CLOSING sell-bitbank/buy-liquid margin:-5434, close_threshold:-2734
[INFO:2021-04-13 17:02:55,543] waiting CLOSING sell-bitbank/buy-liquid margin:-6141, close_threshold:-2734
[INFO:2021-04-13 17:02:58,591] waiting CLOSING sell-bitbank/buy-liquid margin:-8691, close_threshold:-2734
[INFO:2021-04-13 17:03:01,686] waiting CLOSING sell-bitbank/buy-liquid margin:-7375, close_threshold:-2734
[INFO:2021-04-13 17:03:04,734] waiting CLOSING sell-bitbank/buy-liquid margin:-6795, close_threshold:-2734
[INFO:2021-04-13 17:03:07,776] waiting CLOSING sell-bitbank/buy-liquid margin:-7648, close_threshold:-2734
[INFO:2021-04-13 17:03:10,847] waiting CLOSING sell-bitbank/buy-liquid margin:-7705, close_threshold:-2734
[INFO:2021-04-13 17:03:13,907] waiting CLOSING sell-bitbank/buy-liquid margin:-9362, close_threshold:-2734
[INFO:2021-04-13 17:03:16,961] waiting CLOSING sell-bitbank/buy-liquid margin:-4186, close_threshold:-2734
[INFO:2021-04-13 17:03:20,021] waiting CLOSING sell-bitbank/buy-liquid margin:-5494, close_threshold:-2734
[INFO:2021-04-13 17:03:23,071] waiting CLOSING sell-bitbank/buy-liquid margin:-5654, close_threshold:-2734
[INFO:2021-04-13 17:03:26,123] waiting CLOSING sell-bitbank/buy-liquid margin:-5653, close_threshold:-2734
[INFO:2021-04-13 17:03:29,179] waiting CLOSING sell-bitbank/buy-liquid margin:-4315, close_threshold:-2734
[INFO:2021-04-13 17:03:32,228] waiting CLOSING sell-bitbank/buy-liquid margin:-6875, close_threshold:-2734
[INFO:2021-04-13 17:03:35,295] waiting CLOSING sell-bitbank/buy-liquid margin:-7059, close_threshold:-2734
[INFO:2021-04-13 17:03:38,340] waiting CLOSING sell-bitbank/buy-liquid margin:-6137, close_threshold:-2734
[INFO:2021-04-13 17:03:41,385] waiting CLOSING sell-bitbank/buy-liquid margin:-6755, close_threshold:-2734
[INFO:2021-04-13 17:03:44,429] waiting CLOSING sell-bitbank/buy-liquid margin:-6206, close_threshold:-2734
[INFO:2021-04-13 17:03:47,496] waiting CLOSING sell-bitbank/buy-liquid margin:-9634, close_threshold:-2734
[INFO:2021-04-13 17:03:50,535] waiting CLOSING sell-bitbank/buy-liquid margin:-8864, close_threshold:-2734
[INFO:2021-04-13 17:03:53,587] waiting CLOSING sell-bitbank/buy-liquid margin:-6992, close_threshold:-2734
[INFO:2021-04-13 17:03:56,628] waiting CLOSING sell-bitbank/buy-liquid margin:-6989, close_threshold:-2734
[INFO:2021-04-13 17:03:59,678] waiting CLOSING sell-bitbank/buy-liquid margin:-6984, close_threshold:-2734
[INFO:2021-04-13 17:04:02,733] waiting CLOSING sell-bitbank/buy-liquid margin:-5906, close_threshold:-2734
[INFO:2021-04-13 17:04:05,781] waiting CLOSING sell-bitbank/buy-liquid margin:-6981, close_threshold:-2734
[INFO:2021-04-13 17:04:08,829] waiting CLOSING sell-bitbank/buy-liquid margin:-6173, close_threshold:-2734
[INFO:2021-04-13 17:04:11,882] waiting CLOSING sell-bitbank/buy-liquid margin:-5924, close_threshold:-2734
[INFO:2021-04-13 17:04:14,927] waiting CLOSING sell-bitbank/buy-liquid margin:-4280, close_threshold:-2734
[INFO:2021-04-13 17:04:17,988] waiting CLOSING sell-bitbank/buy-liquid margin:-7235, close_threshold:-2734
[INFO:2021-04-13 17:04:21,033] waiting CLOSING sell-bitbank/buy-liquid margin:-6255, close_threshold:-2734
[INFO:2021-04-13 17:04:24,075] waiting CLOSING sell-bitbank/buy-liquid margin:-5667, close_threshold:-2734
[INFO:2021-04-13 17:04:27,122] waiting CLOSING sell-bitbank/buy-liquid margin:-5837, close_threshold:-2734
[INFO:2021-04-13 17:04:30,173] waiting CLOSING sell-bitbank/buy-liquid margin:-5836, close_threshold:-2734
[INFO:2021-04-13 17:04:33,225] waiting CLOSING sell-bitbank/buy-liquid margin:-5834, close_threshold:-2734
[INFO:2021-04-13 17:04:36,297] waiting CLOSING sell-bitbank/buy-liquid margin:-4698, close_threshold:-2734
[INFO:2021-04-13 17:04:39,395] waiting CLOSING sell-bitbank/buy-liquid margin:-5833, close_threshold:-2734
[INFO:2021-04-13 17:04:42,442] waiting CLOSING sell-bitbank/buy-liquid margin:-5478, close_threshold:-2734
[INFO:2021-04-13 17:04:45,489] waiting CLOSING sell-bitbank/buy-liquid margin:-8159, close_threshold:-2734
[INFO:2021-04-13 17:04:48,552] waiting CLOSING sell-bitbank/buy-liquid margin:-7500, close_threshold:-2734
[INFO:2021-04-13 17:04:51,609] waiting CLOSING sell-bitbank/buy-liquid margin:-7462, close_threshold:-2734
[INFO:2021-04-13 17:04:54,685] waiting CLOSING sell-bitbank/buy-liquid margin:-9761, close_threshold:-2734
[INFO:2021-04-13 17:04:57,747] waiting CLOSING sell-bitbank/buy-liquid margin:-9760, close_threshold:-2734
[INFO:2021-04-13 17:05:00,828] waiting CLOSING sell-bitbank/buy-liquid margin:-9067, close_threshold:-2734
[INFO:2021-04-13 17:05:03,887] waiting CLOSING sell-bitbank/buy-liquid margin:-9033, close_threshold:-2734
[INFO:2021-04-13 17:05:06,935] waiting CLOSING sell-bitbank/buy-liquid margin:-9655, close_threshold:-2734
[INFO:2021-04-13 17:05:09,992] waiting CLOSING sell-bitbank/buy-liquid margin:-9422, close_threshold:-2734
[INFO:2021-04-13 17:05:13,173] waiting CLOSING sell-bitbank/buy-liquid margin:-8283, close_threshold:-2734
[INFO:2021-04-13 17:05:16,244] waiting CLOSING sell-bitbank/buy-liquid margin:-8959, close_threshold:-2734
[INFO:2021-04-13 17:05:19,499] waiting CLOSING sell-bitbank/buy-liquid margin:-8812, close_threshold:-2734
[INFO:2021-04-13 17:05:22,551] waiting CLOSING sell-bitbank/buy-liquid margin:-7675, close_threshold:-2734
[INFO:2021-04-13 17:05:25,593] waiting CLOSING sell-bitbank/buy-liquid margin:-7762, close_threshold:-2734
[INFO:2021-04-13 17:05:28,644] waiting CLOSING sell-bitbank/buy-liquid margin:-6843, close_threshold:-2734
[INFO:2021-04-13 17:05:31,690] waiting CLOSING sell-bitbank/buy-liquid margin:-6861, close_threshold:-2734
[INFO:2021-04-13 17:05:34,736] waiting CLOSING sell-bitbank/buy-liquid margin:-5729, close_threshold:-2734
[INFO:2021-04-13 17:05:37,785] waiting CLOSING sell-bitbank/buy-liquid margin:-7285, close_threshold:-2734
[INFO:2021-04-13 17:05:40,837] waiting CLOSING sell-bitbank/buy-liquid margin:-4551, close_threshold:-2734
[INFO:2021-04-13 17:05:43,913] waiting CLOSING sell-bitbank/buy-liquid margin:-4887, close_threshold:-2734
[INFO:2021-04-13 17:05:46,971] waiting CLOSING sell-bitbank/buy-liquid margin:-5129, close_threshold:-2734
[INFO:2021-04-13 17:05:50,021] waiting CLOSING sell-bitbank/buy-liquid margin:-5427, close_threshold:-2734
[INFO:2021-04-13 17:05:53,081] waiting CLOSING sell-bitbank/buy-liquid margin:-6133, close_threshold:-2734
[INFO:2021-04-13 17:05:56,124] waiting CLOSING sell-bitbank/buy-liquid margin:-5447, close_threshold:-2734
[INFO:2021-04-13 17:05:59,197] waiting CLOSING sell-bitbank/buy-liquid margin:-3501, close_threshold:-2734
[INFO:2021-04-13 17:06:02,332] waiting CLOSING sell-bitbank/buy-liquid margin:-4101, close_threshold:-2734
[INFO:2021-04-13 17:06:05,403] waiting CLOSING sell-bitbank/buy-liquid margin:-3322, close_threshold:-2734
[INFO:2021-04-13 17:06:08,453] waiting CLOSING sell-bitbank/buy-liquid margin:-3614, close_threshold:-2734
[INFO:2021-04-13 17:06:11,506] waiting CLOSING sell-bitbank/buy-liquid margin:-3095, close_threshold:-2734
[INFO:2021-04-13 17:06:14,583] waiting CLOSING sell-bitbank/buy-liquid margin:-3094, close_threshold:-2734
[INFO:2021-04-13 17:06:17,648] waiting CLOSING sell-bitbank/buy-liquid margin:-3255, close_threshold:-2734
[INFO:2021-04-13 17:06:20,708] waiting CLOSING sell-bitbank/buy-liquid margin:-3255, close_threshold:-2734
[INFO:2021-04-13 17:06:23,786] waiting CLOSING sell-bitbank/buy-liquid margin:-3255, close_threshold:-2734
[INFO:2021-04-13 17:06:26,838] waiting CLOSING sell-bitbank/buy-liquid margin:-6921, close_threshold:-2734
[INFO:2021-04-13 17:06:29,887] waiting CLOSING sell-bitbank/buy-liquid margin:-4956, close_threshold:-2734
[INFO:2021-04-13 17:06:32,929] waiting CLOSING sell-bitbank/buy-liquid margin:-4954, close_threshold:-2734
[INFO:2021-04-13 17:06:36,000] waiting CLOSING sell-bitbank/buy-liquid margin:-6694, close_threshold:-2734
[INFO:2021-04-13 17:06:39,068] waiting CLOSING sell-bitbank/buy-liquid margin:-6984, close_threshold:-2734
[INFO:2021-04-13 17:06:42,117] waiting CLOSING sell-bitbank/buy-liquid margin:-6093, close_threshold:-2734
[INFO:2021-04-13 17:06:45,164] waiting CLOSING sell-bitbank/buy-liquid margin:-7325, close_threshold:-2734
[INFO:2021-04-13 17:06:48,250] waiting CLOSING sell-bitbank/buy-liquid margin:-6699, close_threshold:-2734
[INFO:2021-04-13 17:06:51,302] waiting CLOSING sell-bitbank/buy-liquid margin:-6865, close_threshold:-2734
[INFO:2021-04-13 17:06:54,349] waiting CLOSING sell-bitbank/buy-liquid margin:-6107, close_threshold:-2734
[INFO:2021-04-13 17:06:57,411] waiting CLOSING sell-bitbank/buy-liquid margin:-6968, close_threshold:-2734
[INFO:2021-04-13 17:07:00,464] waiting CLOSING sell-bitbank/buy-liquid margin:-6536, close_threshold:-2734
[INFO:2021-04-13 17:07:03,537] waiting CLOSING sell-bitbank/buy-liquid margin:-6439, close_threshold:-2734
[INFO:2021-04-13 17:07:06,589] waiting CLOSING sell-bitbank/buy-liquid margin:-7151, close_threshold:-2734
[INFO:2021-04-13 17:07:09,632] waiting CLOSING sell-bitbank/buy-liquid margin:-5121, close_threshold:-2734
[INFO:2021-04-13 17:07:12,679] waiting CLOSING sell-bitbank/buy-liquid margin:-7360, close_threshold:-2734
[INFO:2021-04-13 17:07:15,725] waiting CLOSING sell-bitbank/buy-liquid margin:-7361, close_threshold:-2734
[INFO:2021-04-13 17:07:18,769] waiting CLOSING sell-bitbank/buy-liquid margin:-6740, close_threshold:-2734
[INFO:2021-04-13 17:07:21,827] waiting CLOSING sell-bitbank/buy-liquid margin:-8069, close_threshold:-2734
[INFO:2021-04-13 17:07:24,894] waiting CLOSING sell-bitbank/buy-liquid margin:-7037, close_threshold:-2734
[INFO:2021-04-13 17:07:27,954] waiting CLOSING sell-bitbank/buy-liquid margin:-5569, close_threshold:-2734
[INFO:2021-04-13 17:07:31,001] waiting CLOSING sell-bitbank/buy-liquid margin:-6236, close_threshold:-2734
[INFO:2021-04-13 17:07:34,057] waiting CLOSING sell-bitbank/buy-liquid margin:-6058, close_threshold:-2734
[INFO:2021-04-13 17:07:37,113] waiting CLOSING sell-bitbank/buy-liquid margin:-6228, close_threshold:-2734
[INFO:2021-04-13 17:07:40,166] waiting CLOSING sell-bitbank/buy-liquid margin:-6575, close_threshold:-2734
[INFO:2021-04-13 17:07:43,212] waiting CLOSING sell-bitbank/buy-liquid margin:-6245, close_threshold:-2734
[INFO:2021-04-13 17:07:46,248] waiting CLOSING sell-bitbank/buy-liquid margin:-5785, close_threshold:-2734
[INFO:2021-04-13 17:07:49,298] waiting CLOSING sell-bitbank/buy-liquid margin:-5776, close_threshold:-2734
[INFO:2021-04-13 17:07:52,336] waiting CLOSING sell-bitbank/buy-liquid margin:-5772, close_threshold:-2734
[INFO:2021-04-13 17:07:55,384] waiting CLOSING sell-bitbank/buy-liquid margin:-5766, close_threshold:-2734
[INFO:2021-04-13 17:07:58,429] waiting CLOSING sell-bitbank/buy-liquid margin:-5943, close_threshold:-2734
[INFO:2021-04-13 17:08:01,519] waiting CLOSING sell-bitbank/buy-liquid margin:-5481, close_threshold:-2734
[INFO:2021-04-13 17:08:04,567] waiting CLOSING sell-bitbank/buy-liquid margin:-5481, close_threshold:-2734
[INFO:2021-04-13 17:08:07,614] waiting CLOSING sell-bitbank/buy-liquid margin:-5437, close_threshold:-2734
[INFO:2021-04-13 17:08:10,660] waiting CLOSING sell-bitbank/buy-liquid margin:-5481, close_threshold:-2734
[INFO:2021-04-13 17:08:13,716] waiting CLOSING sell-bitbank/buy-liquid margin:-4720, close_threshold:-2734
[INFO:2021-04-13 17:08:16,762] waiting CLOSING sell-bitbank/buy-liquid margin:-5481, close_threshold:-2734
[INFO:2021-04-13 17:08:19,817] waiting CLOSING sell-bitbank/buy-liquid margin:-5481, close_threshold:-2734
[INFO:2021-04-13 17:08:22,892] waiting CLOSING sell-bitbank/buy-liquid margin:-5481, close_threshold:-2734
[INFO:2021-04-13 17:08:25,943] waiting CLOSING sell-bitbank/buy-liquid margin:-6250, close_threshold:-2734
[INFO:2021-04-13 17:08:29,013] waiting CLOSING sell-bitbank/buy-liquid margin:-6250, close_threshold:-2734
[INFO:2021-04-13 17:08:32,060] waiting CLOSING sell-bitbank/buy-liquid margin:-6250, close_threshold:-2734
[INFO:2021-04-13 17:08:35,119] waiting CLOSING sell-bitbank/buy-liquid margin:-6250, close_threshold:-2734
[INFO:2021-04-13 17:08:38,167] waiting CLOSING sell-bitbank/buy-liquid margin:-7973, close_threshold:-2734
[INFO:2021-04-13 17:08:41,208] waiting CLOSING sell-bitbank/buy-liquid margin:-7973, close_threshold:-2734
[INFO:2021-04-13 17:08:44,268] waiting CLOSING sell-bitbank/buy-liquid margin:-9285, close_threshold:-2734
[INFO:2021-04-13 17:08:47,323] waiting CLOSING sell-bitbank/buy-liquid margin:-8742, close_threshold:-2734
[INFO:2021-04-13 17:08:50,369] waiting CLOSING sell-bitbank/buy-liquid margin:-5039, close_threshold:-2734
[INFO:2021-04-13 17:08:53,414] waiting CLOSING sell-bitbank/buy-liquid margin:-6493, close_threshold:-2734
[INFO:2021-04-13 17:08:56,459] waiting CLOSING sell-bitbank/buy-liquid margin:-7042, close_threshold:-2734
[INFO:2021-04-13 17:08:59,506] waiting CLOSING sell-bitbank/buy-liquid margin:-6909, close_threshold:-2734
[INFO:2021-04-13 17:09:02,568] waiting CLOSING sell-bitbank/buy-liquid margin:-7719, close_threshold:-2734
[INFO:2021-04-13 17:09:05,620] waiting CLOSING sell-bitbank/buy-liquid margin:-4796, close_threshold:-2734
[INFO:2021-04-13 17:09:08,659] waiting CLOSING sell-bitbank/buy-liquid margin:-3336, close_threshold:-2734
[INFO:2021-04-13 17:09:11,709] waiting CLOSING sell-bitbank/buy-liquid margin:-4013, close_threshold:-2734
[INFO:2021-04-13 17:09:14,760] waiting CLOSING sell-bitbank/buy-liquid margin:-5942, close_threshold:-2734
[INFO:2021-04-13 17:09:17,815] waiting CLOSING sell-bitbank/buy-liquid margin:-4500, close_threshold:-2734
[INFO:2021-04-13 17:09:20,859] waiting CLOSING sell-bitbank/buy-liquid margin:-6987, close_threshold:-2734
[INFO:2021-04-13 17:09:23,902] waiting CLOSING sell-bitbank/buy-liquid margin:-7061, close_threshold:-2734
[INFO:2021-04-13 17:09:26,955] waiting CLOSING sell-bitbank/buy-liquid margin:-7064, close_threshold:-2734
[INFO:2021-04-13 17:09:30,014] waiting CLOSING sell-bitbank/buy-liquid margin:-5750, close_threshold:-2734
[INFO:2021-04-13 17:09:33,065] waiting CLOSING sell-bitbank/buy-liquid margin:-5750, close_threshold:-2734
[INFO:2021-04-13 17:09:36,111] waiting CLOSING sell-bitbank/buy-liquid margin:-7064, close_threshold:-2734
[INFO:2021-04-13 17:09:39,165] waiting CLOSING sell-bitbank/buy-liquid margin:-7052, close_threshold:-2734
[INFO:2021-04-13 17:09:42,221] waiting CLOSING sell-bitbank/buy-liquid margin:-5668, close_threshold:-2734
[INFO:2021-04-13 17:09:45,271] waiting CLOSING sell-bitbank/buy-liquid margin:-5587, close_threshold:-2734
[INFO:2021-04-13 17:09:48,316] waiting CLOSING sell-bitbank/buy-liquid margin:-5581, close_threshold:-2734
[INFO:2021-04-13 17:09:51,367] waiting CLOSING sell-bitbank/buy-liquid margin:-5571, close_threshold:-2734
[INFO:2021-04-13 17:09:54,416] waiting CLOSING sell-bitbank/buy-liquid margin:-5561, close_threshold:-2734
[INFO:2021-04-13 17:09:57,472] waiting CLOSING sell-bitbank/buy-liquid margin:-4815, close_threshold:-2734
[INFO:2021-04-13 17:10:00,523] waiting CLOSING sell-bitbank/buy-liquid margin:-4805, close_threshold:-2734
[INFO:2021-04-13 17:10:03,578] waiting CLOSING sell-bitbank/buy-liquid margin:-2676, close_threshold:-2734
[INFO:2021-04-13 17:10:07,116] waiting OPENING sell-liquid/buy-bitbank margin:1271, open_threshold:5264
[INFO:2021-04-13 17:10:10,200] waiting OPENING sell-liquid/buy-bitbank margin:6905, open_threshold:5264
[INFO:2021-04-13 17:10:13,739] waiting CLOSING sell-bitbank/buy-liquid margin:-6730, close_threshold:-3905
[INFO:2021-04-13 17:10:16,778] waiting CLOSING sell-bitbank/buy-liquid margin:-7909, close_threshold:-3905
[INFO:2021-04-13 17:10:19,818] waiting CLOSING sell-bitbank/buy-liquid margin:-7858, close_threshold:-3905
[INFO:2021-04-13 17:10:22,858] waiting CLOSING sell-bitbank/buy-liquid margin:-7909, close_threshold:-3905
[INFO:2021-04-13 17:10:25,934] waiting CLOSING sell-bitbank/buy-liquid margin:-7909, close_threshold:-3905
[INFO:2021-04-13 17:10:28,987] waiting CLOSING sell-bitbank/buy-liquid margin:-7468, close_threshold:-3905
[INFO:2021-04-13 17:10:32,054] waiting CLOSING sell-bitbank/buy-liquid margin:-7468, close_threshold:-3905
[INFO:2021-04-13 17:10:35,097] waiting CLOSING sell-bitbank/buy-liquid margin:-7467, close_threshold:-3905
[INFO:2021-04-13 17:10:38,146] waiting CLOSING sell-bitbank/buy-liquid margin:-7433, close_threshold:-3905
[INFO:2021-04-13 17:10:41,213] waiting CLOSING sell-bitbank/buy-liquid margin:-7461, close_threshold:-3905
[INFO:2021-04-13 17:10:44,272] waiting CLOSING sell-bitbank/buy-liquid margin:-7461, close_threshold:-3905
[INFO:2021-04-13 17:10:47,317] waiting CLOSING sell-bitbank/buy-liquid margin:-7468, close_threshold:-3905
[INFO:2021-04-13 17:10:50,360] waiting CLOSING sell-bitbank/buy-liquid margin:-6037, close_threshold:-3905
[INFO:2021-04-13 17:10:53,402] waiting CLOSING sell-bitbank/buy-liquid margin:-6455, close_threshold:-3905
[INFO:2021-04-13 17:10:56,462] waiting CLOSING sell-bitbank/buy-liquid margin:-7927, close_threshold:-3905
[INFO:2021-04-13 17:10:59,509] waiting CLOSING sell-bitbank/buy-liquid margin:-8068, close_threshold:-3905
[INFO:2021-04-13 17:11:02,557] waiting CLOSING sell-bitbank/buy-liquid margin:-7129, close_threshold:-3905
[INFO:2021-04-13 17:11:05,626] waiting CLOSING sell-bitbank/buy-liquid margin:-7084, close_threshold:-3905
[INFO:2021-04-13 17:11:08,677] waiting CLOSING sell-bitbank/buy-liquid margin:-7082, close_threshold:-3905
[INFO:2021-04-13 17:11:11,722] waiting CLOSING sell-bitbank/buy-liquid margin:-4522, close_threshold:-3905
[INFO:2021-04-13 17:11:14,766] waiting CLOSING sell-bitbank/buy-liquid margin:-8080, close_threshold:-3905
[INFO:2021-04-13 17:11:17,814] waiting CLOSING sell-bitbank/buy-liquid margin:-10127, close_threshold:-3905
[INFO:2021-04-13 17:11:20,855] waiting CLOSING sell-bitbank/buy-liquid margin:-8661, close_threshold:-3905
[INFO:2021-04-13 17:11:23,910] waiting CLOSING sell-bitbank/buy-liquid margin:-7889, close_threshold:-3905
[INFO:2021-04-13 17:11:26,967] waiting CLOSING sell-bitbank/buy-liquid margin:-10737, close_threshold:-3905
[INFO:2021-04-13 17:11:30,026] waiting CLOSING sell-bitbank/buy-liquid margin:-10953, close_threshold:-3905
[INFO:2021-04-13 17:11:33,074] waiting CLOSING sell-bitbank/buy-liquid margin:-11250, close_threshold:-3905
[INFO:2021-04-13 17:11:36,118] waiting CLOSING sell-bitbank/buy-liquid margin:-12326, close_threshold:-3905
[INFO:2021-04-13 17:11:39,171] waiting CLOSING sell-bitbank/buy-liquid margin:-13322, close_threshold:-3905
[INFO:2021-04-13 17:11:43,005] waiting CLOSING sell-bitbank/buy-liquid margin:-11356, close_threshold:-3905
[INFO:2021-04-13 17:11:46,070] waiting CLOSING sell-bitbank/buy-liquid margin:-11242, close_threshold:-3905
[INFO:2021-04-13 17:11:49,123] waiting CLOSING sell-bitbank/buy-liquid margin:-11356, close_threshold:-3905
[INFO:2021-04-13 17:11:52,165] waiting CLOSING sell-bitbank/buy-liquid margin:-11250, close_threshold:-3905
[INFO:2021-04-13 17:11:55,208] waiting CLOSING sell-bitbank/buy-liquid margin:-11073, close_threshold:-3905
[INFO:2021-04-13 17:11:58,281] waiting CLOSING sell-bitbank/buy-liquid margin:-9997, close_threshold:-3905
[INFO:2021-04-13 17:12:01,347] waiting CLOSING sell-bitbank/buy-liquid margin:-7501, close_threshold:-3905
[INFO:2021-04-13 17:12:04,390] waiting CLOSING sell-bitbank/buy-liquid margin:-7547, close_threshold:-3905
[INFO:2021-04-13 17:12:07,438] waiting CLOSING sell-bitbank/buy-liquid margin:-4878, close_threshold:-3905
[INFO:2021-04-13 17:12:10,491] waiting CLOSING sell-bitbank/buy-liquid margin:-5071, close_threshold:-3905
[INFO:2021-04-13 17:12:13,531] waiting CLOSING sell-bitbank/buy-liquid margin:-6831, close_threshold:-3905
[INFO:2021-04-13 17:12:16,590] waiting CLOSING sell-bitbank/buy-liquid margin:-6788, close_threshold:-3905
[INFO:2021-04-13 17:12:19,635] waiting CLOSING sell-bitbank/buy-liquid margin:-6491, close_threshold:-3905
[INFO:2021-04-13 17:12:22,679] waiting CLOSING sell-bitbank/buy-liquid margin:-6081, close_threshold:-3905
[INFO:2021-04-13 17:12:25,721] waiting CLOSING sell-bitbank/buy-liquid margin:-6081, close_threshold:-3905
[INFO:2021-04-13 17:12:28,785] waiting CLOSING sell-bitbank/buy-liquid margin:-7331, close_threshold:-3905
[INFO:2021-04-13 17:12:31,834] waiting CLOSING sell-bitbank/buy-liquid margin:-8581, close_threshold:-3905
[INFO:2021-04-13 17:12:34,878] waiting CLOSING sell-bitbank/buy-liquid margin:-9910, close_threshold:-3905
[INFO:2021-04-13 17:12:37,944] waiting CLOSING sell-bitbank/buy-liquid margin:-7084, close_threshold:-3905
[INFO:2021-04-13 17:12:40,994] waiting CLOSING sell-bitbank/buy-liquid margin:-6273, close_threshold:-3905
[INFO:2021-04-13 17:12:44,042] waiting CLOSING sell-bitbank/buy-liquid margin:-5461, close_threshold:-3905
[INFO:2021-04-13 17:12:47,148] waiting CLOSING sell-bitbank/buy-liquid margin:-7107, close_threshold:-3905
[INFO:2021-04-13 17:12:50,206] waiting CLOSING sell-bitbank/buy-liquid margin:-7500, close_threshold:-3905
[INFO:2021-04-13 17:12:53,247] waiting CLOSING sell-bitbank/buy-liquid margin:-8750, close_threshold:-3905
[INFO:2021-04-13 17:12:56,293] waiting CLOSING sell-bitbank/buy-liquid margin:-13325, close_threshold:-3905
[INFO:2021-04-13 17:12:59,334] waiting CLOSING sell-bitbank/buy-liquid margin:-13456, close_threshold:-3905
[INFO:2021-04-13 17:13:02,379] waiting CLOSING sell-bitbank/buy-liquid margin:-18360, close_threshold:-3905
[INFO:2021-04-13 17:13:05,438] waiting CLOSING sell-bitbank/buy-liquid margin:-14232, close_threshold:-3905
[INFO:2021-04-13 17:13:08,507] waiting CLOSING sell-bitbank/buy-liquid margin:-11175, close_threshold:-3905
[INFO:2021-04-13 17:13:11,553] waiting CLOSING sell-bitbank/buy-liquid margin:-4650, close_threshold:-3905
[INFO:2021-04-13 17:13:14,601] waiting CLOSING sell-bitbank/buy-liquid margin:-5522, close_threshold:-3905
[INFO:2021-04-13 17:13:17,648] waiting CLOSING sell-bitbank/buy-liquid margin:-9085, close_threshold:-3905
[INFO:2021-04-13 17:13:20,688] waiting CLOSING sell-bitbank/buy-liquid margin:-4829, close_threshold:-3905
[INFO:2021-04-13 17:13:23,762] waiting CLOSING sell-bitbank/buy-liquid margin:-6471, close_threshold:-3905
[INFO:2021-04-13 17:13:26,805] waiting CLOSING sell-bitbank/buy-liquid margin:-10772, close_threshold:-3905
[INFO:2021-04-13 17:13:29,845] waiting CLOSING sell-bitbank/buy-liquid margin:-7331, close_threshold:-3905
[INFO:2021-04-13 17:13:32,887] waiting CLOSING sell-bitbank/buy-liquid margin:-7406, close_threshold:-3905
[INFO:2021-04-13 17:13:35,930] waiting CLOSING sell-bitbank/buy-liquid margin:-8279, close_threshold:-3905
[INFO:2021-04-13 17:13:38,972] waiting CLOSING sell-bitbank/buy-liquid margin:-6967, close_threshold:-3905
[INFO:2021-04-13 17:13:42,019] waiting CLOSING sell-bitbank/buy-liquid margin:-4270, close_threshold:-3905
[INFO:2021-04-13 17:13:45,069] waiting CLOSING sell-bitbank/buy-liquid margin:-5202, close_threshold:-3905
[INFO:2021-04-13 17:13:48,111] waiting CLOSING sell-bitbank/buy-liquid margin:-336, close_threshold:-3905
[INFO:2021-04-13 17:13:51,614] waiting OPENING sell-liquid/buy-bitbank margin:2856, open_threshold:5114
[INFO:2021-04-13 17:13:54,657] waiting OPENING sell-liquid/buy-bitbank margin:2372, open_threshold:5114
[INFO:2021-04-13 17:13:57,703] waiting OPENING sell-liquid/buy-bitbank margin:3173, open_threshold:5114
[INFO:2021-04-13 17:14:00,755] waiting OPENING sell-liquid/buy-bitbank margin:7529, open_threshold:5114
[INFO:2021-04-13 17:14:04,310] waiting CLOSING sell-bitbank/buy-liquid margin:-7723, close_threshold:-4529
[INFO:2021-04-13 17:14:07,379] waiting CLOSING sell-bitbank/buy-liquid margin:-7722, close_threshold:-4529
[INFO:2021-04-13 17:14:10,428] waiting CLOSING sell-bitbank/buy-liquid margin:-7835, close_threshold:-4529
[INFO:2021-04-13 17:14:13,486] waiting CLOSING sell-bitbank/buy-liquid margin:-8739, close_threshold:-4529
[INFO:2021-04-13 17:14:16,529] waiting CLOSING sell-bitbank/buy-liquid margin:-6246, close_threshold:-4529
[INFO:2021-04-13 17:14:19,571] waiting CLOSING sell-bitbank/buy-liquid margin:-6316, close_threshold:-4529
[INFO:2021-04-13 17:14:22,622] waiting CLOSING sell-bitbank/buy-liquid margin:-6095, close_threshold:-4529
[INFO:2021-04-13 17:14:25,680] waiting CLOSING sell-bitbank/buy-liquid margin:-9373, close_threshold:-4529
[INFO:2021-04-13 17:14:28,729] waiting CLOSING sell-bitbank/buy-liquid margin:-5391, close_threshold:-4529
[INFO:2021-04-13 17:14:32,667] waiting CLOSING sell-bitbank/buy-liquid margin:-7134, close_threshold:-4529
[INFO:2021-04-13 17:14:35,722] waiting CLOSING sell-bitbank/buy-liquid margin:-7946, close_threshold:-4529
[INFO:2021-04-13 17:14:38,783] waiting CLOSING sell-bitbank/buy-liquid margin:-5867, close_threshold:-4529
[INFO:2021-04-13 17:14:41,831] waiting CLOSING sell-bitbank/buy-liquid margin:-5857, close_threshold:-4529
[INFO:2021-04-13 17:14:44,878] waiting CLOSING sell-bitbank/buy-liquid margin:-4786, close_threshold:-4529
[INFO:2021-04-13 17:14:47,930] waiting CLOSING sell-bitbank/buy-liquid margin:-4786, close_threshold:-4529
[INFO:2021-04-13 17:14:50,980] waiting CLOSING sell-bitbank/buy-liquid margin:-5000, close_threshold:-4529
[INFO:2021-04-13 17:14:54,029] waiting CLOSING sell-bitbank/buy-liquid margin:-5856, close_threshold:-4529
[INFO:2021-04-13 17:14:57,082] waiting CLOSING sell-bitbank/buy-liquid margin:-9911, close_threshold:-4529
[INFO:2021-04-13 17:15:00,128] waiting CLOSING sell-bitbank/buy-liquid margin:-10479, close_threshold:-4529
[INFO:2021-04-13 17:15:03,236] waiting CLOSING sell-bitbank/buy-liquid margin:-14688, close_threshold:-4529
[INFO:2021-04-13 17:15:06,289] waiting CLOSING sell-bitbank/buy-liquid margin:-15435, close_threshold:-4529
[INFO:2021-04-13 17:15:09,361] waiting CLOSING sell-bitbank/buy-liquid margin:-15713, close_threshold:-4529
[INFO:2021-04-13 17:15:12,409] waiting CLOSING sell-bitbank/buy-liquid margin:-16250, close_threshold:-4529
[INFO:2021-04-13 17:15:15,453] waiting CLOSING sell-bitbank/buy-liquid margin:-17174, close_threshold:-4529
[INFO:2021-04-13 17:15:18,498] waiting CLOSING sell-bitbank/buy-liquid margin:-9594, close_threshold:-4529
[INFO:2021-04-13 17:15:21,559] waiting CLOSING sell-bitbank/buy-liquid margin:-13388, close_threshold:-4529
[INFO:2021-04-13 17:15:24,606] waiting CLOSING sell-bitbank/buy-liquid margin:-17592, close_threshold:-4529
[INFO:2021-04-13 17:15:27,655] waiting CLOSING sell-bitbank/buy-liquid margin:-15254, close_threshold:-4529
[INFO:2021-04-13 17:15:30,708] waiting CLOSING sell-bitbank/buy-liquid margin:-10597, close_threshold:-4529
[INFO:2021-04-13 17:15:33,767] waiting CLOSING sell-bitbank/buy-liquid margin:-8358, close_threshold:-4529
[INFO:2021-04-13 17:15:36,818] waiting CLOSING sell-bitbank/buy-liquid margin:-4220, close_threshold:-4529
[INFO:2021-04-13 17:15:40,323] waiting OPENING sell-liquid/buy-bitbank margin:1439, open_threshold:5114
[INFO:2021-04-13 17:15:43,393] waiting OPENING sell-liquid/buy-bitbank margin:5034, open_threshold:5114
[INFO:2021-04-13 17:15:46,448] waiting OPENING sell-liquid/buy-bitbank margin:4051, open_threshold:5114
[INFO:2021-04-13 17:15:49,493] waiting OPENING sell-bitbank/buy-liquid margin:3446, open_threshold:5114
[INFO:2021-04-13 17:15:52,536] waiting OPENING sell-liquid/buy-bitbank margin:-6105, open_threshold:5114
[INFO:2021-04-13 17:15:55,578] waiting OPENING sell-liquid/buy-bitbank margin:6551, open_threshold:5114
[INFO:2021-04-13 17:15:59,079] waiting CLOSING sell-bitbank/buy-liquid margin:-11557, close_threshold:-3551
[INFO:2021-04-13 17:16:02,130] waiting CLOSING sell-bitbank/buy-liquid margin:-13225, close_threshold:-3551
[INFO:2021-04-13 17:16:05,269] waiting CLOSING sell-bitbank/buy-liquid margin:-7451, close_threshold:-3551
[INFO:2021-04-13 17:16:08,312] waiting CLOSING sell-bitbank/buy-liquid margin:-9496, close_threshold:-3551
[INFO:2021-04-13 17:16:11,366] waiting CLOSING sell-bitbank/buy-liquid margin:-13346, close_threshold:-3551
[INFO:2021-04-13 17:16:14,429] waiting CLOSING sell-bitbank/buy-liquid margin:-22711, close_threshold:-3551
[INFO:2021-04-13 17:16:17,510] waiting CLOSING sell-bitbank/buy-liquid margin:-31936, close_threshold:-3551
[INFO:2021-04-13 17:16:20,559] waiting CLOSING sell-bitbank/buy-liquid margin:-29492, close_threshold:-5671
[INFO:2021-04-13 17:16:23,640] waiting CLOSING sell-bitbank/buy-liquid margin:-22224, close_threshold:-5671
[INFO:2021-04-13 17:16:26,701] waiting CLOSING sell-bitbank/buy-liquid margin:-9703, close_threshold:-5671
[INFO:2021-04-13 17:16:29,742] waiting CLOSING sell-bitbank/buy-liquid margin:955, close_threshold:-5671
[INFO:2021-04-13 17:16:33,248] waiting OPENING sell-liquid/buy-bitbank margin:12071, open_threshold:8671
[INFO:2021-04-13 17:16:36,733] waiting CLOSING sell-bitbank/buy-liquid margin:-14036, close_threshold:-9071
[INFO:2021-04-13 17:16:39,791] waiting CLOSING sell-bitbank/buy-liquid margin:-3535, close_threshold:-9071
[INFO:2021-04-13 17:16:43,378] waiting OPENING sell-liquid/buy-bitbank margin:164, open_threshold:8671
[INFO:2021-04-13 17:16:46,423] waiting OPENING sell-liquid/buy-bitbank margin:1331, open_threshold:8671
[INFO:2021-04-13 17:16:49,472] waiting OPENING sell-liquid/buy-bitbank margin:3644, open_threshold:8671
[INFO:2021-04-13 17:16:52,519] waiting OPENING sell-liquid/buy-bitbank margin:11268, open_threshold:8671
[INFO:2021-04-13 17:16:56,021] waiting CLOSING sell-bitbank/buy-liquid margin:-9699, close_threshold:-8268
[INFO:2021-04-13 17:16:59,093] waiting CLOSING sell-bitbank/buy-liquid margin:-8521, close_threshold:-8268
[INFO:2021-04-13 17:17:02,146] waiting CLOSING sell-bitbank/buy-liquid margin:-4342, close_threshold:-8268
[INFO:2021-04-13 17:17:05,660] waiting OPENING sell-liquid/buy-bitbank margin:1415, open_threshold:8671
[INFO:2021-04-13 17:17:08,702] waiting OPENING sell-bitbank/buy-liquid margin:2162, open_threshold:8671
[INFO:2021-04-13 17:17:11,741] waiting OPENING sell-liquid/buy-bitbank margin:5563, open_threshold:8671
[INFO:2021-04-13 17:17:14,785] waiting OPENING sell-liquid/buy-bitbank margin:5039, open_threshold:8671
[INFO:2021-04-13 17:17:17,826] waiting OPENING sell-liquid/buy-bitbank margin:3338, open_threshold:8671
[INFO:2021-04-13 17:17:20,872] waiting OPENING sell-liquid/buy-bitbank margin:797, open_threshold:8671
[INFO:2021-04-13 17:17:23,925] waiting OPENING sell-liquid/buy-bitbank margin:1140, open_threshold:8671
[INFO:2021-04-13 17:17:27,067] waiting OPENING sell-liquid/buy-bitbank margin:52, open_threshold:8671
[INFO:2021-04-13 17:17:30,116] waiting OPENING sell-liquid/buy-bitbank margin:4644, open_threshold:8671
[INFO:2021-04-13 17:17:33,164] waiting OPENING sell-liquid/buy-bitbank margin:7001, open_threshold:8671
[INFO:2021-04-13 17:17:36,206] waiting OPENING sell-liquid/buy-bitbank margin:13231, open_threshold:8671
[INFO:2021-04-13 17:17:39,765] waiting CLOSING sell-bitbank/buy-liquid margin:-18346, close_threshold:-10231
[INFO:2021-04-13 17:17:42,831] waiting CLOSING sell-bitbank/buy-liquid margin:-16934, close_threshold:-10231
[INFO:2021-04-13 17:17:45,883] waiting CLOSING sell-bitbank/buy-liquid margin:-12515, close_threshold:-10231
[INFO:2021-04-13 17:17:48,939] waiting CLOSING sell-bitbank/buy-liquid margin:-11456, close_threshold:-10231
[INFO:2021-04-13 17:17:52,020] waiting CLOSING sell-bitbank/buy-liquid margin:-11066, close_threshold:-10231
[INFO:2021-04-13 17:17:55,069] waiting CLOSING sell-bitbank/buy-liquid margin:-9662, close_threshold:-10231
[INFO:2021-04-13 17:17:58,581] waiting OPENING sell-liquid/buy-bitbank margin:1546, open_threshold:8671
[INFO:2021-04-13 17:18:01,684] waiting OPENING sell-liquid/buy-bitbank margin:5415, open_threshold:8671
[INFO:2021-04-13 17:18:04,738] waiting OPENING sell-liquid/buy-bitbank margin:1299, open_threshold:8671
[INFO:2021-04-13 17:18:07,784] waiting OPENING sell-liquid/buy-bitbank margin:869, open_threshold:8671
[INFO:2021-04-13 17:18:10,824] waiting OPENING sell-bitbank/buy-liquid margin:90, open_threshold:8671
[INFO:2021-04-13 17:18:13,872] waiting OPENING sell-bitbank/buy-liquid margin:6622, open_threshold:8671
[INFO:2021-04-13 17:18:16,919] waiting OPENING sell-bitbank/buy-liquid margin:1192, open_threshold:8671
[INFO:2021-04-13 17:18:20,032] waiting OPENING sell-bitbank/buy-liquid margin:-1587, open_threshold:8671
[INFO:2021-04-13 17:18:23,082] waiting OPENING sell-bitbank/buy-liquid margin:3760, open_threshold:8671
[INFO:2021-04-13 17:18:26,125] waiting OPENING sell-liquid/buy-bitbank margin:1407, open_threshold:8671
[INFO:2021-04-13 17:18:29,173] waiting OPENING sell-liquid/buy-bitbank margin:-1855, open_threshold:8671
[INFO:2021-04-13 17:18:32,219] waiting OPENING sell-liquid/buy-bitbank margin:1371, open_threshold:8671
[INFO:2021-04-13 17:18:35,272] waiting OPENING sell-bitbank/buy-liquid margin:382, open_threshold:8671
[INFO:2021-04-13 17:18:38,320] waiting OPENING sell-bitbank/buy-liquid margin:-4676, open_threshold:8671
[INFO:2021-04-13 17:18:41,409] waiting OPENING sell-bitbank/buy-liquid margin:649, open_threshold:8671
[INFO:2021-04-13 17:18:44,452] waiting OPENING sell-bitbank/buy-liquid margin:2614, open_threshold:8671
[INFO:2021-04-13 17:18:47,517] waiting OPENING sell-bitbank/buy-liquid margin:1709, open_threshold:8671
[INFO:2021-04-13 17:18:50,597] waiting OPENING sell-bitbank/buy-liquid margin:-2136, open_threshold:8671
[INFO:2021-04-13 17:18:53,647] waiting OPENING sell-bitbank/buy-liquid margin:650, open_threshold:8671
[INFO:2021-04-13 17:18:56,711] waiting OPENING sell-liquid/buy-bitbank margin:-2332, open_threshold:8671
[INFO:2021-04-13 17:18:59,757] waiting OPENING sell-liquid/buy-bitbank margin:-406, open_threshold:8671
[INFO:2021-04-13 17:19:02,833] waiting OPENING sell-bitbank/buy-liquid margin:-1169, open_threshold:8671
[INFO:2021-04-13 17:19:05,898] waiting OPENING sell-liquid/buy-bitbank margin:-879, open_threshold:8671
[INFO:2021-04-13 17:19:08,947] waiting OPENING sell-liquid/buy-bitbank margin:1163, open_threshold:8671
[INFO:2021-04-13 17:19:11,998] waiting OPENING sell-liquid/buy-bitbank margin:1530, open_threshold:8671
[INFO:2021-04-13 17:19:15,047] waiting OPENING sell-liquid/buy-bitbank margin:2599, open_threshold:8671
[INFO:2021-04-13 17:19:18,102] waiting OPENING sell-liquid/buy-bitbank margin:963, open_threshold:8671
[INFO:2021-04-13 17:19:21,181] waiting OPENING sell-bitbank/buy-liquid margin:822, open_threshold:8671
[INFO:2021-04-13 17:19:24,252] waiting OPENING sell-bitbank/buy-liquid margin:1803, open_threshold:8671
[INFO:2021-04-13 17:19:27,294] waiting OPENING sell-bitbank/buy-liquid margin:3300, open_threshold:8671
[INFO:2021-04-13 17:19:30,367] waiting OPENING sell-bitbank/buy-liquid margin:10684, open_threshold:8671
[INFO:2021-04-13 17:19:34,277] waiting CLOSING sell-liquid/buy-bitbank margin:-4619, close_threshold:-7684
[INFO:2021-04-13 17:19:37,804] waiting OPENING sell-bitbank/buy-liquid margin:3206, open_threshold:8671
[INFO:2021-04-13 17:19:40,855] waiting OPENING sell-bitbank/buy-liquid margin:-605, open_threshold:8671
[INFO:2021-04-13 17:19:43,938] waiting OPENING sell-bitbank/buy-liquid margin:3706, open_threshold:8671
[INFO:2021-04-13 17:19:46,985] waiting OPENING sell-liquid/buy-bitbank margin:640, open_threshold:8671
[INFO:2021-04-13 17:19:50,059] waiting OPENING sell-liquid/buy-bitbank margin:4381, open_threshold:8671
[INFO:2021-04-13 17:19:53,106] waiting OPENING sell-liquid/buy-bitbank margin:2426, open_threshold:8671
[INFO:2021-04-13 17:19:56,546] waiting OPENING sell-liquid/buy-bitbank margin:-184, open_threshold:8671
[INFO:2021-04-13 17:19:59,656] waiting OPENING sell-liquid/buy-bitbank margin:1827, open_threshold:8671
[INFO:2021-04-13 17:20:02,723] waiting OPENING sell-liquid/buy-bitbank margin:2075, open_threshold:8671
[INFO:2021-04-13 17:20:05,774] waiting OPENING sell-bitbank/buy-liquid margin:-194, open_threshold:8671
[INFO:2021-04-13 17:20:08,843] waiting OPENING sell-bitbank/buy-liquid margin:2353, open_threshold:8671
[INFO:2021-04-13 17:20:11,883] waiting OPENING sell-bitbank/buy-liquid margin:-1512, open_threshold:8671
[INFO:2021-04-13 17:20:14,950] waiting OPENING sell-liquid/buy-bitbank margin:-2017, open_threshold:8671
[INFO:2021-04-13 17:20:18,007] waiting OPENING sell-liquid/buy-bitbank margin:-2017, open_threshold:8671
[INFO:2021-04-13 17:20:21,076] waiting OPENING sell-bitbank/buy-liquid margin:1398, open_threshold:8671
[INFO:2021-04-13 17:20:24,156] waiting OPENING sell-bitbank/buy-liquid margin:2062, open_threshold:8671
[INFO:2021-04-13 17:20:27,216] waiting OPENING sell-bitbank/buy-liquid margin:1174, open_threshold:8671
[INFO:2021-04-13 17:20:30,256] waiting OPENING sell-bitbank/buy-liquid margin:1457, open_threshold:8671
[INFO:2021-04-13 17:20:33,303] waiting OPENING sell-bitbank/buy-liquid margin:2144, open_threshold:8671
[INFO:2021-04-13 17:20:36,350] waiting OPENING sell-bitbank/buy-liquid margin:3032, open_threshold:8671
[INFO:2021-04-13 17:20:39,388] waiting OPENING sell-bitbank/buy-liquid margin:2643, open_threshold:8671
[INFO:2021-04-13 17:20:42,443] waiting OPENING sell-liquid/buy-bitbank margin:944, open_threshold:8671
[INFO:2021-04-13 17:20:45,561] waiting OPENING sell-bitbank/buy-liquid margin:-401, open_threshold:8671
[INFO:2021-04-13 17:20:48,609] waiting OPENING sell-bitbank/buy-liquid margin:-1718, open_threshold:8671
[INFO:2021-04-13 17:20:51,651] waiting OPENING sell-bitbank/buy-liquid margin:899, open_threshold:8671
[INFO:2021-04-13 17:20:54,695] waiting OPENING sell-liquid/buy-bitbank margin:-900, open_threshold:8671
[INFO:2021-04-13 17:20:57,747] waiting OPENING sell-bitbank/buy-liquid margin:1613, open_threshold:8671
[INFO:2021-04-13 17:21:00,795] waiting OPENING sell-liquid/buy-bitbank margin:-299, open_threshold:8671
[INFO:2021-04-13 17:21:03,851] waiting OPENING sell-liquid/buy-bitbank margin:-314, open_threshold:8671
[INFO:2021-04-13 17:21:06,892] waiting OPENING sell-bitbank/buy-liquid margin:3748, open_threshold:8671
[INFO:2021-04-13 17:21:09,935] waiting OPENING sell-bitbank/buy-liquid margin:9372, open_threshold:8671
[INFO:2021-04-13 17:21:13,452] waiting CLOSING sell-liquid/buy-bitbank margin:-7975, close_threshold:-6372
[INFO:2021-04-13 17:21:16,527] waiting CLOSING sell-liquid/buy-bitbank margin:-10394, close_threshold:-6372
[INFO:2021-04-13 17:21:19,580] waiting CLOSING sell-liquid/buy-bitbank margin:-7497, close_threshold:-6372
[INFO:2021-04-13 17:21:22,632] waiting CLOSING sell-liquid/buy-bitbank margin:-4155, close_threshold:-6372
[INFO:2021-04-13 17:21:26,142] waiting OPENING sell-bitbank/buy-liquid margin:-1247, open_threshold:8671
[INFO:2021-04-13 17:21:29,190] waiting OPENING sell-liquid/buy-bitbank margin:-647, open_threshold:8671
[INFO:2021-04-13 17:21:32,235] waiting OPENING sell-liquid/buy-bitbank margin:42, open_threshold:8671
[INFO:2021-04-13 17:21:35,473] waiting OPENING sell-bitbank/buy-liquid margin:54, open_threshold:695
[INFO:2021-04-13 17:21:38,531] waiting OPENING sell-liquid/buy-bitbank margin:1069, open_threshold:695
[INFO:2021-04-13 17:21:42,093] waiting CLOSING sell-bitbank/buy-liquid margin:-6476, close_threshold:1931
[INFO:2021-04-13 17:21:45,171] waiting CLOSING sell-bitbank/buy-liquid margin:-4185, close_threshold:1931
[INFO:2021-04-13 17:21:48,214] waiting CLOSING sell-bitbank/buy-liquid margin:-5114, close_threshold:1931
[INFO:2021-04-13 17:21:51,262] waiting CLOSING sell-bitbank/buy-liquid margin:-2147, close_threshold:1931
[INFO:2021-04-13 17:21:54,311] waiting CLOSING sell-bitbank/buy-liquid margin:-6797, close_threshold:1931
[INFO:2021-04-13 17:21:57,354] waiting CLOSING sell-bitbank/buy-liquid margin:-4200, close_threshold:1931
[INFO:2021-04-13 17:22:00,462] waiting CLOSING sell-bitbank/buy-liquid margin:7686, close_threshold:1931
[INFO:2021-04-13 17:22:04,004] waiting OPENING sell-bitbank/buy-liquid margin:2718, open_threshold:695
[INFO:2021-04-13 17:22:07,540] waiting CLOSING sell-liquid/buy-bitbank margin:-3395, close_threshold:282
[INFO:2021-04-13 17:22:10,599] waiting CLOSING sell-liquid/buy-bitbank margin:-2988, close_threshold:282
[INFO:2021-04-13 17:22:13,648] waiting CLOSING sell-liquid/buy-bitbank margin:-27, close_threshold:282
[INFO:2021-04-13 17:22:16,704] waiting CLOSING sell-liquid/buy-bitbank margin:-2501, close_threshold:282
[INFO:2021-04-13 17:22:19,759] waiting CLOSING sell-liquid/buy-bitbank margin:-2884, close_threshold:282
[INFO:2021-04-13 17:22:22,826] waiting CLOSING sell-liquid/buy-bitbank margin:-4102, close_threshold:282
[INFO:2021-04-13 17:22:25,870] waiting CLOSING sell-liquid/buy-bitbank margin:-4756, close_threshold:282
[INFO:2021-04-13 17:22:28,934] waiting CLOSING sell-liquid/buy-bitbank margin:-8368, close_threshold:282
[INFO:2021-04-13 17:22:31,985] waiting CLOSING sell-liquid/buy-bitbank margin:-9052, close_threshold:282
[INFO:2021-04-13 17:22:35,035] waiting CLOSING sell-liquid/buy-bitbank margin:-9486, close_threshold:282
[INFO:2021-04-13 17:22:38,106] waiting CLOSING sell-liquid/buy-bitbank margin:-4922, close_threshold:282
[INFO:2021-04-13 17:22:41,173] waiting CLOSING sell-liquid/buy-bitbank margin:-3053, close_threshold:282
[INFO:2021-04-13 17:22:44,237] waiting CLOSING sell-liquid/buy-bitbank margin:-3051, close_threshold:282
[INFO:2021-04-13 17:22:47,286] waiting CLOSING sell-liquid/buy-bitbank margin:-2298, close_threshold:282
[INFO:2021-04-13 17:22:50,343] waiting CLOSING sell-liquid/buy-bitbank margin:3442, close_threshold:282
[INFO:2021-04-13 17:22:53,870] waiting OPENING sell-bitbank/buy-liquid margin:-697, open_threshold:695
[INFO:2021-04-13 17:22:56,921] waiting OPENING sell-bitbank/buy-liquid margin:-674, open_threshold:695
[INFO:2021-04-13 17:22:59,956] waiting OPENING sell-bitbank/buy-liquid margin:-175, open_threshold:695
[INFO:2021-04-13 17:23:03,008] waiting OPENING sell-bitbank/buy-liquid margin:-665, open_threshold:695
[INFO:2021-04-13 17:23:06,064] waiting OPENING sell-bitbank/buy-liquid margin:2, open_threshold:695
[INFO:2021-04-13 17:23:09,129] waiting OPENING sell-bitbank/buy-liquid margin:848, open_threshold:695
[INFO:2021-04-13 17:23:12,650] waiting CLOSING sell-liquid/buy-bitbank margin:-11158, close_threshold:2152
[INFO:2021-04-13 17:23:15,694] waiting CLOSING sell-liquid/buy-bitbank margin:-10227, close_threshold:2152
[INFO:2021-04-13 17:23:18,741] waiting CLOSING sell-liquid/buy-bitbank margin:-1000, close_threshold:2152
[INFO:2021-04-13 17:23:21,791] waiting CLOSING sell-liquid/buy-bitbank margin:-6853, close_threshold:2152
[INFO:2021-04-13 17:23:24,889] waiting CLOSING sell-liquid/buy-bitbank margin:-1307, close_threshold:2152
[INFO:2021-04-13 17:23:27,940] waiting CLOSING sell-liquid/buy-bitbank margin:-1319, close_threshold:2152
[INFO:2021-04-13 17:23:30,986] waiting CLOSING sell-liquid/buy-bitbank margin:-7321, close_threshold:2152
[INFO:2021-04-13 17:23:34,030] waiting CLOSING sell-liquid/buy-bitbank margin:-9258, close_threshold:2152
[INFO:2021-04-13 17:23:37,111] waiting CLOSING sell-liquid/buy-bitbank margin:-13231, close_threshold:2152
[INFO:2021-04-13 17:23:40,167] waiting CLOSING sell-liquid/buy-bitbank margin:-4701, close_threshold:2152
[INFO:2021-04-13 17:23:43,244] waiting CLOSING sell-liquid/buy-bitbank margin:-7124, close_threshold:2152
[INFO:2021-04-13 17:23:46,306] waiting CLOSING sell-liquid/buy-bitbank margin:-5815, close_threshold:2152
[INFO:2021-04-13 17:23:49,353] waiting CLOSING sell-liquid/buy-bitbank margin:-4060, close_threshold:2152
[INFO:2021-04-13 17:23:52,397] waiting CLOSING sell-liquid/buy-bitbank margin:1488, close_threshold:2152
[INFO:2021-04-13 17:23:55,453] waiting CLOSING sell-liquid/buy-bitbank margin:-731, close_threshold:2152
[INFO:2021-04-13 17:23:58,495] waiting CLOSING sell-liquid/buy-bitbank margin:-519, close_threshold:2152
[INFO:2021-04-13 17:24:01,545] waiting CLOSING sell-liquid/buy-bitbank margin:-2913, close_threshold:2152
[INFO:2021-04-13 17:24:04,602] waiting CLOSING sell-liquid/buy-bitbank margin:-4411, close_threshold:2152
[INFO:2021-04-13 17:24:07,671] waiting CLOSING sell-liquid/buy-bitbank margin:-7418, close_threshold:2152
[INFO:2021-04-13 17:24:10,729] waiting CLOSING sell-liquid/buy-bitbank margin:-4361, close_threshold:2152
[INFO:2021-04-13 17:24:13,832] waiting CLOSING sell-liquid/buy-bitbank margin:-7050, close_threshold:2152
[INFO:2021-04-13 17:24:16,884] waiting CLOSING sell-liquid/buy-bitbank margin:-3885, close_threshold:2152
[INFO:2021-04-13 17:24:19,991] waiting CLOSING sell-liquid/buy-bitbank margin:-3912, close_threshold:2152
[INFO:2021-04-13 17:24:23,059] waiting CLOSING sell-liquid/buy-bitbank margin:-5801, close_threshold:2152
[INFO:2021-04-13 17:24:26,106] waiting CLOSING sell-liquid/buy-bitbank margin:-6862, close_threshold:2152
[INFO:2021-04-13 17:24:29,189] waiting CLOSING sell-liquid/buy-bitbank margin:-10396, close_threshold:2152
[INFO:2021-04-13 17:24:32,247] waiting CLOSING sell-liquid/buy-bitbank margin:-8673, close_threshold:2152
[INFO:2021-04-13 17:24:35,286] waiting CLOSING sell-liquid/buy-bitbank margin:-7770, close_threshold:2152
[INFO:2021-04-13 17:24:38,368] waiting CLOSING sell-liquid/buy-bitbank margin:-9445, close_threshold:2152
[INFO:2021-04-13 17:24:41,442] waiting CLOSING sell-liquid/buy-bitbank margin:-13305, close_threshold:2152
[INFO:2021-04-13 17:24:44,501] waiting CLOSING sell-liquid/buy-bitbank margin:-16006, close_threshold:2152
[INFO:2021-04-13 17:24:47,555] waiting CLOSING sell-liquid/buy-bitbank margin:-8297, close_threshold:2152
[INFO:2021-04-13 17:24:50,611] waiting CLOSING sell-liquid/buy-bitbank margin:1272, close_threshold:2152
[INFO:2021-04-13 17:24:53,658] waiting CLOSING sell-liquid/buy-bitbank margin:-3476, close_threshold:2152
[INFO:2021-04-13 17:24:56,704] waiting CLOSING sell-liquid/buy-bitbank margin:-8444, close_threshold:2152
[INFO:2021-04-13 17:24:59,747] waiting CLOSING sell-liquid/buy-bitbank margin:-7062, close_threshold:2152
[INFO:2021-04-13 17:25:02,815] waiting CLOSING sell-liquid/buy-bitbank margin:-9497, close_threshold:2152
[INFO:2021-04-13 17:25:05,862] waiting CLOSING sell-liquid/buy-bitbank margin:-9076, close_threshold:2152
[INFO:2021-04-13 17:25:08,939] waiting CLOSING sell-liquid/buy-bitbank margin:-14300, close_threshold:2152
[INFO:2021-04-13 17:25:11,990] waiting CLOSING sell-liquid/buy-bitbank margin:-12597, close_threshold:2152
[INFO:2021-04-13 17:25:15,038] waiting CLOSING sell-liquid/buy-bitbank margin:-15762, close_threshold:2152
[INFO:2021-04-13 17:25:18,082] waiting CLOSING sell-liquid/buy-bitbank margin:-11558, close_threshold:2152
[INFO:2021-04-13 17:25:21,127] waiting CLOSING sell-liquid/buy-bitbank margin:-10999, close_threshold:2152
[INFO:2021-04-13 17:25:24,184] waiting CLOSING sell-liquid/buy-bitbank margin:-3732, close_threshold:2152
[INFO:2021-04-13 17:25:27,257] waiting CLOSING sell-liquid/buy-bitbank margin:-730, close_threshold:2152
[INFO:2021-04-13 17:25:30,295] waiting CLOSING sell-liquid/buy-bitbank margin:-1111, close_threshold:2152
[INFO:2021-04-13 17:25:33,350] waiting CLOSING sell-liquid/buy-bitbank margin:1169, close_threshold:2152
[INFO:2021-04-13 17:25:36,397] waiting CLOSING sell-liquid/buy-bitbank margin:-4620, close_threshold:2152
[INFO:2021-04-13 17:25:39,446] waiting CLOSING sell-liquid/buy-bitbank margin:-9122, close_threshold:2152
[INFO:2021-04-13 17:25:42,524] waiting CLOSING sell-liquid/buy-bitbank margin:-1384, close_threshold:2152
[INFO:2021-04-13 17:25:45,570] waiting CLOSING sell-liquid/buy-bitbank margin:-2209, close_threshold:2152
[INFO:2021-04-13 17:25:48,608] waiting CLOSING sell-liquid/buy-bitbank margin:-2657, close_threshold:2152
[INFO:2021-04-13 17:25:51,654] waiting CLOSING sell-liquid/buy-bitbank margin:-3792, close_threshold:2152
[INFO:2021-04-13 17:25:54,700] waiting CLOSING sell-liquid/buy-bitbank margin:-2670, close_threshold:2152
[INFO:2021-04-13 17:25:57,750] waiting CLOSING sell-liquid/buy-bitbank margin:-2018, close_threshold:2152
[INFO:2021-04-13 17:26:00,795] waiting CLOSING sell-liquid/buy-bitbank margin:-993, close_threshold:2152
[INFO:2021-04-13 17:26:03,859] waiting CLOSING sell-liquid/buy-bitbank margin:-757, close_threshold:2152
[INFO:2021-04-13 17:26:06,926] waiting CLOSING sell-liquid/buy-bitbank margin:-895, close_threshold:2152
[INFO:2021-04-13 17:26:09,987] waiting CLOSING sell-liquid/buy-bitbank margin:-693, close_threshold:2152
[INFO:2021-04-13 17:26:13,041] waiting CLOSING sell-liquid/buy-bitbank margin:-3258, close_threshold:2152
[INFO:2021-04-13 17:26:16,080] waiting CLOSING sell-liquid/buy-bitbank margin:-2529, close_threshold:2152
[INFO:2021-04-13 17:26:19,152] waiting CLOSING sell-liquid/buy-bitbank margin:-5315, close_threshold:2152
[INFO:2021-04-13 17:26:22,202] waiting CLOSING sell-liquid/buy-bitbank margin:-809, close_threshold:2152
[INFO:2021-04-13 17:26:25,266] waiting CLOSING sell-liquid/buy-bitbank margin:-2531, close_threshold:2152
[INFO:2021-04-13 17:26:28,336] waiting CLOSING sell-liquid/buy-bitbank margin:631, close_threshold:2152
[INFO:2021-04-13 17:26:31,400] waiting CLOSING sell-liquid/buy-bitbank margin:-2671, close_threshold:2152
[INFO:2021-04-13 17:26:34,495] waiting CLOSING sell-liquid/buy-bitbank margin:-10, close_threshold:2152
[INFO:2021-04-13 17:26:37,577] waiting CLOSING sell-liquid/buy-bitbank margin:-1372, close_threshold:2152
[INFO:2021-04-13 17:26:40,625] waiting CLOSING sell-liquid/buy-bitbank margin:-5325, close_threshold:2152
[INFO:2021-04-13 17:26:43,669] waiting CLOSING sell-liquid/buy-bitbank margin:-4606, close_threshold:2152
[INFO:2021-04-13 17:26:46,714] waiting CLOSING sell-liquid/buy-bitbank margin:-3518, close_threshold:2152
[INFO:2021-04-13 17:26:49,770] waiting CLOSING sell-liquid/buy-bitbank margin:-2108, close_threshold:2152
[INFO:2021-04-13 17:26:52,825] waiting CLOSING sell-liquid/buy-bitbank margin:-4012, close_threshold:2152
[INFO:2021-04-13 17:26:55,872] waiting CLOSING sell-liquid/buy-bitbank margin:-9217, close_threshold:2152
[INFO:2021-04-13 17:26:58,919] waiting CLOSING sell-liquid/buy-bitbank margin:-7136, close_threshold:2152
[INFO:2021-04-13 17:27:01,967] waiting CLOSING sell-liquid/buy-bitbank margin:-3767, close_threshold:2152
[INFO:2021-04-13 17:27:05,017] waiting CLOSING sell-liquid/buy-bitbank margin:-4809, close_threshold:2152
[INFO:2021-04-13 17:27:08,082] waiting CLOSING sell-liquid/buy-bitbank margin:-3971, close_threshold:2152
[INFO:2021-04-13 17:27:11,144] waiting CLOSING sell-liquid/buy-bitbank margin:-1670, close_threshold:2152
[INFO:2021-04-13 17:27:14,195] waiting CLOSING sell-liquid/buy-bitbank margin:-1217, close_threshold:2152
[INFO:2021-04-13 17:27:17,238] waiting CLOSING sell-liquid/buy-bitbank margin:-189, close_threshold:2152
[INFO:2021-04-13 17:27:20,301] waiting CLOSING sell-liquid/buy-bitbank margin:-3496, close_threshold:2152
[INFO:2021-04-13 17:27:23,351] waiting CLOSING sell-liquid/buy-bitbank margin:-4171, close_threshold:2152
[INFO:2021-04-13 17:27:26,392] waiting CLOSING sell-liquid/buy-bitbank margin:-4253, close_threshold:2152
[INFO:2021-04-13 17:27:29,436] waiting CLOSING sell-liquid/buy-bitbank margin:-3436, close_threshold:2152
[INFO:2021-04-13 17:27:32,493] waiting CLOSING sell-liquid/buy-bitbank margin:-717, close_threshold:2152
[INFO:2021-04-13 17:27:35,559] waiting CLOSING sell-liquid/buy-bitbank margin:-1979, close_threshold:2152
[INFO:2021-04-13 17:27:38,599] waiting CLOSING sell-liquid/buy-bitbank margin:-1602, close_threshold:2152
[INFO:2021-04-13 17:27:41,652] waiting CLOSING sell-liquid/buy-bitbank margin:-2679, close_threshold:2152
[INFO:2021-04-13 17:27:44,703] waiting CLOSING sell-liquid/buy-bitbank margin:-3967, close_threshold:2152
[INFO:2021-04-13 17:27:47,747] waiting CLOSING sell-liquid/buy-bitbank margin:-4980, close_threshold:2152
[INFO:2021-04-13 17:27:50,788] waiting CLOSING sell-liquid/buy-bitbank margin:-6265, close_threshold:2152
[INFO:2021-04-13 17:27:53,855] waiting CLOSING sell-liquid/buy-bitbank margin:-6655, close_threshold:2152
[INFO:2021-04-13 17:27:56,907] waiting CLOSING sell-liquid/buy-bitbank margin:-6640, close_threshold:2152
[INFO:2021-04-13 17:27:59,951] waiting CLOSING sell-liquid/buy-bitbank margin:-4425, close_threshold:2152
[INFO:2021-04-13 17:28:03,005] waiting CLOSING sell-liquid/buy-bitbank margin:-2859, close_threshold:2152
[INFO:2021-04-13 17:28:06,062] waiting CLOSING sell-liquid/buy-bitbank margin:-5039, close_threshold:2152
[INFO:2021-04-13 17:28:09,115] waiting CLOSING sell-liquid/buy-bitbank margin:-5128, close_threshold:2152
[INFO:2021-04-13 17:28:12,156] waiting CLOSING sell-liquid/buy-bitbank margin:-5258, close_threshold:2152
[INFO:2021-04-13 17:28:15,202] waiting CLOSING sell-liquid/buy-bitbank margin:-5933, close_threshold:2152
[INFO:2021-04-13 17:28:18,256] waiting CLOSING sell-liquid/buy-bitbank margin:-5923, close_threshold:2152
[INFO:2021-04-13 17:28:21,301] waiting CLOSING sell-liquid/buy-bitbank margin:-5426, close_threshold:2152
[INFO:2021-04-13 17:28:24,360] waiting CLOSING sell-liquid/buy-bitbank margin:-6367, close_threshold:2152
[INFO:2021-04-13 17:28:27,417] waiting CLOSING sell-liquid/buy-bitbank margin:-9750, close_threshold:2152
[INFO:2021-04-13 17:28:30,462] waiting CLOSING sell-liquid/buy-bitbank margin:-7753, close_threshold:2152
[INFO:2021-04-13 17:28:33,561] waiting CLOSING sell-liquid/buy-bitbank margin:-7671, close_threshold:2152
[INFO:2021-04-13 17:28:36,694] waiting CLOSING sell-liquid/buy-bitbank margin:-8028, close_threshold:2152
[INFO:2021-04-13 17:28:39,742] waiting CLOSING sell-liquid/buy-bitbank margin:-8434, close_threshold:2152
[INFO:2021-04-13 17:28:42,791] waiting CLOSING sell-liquid/buy-bitbank margin:-14104, close_threshold:2152
[INFO:2021-04-13 17:28:45,835] waiting CLOSING sell-liquid/buy-bitbank margin:-5011, close_threshold:2152
[INFO:2021-04-13 17:28:48,883] waiting CLOSING sell-liquid/buy-bitbank margin:-1559, close_threshold:2152
[INFO:2021-04-13 17:28:51,927] waiting CLOSING sell-liquid/buy-bitbank margin:-5629, close_threshold:2152
[INFO:2021-04-13 17:28:54,984] waiting CLOSING sell-liquid/buy-bitbank margin:-4202, close_threshold:2152
[INFO:2021-04-13 17:28:58,060] waiting CLOSING sell-liquid/buy-bitbank margin:-6681, close_threshold:2152
[INFO:2021-04-13 17:29:01,111] waiting CLOSING sell-liquid/buy-bitbank margin:-1335, close_threshold:2152
[INFO:2021-04-13 17:29:04,177] waiting CLOSING sell-liquid/buy-bitbank margin:-5973, close_threshold:2152
[INFO:2021-04-13 17:29:07,223] waiting CLOSING sell-liquid/buy-bitbank margin:-4788, close_threshold:2152
[INFO:2021-04-13 17:29:10,270] waiting CLOSING sell-liquid/buy-bitbank margin:-3474, close_threshold:2152
[INFO:2021-04-13 17:29:13,348] waiting CLOSING sell-liquid/buy-bitbank margin:-3730, close_threshold:2152
[INFO:2021-04-13 17:29:16,406] waiting CLOSING sell-liquid/buy-bitbank margin:-5596, close_threshold:2152
[INFO:2021-04-13 17:29:19,446] waiting CLOSING sell-liquid/buy-bitbank margin:-8991, close_threshold:2152
[INFO:2021-04-13 17:29:22,491] waiting CLOSING sell-liquid/buy-bitbank margin:-191, close_threshold:2152
[INFO:2021-04-13 17:29:25,559] waiting CLOSING sell-liquid/buy-bitbank margin:-3198, close_threshold:2152
[INFO:2021-04-13 17:29:28,715] waiting CLOSING sell-liquid/buy-bitbank margin:-9147, close_threshold:2152
[INFO:2021-04-13 17:29:31,758] waiting CLOSING sell-liquid/buy-bitbank margin:-1686, close_threshold:2152
[INFO:2021-04-13 17:29:34,863] waiting CLOSING sell-liquid/buy-bitbank margin:-11277, close_threshold:2152
[INFO:2021-04-13 17:29:37,913] waiting CLOSING sell-liquid/buy-bitbank margin:-12865, close_threshold:2152
[INFO:2021-04-13 17:29:40,962] waiting CLOSING sell-liquid/buy-bitbank margin:-12040, close_threshold:2152
[INFO:2021-04-13 17:29:44,014] waiting CLOSING sell-liquid/buy-bitbank margin:-8335, close_threshold:2152
[INFO:2021-04-13 17:29:47,072] waiting CLOSING sell-liquid/buy-bitbank margin:-8188, close_threshold:2152
[INFO:2021-04-13 17:29:50,132] waiting CLOSING sell-liquid/buy-bitbank margin:-10031, close_threshold:2152
[INFO:2021-04-13 17:29:53,220] waiting CLOSING sell-liquid/buy-bitbank margin:-11199, close_threshold:2152
[INFO:2021-04-13 17:29:56,264] waiting CLOSING sell-liquid/buy-bitbank margin:-8354, close_threshold:2152
[INFO:2021-04-13 17:29:59,316] waiting CLOSING sell-liquid/buy-bitbank margin:-3644, close_threshold:2152
[INFO:2021-04-13 17:30:02,418] waiting CLOSING sell-liquid/buy-bitbank margin:-2981, close_threshold:2152
[INFO:2021-04-13 17:30:05,472] waiting CLOSING sell-liquid/buy-bitbank margin:-3203, close_threshold:2152
[INFO:2021-04-13 17:30:08,518] waiting CLOSING sell-liquid/buy-bitbank margin:635, close_threshold:2152
[INFO:2021-04-13 17:30:11,637] waiting CLOSING sell-liquid/buy-bitbank margin:1524, close_threshold:2152
[INFO:2021-04-13 17:30:14,692] waiting CLOSING sell-liquid/buy-bitbank margin:5237, close_threshold:2152
[INFO:2021-04-13 17:30:18,236] waiting OPENING sell-liquid/buy-bitbank margin:2758, open_threshold:715
[INFO:2021-04-13 17:30:21,753] waiting CLOSING sell-bitbank/buy-liquid margin:-5465, close_threshold:242
[INFO:2021-04-13 17:30:24,800] waiting CLOSING sell-bitbank/buy-liquid margin:-4199, close_threshold:242
[INFO:2021-04-13 17:30:27,847] waiting CLOSING sell-bitbank/buy-liquid margin:-2691, close_threshold:242
[INFO:2021-04-13 17:30:30,914] waiting CLOSING sell-bitbank/buy-liquid margin:4327, close_threshold:242
[INFO:2021-04-13 17:30:34,417] waiting OPENING sell-bitbank/buy-liquid margin:3764, open_threshold:715
[INFO:2021-04-13 17:30:37,898] waiting CLOSING sell-liquid/buy-bitbank margin:-4099, close_threshold:-764
[INFO:2021-04-13 17:30:40,979] waiting CLOSING sell-liquid/buy-bitbank margin:-5692, close_threshold:-764
[INFO:2021-04-13 17:30:44,046] waiting CLOSING sell-liquid/buy-bitbank margin:-5985, close_threshold:-764
[INFO:2021-04-13 17:30:47,097] waiting CLOSING sell-liquid/buy-bitbank margin:-6639, close_threshold:-764
[INFO:2021-04-13 17:30:50,146] waiting CLOSING sell-liquid/buy-bitbank margin:2057, close_threshold:-764
[INFO:2021-04-13 17:30:53,685] waiting OPENING sell-liquid/buy-bitbank margin:-114, open_threshold:715
[INFO:2021-04-13 17:30:56,767] waiting OPENING sell-liquid/buy-bitbank margin:7252, open_threshold:715
[INFO:2021-04-13 17:31:00,282] waiting CLOSING sell-bitbank/buy-liquid margin:-9771, close_threshold:-4252
[INFO:2021-04-13 17:31:03,333] waiting CLOSING sell-bitbank/buy-liquid margin:-5355, close_threshold:-4252
[INFO:2021-04-13 17:31:06,396] waiting CLOSING sell-bitbank/buy-liquid margin:-10063, close_threshold:-4252
[INFO:2021-04-13 17:31:09,477] waiting CLOSING sell-bitbank/buy-liquid margin:-7596, close_threshold:-4252
[INFO:2021-04-13 17:31:12,528] waiting CLOSING sell-bitbank/buy-liquid margin:-4806, close_threshold:-4252
[INFO:2021-04-13 17:31:15,577] waiting CLOSING sell-bitbank/buy-liquid margin:-788, close_threshold:-4252
[INFO:2021-04-13 17:31:19,108] waiting OPENING sell-bitbank/buy-liquid margin:-682, open_threshold:715
[INFO:2021-04-13 17:31:22,167] waiting OPENING sell-bitbank/buy-liquid margin:620, open_threshold:715
[INFO:2021-04-13 17:31:25,213] waiting OPENING sell-bitbank/buy-liquid margin:1762, open_threshold:715
[INFO:2021-04-13 17:31:28,733] waiting CLOSING sell-liquid/buy-bitbank margin:-5239, close_threshold:1238
[INFO:2021-04-13 17:31:31,781] waiting CLOSING sell-liquid/buy-bitbank margin:-4492, close_threshold:1238
[INFO:2021-04-13 17:31:34,917] waiting CLOSING sell-liquid/buy-bitbank margin:-1936, close_threshold:1238
[INFO:2021-04-13 17:31:38,034] waiting CLOSING sell-liquid/buy-bitbank margin:1887, close_threshold:1238
[INFO:2021-04-13 17:31:41,546] waiting OPENING sell-liquid/buy-bitbank margin:806, open_threshold:715
[INFO:2021-04-13 17:31:45,209] waiting CLOSING sell-bitbank/buy-liquid margin:-4312, close_threshold:2194
[INFO:2021-04-13 17:31:48,254] waiting CLOSING sell-bitbank/buy-liquid margin:-4208, close_threshold:2194
[INFO:2021-04-13 17:31:51,297] waiting CLOSING sell-bitbank/buy-liquid margin:-3932, close_threshold:2194
[INFO:2021-04-13 17:31:54,351] waiting CLOSING sell-bitbank/buy-liquid margin:-3932, close_threshold:2194
[INFO:2021-04-13 17:31:57,445] waiting CLOSING sell-bitbank/buy-liquid margin:-4882, close_threshold:2194
[INFO:2021-04-13 17:32:00,487] waiting CLOSING sell-bitbank/buy-liquid margin:-1113, close_threshold:2194
[INFO:2021-04-13 17:32:03,548] waiting CLOSING sell-bitbank/buy-liquid margin:1959, close_threshold:2194
[INFO:2021-04-13 17:32:06,598] waiting CLOSING sell-bitbank/buy-liquid margin:1975, close_threshold:2194
[INFO:2021-04-13 17:32:09,646] waiting CLOSING sell-bitbank/buy-liquid margin:1261, close_threshold:2194
[INFO:2021-04-13 17:32:12,718] waiting CLOSING sell-bitbank/buy-liquid margin:-3412, close_threshold:2194
[INFO:2021-04-13 17:32:15,762] waiting CLOSING sell-bitbank/buy-liquid margin:-4281, close_threshold:2194
[INFO:2021-04-13 17:32:18,825] waiting CLOSING sell-bitbank/buy-liquid margin:-2683, close_threshold:2194
[INFO:2021-04-13 17:32:21,865] waiting CLOSING sell-bitbank/buy-liquid margin:-1319, close_threshold:2194
[INFO:2021-04-13 17:32:25,070] waiting CLOSING sell-bitbank/buy-liquid margin:5969, close_threshold:2194
[INFO:2021-04-13 17:32:28,597] waiting OPENING sell-bitbank/buy-liquid margin:5918, open_threshold:0
[INFO:2021-04-13 17:32:32,106] waiting CLOSING sell-liquid/buy-bitbank margin:-8684, close_threshold:-2918
[INFO:2021-04-13 17:32:35,186] waiting CLOSING sell-liquid/buy-bitbank margin:-10297, close_threshold:-2918
[INFO:2021-04-13 17:32:38,233] waiting CLOSING sell-liquid/buy-bitbank margin:-10598, close_threshold:-2918
[INFO:2021-04-13 17:32:41,277] waiting CLOSING sell-liquid/buy-bitbank margin:-7460, close_threshold:-2918
[INFO:2021-04-13 17:32:44,346] waiting CLOSING sell-liquid/buy-bitbank margin:-3288, close_threshold:-2918
[INFO:2021-04-13 17:32:47,399] waiting CLOSING sell-liquid/buy-bitbank margin:-6074, close_threshold:-2918
[INFO:2021-04-13 17:32:50,447] waiting CLOSING sell-liquid/buy-bitbank margin:-9827, close_threshold:-2918
[INFO:2021-04-13 17:32:53,500] waiting CLOSING sell-liquid/buy-bitbank margin:-8106, close_threshold:-2918
[INFO:2021-04-13 17:32:56,549] waiting CLOSING sell-liquid/buy-bitbank margin:-5420, close_threshold:-2918
[INFO:2021-04-13 17:32:59,603] waiting CLOSING sell-liquid/buy-bitbank margin:-385, close_threshold:-2918
[INFO:2021-04-13 17:33:03,097] waiting OPENING sell-bitbank/buy-liquid margin:466, open_threshold:0
[INFO:2021-04-13 17:33:06,597] waiting CLOSING sell-liquid/buy-bitbank margin:-2447, close_threshold:2534
[INFO:2021-04-13 17:33:09,756] waiting CLOSING sell-liquid/buy-bitbank margin:632, close_threshold:2534
[INFO:2021-04-13 17:33:12,806] waiting CLOSING sell-liquid/buy-bitbank margin:2243, close_threshold:2534
[INFO:2021-04-13 17:33:15,848] waiting CLOSING sell-liquid/buy-bitbank margin:1500, close_threshold:2534
[INFO:2021-04-13 17:33:18,947] waiting CLOSING sell-liquid/buy-bitbank margin:1268, close_threshold:2534
[INFO:2021-04-13 17:33:22,018] waiting CLOSING sell-liquid/buy-bitbank margin:-1583, close_threshold:2534
[INFO:2021-04-13 17:33:25,084] waiting CLOSING sell-liquid/buy-bitbank margin:-1563, close_threshold:2534
[INFO:2021-04-13 17:33:28,132] waiting CLOSING sell-liquid/buy-bitbank margin:-2795, close_threshold:2534
[INFO:2021-04-13 17:33:31,187] waiting CLOSING sell-liquid/buy-bitbank margin:-3459, close_threshold:2534
[INFO:2021-04-13 17:33:34,236] waiting CLOSING sell-liquid/buy-bitbank margin:-5302, close_threshold:2534
[INFO:2021-04-13 17:33:37,277] waiting CLOSING sell-liquid/buy-bitbank margin:-4002, close_threshold:2534
[INFO:2021-04-13 17:33:40,348] waiting CLOSING sell-liquid/buy-bitbank margin:-3307, close_threshold:2534
[INFO:2021-04-13 17:33:43,399] waiting CLOSING sell-liquid/buy-bitbank margin:-2812, close_threshold:2534
[INFO:2021-04-13 17:33:46,457] waiting CLOSING sell-liquid/buy-bitbank margin:-3012, close_threshold:2534
[INFO:2021-04-13 17:33:49,503] waiting CLOSING sell-liquid/buy-bitbank margin:-4039, close_threshold:2534
[INFO:2021-04-13 17:33:52,549] waiting CLOSING sell-liquid/buy-bitbank margin:-3667, close_threshold:2534
[INFO:2021-04-13 17:33:55,604] waiting CLOSING sell-liquid/buy-bitbank margin:-3659, close_threshold:2534
[INFO:2021-04-13 17:33:58,672] waiting CLOSING sell-liquid/buy-bitbank margin:-6230, close_threshold:2534
[INFO:2021-04-13 17:34:01,723] waiting CLOSING sell-liquid/buy-bitbank margin:-4069, close_threshold:2534
[INFO:2021-04-13 17:34:04,822] waiting CLOSING sell-liquid/buy-bitbank margin:-2539, close_threshold:2534
[INFO:2021-04-13 17:34:07,914] waiting CLOSING sell-liquid/buy-bitbank margin:-4452, close_threshold:2534
[INFO:2021-04-13 17:34:10,971] waiting CLOSING sell-liquid/buy-bitbank margin:-7257, close_threshold:2534
[INFO:2021-04-13 17:34:14,020] waiting CLOSING sell-liquid/buy-bitbank margin:-5832, close_threshold:2534
[INFO:2021-04-13 17:34:17,091] waiting CLOSING sell-liquid/buy-bitbank margin:-2152, close_threshold:2534
[INFO:2021-04-13 17:34:20,150] waiting CLOSING sell-liquid/buy-bitbank margin:-6350, close_threshold:2534
[INFO:2021-04-13 17:34:23,213] waiting CLOSING sell-liquid/buy-bitbank margin:-6292, close_threshold:2534
[INFO:2021-04-13 17:34:26,319] waiting CLOSING sell-liquid/buy-bitbank margin:-8779, close_threshold:2534
[INFO:2021-04-13 17:34:29,369] waiting CLOSING sell-liquid/buy-bitbank margin:-8900, close_threshold:2534
[INFO:2021-04-13 17:34:32,422] waiting CLOSING sell-liquid/buy-bitbank margin:-6514, close_threshold:2534
[INFO:2021-04-13 17:34:35,486] waiting CLOSING sell-liquid/buy-bitbank margin:-8274, close_threshold:2534
[INFO:2021-04-13 17:34:38,557] waiting CLOSING sell-liquid/buy-bitbank margin:-8290, close_threshold:2534
[INFO:2021-04-13 17:34:41,608] waiting CLOSING sell-liquid/buy-bitbank margin:-11245, close_threshold:2534
[INFO:2021-04-13 17:34:44,653] waiting CLOSING sell-liquid/buy-bitbank margin:-6955, close_threshold:2534
[INFO:2021-04-13 17:34:47,706] waiting CLOSING sell-liquid/buy-bitbank margin:-4744, close_threshold:2534
[INFO:2021-04-13 17:34:50,753] waiting CLOSING sell-liquid/buy-bitbank margin:-7100, close_threshold:2534
[INFO:2021-04-13 17:34:53,793] waiting CLOSING sell-liquid/buy-bitbank margin:-3529, close_threshold:2534
[INFO:2021-04-13 17:34:56,832] waiting CLOSING sell-liquid/buy-bitbank margin:-96, close_threshold:2534
[INFO:2021-04-13 17:34:59,875] waiting CLOSING sell-liquid/buy-bitbank margin:698, close_threshold:2534
[INFO:2021-04-13 17:35:02,938] waiting CLOSING sell-liquid/buy-bitbank margin:5685, close_threshold:2534
[INFO:2021-04-13 17:35:06,473] waiting OPENING sell-bitbank/buy-liquid margin:-1295, open_threshold:0
[INFO:2021-04-13 17:35:09,527] waiting OPENING sell-liquid/buy-bitbank margin:481, open_threshold:0
[INFO:2021-04-13 17:35:13,021] waiting CLOSING sell-bitbank/buy-liquid margin:-888, close_threshold:2519
[INFO:2021-04-13 17:35:16,063] waiting CLOSING sell-bitbank/buy-liquid margin:-2567, close_threshold:2519
[INFO:2021-04-13 17:35:19,131] waiting CLOSING sell-bitbank/buy-liquid margin:-2655, close_threshold:2519
[INFO:2021-04-13 17:35:22,189] waiting CLOSING sell-bitbank/buy-liquid margin:-1427, close_threshold:2519
[INFO:2021-04-13 17:35:25,249] waiting CLOSING sell-bitbank/buy-liquid margin:56, close_threshold:2519
[INFO:2021-04-13 17:35:28,306] waiting CLOSING sell-bitbank/buy-liquid margin:-78, close_threshold:2519
[INFO:2021-04-13 17:35:31,352] waiting CLOSING sell-bitbank/buy-liquid margin:214, close_threshold:2519
[INFO:2021-04-13 17:35:34,795] waiting CLOSING sell-bitbank/buy-liquid margin:3301, close_threshold:2519
[INFO:2021-04-13 17:35:38,309] waiting OPENING sell-bitbank/buy-liquid margin:-3535, open_threshold:0
[INFO:2021-04-13 17:35:41,354] waiting OPENING sell-bitbank/buy-liquid margin:665, open_threshold:0
[INFO:2021-04-13 17:35:44,912] waiting CLOSING sell-liquid/buy-bitbank margin:-1579, close_threshold:2335
[INFO:2021-04-13 17:35:47,956] waiting CLOSING sell-liquid/buy-bitbank margin:-1579, close_threshold:2335
[INFO:2021-04-13 17:35:51,023] waiting CLOSING sell-liquid/buy-bitbank margin:-2357, close_threshold:2335
[INFO:2021-04-13 17:35:54,070] waiting CLOSING sell-liquid/buy-bitbank margin:-2300, close_threshold:2335
[INFO:2021-04-13 17:35:57,123] waiting CLOSING sell-liquid/buy-bitbank margin:-3308, close_threshold:2335
[INFO:2021-04-13 17:36:00,167] waiting CLOSING sell-liquid/buy-bitbank margin:-3956, close_threshold:2335
[INFO:2021-04-13 17:36:03,218] waiting CLOSING sell-liquid/buy-bitbank margin:-2521, close_threshold:2335
[INFO:2021-04-13 17:36:06,264] waiting CLOSING sell-liquid/buy-bitbank margin:612, close_threshold:2335
[INFO:2021-04-13 17:36:09,340] waiting CLOSING sell-liquid/buy-bitbank margin:2576, close_threshold:2335
[INFO:2021-04-13 17:36:12,854] waiting OPENING sell-liquid/buy-bitbank margin:3603, open_threshold:0
[INFO:2021-04-13 17:36:16,363] waiting CLOSING sell-bitbank/buy-liquid margin:-4678, close_threshold:-603
[INFO:2021-04-13 17:36:19,432] waiting CLOSING sell-bitbank/buy-liquid margin:-7822, close_threshold:-603
[INFO:2021-04-13 17:36:22,504] waiting CLOSING sell-bitbank/buy-liquid margin:-4039, close_threshold:-603
[INFO:2021-04-13 17:36:25,550] waiting CLOSING sell-bitbank/buy-liquid margin:812, close_threshold:-603
[INFO:2021-04-13 17:36:29,055] waiting OPENING sell-liquid/buy-bitbank margin:-1974, open_threshold:0
[INFO:2021-04-13 17:36:32,102] waiting OPENING sell-bitbank/buy-liquid margin:-2539, open_threshold:0
[INFO:2021-04-13 17:36:35,165] waiting OPENING sell-liquid/buy-bitbank margin:303, open_threshold:0
[INFO:2021-04-13 17:36:38,652] waiting CLOSING sell-bitbank/buy-liquid margin:1497, close_threshold:2697
[INFO:2021-04-13 17:36:41,698] waiting CLOSING sell-bitbank/buy-liquid margin:-3475, close_threshold:2697
[INFO:2021-04-13 17:36:44,746] waiting CLOSING sell-bitbank/buy-liquid margin:-196, close_threshold:2697
[INFO:2021-04-13 17:36:47,815] waiting CLOSING sell-bitbank/buy-liquid margin:366, close_threshold:2697
[INFO:2021-04-13 17:36:50,884] waiting CLOSING sell-bitbank/buy-liquid margin:2246, close_threshold:2697
[INFO:2021-04-13 17:36:53,978] waiting CLOSING sell-bitbank/buy-liquid margin:-530, close_threshold:2697
[INFO:2021-04-13 17:36:57,027] waiting CLOSING sell-bitbank/buy-liquid margin:-3022, close_threshold:2697
[INFO:2021-04-13 17:37:00,083] waiting CLOSING sell-bitbank/buy-liquid margin:-3781, close_threshold:2697
[INFO:2021-04-13 17:37:03,146] waiting CLOSING sell-bitbank/buy-liquid margin:493, close_threshold:2697
[INFO:2021-04-13 17:37:06,202] waiting CLOSING sell-bitbank/buy-liquid margin:2475, close_threshold:2697
[INFO:2021-04-13 17:37:09,245] waiting CLOSING sell-bitbank/buy-liquid margin:6366, close_threshold:2697
[INFO:2021-04-13 17:37:12,773] waiting OPENING sell-bitbank/buy-liquid margin:3753, open_threshold:0
[INFO:2021-04-13 17:37:16,290] waiting CLOSING sell-liquid/buy-bitbank margin:-7089, close_threshold:-753
[INFO:2021-04-13 17:37:19,350] waiting CLOSING sell-liquid/buy-bitbank margin:-4372, close_threshold:-753
[INFO:2021-04-13 17:37:22,396] waiting CLOSING sell-liquid/buy-bitbank margin:1661, close_threshold:-753
[INFO:2021-04-13 17:37:25,883] waiting OPENING sell-liquid/buy-bitbank margin:-492, open_threshold:0
[INFO:2021-04-13 17:37:28,934] waiting OPENING sell-liquid/buy-bitbank margin:-767, open_threshold:0
[INFO:2021-04-13 17:37:31,974] waiting OPENING sell-bitbank/buy-liquid margin:-330, open_threshold:0
[INFO:2021-04-13 17:37:35,021] waiting OPENING sell-bitbank/buy-liquid margin:-739, open_threshold:0
[INFO:2021-04-13 17:37:38,069] waiting OPENING sell-liquid/buy-bitbank margin:-1250, open_threshold:0
[INFO:2021-04-13 17:37:41,129] waiting OPENING sell-liquid/buy-bitbank margin:2454, open_threshold:0
[INFO:2021-04-13 17:37:44,678] waiting CLOSING sell-bitbank/buy-liquid margin:-1566, close_threshold:546
[INFO:2021-04-13 17:37:47,721] waiting CLOSING sell-bitbank/buy-liquid margin:-4297, close_threshold:546
[INFO:2021-04-13 17:37:50,775] waiting CLOSING sell-bitbank/buy-liquid margin:-4429, close_threshold:546
[INFO:2021-04-13 17:37:53,833] waiting CLOSING sell-bitbank/buy-liquid margin:-5007, close_threshold:546
[INFO:2021-04-13 17:37:56,892] waiting CLOSING sell-bitbank/buy-liquid margin:-5094, close_threshold:546
[INFO:2021-04-13 17:37:59,939] waiting CLOSING sell-bitbank/buy-liquid margin:-5707, close_threshold:546
[INFO:2021-04-13 17:38:03,059] waiting CLOSING sell-bitbank/buy-liquid margin:-6929, close_threshold:546
[INFO:2021-04-13 17:38:06,102] waiting CLOSING sell-bitbank/buy-liquid margin:-7197, close_threshold:546
[INFO:2021-04-13 17:38:09,151] waiting CLOSING sell-bitbank/buy-liquid margin:-6320, close_threshold:546
[INFO:2021-04-13 17:38:12,199] waiting CLOSING sell-bitbank/buy-liquid margin:-9575, close_threshold:546
[INFO:2021-04-13 17:38:15,277] waiting CLOSING sell-bitbank/buy-liquid margin:-7106, close_threshold:546
[INFO:2021-04-13 17:38:18,328] waiting CLOSING sell-bitbank/buy-liquid margin:-5515, close_threshold:546
[INFO:2021-04-13 17:38:21,909] waiting CLOSING sell-bitbank/buy-liquid margin:-6242, close_threshold:546
[INFO:2021-04-13 17:38:24,956] waiting CLOSING sell-bitbank/buy-liquid margin:-7856, close_threshold:546
[INFO:2021-04-13 17:38:27,999] waiting CLOSING sell-bitbank/buy-liquid margin:-7815, close_threshold:546
