[INFO:2021-04-13 16:50:22,536] =========================
[INFO:2021-04-13 16:50:22,536] === trading bot start ===
[INFO:2021-04-13 16:50:22,536] =========================
[INFO:2021-04-13 16:50:24,357] amount=0.0005, open_threshold=3000, profit_margin_diff=3000, tick_inverval_sec=3.0
[INFO:2021-04-13 16:50:27,784] OPENING buy-bitbank(3336.203), sell-liquid(3335.788), margin=3977, profit=-0.415
[INFO:2021-04-13 16:55:33,835] open threshold changed from 3000 to 4572
[INFO:2021-04-13 16:56:47,512] CLOSING buy-liquid(3347.253), sell-bitbank(3345.0), margin=566, profit=-2.253
[INFO:2021-04-13 16:57:59,114] OPENING buy-bitbank(3341.428), sell-liquid(3341.251), margin=4724, profit=-0.178
[INFO:2021-04-13 16:58:05,675] CLOSING buy-liquid(3340.829), sell-bitbank(3338.85), margin=-52, profit=-1.979
[INFO:2021-04-13 16:58:45,888] OPENING buy-bitbank(3340.4), sell-liquid(3337.354), margin=5067, profit=-3.046
[INFO:2021-04-13 16:59:13,978] CLOSING buy-liquid(3339.354), sell-bitbank(3337.504), margin=-1838, profit=-1.85
[INFO:2021-04-13 16:59:20,616] OPENING buy-bitbank(3340.4), sell-liquid(3338.695), margin=5734, profit=-1.705
[INFO:2021-04-13 17:00:46,682] open threshold changed from 4631 to 5396
[INFO:2021-04-13 17:05:56,125] open threshold changed from 5512 to 5318
[INFO:2021-04-13 17:10:03,697] CLOSING buy-liquid(3349.75), sell-bitbank(3347.124), margin=-2676, profit=-2.626
[INFO:2021-04-13 17:10:10,285] OPENING buy-bitbank(3349.276), sell-liquid(3348.128), margin=6905, profit=-1.149
[INFO:2021-04-13 17:11:05,627] open threshold changed from 5264 to 5084
[INFO:2021-04-13 17:13:48,202] CLOSING buy-liquid(3370.316), sell-bitbank(3363.749), margin=-336, profit=-6.567
[INFO:2021-04-13 17:14:00,899] OPENING buy-bitbank(3363.146), sell-liquid(3360.311), margin=7529, profit=-2.835
[INFO:2021-04-13 17:15:36,900] CLOSING buy-liquid(3382.908), sell-bitbank(3379.994), margin=-4220, profit=-2.914
[INFO:2021-04-13 17:15:55,675] OPENING buy-bitbank(3383.191), sell-liquid(3380.626), margin=6551, profit=-2.566
[INFO:2021-04-13 17:16:17,511] open threshold changed from 5114 to 8028
[INFO:2021-04-13 17:16:29,809] CLOSING buy-liquid(3384.594), sell-bitbank(3391.439), margin=955, profit=6.845
[INFO:2021-04-13 17:16:33,316] OPENING buy-bitbank(3396.376), sell-liquid(3395.269), margin=12071, profit=-1.107
[INFO:2021-04-13 17:16:39,936] CLOSING buy-liquid(3396.376), sell-bitbank(3391.305), margin=-3535, profit=-5.07
[INFO:2021-04-13 17:16:52,600] OPENING buy-bitbank(3397.964), sell-liquid(3391.144), margin=11268, profit=-6.819
[INFO:2021-04-13 17:17:02,256] CLOSING buy-liquid(3394.817), sell-bitbank(3392.501), margin=-4342, profit=-2.316
[INFO:2021-04-13 17:17:36,355] OPENING buy-bitbank(3403.116), sell-liquid(3391.495), margin=13231, profit=-11.62
[INFO:2021-04-13 17:17:55,147] CLOSING buy-liquid(3404.815), sell-bitbank(3400.784), margin=-9662, profit=-4.032
[INFO:2021-04-13 17:19:30,466] OPENING buy-liquid(3411.836), sell-bitbank(3412.26), margin=10684, profit=0.424
[INFO:2021-04-13 17:19:34,363] CLOSING buy-bitbank(3409.341), sell-liquid(3410.014), margin=-4619, profit=0.673
[INFO:2021-04-13 17:21:10,041] OPENING buy-liquid(3416.9), sell-bitbank(3415.45), margin=9372, profit=-1.45
[INFO:2021-04-13 17:21:22,737] CLOSING buy-bitbank(3413.326), sell-liquid(3411.463), margin=-4155, profit=-1.863
[INFO:2021-04-13 17:21:32,236] open threshold changed from 8671 to 788
[INFO:2021-04-13 17:21:38,610] OPENING buy-bitbank(3416.824), sell-liquid(3415.438), margin=1069, profit=-1.387
[INFO:2021-04-13 17:22:00,552] CLOSING buy-liquid(3419.838), sell-bitbank(3425.7), margin=7686, profit=5.862
[INFO:2021-04-13 17:22:04,101] OPENING buy-liquid(3423.951), sell-bitbank(3423.751), margin=2718, profit=-0.2
[INFO:2021-04-13 17:22:50,435] CLOSING buy-bitbank(3418.966), sell-liquid(3418.381), margin=3442, profit=-0.584
[INFO:2021-04-13 17:23:09,223] OPENING buy-liquid(3418.68), sell-bitbank(3422.34), margin=848, profit=3.659
[INFO:2021-04-13 17:26:43,670] open threshold changed from 695 to 626
[INFO:2021-04-13 17:30:14,783] CLOSING buy-bitbank(3425.238), sell-liquid(3420.899), margin=5237, profit=-4.34
[INFO:2021-04-13 17:30:18,318] OPENING buy-bitbank(3424.374), sell-liquid(3422.881), margin=2758, profit=-1.493
[INFO:2021-04-13 17:30:31,004] CLOSING buy-liquid(3423.49), sell-bitbank(3425.999), margin=4327, profit=2.51
[INFO:2021-04-13 17:30:34,500] OPENING buy-liquid(3426.874), sell-bitbank(3425.999), margin=3764, profit=-0.875
[INFO:2021-04-13 17:30:50,273] CLOSING buy-bitbank(3427.874), sell-liquid(3423.879), margin=2057, profit=-3.995
[INFO:2021-04-13 17:30:56,862] OPENING buy-bitbank(3429.859), sell-liquid(3425.631), margin=7252, profit=-4.228
[INFO:2021-04-13 17:31:15,684] CLOSING buy-liquid(3437.995), sell-bitbank(3437.729), margin=-788, profit=-0.267
[INFO:2021-04-13 17:31:25,291] OPENING buy-liquid(3435.24), sell-bitbank(3436.253), margin=1762, profit=1.013
[INFO:2021-04-13 17:31:38,115] CLOSING buy-bitbank(3437.852), sell-liquid(3438.174), margin=1887, profit=0.322
[INFO:2021-04-13 17:31:41,641] OPENING buy-bitbank(3437.064), sell-liquid(3433.941), margin=806, profit=-3.123
[INFO:2021-04-13 17:31:57,446] open threshold changed from 715 to 0
[INFO:2021-04-13 17:32:25,171] CLOSING buy-liquid(3435.707), sell-bitbank(3435.0), margin=5969, profit=-0.707
[INFO:2021-04-13 17:32:28,686] OPENING buy-liquid(3430.988), sell-bitbank(3434.001), margin=5918, profit=3.012
[INFO:2021-04-13 17:32:59,691] CLOSING buy-bitbank(3428.718), sell-liquid(3425.104), margin=-385, profit=-3.613
[INFO:2021-04-13 17:33:03,188] OPENING buy-liquid(3426.316), sell-bitbank(3428.505), margin=466, profit=2.189
[INFO:2021-04-13 17:35:03,042] CLOSING buy-bitbank(3427.492), sell-liquid(3421.47), margin=5685, profit=-6.023
[INFO:2021-04-13 17:35:09,604] OPENING buy-bitbank(3428.23), sell-liquid(3420.445), margin=481, profit=-7.785
[INFO:2021-04-13 17:35:34,889] CLOSING buy-liquid(3422.829), sell-bitbank(3424.146), margin=3301, profit=1.317
[INFO:2021-04-13 17:35:41,456] OPENING buy-liquid(3421.048), sell-bitbank(3421.416), margin=665, profit=0.367
[INFO:2021-04-13 17:36:09,426] CLOSING buy-bitbank(3423.124), sell-liquid(3420.626), margin=2576, profit=-2.499
[INFO:2021-04-13 17:36:12,960] OPENING buy-bitbank(3425.51), sell-liquid(3420.727), margin=3603, profit=-4.783
[INFO:2021-04-13 17:36:25,636] CLOSING buy-liquid(3423.124), sell-bitbank(3426.768), margin=812, profit=3.644
[INFO:2021-04-13 17:36:35,249] OPENING buy-bitbank(3428.696), sell-liquid(3425.507), margin=303, profit=-3.189
[INFO:2021-04-13 17:37:09,327] CLOSING buy-liquid(3425.988), sell-bitbank(3425.0), margin=6366, profit=-0.988
[INFO:2021-04-13 17:37:12,774] open threshold changed from 0 to 0
[INFO:2021-04-13 17:37:12,882] OPENING buy-liquid(3422.081), sell-bitbank(3425.0), margin=3753, profit=2.919
[INFO:2021-04-13 17:37:22,477] CLOSING buy-bitbank(3425.987), sell-liquid(3425.831), margin=1661, profit=-0.156
[INFO:2021-04-13 17:37:41,259] OPENING buy-bitbank(3426.249), sell-liquid(3422.811), margin=2454, profit=-3.438
[INFO:2021-04-13 17:38:30,091] keyboard interuption occured. stop trading bot...
[INFO:2021-04-13 17:38:30,092] =======================
[INFO:2021-04-13 17:38:30,092] === trading bot end ===
[INFO:2021-04-13 17:38:30,092] =======================
