[INFO:2020-04-03 09:27:14,563] =========================
[INFO:2020-04-03 09:27:14,563] === trading bot start ===
[INFO:2020-04-03 09:27:14,563] =========================
[INFO:2020-04-03 09:27:16,830] amount=0.006, open_threshold=2000, profit_margin_diff=1000
[INFO:2020-04-03 09:32:36,179] open threshold changed from 2000 to 1000
[INFO:2020-04-03 09:37:55,425] open threshold changed from 1000 to 1000
[INFO:2020-04-03 09:43:15,321] open threshold changed from 1000 to 1000
[INFO:2020-04-03 09:45:17,573] OPENING buy-liquid(4391.28), sell-coincheck(4397.76), margin=1040, profit=6.5
[INFO:2020-04-03 09:48:35,497] open threshold changed from 1000 to 1000
[INFO:2020-04-03 09:51:25,231] CLOSING buy-coincheck(4386.0), sell-liquid(4384.212), margin=44, profit=-1.8
[INFO:2020-04-03 09:53:56,895] open threshold changed from 1000 to 1000
[INFO:2020-04-03 09:59:17,824] open threshold changed from 1000 to 1000
[INFO:2020-04-03 10:02:24,187] OPENING buy-liquid(4365.33), sell-coincheck(4374.006), margin=1438, profit=8.7
[INFO:2020-04-03 10:02:29,133] CLOSING buy-coincheck(4370.0), sell-liquid(4367.574), margin=-218, profit=-2.4
[INFO:2020-04-03 10:04:41,759] open threshold changed from 1000 to 1000
[INFO:2020-04-03 10:10:02,012] open threshold changed from 1000 to 1000
[INFO:2020-04-03 10:15:22,508] open threshold changed from 1000 to 1000
[INFO:2020-04-03 10:20:42,231] open threshold changed from 1000 to 1000
[INFO:2020-04-03 10:26:03,784] open threshold changed from 1000 to 1000
[INFO:2020-04-03 10:31:28,497] open threshold changed from 1000 to 1000
[INFO:2020-04-03 10:36:51,996] open threshold changed from 1000 to 1000
[INFO:2020-04-03 10:42:14,709] open threshold changed from 1000 to 1000
[INFO:2020-04-03 10:47:37,651] open threshold changed from 1000 to 1000
[INFO:2020-04-03 10:53:02,233] open threshold changed from 1000 to 1000
[INFO:2020-04-03 10:58:25,812] open threshold changed from 1000 to 1000
[INFO:2020-04-03 11:03:49,766] open threshold changed from 1000 to 1000
[INFO:2020-04-03 11:09:13,422] open threshold changed from 1000 to 1000
[INFO:2020-04-03 11:14:38,118] open threshold changed from 1000 to 1000
[INFO:2020-04-03 11:20:01,290] open threshold changed from 1000 to 1000
[INFO:2020-04-03 11:25:24,217] open threshold changed from 1000 to 1000
[INFO:2020-04-03 11:30:48,083] open threshold changed from 1000 to 1000
[INFO:2020-04-03 11:36:10,271] open threshold changed from 1000 to 1000
[INFO:2020-04-03 11:41:30,909] open threshold changed from 1000 to 1000
[INFO:2020-04-03 11:46:50,972] open threshold changed from 1000 to 1000
[INFO:2020-04-03 11:52:11,986] open threshold changed from 1000 to 1000
[INFO:2020-04-03 11:57:34,005] open threshold changed from 1000 to 1000
[INFO:2020-04-03 12:02:56,040] open threshold changed from 1000 to 1000
[INFO:2020-04-03 12:08:15,994] open threshold changed from 1000 to 1000
[INFO:2020-04-03 12:13:35,105] open threshold changed from 1000 to 1000
[INFO:2020-04-03 12:18:55,924] open threshold changed from 1000 to 1000
[INFO:2020-04-03 12:24:16,915] open threshold changed from 1000 to 1000
[INFO:2020-04-03 12:26:46,737] OPENING buy-liquid(4401.114), sell-coincheck(4410.0), margin=1313, profit=8.9
[INFO:2020-04-03 12:26:49,281] CLOSING buy-coincheck(4404.0), sell-liquid(4401.432), margin=-250, profit=-2.6
[INFO:2020-04-03 12:29:39,012] open threshold changed from 1000 to 1000
[INFO:2020-04-03 12:35:02,462] open threshold changed from 1000 to 1000
[INFO:2020-04-03 12:38:05,652] OPENING buy-coincheck(4400.0), sell-liquid(4405.074), margin=1191, profit=5.1
[INFO:2020-04-03 12:38:26,794] CLOSING buy-liquid(4405.872), sell-coincheck(4404.756), margin=-187, profit=-1.1
[INFO:2020-04-03 12:40:23,985] open threshold changed from 1000 to 1000
[INFO:2020-04-03 12:45:44,497] open threshold changed from 1000 to 1000
[INFO:2020-04-03 12:51:05,209] open threshold changed from 1000 to 1000
[INFO:2020-04-03 12:56:25,892] open threshold changed from 1000 to 1000
[INFO:2020-04-03 13:01:47,280] open threshold changed from 1000 to 1000
[INFO:2020-04-03 13:07:06,694] open threshold changed from 1000 to 1000
[INFO:2020-04-03 13:12:27,286] open threshold changed from 1000 to 1000
[INFO:2020-04-03 13:13:16,830] OPENING buy-liquid(4390.224), sell-coincheck(4398.0), margin=1283, profit=7.8
[INFO:2020-04-03 13:13:28,849] CLOSING buy-coincheck(4391.0), sell-liquid(4388.664), margin=-126, profit=-2.3
[INFO:2020-04-03 13:17:52,822] open threshold changed from 1000 to 1000
[INFO:2020-04-03 13:23:13,127] open threshold changed from 1000 to 1000
[INFO:2020-04-03 13:28:33,471] open threshold changed from 1000 to 1000
[INFO:2020-04-03 13:33:53,651] open threshold changed from 1000 to 1000
[INFO:2020-04-03 13:39:14,044] open threshold changed from 1000 to 1000
[INFO:2020-04-03 13:44:34,866] open threshold changed from 1000 to 1000
[INFO:2020-04-03 13:49:57,296] open threshold changed from 1000 to 1000
[INFO:2020-04-03 13:55:18,237] open threshold changed from 1000 to 1000
[INFO:2020-04-03 14:00:38,882] open threshold changed from 1000 to 1000
[INFO:2020-04-03 14:05:59,170] open threshold changed from 1000 to 1000
[INFO:2020-04-03 14:11:18,978] open threshold changed from 1000 to 1000
[INFO:2020-04-03 14:16:39,240] open threshold changed from 1000 to 1000
[INFO:2020-04-03 14:22:00,456] open threshold changed from 1000 to 1000
[INFO:2020-04-03 14:27:21,808] open threshold changed from 1000 to 1000
[INFO:2020-04-03 14:32:42,729] open threshold changed from 1000 to 1000
[INFO:2020-04-03 14:38:03,282] open threshold changed from 1000 to 1000
[INFO:2020-04-03 14:43:25,388] open threshold changed from 1000 to 1000
[INFO:2020-04-03 14:48:47,009] open threshold changed from 1000 to 1000
[INFO:2020-04-03 14:54:10,057] open threshold changed from 1000 to 1000
[INFO:2020-04-03 14:59:31,055] open threshold changed from 1000 to 1000
[INFO:2020-04-03 15:04:51,257] open threshold changed from 1000 to 1000
[INFO:2020-04-03 15:10:12,170] open threshold changed from 1000 to 1000
[INFO:2020-04-03 15:15:32,819] open threshold changed from 1000 to 1000
[INFO:2020-04-03 15:20:55,045] open threshold changed from 1000 to 1000
[INFO:2020-04-03 15:26:19,229] open threshold changed from 1000 to 1000
[INFO:2020-04-03 15:32:56,644] open threshold changed from 1000 to 1000
[INFO:2020-04-03 15:38:35,395] open threshold changed from 1000 to 1000
[INFO:2020-04-03 15:44:01,644] open threshold changed from 1000 to 1000
[INFO:2020-04-03 15:49:24,813] open threshold changed from 1000 to 1000
[INFO:2020-04-03 15:54:47,347] open threshold changed from 1000 to 1000
[INFO:2020-04-03 16:00:09,222] open threshold changed from 1000 to 1000
[INFO:2020-04-03 16:05:30,888] open threshold changed from 1000 to 1000
[INFO:2020-04-03 16:10:51,753] open threshold changed from 1000 to 1000
[INFO:2020-04-03 16:16:12,369] open threshold changed from 1000 to 1000
[INFO:2020-04-03 16:17:22,667] OPENING buy-coincheck(4431.0), sell-liquid(4435.32), margin=1019, profit=4.3
[INFO:2020-04-03 16:17:26,612] CLOSING buy-liquid(4449.576), sell-coincheck(4441.614), margin=867, profit=-8.0
[INFO:2020-04-03 16:20:04,239] OPENING buy-liquid(4443.954), sell-coincheck(4450.812), margin=1206, profit=6.9
[INFO:2020-04-03 16:20:11,127] CLOSING buy-coincheck(4447.0), sell-liquid(4445.412), margin=101, profit=-1.6
[INFO:2020-04-03 16:21:35,868] OPENING buy-liquid(4446.774), sell-coincheck(4454.856), margin=1549, profit=8.1
[INFO:2020-04-03 16:21:38,559] open threshold changed from 1000 to 1000
[INFO:2020-04-03 16:21:39,742] CLOSING buy-coincheck(4452.0), sell-liquid(4447.368), margin=-455, profit=-4.6
[INFO:2020-04-03 16:25:33,200] OPENING buy-liquid(4439.028), sell-coincheck(4445.646), margin=1095, profit=6.6
[INFO:2020-04-03 16:25:52,310] CLOSING buy-coincheck(4443.0), sell-liquid(4442.052), margin=56, profit=-0.9
[INFO:2020-04-03 16:27:03,171] open threshold changed from 1000 to 1000
[INFO:2020-04-03 16:32:25,387] open threshold changed from 1000 to 1000
[INFO:2020-04-03 16:33:24,216] OPENING buy-coincheck(4474.0), sell-liquid(4483.146), margin=1792, profit=9.1
[INFO:2020-04-03 16:33:27,932] CLOSING buy-liquid(4485.516), sell-coincheck(4481.466), margin=-675, profit=-4.1
[INFO:2020-04-03 16:37:47,746] open threshold changed from 1000 to 1000
[INFO:2020-04-03 16:42:24,974] OPENING buy-liquid(4497.822), sell-coincheck(4501.83), margin=1164, profit=4.0
[INFO:2020-04-03 16:42:37,234] CLOSING buy-coincheck(4497.0), sell-liquid(4494.024), margin=44, profit=-3.0
[INFO:2020-04-03 16:43:11,591] open threshold changed from 1000 to 1000
[INFO:2020-04-03 16:45:14,306] OPENING buy-coincheck(4506.0), sell-liquid(4510.41), margin=1085, profit=4.4
[INFO:2020-04-03 16:45:43,998] CLOSING buy-liquid(4508.88), sell-coincheck(4511.4), margin=73, profit=2.5
[INFO:2020-04-03 16:48:33,837] open threshold changed from 1000 to 1000
[INFO:2020-04-03 16:50:34,908] OPENING buy-liquid(4491.858), sell-coincheck(4495.71), margin=1108, profit=3.9
[INFO:2020-04-03 16:51:05,367] CLOSING buy-coincheck(4489.0), sell-liquid(4487.106), margin=-51, profit=-1.9
[INFO:2020-04-03 16:53:55,958] open threshold changed from 1000 to 1000
[INFO:2020-04-03 16:58:09,193] OPENING buy-coincheck(4504.0), sell-liquid(4508.25), margin=1039, profit=4.2
[INFO:2020-04-03 16:59:17,589] open threshold changed from 1000 to 1000
[INFO:2020-04-03 16:59:50,628] CLOSING buy-liquid(4509.858), sell-coincheck(4510.602), margin=112, profit=0.7
[INFO:2020-04-03 17:02:25,506] OPENING buy-coincheck(4523.0), sell-liquid(4526.682), margin=1023, profit=3.7
[INFO:2020-04-03 17:02:42,686] CLOSING buy-liquid(4526.94), sell-coincheck(4526.946), margin=5, profit=0.0
[INFO:2020-04-03 17:03:25,112] OPENING buy-coincheck(4532.0), sell-liquid(4538.13), margin=1237, profit=6.1
[INFO:2020-04-03 17:03:40,230] CLOSING buy-liquid(4537.206), sell-coincheck(4537.296), margin=119, profit=0.1
[INFO:2020-04-03 17:04:43,187] open threshold changed from 1000 to 1000
[INFO:2020-04-03 17:04:51,915] OPENING buy-coincheck(4523.0), sell-liquid(4527.432), margin=1031, profit=4.4
[INFO:2020-04-03 17:05:49,071] CLOSING buy-liquid(4530.138), sell-coincheck(4530.0), margin=-23, profit=-0.1
[INFO:2020-04-03 17:10:06,900] open threshold changed from 1000 to 1000
[INFO:2020-04-03 17:15:28,038] open threshold changed from 1000 to 1000
[INFO:2020-04-03 17:20:06,547] OPENING buy-liquid(4473.852), sell-coincheck(4479.876), margin=1004, profit=6.0
[INFO:2020-04-03 17:20:19,107] CLOSING buy-coincheck(4474.0), sell-liquid(4474.038), margin=235, profit=0.0
[INFO:2020-04-03 17:20:50,622] open threshold changed from 1000 to 1000
[INFO:2020-04-03 17:26:12,632] open threshold changed from 1000 to 1000
[INFO:2020-04-03 17:31:35,856] open threshold changed from 1000 to 1000
[INFO:2020-04-03 17:37:00,232] open threshold changed from 1000 to 1000
[INFO:2020-04-03 17:42:21,877] open threshold changed from 1000 to 1000
[INFO:2020-04-03 17:47:42,614] open threshold changed from 1000 to 1000
[INFO:2020-04-03 17:53:04,310] open threshold changed from 1000 to 1000
[INFO:2020-04-03 17:55:51,504] OPENING buy-coincheck(4500.0), sell-liquid(4504.404), margin=1231, profit=4.4
[INFO:2020-04-03 17:56:28,108] CLOSING buy-liquid(4504.02), sell-coincheck(4504.656), margin=-168, profit=0.6
[INFO:2020-04-03 17:58:26,306] open threshold changed from 1000 to 1000
[INFO:2020-04-03 18:03:47,308] open threshold changed from 1000 to 1000
[INFO:2020-04-03 18:09:07,324] open threshold changed from 1000 to 1000
[INFO:2020-04-03 18:14:27,464] open threshold changed from 1000 to 1000
[INFO:2020-04-03 18:18:56,432] OPENING buy-liquid(4491.468), sell-coincheck(4497.606), margin=1052, profit=6.1
[INFO:2020-04-03 18:19:21,541] CLOSING buy-coincheck(4494.0), sell-liquid(4493.802), margin=366, profit=-0.2
[INFO:2020-04-03 18:19:48,232] open threshold changed from 1000 to 1000
[INFO:2020-04-03 18:25:09,964] open threshold changed from 1000 to 1000
[INFO:2020-04-03 18:30:32,367] open threshold changed from 1000 to 1000
[INFO:2020-04-03 18:35:55,351] open threshold changed from 1000 to 1000
[INFO:2020-04-03 18:41:18,083] open threshold changed from 1000 to 1000
[INFO:2020-04-03 18:44:36,377] OPENING buy-coincheck(4517.0), sell-liquid(4520.502), margin=1048, profit=3.5
[INFO:2020-04-03 18:45:54,492] CLOSING buy-liquid(4522.272), sell-coincheck(4522.014), margin=-38, profit=-0.3
[INFO:2020-04-03 18:46:39,596] open threshold changed from 1000 to 1000
[INFO:2020-04-03 18:52:00,198] open threshold changed from 1000 to 1000
[INFO:2020-04-03 18:55:16,330] OPENING buy-coincheck(4532.0), sell-liquid(4538.688), margin=1559, profit=6.7
[INFO:2020-04-03 18:55:30,888] CLOSING buy-liquid(4539.798), sell-coincheck(4537.362), margin=-388, profit=-2.4
[INFO:2020-04-03 18:56:35,157] OPENING buy-coincheck(4538.0), sell-liquid(4544.832), margin=1113, profit=6.8
[INFO:2020-04-03 18:57:09,072] CLOSING buy-liquid(4540.488), sell-coincheck(4540.89), margin=-11, profit=0.4
[INFO:2020-04-03 18:57:24,157] open threshold changed from 1000 to 1000
[INFO:2020-04-03 19:02:45,916] open threshold changed from 1000 to 1000
[INFO:2020-04-03 19:08:06,678] open threshold changed from 1000 to 1000
[INFO:2020-04-03 19:08:22,240] OPENING buy-liquid(4526.238), sell-coincheck(4532.778), margin=1425, profit=6.5
[INFO:2020-04-03 19:08:33,927] CLOSING buy-coincheck(4528.0), sell-liquid(4524.498), margin=122, profit=-3.5
[INFO:2020-04-03 19:08:48,184] OPENING buy-liquid(4518.924), sell-coincheck(4527.45), margin=1375, profit=8.5
[INFO:2020-04-03 19:08:49,952] CLOSING buy-coincheck(4520.0), sell-liquid(4514.49), margin=-122, profit=-5.5
[INFO:2020-04-03 19:08:55,958] OPENING buy-liquid(4512.174), sell-coincheck(4518.012), margin=1023, profit=5.8
[INFO:2020-04-03 19:09:00,566] CLOSING buy-coincheck(4515.0), sell-liquid(4516.47), margin=357, profit=1.5
[INFO:2020-04-03 19:09:04,561] OPENING buy-coincheck(4515.0), sell-liquid(4520.424), margin=1018, profit=5.4
[INFO:2020-04-03 19:09:08,503] CLOSING buy-liquid(4519.572), sell-coincheck(4519.662), margin=15, profit=0.1
[INFO:2020-04-03 19:10:43,530] OPENING buy-liquid(4509.804), sell-coincheck(4515.24), margin=1220, profit=5.4
[INFO:2020-04-03 19:10:58,009] CLOSING buy-coincheck(4513.0), sell-liquid(4511.61), margin=244, profit=-1.4
[INFO:2020-04-03 19:13:34,337] open threshold changed from 1000 to 1000
[INFO:2020-04-03 19:18:55,782] open threshold changed from 1000 to 1000
[INFO:2020-04-03 19:24:16,652] open threshold changed from 1000 to 1000
[INFO:2020-04-03 19:29:37,092] open threshold changed from 1000 to 1000
[INFO:2020-04-03 19:34:58,211] open threshold changed from 1000 to 1000
[INFO:2020-04-03 19:40:18,924] open threshold changed from 1000 to 1000
[INFO:2020-04-03 19:45:38,638] open threshold changed from 1000 to 1000
[INFO:2020-04-03 19:50:59,251] open threshold changed from 1000 to 1000
[INFO:2020-04-03 19:56:05,517] OPENING buy-coincheck(4557.0), sell-liquid(4571.478), margin=2346, profit=14.5
[INFO:2020-04-03 19:56:08,217] CLOSING buy-liquid(4584.246), sell-coincheck(4570.488), margin=-1268, profit=-13.8
[INFO:2020-04-03 19:56:09,822] OPENING buy-coincheck(4573.0), sell-liquid(4579.95), margin=1667, profit=6.9
[INFO:2020-04-03 19:56:11,659] CLOSING buy-liquid(4570.182), sell-coincheck(4570.488), margin=51, profit=0.3
[INFO:2020-04-03 19:56:22,747] open threshold changed from 1000 to 1000
[INFO:2020-04-03 19:56:34,741] OPENING buy-coincheck(4569.0), sell-liquid(4573.836), margin=1044, profit=4.8
[INFO:2020-04-03 19:56:56,815] CLOSING buy-liquid(4582.446), sell-coincheck(4585.554), margin=69, profit=3.1
[INFO:2020-04-03 19:57:56,063] OPENING buy-coincheck(4578.0), sell-liquid(4583.328), margin=1281, profit=5.3
[INFO:2020-04-03 19:58:00,034] CLOSING buy-liquid(4584.06), sell-coincheck(4582.392), margin=-279, profit=-1.7
[INFO:2020-04-03 20:01:45,570] open threshold changed from 1000 to 1000
[INFO:2020-04-03 20:02:23,090] OPENING buy-liquid(4576.26), sell-coincheck(4582.536), margin=1045, profit=6.3
[INFO:2020-04-03 20:03:09,332] CLOSING buy-coincheck(4538.0), sell-liquid(4539.12), margin=405, profit=1.1
[INFO:2020-04-03 20:03:12,181] OPENING buy-coincheck(4538.0), sell-liquid(4547.166), margin=1620, profit=9.2
[INFO:2020-04-03 20:03:33,317] CLOSING buy-liquid(4543.668), sell-coincheck(4540.08), margin=-441, profit=-3.6
[INFO:2020-04-03 20:05:37,483] OPENING buy-liquid(4536.516), sell-coincheck(4542.504), margin=1068, profit=6.0
[INFO:2020-04-03 20:05:56,019] CLOSING buy-coincheck(4538.0), sell-liquid(4535.742), margin=-35, profit=-2.3
[INFO:2020-04-03 20:07:09,418] open threshold changed from 1000 to 1000
[INFO:2020-04-03 20:12:29,641] open threshold changed from 1000 to 1000
[INFO:2020-04-03 20:17:50,743] open threshold changed from 1000 to 1000
[INFO:2020-04-03 20:20:46,799] OPENING buy-liquid(4542.438), sell-coincheck(4549.74), margin=1217, profit=7.3
[INFO:2020-04-03 20:22:04,174] CLOSING buy-coincheck(4539.0), sell-liquid(4536.408), margin=-197, profit=-2.6
[INFO:2020-04-03 20:23:12,428] open threshold changed from 1000 to 1000
[INFO:2020-04-03 20:28:33,168] open threshold changed from 1000 to 1000
[INFO:2020-04-03 20:33:55,394] open threshold changed from 1000 to 1000
[INFO:2020-04-03 20:39:15,814] open threshold changed from 1000 to 1000
[INFO:2020-04-03 20:44:37,913] open threshold changed from 1000 to 1000
[INFO:2020-04-03 20:50:00,211] open threshold changed from 1000 to 1000
[INFO:2020-04-03 20:52:16,134] OPENING buy-liquid(4559.91), sell-coincheck(4566.006), margin=1016, profit=6.1
[INFO:2020-04-03 20:54:14,368] CLOSING buy-coincheck(4565.0), sell-liquid(4567.302), margin=398, profit=2.3
[INFO:2020-04-03 20:55:23,092] open threshold changed from 1000 to 1000
[INFO:2020-04-03 21:00:38,362] OPENING buy-liquid(4558.302), sell-coincheck(4564.884), margin=1097, profit=6.6
[INFO:2020-04-03 21:00:44,976] open threshold changed from 1000 to 1000
[INFO:2020-04-03 21:01:04,484] CLOSING buy-coincheck(4544.0), sell-liquid(4541.154), margin=-96, profit=-2.8
[INFO:2020-04-03 21:01:36,435] OPENING buy-coincheck(4542.0), sell-liquid(4546.776), margin=1044, profit=4.8
[INFO:2020-04-03 21:02:18,161] CLOSING buy-liquid(4545.912), sell-coincheck(4545.966), margin=9, profit=0.1
[INFO:2020-04-03 21:05:37,946] OPENING buy-liquid(4549.89), sell-coincheck(4556.016), margin=1021, profit=6.1
[INFO:2020-04-03 21:06:08,373] open threshold changed from 1000 to 1000
[INFO:2020-04-03 21:10:23,346] CLOSING buy-coincheck(4561.0), sell-liquid(4560.96), margin=340, profit=-0.0
[INFO:2020-04-03 21:10:28,030] OPENING buy-coincheck(4561.0), sell-liquid(4571.166), margin=1807, profit=10.2
[INFO:2020-04-03 21:10:29,864] CLOSING buy-liquid(4572.744), sell-coincheck(4572.0), margin=-222, profit=-0.7
[INFO:2020-04-03 21:11:31,331] open threshold changed from 1000 to 1000
[INFO:2020-04-03 21:14:04,140] OPENING buy-liquid(4565.724), sell-coincheck(4572.0), margin=1014, profit=6.3
[INFO:2020-04-03 21:14:45,819] CLOSING buy-coincheck(4569.0), sell-liquid(4567.698), margin=0, profit=-1.3
[INFO:2020-04-03 21:16:54,856] open threshold changed from 1000 to 1000
[INFO:2020-04-03 21:22:15,510] open threshold changed from 1000 to 1000
[INFO:2020-04-03 21:26:42,681] OPENING buy-liquid(4556.31), sell-coincheck(4563.702), margin=1225, profit=7.4
[INFO:2020-04-03 21:27:38,010] open threshold changed from 1000 to 1000
[INFO:2020-04-03 21:28:13,421] CLOSING buy-coincheck(4553.0), sell-liquid(4549.626), margin=-51, profit=-3.4
[INFO:2020-04-03 21:30:03,644] OPENING buy-liquid(4552.92), sell-coincheck(4560.0), margin=1082, profit=7.1
[INFO:2020-04-03 21:30:25,093] CLOSING buy-coincheck(4551.0), sell-liquid(4551.846), margin=510, profit=0.8
[INFO:2020-04-03 21:30:32,199] OPENING buy-liquid(4548.882), sell-coincheck(4553.514), margin=1026, profit=4.6
[INFO:2020-04-03 21:33:02,667] open threshold changed from 1000 to 1000
[INFO:2020-04-03 21:34:00,646] CLOSING buy-coincheck(4559.0), sell-liquid(4557.21), margin=19, profit=-1.8
[INFO:2020-04-03 21:37:56,261] OPENING buy-liquid(4528.392), sell-coincheck(4539.588), margin=1299, profit=11.2
[INFO:2020-04-03 21:38:19,318] CLOSING buy-coincheck(4538.0), sell-liquid(4535.112), margin=-122, profit=-2.9
[INFO:2020-04-03 21:38:25,960] open threshold changed from 1000 to 1000
[INFO:2020-04-03 21:38:46,438] OPENING buy-liquid(4534.422), sell-coincheck(4540.956), margin=1088, profit=6.5
[INFO:2020-04-03 21:40:32,660] CLOSING buy-coincheck(4503.0), sell-liquid(4494.492), margin=228, profit=-8.5
[INFO:2020-04-03 21:41:29,186] OPENING buy-coincheck(4498.0), sell-liquid(4503.384), margin=1271, profit=5.4
[INFO:2020-04-03 21:42:01,428] CLOSING buy-liquid(4505.886), sell-coincheck(4505.532), margin=-13, profit=-0.4
[INFO:2020-04-03 21:43:53,471] open threshold changed from 1000 to 1000
[INFO:2020-04-03 21:47:26,119] OPENING buy-liquid(4474.32), sell-coincheck(4482.6), margin=1107, profit=8.3
[INFO:2020-04-03 21:47:37,330] CLOSING buy-coincheck(4480.0), sell-liquid(4478.7), margin=-15, profit=-1.3
[INFO:2020-04-03 21:47:38,871] OPENING buy-coincheck(4473.0), sell-liquid(4479.798), margin=1510, profit=6.8
[INFO:2020-04-03 21:47:48,244] CLOSING buy-liquid(4478.442), sell-coincheck(4476.648), margin=-299, profit=-1.8
[INFO:2020-04-03 21:49:16,316] open threshold changed from 1000 to 1000
[INFO:2020-04-03 21:54:36,868] open threshold changed from 1000 to 1000
[INFO:2020-04-03 21:59:57,411] open threshold changed from 1000 to 1000
[INFO:2020-04-03 22:03:43,099] OPENING buy-coincheck(4523.0), sell-liquid(4529.286), margin=1267, profit=6.3
[INFO:2020-04-03 22:03:46,806] CLOSING buy-liquid(4528.458), sell-coincheck(4528.986), margin=-50, profit=0.5
[INFO:2020-04-03 22:05:20,315] open threshold changed from 1000 to 1000
[INFO:2020-04-03 22:10:40,090] open threshold changed from 1000 to 1000
[INFO:2020-04-03 22:11:14,739] OPENING buy-liquid(4514.094), sell-coincheck(4520.19), margin=1012, profit=6.1
[INFO:2020-04-03 22:16:02,083] open threshold changed from 1000 to 1000
[INFO:2020-04-03 22:20:22,132] CLOSING buy-coincheck(4491.0), sell-liquid(4492.62), margin=390, profit=1.6
[INFO:2020-04-03 22:20:30,314] OPENING buy-coincheck(4502.0), sell-liquid(4506.558), margin=1093, profit=4.6
[INFO:2020-04-03 22:20:35,371] CLOSING buy-liquid(4502.052), sell-coincheck(4501.542), margin=49, profit=-0.5
[INFO:2020-04-03 22:21:24,767] open threshold changed from 1000 to 1000
[INFO:2020-04-03 22:24:27,430] OPENING buy-liquid(4489.932), sell-coincheck(4502.784), margin=1497, profit=12.9
[INFO:2020-04-03 22:24:30,022] CLOSING buy-coincheck(4491.0), sell-liquid(4489.29), margin=18, profit=-1.7
[INFO:2020-04-03 22:26:46,450] open threshold changed from 1000 to 1000
[INFO:2020-04-03 22:28:48,911] OPENING buy-liquid(4490.526), sell-coincheck(4497.348), margin=1138, profit=6.8
[INFO:2020-04-03 22:29:15,916] CLOSING buy-coincheck(4496.0), sell-liquid(4495.104), margin=163, profit=-0.9
[INFO:2020-04-03 22:30:39,179] OPENING buy-liquid(4493.484), sell-coincheck(4500.402), margin=1227, profit=6.9
[INFO:2020-04-03 22:31:01,044] CLOSING buy-coincheck(4497.0), sell-liquid(4495.014), margin=-168, profit=-2.0
[INFO:2020-04-03 22:32:09,765] open threshold changed from 1000 to 1000
[INFO:2020-04-03 22:37:30,518] open threshold changed from 1000 to 1000
[INFO:2020-04-03 22:42:51,375] open threshold changed from 1000 to 1000
[INFO:2020-04-03 22:48:12,371] open threshold changed from 1000 to 1000
[INFO:2020-04-03 22:53:33,245] open threshold changed from 1000 to 1000
[INFO:2020-04-03 22:58:54,082] open threshold changed from 1000 to 1000
[INFO:2020-04-03 22:59:46,497] OPENING buy-liquid(4464.912), sell-coincheck(4472.376), margin=1244, profit=7.5
[INFO:2020-04-03 22:59:49,444] CLOSING buy-coincheck(4461.0), sell-liquid(4451.73), margin=-198, profit=-9.3
[INFO:2020-04-03 22:59:50,935] OPENING buy-liquid(4451.322), sell-coincheck(4458.0), margin=1113, profit=6.7
[INFO:2020-04-03 22:59:55,159] CLOSING buy-coincheck(4461.0), sell-liquid(4462.98), margin=684, profit=2.0
[INFO:2020-04-03 23:00:37,265] OPENING buy-liquid(4440.318), sell-coincheck(4449.468), margin=1347, profit=9.1
[INFO:2020-04-03 23:00:49,323] CLOSING buy-coincheck(4454.0), sell-liquid(4450.806), margin=-209, profit=-3.2
[INFO:2020-04-03 23:04:33,936] open threshold changed from 1000 to 1000
[INFO:2020-04-03 23:09:58,237] open threshold changed from 1000 to 1000
[INFO:2020-04-03 23:15:20,409] open threshold changed from 1000 to 1000
[INFO:2020-04-03 23:20:41,542] open threshold changed from 1000 to 1000
[INFO:2020-04-03 23:22:13,594] OPENING buy-liquid(4443.042), sell-coincheck(4451.1), margin=1062, profit=8.1
[INFO:2020-04-03 23:22:19,622] CLOSING buy-coincheck(4440.0), sell-liquid(4439.7), margin=-2, profit=-0.3
[INFO:2020-04-03 23:26:04,055] open threshold changed from 1000 to 1000
[INFO:2020-04-03 23:31:24,672] open threshold changed from 1000 to 1000
[INFO:2020-04-03 23:31:26,033] OPENING buy-coincheck(4438.0), sell-liquid(4441.758), margin=1292, profit=3.8
[INFO:2020-04-03 23:31:27,573] CLOSING buy-liquid(4445.274), sell-coincheck(4442.112), margin=-252, profit=-3.2
[INFO:2020-04-03 23:36:46,977] open threshold changed from 1000 to 1000
[INFO:2020-04-03 23:38:05,166] OPENING buy-coincheck(4420.0), sell-liquid(4424.406), margin=1171, profit=4.4
[INFO:2020-04-03 23:38:28,026] CLOSING buy-liquid(4425.954), sell-coincheck(4425.684), margin=-120, profit=-0.3
[INFO:2020-04-03 23:39:13,090] OPENING buy-coincheck(4413.0), sell-liquid(4419.006), margin=1003, profit=6.0
[INFO:2020-04-03 23:42:10,412] open threshold changed from 1000 to 1000
[INFO:2020-04-03 23:42:36,255] CLOSING buy-liquid(4421.484), sell-coincheck(4421.67), margin=30, profit=0.2
[INFO:2020-04-03 23:43:16,974] OPENING buy-coincheck(4417.0), sell-liquid(4420.938), margin=1009, profit=3.9
[INFO:2020-04-03 23:44:05,386] CLOSING buy-liquid(4421.694), sell-coincheck(4422.45), margin=48, profit=0.8
[INFO:2020-04-03 23:45:05,896] OPENING buy-liquid(4402.044), sell-coincheck(4407.648), margin=1006, profit=5.6
[INFO:2020-04-03 23:45:12,712] CLOSING buy-coincheck(4406.0), sell-liquid(4404.822), margin=85, profit=-1.2
[INFO:2020-04-03 23:45:35,859] OPENING buy-coincheck(4394.0), sell-liquid(4398.012), margin=1022, profit=4.0
[INFO:2020-04-03 23:47:17,271] CLOSING buy-liquid(4417.326), sell-coincheck(4418.154), margin=345, profit=0.8
[INFO:2020-04-03 23:47:36,315] open threshold changed from 1000 to 1000
[INFO:2020-04-03 23:51:46,696] OPENING buy-coincheck(4418.0), sell-liquid(4423.362), margin=1124, profit=5.4
[INFO:2020-04-03 23:52:57,893] open threshold changed from 1000 to 1000
[INFO:2020-04-03 23:54:35,536] CLOSING buy-liquid(4426.992), sell-coincheck(4426.716), margin=-46, profit=-0.3
[INFO:2020-04-03 23:58:19,754] open threshold changed from 1000 to 1000
[INFO:2020-04-04 00:03:40,402] open threshold changed from 1000 to 1000
[INFO:2020-04-04 00:09:02,795] open threshold changed from 1000 to 1000
[INFO:2020-04-04 00:14:23,666] open threshold changed from 1000 to 1000
[INFO:2020-04-04 00:19:44,321] open threshold changed from 1000 to 1000
[INFO:2020-04-04 00:25:04,532] open threshold changed from 1000 to 1000
[INFO:2020-04-04 00:25:24,931] OPENING buy-liquid(4411.494), sell-coincheck(4417.896), margin=1402, profit=6.4
[INFO:2020-04-04 00:25:50,309] CLOSING buy-coincheck(4410.0), sell-liquid(4405.23), margin=-345, profit=-4.8
[INFO:2020-04-04 00:29:26,283] OPENING buy-liquid(4383.954), sell-coincheck(4403.352), margin=1399, profit=19.4
[INFO:2020-04-04 00:29:37,614] CLOSING buy-coincheck(4376.0), sell-liquid(4380.648), margin=542, profit=4.6
[INFO:2020-04-04 00:29:39,149] OPENING buy-coincheck(4376.0), sell-liquid(4388.184), margin=1997, profit=12.2
[INFO:2020-04-04 00:29:49,206] CLOSING buy-liquid(4384.284), sell-coincheck(4386.864), margin=430, profit=2.6
[INFO:2020-04-04 00:29:51,798] OPENING buy-liquid(4374.606), sell-coincheck(4386.864), margin=2034, profit=12.3
[INFO:2020-04-04 00:29:57,791] CLOSING buy-coincheck(4375.0), sell-liquid(4377.84), margin=896, profit=2.8
[INFO:2020-04-04 00:30:21,529] OPENING buy-coincheck(4376.0), sell-liquid(4379.298), margin=1013, profit=3.3
[INFO:2020-04-04 00:30:32,575] open threshold changed from 1000 to 1000
[INFO:2020-04-04 00:31:19,106] CLOSING buy-liquid(4383.69), sell-coincheck(4384.374), margin=93, profit=0.7
[INFO:2020-04-04 00:35:54,393] open threshold changed from 1000 to 1000
[INFO:2020-04-04 00:37:01,597] OPENING buy-liquid(4364.31), sell-coincheck(4373.016), margin=1461, profit=8.7
[INFO:2020-04-04 00:37:07,938] CLOSING buy-coincheck(4368.0), sell-liquid(4364.616), margin=-241, profit=-3.4
[INFO:2020-04-04 00:37:31,831] OPENING buy-coincheck(4367.0), sell-liquid(4372.266), margin=1065, profit=5.3
[INFO:2020-04-04 00:38:13,868] CLOSING buy-liquid(4372.458), sell-coincheck(4374.084), margin=271, profit=1.6
[INFO:2020-04-04 00:39:42,880] OPENING buy-liquid(4357.734), sell-coincheck(4365.57), margin=1004, profit=7.8
[INFO:2020-04-04 00:39:49,687] CLOSING buy-coincheck(4359.0), sell-liquid(4358.526), margin=184, profit=-0.5
[INFO:2020-04-04 00:39:51,152] OPENING buy-coincheck(4359.0), sell-liquid(4365.996), margin=1057, profit=7.0
[INFO:2020-04-04 00:39:59,193] CLOSING buy-liquid(4361.442), sell-coincheck(4362.534), margin=182, profit=1.1
[INFO:2020-04-04 00:41:21,691] open threshold changed from 1000 to 1000
[INFO:2020-04-04 00:46:41,985] open threshold changed from 1000 to 1000
[INFO:2020-04-04 00:51:15,386] OPENING buy-liquid(4375.368), sell-coincheck(4381.584), margin=1089, profit=6.2
[INFO:2020-04-04 00:51:51,136] CLOSING buy-coincheck(4378.0), sell-liquid(4376.232), margin=-40, profit=-1.8
[INFO:2020-04-04 00:52:03,207] open threshold changed from 1000 to 1000
[INFO:2020-04-04 00:57:23,704] open threshold changed from 1000 to 1000
[INFO:2020-04-04 01:02:44,547] open threshold changed from 1000 to 1000
[INFO:2020-04-04 01:06:46,015] OPENING buy-liquid(4344.174), sell-coincheck(4352.022), margin=1238, profit=7.8
[INFO:2020-04-04 01:06:49,670] CLOSING buy-coincheck(4351.0), sell-liquid(4348.626), margin=-151, profit=-2.4
[INFO:2020-04-04 01:06:52,219] OPENING buy-coincheck(4351.0), sell-liquid(4358.388), margin=1334, profit=7.4
[INFO:2020-04-04 01:06:57,953] CLOSING buy-liquid(4349.688), sell-coincheck(4349.1), margin=129, profit=-0.6
[INFO:2020-04-04 01:07:38,905] OPENING buy-liquid(4340.052), sell-coincheck(4348.08), margin=1020, profit=8.0
[INFO:2020-04-04 01:07:51,315] CLOSING buy-coincheck(4340.0), sell-liquid(4344.762), margin=700, profit=4.8
[INFO:2020-04-04 01:07:53,964] OPENING buy-coincheck(4340.0), sell-liquid(4345.176), margin=1319, profit=5.2
[INFO:2020-04-04 01:08:08,992] open threshold changed from 1000 to 1000
[INFO:2020-04-04 01:08:12,407] CLOSING buy-liquid(4338.534), sell-coincheck(4342.35), margin=95, profit=3.8
[INFO:2020-04-04 01:08:15,001] OPENING buy-liquid(4329.744), sell-coincheck(4342.35), margin=1378, profit=12.6
[INFO:2020-04-04 01:08:21,054] CLOSING buy-coincheck(4332.0), sell-liquid(4335.156), margin=1336, profit=3.2
[INFO:2020-04-04 01:08:22,697] OPENING buy-coincheck(4332.0), sell-liquid(4338.894), margin=1336, profit=6.9
[INFO:2020-04-04 01:08:31,632] CLOSING buy-liquid(4334.634), sell-coincheck(4336.158), margin=-61, profit=1.5
[INFO:2020-04-04 01:13:32,699] open threshold changed from 1000 to 1000
[INFO:2020-04-04 01:18:53,076] open threshold changed from 1000 to 1000
[INFO:2020-04-04 01:24:14,229] open threshold changed from 1000 to 1000
[INFO:2020-04-04 01:29:35,455] open threshold changed from 1000 to 1000
[INFO:2020-04-04 01:34:04,226] OPENING buy-coincheck(4355.0), sell-liquid(4357.722), margin=1049, profit=2.7
[INFO:2020-04-04 01:34:56,867] open threshold changed from 1000 to 1000
[INFO:2020-04-04 01:35:43,754] CLOSING buy-liquid(4355.208), sell-coincheck(4355.1), margin=-20, profit=-0.1
[INFO:2020-04-04 01:40:17,541] open threshold changed from 1000 to 1000
[INFO:2020-04-04 01:45:36,941] open threshold changed from 1000 to 1000
[INFO:2020-04-04 01:50:57,491] open threshold changed from 1000 to 1000
[INFO:2020-04-04 01:53:44,057] OPENING buy-coincheck(4364.0), sell-liquid(4370.46), margin=1341, profit=6.5
[INFO:2020-04-04 01:54:28,018] CLOSING buy-liquid(4393.476), sell-coincheck(4392.966), margin=-85, profit=-0.5
[INFO:2020-04-04 01:54:53,931] OPENING buy-coincheck(4399.0), sell-liquid(4404.78), margin=1198, profit=5.8
[INFO:2020-04-04 01:55:06,075] CLOSING buy-liquid(4403.244), sell-coincheck(4402.878), margin=-61, profit=-0.4
[INFO:2020-04-04 01:55:15,058] OPENING buy-liquid(4397.154), sell-coincheck(4403.4), margin=1041, profit=6.2
[INFO:2020-04-04 01:55:23,029] CLOSING buy-coincheck(4401.0), sell-liquid(4400.16), margin=75, profit=-0.8
[INFO:2020-04-04 01:56:20,929] open threshold changed from 1000 to 1000
[INFO:2020-04-04 01:57:26,212] OPENING buy-coincheck(4401.0), sell-liquid(4406.886), margin=1027, profit=5.9
[INFO:2020-04-04 01:57:51,472] CLOSING buy-liquid(4413.912), sell-coincheck(4415.67), margin=283, profit=1.8
[INFO:2020-04-04 01:59:54,317] OPENING buy-liquid(4405.788), sell-coincheck(4412.106), margin=1053, profit=6.3
[INFO:2020-04-04 02:00:06,694] CLOSING buy-coincheck(4410.0), sell-liquid(4409.04), margin=27, profit=-1.0
[INFO:2020-04-04 02:00:43,257] OPENING buy-coincheck(4420.0), sell-liquid(4424.934), margin=1069, profit=4.9
[INFO:2020-04-04 02:00:48,027] CLOSING buy-liquid(4425.708), sell-coincheck(4428.54), margin=399, profit=2.8
[INFO:2020-04-04 02:01:44,937] open threshold changed from 1000 to 1000
[INFO:2020-04-04 02:07:05,534] open threshold changed from 1000 to 1000
[INFO:2020-04-04 02:12:25,037] open threshold changed from 1000 to 1000
[INFO:2020-04-04 02:17:44,646] open threshold changed from 1000 to 1000
[INFO:2020-04-04 02:23:05,446] open threshold changed from 1000 to 1000
[INFO:2020-04-04 02:28:25,631] open threshold changed from 1000 to 1000
[INFO:2020-04-04 02:30:34,925] OPENING buy-liquid(4374.924), sell-coincheck(4381.2), margin=1130, profit=6.3
[INFO:2020-04-04 02:32:39,644] CLOSING buy-coincheck(4361.0), sell-liquid(4358.58), margin=-57, profit=-2.4
[INFO:2020-04-04 02:33:48,118] open threshold changed from 1000 to 1000
[INFO:2020-04-04 02:39:07,932] open threshold changed from 1000 to 1000
[INFO:2020-04-04 02:44:27,467] open threshold changed from 1000 to 1000
[INFO:2020-04-04 02:49:47,160] open threshold changed from 1000 to 1000
[INFO:2020-04-04 02:55:07,023] open threshold changed from 1000 to 1000
[INFO:2020-04-04 03:00:27,169] open threshold changed from 1000 to 1000
[INFO:2020-04-04 03:05:16,335] OPENING buy-liquid(4369.482), sell-coincheck(4378.176), margin=1074, profit=8.7
[INFO:2020-04-04 03:05:19,981] CLOSING buy-coincheck(4368.0), sell-liquid(4367.496), margin=413, profit=-0.5
[INFO:2020-04-04 03:05:35,294] OPENING buy-liquid(4358.406), sell-coincheck(4364.49), margin=1014, profit=6.1
[INFO:2020-04-04 03:05:48,212] open threshold changed from 1000 to 1000
[INFO:2020-04-04 03:05:49,492] CLOSING buy-coincheck(4363.0), sell-liquid(4362.162), margin=111, profit=-0.8
[INFO:2020-04-04 03:11:08,112] open threshold changed from 1000 to 1000
[INFO:2020-04-04 03:16:27,980] open threshold changed from 1000 to 1000
[INFO:2020-04-04 03:21:48,671] open threshold changed from 1000 to 1000
[INFO:2020-04-04 03:27:08,865] open threshold changed from 1000 to 1000
[INFO:2020-04-04 03:29:49,947] OPENING buy-coincheck(4377.0), sell-liquid(4379.508), margin=1022, profit=2.5
[INFO:2020-04-04 03:31:23,077] CLOSING buy-liquid(4390.548), sell-coincheck(4391.562), margin=169, profit=1.0
[INFO:2020-04-04 03:32:29,158] open threshold changed from 1000 to 1000
[INFO:2020-04-04 03:37:06,095] OPENING buy-liquid(4370.994), sell-coincheck(4377.078), margin=1017, profit=6.1
[INFO:2020-04-04 03:37:07,559] CLOSING buy-coincheck(4372.0), sell-liquid(4372.128), margin=213, profit=0.1
[INFO:2020-04-04 03:37:50,097] open threshold changed from 1000 to 1000
[INFO:2020-04-04 03:43:08,935] open threshold changed from 1000 to 1000
[INFO:2020-04-04 03:48:28,240] open threshold changed from 1000 to 1000
[INFO:2020-04-04 03:53:48,182] open threshold changed from 1000 to 1000
[INFO:2020-04-04 03:59:07,504] open threshold changed from 1000 to 1000
[INFO:2020-04-04 04:00:31,111] OPENING buy-coincheck(4396.0), sell-liquid(4402.452), margin=1062, profit=6.5
[INFO:2020-04-04 04:02:11,358] CLOSING buy-liquid(4411.518), sell-coincheck(4409.928), margin=-30, profit=-1.6
[INFO:2020-04-04 04:04:29,565] open threshold changed from 1000 to 1000
[INFO:2020-04-04 04:09:50,230] open threshold changed from 1000 to 1000
[INFO:2020-04-04 04:15:09,504] open threshold changed from 1000 to 1000
[INFO:2020-04-04 04:20:28,918] open threshold changed from 1000 to 1000
[INFO:2020-04-04 04:25:48,955] open threshold changed from 1000 to 1000
[INFO:2020-04-04 04:31:08,110] open threshold changed from 1000 to 1000
[INFO:2020-04-04 04:36:26,488] open threshold changed from 1000 to 1000
[INFO:2020-04-04 04:41:46,566] open threshold changed from 1000 to 1000
[INFO:2020-04-04 04:47:05,732] open threshold changed from 1000 to 1000
[INFO:2020-04-04 04:52:26,016] open threshold changed from 1000 to 1000
[INFO:2020-04-04 04:57:46,089] open threshold changed from 1000 to 1000
[INFO:2020-04-04 05:03:06,891] open threshold changed from 1000 to 1000
[INFO:2020-04-04 05:04:14,835] OPENING buy-coincheck(4421.0), sell-liquid(4425.576), margin=1078, profit=4.6
[INFO:2020-04-04 05:04:19,539] CLOSING buy-liquid(4423.824), sell-coincheck(4425.042), margin=170, profit=1.2
[INFO:2020-04-04 05:08:28,299] open threshold changed from 1000 to 1000
[INFO:2020-04-04 05:13:48,027] open threshold changed from 1000 to 1000
[INFO:2020-04-04 05:15:26,839] OPENING buy-liquid(4410.204), sell-coincheck(4419.132), margin=1175, profit=8.9
[INFO:2020-04-04 05:15:40,202] CLOSING buy-coincheck(4415.0), sell-liquid(4412.454), margin=60, profit=-2.5
[INFO:2020-04-04 05:19:08,904] open threshold changed from 1000 to 1000
[INFO:2020-04-04 05:24:28,805] open threshold changed from 1000 to 1000
[INFO:2020-04-04 05:29:48,102] open threshold changed from 1000 to 1000
[INFO:2020-04-04 05:35:07,440] open threshold changed from 1000 to 1000
[INFO:2020-04-04 05:40:26,578] open threshold changed from 1000 to 1000
[INFO:2020-04-04 05:45:45,244] open threshold changed from 1000 to 1000
[INFO:2020-04-04 05:49:03,082] OPENING buy-liquid(4390.092), sell-coincheck(4397.364), margin=1516, profit=7.3
[INFO:2020-04-04 05:49:06,691] CLOSING buy-coincheck(4394.0), sell-liquid(4393.02), margin=-138, profit=-1.0
[INFO:2020-04-04 05:50:44,239] OPENING buy-liquid(4371.102), sell-coincheck(4381.806), margin=1881, profit=10.7
[INFO:2020-04-04 05:50:46,951] CLOSING buy-coincheck(4374.0), sell-liquid(4372.386), margin=21, profit=-1.6
[INFO:2020-04-04 05:51:05,145] open threshold changed from 1000 to 1000
[INFO:2020-04-04 05:56:25,540] open threshold changed from 1000 to 1000
[INFO:2020-04-04 06:01:45,217] open threshold changed from 1000 to 1000
[INFO:2020-04-04 06:02:15,443] OPENING buy-coincheck(4354.0), sell-liquid(4361.328), margin=1198, profit=7.3
[INFO:2020-04-04 06:03:29,845] CLOSING buy-liquid(4380.264), sell-coincheck(4380.096), margin=-151, profit=-0.2
[INFO:2020-04-04 06:07:06,079] open threshold changed from 1000 to 1000
[INFO:2020-04-04 06:12:24,940] open threshold changed from 1000 to 1000
[INFO:2020-04-04 06:17:44,264] open threshold changed from 1000 to 1000
[INFO:2020-04-04 06:23:04,728] open threshold changed from 1000 to 1000
[INFO:2020-04-04 06:28:24,250] open threshold changed from 1000 to 1000
[INFO:2020-04-04 06:33:45,065] open threshold changed from 1000 to 1000
[INFO:2020-04-04 06:36:16,116] OPENING buy-coincheck(4394.0), sell-liquid(4398.576), margin=1127, profit=4.6
[INFO:2020-04-04 06:36:22,972] CLOSING buy-liquid(4398.45), sell-coincheck(4398.096), margin=-59, profit=-0.4
[INFO:2020-04-04 06:39:05,450] open threshold changed from 1000 to 1000
[INFO:2020-04-04 06:44:25,035] open threshold changed from 1000 to 1000
[INFO:2020-04-04 06:49:44,297] open threshold changed from 1000 to 1000
[INFO:2020-04-04 06:55:00,178] liquid is currently daily server maintenance...(6:55-7:05)
[INFO:2020-04-04 07:05:04,075] open threshold changed from 1000 to 1000
[INFO:2020-04-04 07:10:23,900] open threshold changed from 1000 to 1000
[INFO:2020-04-04 07:12:34,839] keyboard interuption occured. stop trading bot...
[INFO:2020-04-04 07:12:34,839] =======================
[INFO:2020-04-04 07:12:34,840] === trading bot end ===
[INFO:2020-04-04 07:12:34,840] =======================
