[INFO:2021-04-22 06:50:53,235] =========================
[INFO:2021-04-22 06:50:53,236] === trading bot start ===
[INFO:2021-04-22 06:50:53,236] =========================
[INFO:2021-04-22 06:50:57,352] amount=0.0006, open_threshold=3000, profit_margin_diff=3000, tick_inverval_sec=1.0
[INFO:2021-04-22 06:55:00,152] liquid is currently daily server maintenance...(6:55-7:05)
[INFO:2021-04-22 07:05:01,963] OPENING buy-liquid(3560.249), sell-bitbank(3561.899), margin=3181, profit=1.65
[INFO:2021-04-22 07:06:11,186] open threshold changed from 3000 to 3000
[INFO:2021-04-22 07:06:39,290] CLOSING buy-bitbank(3561.381), sell-liquid(3561.353), margin=793, profit=-0.028
[INFO:2021-04-22 07:07:25,744] OPENING buy-bitbank(3564.352), sell-liquid(3562.098), margin=3499, profit=-2.254
[INFO:2021-04-22 07:07:32,635] CLOSING buy-liquid(3563.249), sell-bitbank(3565.158), margin=1313, profit=1.909
[INFO:2021-04-22 07:08:02,637] OPENING buy-liquid(3565.202), sell-bitbank(3567.227), margin=4794, profit=2.024
[INFO:2021-04-22 07:11:28,006] open threshold changed from 3000 to 6294
[INFO:2021-04-22 07:15:38,084] CLOSING buy-bitbank(3562.055), sell-liquid(3559.628), margin=-3170, profit=-2.427
[INFO:2021-04-22 07:16:44,322] open threshold changed from 6315 to 4248
[INFO:2021-04-22 07:16:47,599] OPENING buy-liquid(3565.499), sell-bitbank(3567.746), margin=4498, profit=2.246
[INFO:2021-04-22 07:18:44,764] CLOSING buy-bitbank(3569.306), sell-liquid(3567.001), margin=-1029, profit=-2.306
[INFO:2021-04-22 07:20:57,697] OPENING buy-liquid(3570.725), sell-bitbank(3573.002), margin=4245, profit=2.276
[INFO:2021-04-22 07:22:02,036] open threshold changed from 4239 to 5176
[INFO:2021-04-22 07:27:15,723] open threshold changed from 5182 to 8798
[INFO:2021-04-22 07:28:34,078] CLOSING buy-bitbank(3542.844), sell-liquid(3535.822), margin=-2132, profit=-7.022
[INFO:2021-04-22 07:29:08,921] OPENING buy-liquid(3540.383), sell-bitbank(3544.043), margin=10508, profit=3.66
[INFO:2021-04-22 07:29:17,783] CLOSING buy-bitbank(3538.079), sell-liquid(3540.036), margin=-6358, profit=1.957
[INFO:2021-04-22 07:29:19,503] OPENING buy-liquid(3539.999), sell-bitbank(3540.958), margin=10346, profit=0.959
[INFO:2021-04-22 07:29:28,267] CLOSING buy-bitbank(3536.984), sell-liquid(3537.178), margin=-6622, profit=0.194
[INFO:2021-04-22 07:30:00,942] OPENING buy-liquid(3536.878), sell-bitbank(3540.181), margin=9901, profit=3.304
[INFO:2021-04-22 07:30:11,027] CLOSING buy-bitbank(3538.407), sell-liquid(3533.381), margin=-4001, profit=-5.026
[INFO:2021-04-22 07:31:39,834] OPENING buy-liquid(3538.852), sell-bitbank(3542.599), margin=9731, profit=3.747
[INFO:2021-04-22 07:32:03,174] CLOSING buy-bitbank(3536.843), sell-liquid(3535.228), margin=-6692, profit=-1.615
[INFO:2021-04-22 07:32:34,773] open threshold changed from 8800 to 7483
[INFO:2021-04-22 07:32:48,533] OPENING buy-liquid(3535.817), sell-bitbank(3539.875), margin=8234, profit=4.058
[INFO:2021-04-22 07:34:12,154] CLOSING buy-bitbank(3533.285), sell-liquid(3530.221), margin=-4681, profit=-3.064
[INFO:2021-04-22 07:37:15,649] OPENING buy-liquid(3536.192), sell-bitbank(3537.927), margin=8011, profit=1.735
[INFO:2021-04-22 07:37:50,434] open threshold changed from 7471 to 4252
[INFO:2021-04-22 07:39:00,562] CLOSING buy-bitbank(3518.158), sell-liquid(3516.715), margin=-3408, profit=-1.442
[INFO:2021-04-22 07:39:04,493] OPENING buy-liquid(3515.171), sell-bitbank(3519.599), margin=5041, profit=4.428
[INFO:2021-04-22 07:40:04,685] CLOSING buy-bitbank(3517.037), sell-liquid(3510.527), margin=-935, profit=-6.511
[INFO:2021-04-22 07:40:14,864] OPENING buy-liquid(3513.749), sell-bitbank(3517.604), margin=5582, profit=3.855
[INFO:2021-04-22 07:41:17,599] CLOSING buy-bitbank(3507.823), sell-liquid(3507.527), margin=-1725, profit=-0.296
[INFO:2021-04-22 07:41:25,650] OPENING buy-liquid(3507.163), sell-bitbank(3509.096), margin=4832, profit=1.933
[INFO:2021-04-22 07:42:55,500] CLOSING buy-bitbank(3504.579), sell-liquid(3505.064), margin=806, profit=0.485
[INFO:2021-04-22 07:43:07,210] open threshold changed from 4268 to 5590
[INFO:2021-04-22 07:43:46,022] OPENING buy-liquid(3515.421), sell-bitbank(3517.432), margin=6659, profit=2.011
[INFO:2021-04-22 07:44:51,516] CLOSING buy-bitbank(3508.501), sell-liquid(3508.522), margin=-2509, profit=0.02
[INFO:2021-04-22 07:45:05,796] OPENING buy-liquid(3505.833), sell-bitbank(3510.631), margin=6172, profit=4.798
[INFO:2021-04-22 07:45:59,230] CLOSING buy-bitbank(3502.516), sell-liquid(3499.05), margin=-2622, profit=-3.466
[INFO:2021-04-22 07:46:08,223] OPENING buy-liquid(3498.964), sell-bitbank(3501.6), margin=5732, profit=2.636
[INFO:2021-04-22 07:46:27,546] CLOSING buy-bitbank(3498.438), sell-liquid(3496.046), margin=-1211, profit=-2.392
[INFO:2021-04-22 07:46:52,022] OPENING buy-liquid(3496.685), sell-bitbank(3503.515), margin=7223, profit=6.83
[INFO:2021-04-22 07:47:04,326] CLOSING buy-bitbank(3497.764), sell-liquid(3499.77), margin=-2179, profit=2.006
[INFO:2021-04-22 07:48:15,171] OPENING buy-liquid(3513.88), sell-bitbank(3513.004), margin=6487, profit=-0.876
[INFO:2021-04-22 07:48:27,010] open threshold changed from 5534 to 3000
[INFO:2021-04-22 07:48:35,417] CLOSING buy-bitbank(3508.953), sell-liquid(3504.751), margin=-1692, profit=-4.202
[INFO:2021-04-22 07:48:53,022] OPENING buy-bitbank(3513.967), sell-liquid(3508.488), margin=3770, profit=-5.479
[INFO:2021-04-22 07:48:55,030] CLOSING buy-liquid(3506.483), sell-bitbank(3513.461), margin=-493, profit=6.978
[INFO:2021-04-22 07:49:02,833] OPENING buy-liquid(3515.857), sell-bitbank(3518.945), margin=4269, profit=3.089
[INFO:2021-04-22 07:49:59,132] CLOSING buy-bitbank(3521.264), sell-liquid(3517.694), margin=-1236, profit=-3.569
[INFO:2021-04-22 07:50:04,066] OPENING buy-liquid(3520.489), sell-bitbank(3523.737), margin=4272, profit=3.248
[INFO:2021-04-22 07:53:46,876] open threshold changed from 3000 to 8130
[INFO:2021-04-22 07:54:15,485] CLOSING buy-bitbank(3506.549), sell-liquid(3504.751), margin=-3722, profit=-1.799
[INFO:2021-04-22 07:57:18,733] OPENING buy-liquid(3513.928), sell-bitbank(3515.875), margin=8124, profit=1.946
[INFO:2021-04-22 07:58:08,557] CLOSING buy-bitbank(3507.531), sell-liquid(3506.537), margin=-4770, profit=-0.994
[INFO:2021-04-22 07:58:27,155] OPENING buy-liquid(3507.598), sell-bitbank(3511.831), margin=8996, profit=4.234
[INFO:2021-04-22 07:58:32,875] CLOSING buy-bitbank(3507.35), sell-liquid(3507.421), margin=-5240, profit=0.071
[INFO:2021-04-22 07:59:03,697] open threshold changed from 8111 to 5140
[INFO:2021-04-22 07:59:53,277] OPENING buy-liquid(3509.171), sell-bitbank(3511.732), margin=5385, profit=2.561
[INFO:2021-04-22 08:01:09,825] CLOSING buy-bitbank(3503.62), sell-liquid(3500.251), margin=-1743, profit=-3.37
[INFO:2021-04-22 08:01:47,698] OPENING buy-liquid(3504.808), sell-bitbank(3508.961), margin=5567, profit=4.153
[INFO:2021-04-22 08:01:51,572] CLOSING buy-bitbank(3508.336), sell-liquid(3505.91), margin=-2021, profit=-2.426
[INFO:2021-04-22 08:02:21,451] OPENING buy-liquid(3512.249), sell-bitbank(3518.32), margin=5266, profit=6.071
[INFO:2021-04-22 08:02:54,738] CLOSING buy-bitbank(3517.748), sell-liquid(3516.001), margin=-1212, profit=-1.748
[INFO:2021-04-22 08:03:05,094] OPENING buy-liquid(3515.999), sell-bitbank(3521.7), margin=5242, profit=5.701
[INFO:2021-04-22 08:04:24,742] open threshold changed from 5128 to 5223
[INFO:2021-04-22 08:07:31,543] CLOSING buy-bitbank(3503.443), sell-liquid(3500.971), margin=-1489, profit=-2.472
[INFO:2021-04-22 08:07:34,416] OPENING buy-liquid(3501.046), sell-bitbank(3505.522), margin=5471, profit=4.475
[INFO:2021-04-22 08:09:39,822] open threshold changed from 5286 to 8173
[INFO:2021-04-22 08:10:11,649] CLOSING buy-bitbank(3495.332), sell-liquid(3492.405), margin=-5062, profit=-2.927
[INFO:2021-04-22 08:10:27,767] OPENING buy-liquid(3492.338), sell-bitbank(3498.035), margin=9228, profit=5.697
[INFO:2021-04-22 08:12:06,548] CLOSING buy-bitbank(3486.539), sell-liquid(3482.414), margin=-3651, profit=-4.124
[INFO:2021-04-22 08:12:19,844] OPENING buy-liquid(3481.461), sell-bitbank(3494.399), margin=9541, profit=12.938
[INFO:2021-04-22 08:12:38,258] CLOSING buy-bitbank(3486.808), sell-liquid(3483.751), margin=-6238, profit=-3.058
[INFO:2021-04-22 08:13:06,006] OPENING buy-liquid(3489.47), sell-bitbank(3493.732), margin=9144, profit=4.262
[INFO:2021-04-22 08:14:13,245] CLOSING buy-bitbank(3486.107), sell-liquid(3486.103), margin=-5909, profit=-0.004
[INFO:2021-04-22 08:14:57,474] open threshold changed from 8187 to 5415
[INFO:2021-04-22 08:15:05,050] OPENING buy-liquid(3492.118), sell-bitbank(3498.0), margin=5636, profit=5.882
[INFO:2021-04-22 08:18:17,240] CLOSING buy-bitbank(3485.249), sell-liquid(3482.288), margin=-2085, profit=-2.961
[INFO:2021-04-22 08:20:08,145] OPENING buy-liquid(3498.749), sell-bitbank(3499.204), margin=6804, profit=0.455
[INFO:2021-04-22 08:20:13,669] open threshold changed from 5311 to 3000
[INFO:2021-04-22 08:20:48,605] CLOSING buy-bitbank(3489.041), sell-liquid(3488.638), margin=-2826, profit=-0.403
[INFO:2021-04-22 08:21:04,441] OPENING buy-liquid(3490.806), sell-bitbank(3492.648), margin=3070, profit=1.842
[INFO:2021-04-22 08:21:24,173] CLOSING buy-bitbank(3490.522), sell-liquid(3490.82), margin=965, profit=0.298
[INFO:2021-04-22 08:22:50,472] OPENING buy-liquid(3504.642), sell-bitbank(3504.137), margin=3639, profit=-0.505
[INFO:2021-04-22 08:23:21,910] CLOSING buy-bitbank(3502.217), sell-liquid(3500.844), margin=1080, profit=-1.373
[INFO:2021-04-22 08:24:37,319] OPENING buy-liquid(3507.737), sell-bitbank(3508.799), margin=3157, profit=1.063
[INFO:2021-04-22 08:24:54,712] CLOSING buy-bitbank(3508.906), sell-liquid(3507.272), margin=542, profit=-1.634
[INFO:2021-04-22 08:25:16,500] OPENING buy-liquid(3508.93), sell-bitbank(3509.997), margin=3234, profit=1.067
[INFO:2021-04-22 08:25:33,794] CLOSING buy-bitbank(3504.24), sell-liquid(3508.909), margin=29, profit=4.669
[INFO:2021-04-22 08:25:36,351] open threshold changed from 3000 to 3000
[INFO:2021-04-22 08:26:16,930] OPENING buy-liquid(3504.749), sell-bitbank(3504.288), margin=5573, profit=-0.461
[INFO:2021-04-22 08:26:34,557] CLOSING buy-bitbank(3503.059), sell-liquid(3503.251), margin=-1471, profit=0.192
[INFO:2021-04-22 08:26:39,433] OPENING buy-liquid(3502.678), sell-bitbank(3504.003), margin=3496, profit=1.325
[INFO:2021-04-22 08:27:13,740] CLOSING buy-bitbank(3504.005), sell-liquid(3499.537), margin=462, profit=-4.468
[INFO:2021-04-22 08:27:39,659] OPENING buy-liquid(3503.212), sell-bitbank(3506.055), margin=4818, profit=2.843
[INFO:2021-04-22 08:27:52,273] CLOSING buy-bitbank(3504.169), sell-liquid(3504.227), margin=83, profit=0.058
[INFO:2021-04-22 08:28:01,382] OPENING buy-liquid(3503.377), sell-bitbank(3504.913), margin=3104, profit=1.535
[INFO:2021-04-22 08:30:14,432] CLOSING buy-bitbank(3502.258), sell-liquid(3499.402), margin=86, profit=-2.855
[INFO:2021-04-22 08:30:57,562] open threshold changed from 3000 to 3000
[INFO:2021-04-22 08:31:02,057] OPENING buy-bitbank(3507.758), sell-liquid(3506.887), margin=3676, profit=-0.871
[INFO:2021-04-22 08:31:18,258] CLOSING buy-liquid(3509.048), sell-bitbank(3513.059), margin=415, profit=4.012
[INFO:2021-04-22 08:31:33,283] OPENING buy-liquid(3515.999), sell-bitbank(3515.999), margin=3869, profit=0.0
[INFO:2021-04-22 08:31:51,586] CLOSING buy-bitbank(3515.249), sell-liquid(3515.9), margin=981, profit=0.651
[INFO:2021-04-22 08:32:19,406] OPENING buy-liquid(3515.651), sell-bitbank(3515.999), margin=3981, profit=0.348
[INFO:2021-04-22 08:32:27,162] CLOSING buy-bitbank(3515.676), sell-liquid(3513.843), margin=-326, profit=-1.833
[INFO:2021-04-22 08:33:15,183] OPENING buy-liquid(3515.249), sell-bitbank(3517.135), margin=4983, profit=1.885
[INFO:2021-04-22 08:33:35,791] CLOSING buy-bitbank(3516.23), sell-liquid(3513.919), margin=-791, profit=-2.311
[INFO:2021-04-22 08:34:05,986] OPENING buy-liquid(3516.324), sell-bitbank(3519.144), margin=3702, profit=2.82
[INFO:2021-04-22 08:35:16,047] CLOSING buy-bitbank(3517.976), sell-liquid(3516.799), margin=58, profit=-1.177
[INFO:2021-04-22 08:35:50,881] OPENING buy-liquid(3517.894), sell-bitbank(3520.344), margin=3423, profit=2.45
[INFO:2021-04-22 08:36:23,053] open threshold changed from 3000 to 3000
[INFO:2021-04-22 08:37:37,867] CLOSING buy-bitbank(3516.314), sell-liquid(3513.802), margin=-219, profit=-2.512
[INFO:2021-04-22 08:38:38,656] OPENING buy-liquid(3518.907), sell-bitbank(3519.424), margin=5155, profit=0.517
[INFO:2021-04-22 08:38:44,620] CLOSING buy-bitbank(3518.238), sell-liquid(3517.166), margin=-176, profit=-1.072
[INFO:2021-04-22 08:38:57,263] OPENING buy-liquid(3518.954), sell-bitbank(3520.133), margin=3702, profit=1.179
[INFO:2021-04-22 08:41:19,903] CLOSING buy-bitbank(3520.581), sell-liquid(3517.502), margin=-350, profit=-3.079
[INFO:2021-04-22 08:41:33,457] OPENING buy-liquid(3521.137), sell-bitbank(3521.399), margin=3343, profit=0.263
[INFO:2021-04-22 08:41:45,669] open threshold changed from 3000 to 3000
[INFO:2021-04-22 08:42:22,824] CLOSING buy-bitbank(3521.245), sell-liquid(3521.918), margin=877, profit=0.673
[INFO:2021-04-22 08:42:55,796] OPENING buy-liquid(3524.044), sell-bitbank(3525.004), margin=3794, profit=0.959
[INFO:2021-04-22 08:44:56,586] CLOSING buy-bitbank(3523.62), sell-liquid(3521.361), margin=-429, profit=-2.259
[INFO:2021-04-22 08:45:12,867] OPENING buy-liquid(3524.006), sell-bitbank(3523.804), margin=4044, profit=-0.202
[INFO:2021-04-22 08:47:10,099] open threshold changed from 3000 to 3625
[INFO:2021-04-22 08:47:48,829] CLOSING buy-bitbank(3518.612), sell-liquid(3516.751), margin=172, profit=-1.862
[INFO:2021-04-22 08:49:44,495] OPENING buy-liquid(3516.667), sell-bitbank(3518.509), margin=4666, profit=1.841
[INFO:2021-04-22 08:50:29,702] CLOSING buy-bitbank(3513.748), sell-liquid(3512.827), margin=48, profit=-0.921
[INFO:2021-04-22 08:51:10,471] OPENING buy-liquid(3514.091), sell-bitbank(3513.721), margin=4135, profit=-0.371
[INFO:2021-04-22 08:51:29,312] CLOSING buy-bitbank(3513.579), sell-liquid(3513.51), margin=960, profit=-0.069
[INFO:2021-04-22 08:52:08,997] OPENING buy-liquid(3514.22), sell-bitbank(3514.794), margin=3763, profit=0.574
[INFO:2021-04-22 08:52:19,346] CLOSING buy-bitbank(3512.27), sell-liquid(3514.573), margin=-722, profit=2.303
[INFO:2021-04-22 08:52:35,736] open threshold changed from 3596 to 3000
[INFO:2021-04-22 08:52:47,705] OPENING buy-liquid(3513.829), sell-bitbank(3513.103), margin=3476, profit=-0.726
[INFO:2021-04-22 08:54:03,582] CLOSING buy-bitbank(3502.567), sell-liquid(3504.001), margin=-457, profit=1.433
[INFO:2021-04-22 08:54:10,554] OPENING buy-liquid(3504.532), sell-bitbank(3502.52), margin=3113, profit=-2.011
[INFO:2021-04-22 08:55:25,962] CLOSING buy-bitbank(3496.054), sell-liquid(3492.313), margin=840, profit=-3.74
[INFO:2021-04-22 08:55:29,761] OPENING buy-bitbank(3497.716), sell-liquid(3492.019), margin=3585, profit=-5.697
[INFO:2021-04-22 08:55:48,919] CLOSING buy-liquid(3498.754), sell-bitbank(3498.734), margin=2490, profit=-0.02
[INFO:2021-04-22 08:56:07,371] OPENING buy-liquid(3498.239), sell-bitbank(3499.2), margin=3156, profit=0.961
[INFO:2021-04-22 08:56:34,493] CLOSING buy-bitbank(3497.746), sell-liquid(3495.507), margin=184, profit=-2.239
[INFO:2021-04-22 08:56:55,025] OPENING buy-liquid(3497.999), sell-bitbank(3499.616), margin=3400, profit=1.616
[INFO:2021-04-22 08:57:40,687] CLOSING buy-bitbank(3498.374), sell-liquid(3495.933), margin=-18, profit=-2.441
[INFO:2021-04-22 08:57:57,881] open threshold changed from 3000 to 3000
[INFO:2021-04-22 08:58:18,130] OPENING buy-liquid(3500.186), sell-bitbank(3500.799), margin=3895, profit=0.613
[INFO:2021-04-22 08:58:49,643] CLOSING buy-bitbank(3498.867), sell-liquid(3498.138), margin=-470, profit=-0.729
[INFO:2021-04-22 08:59:12,365] OPENING buy-liquid(3500.497), sell-bitbank(3500.224), margin=3866, profit=-0.273
[INFO:2021-04-22 08:59:34,792] CLOSING buy-bitbank(3495.785), sell-liquid(3495.083), margin=1298, profit=-0.702
[INFO:2021-04-22 08:59:50,140] OPENING buy-liquid(3495.245), sell-bitbank(3496.202), margin=3878, profit=0.956
[INFO:2021-04-22 08:59:54,132] CLOSING buy-bitbank(3493.837), sell-liquid(3494.251), margin=70, profit=0.413
[INFO:2021-04-22 09:00:10,485] OPENING buy-bitbank(3497.527), sell-liquid(3493.703), margin=4116, profit=-3.824
[INFO:2021-04-22 09:00:20,564] CLOSING buy-liquid(3500.497), sell-bitbank(3501.0), margin=247, profit=0.503
[INFO:2021-04-22 09:00:30,658] OPENING buy-liquid(3494.948), sell-bitbank(3501.0), margin=4328, profit=6.052
[INFO:2021-04-22 09:00:34,577] CLOSING buy-bitbank(3501.622), sell-liquid(3501.539), margin=737, profit=-0.083
[INFO:2021-04-22 09:01:17,278] OPENING buy-bitbank(3507.453), sell-liquid(3507.266), margin=5640, profit=-0.187
[INFO:2021-04-22 09:01:33,879] CLOSING buy-liquid(3509.809), sell-bitbank(3508.799), margin=491, profit=-1.009
[INFO:2021-04-22 09:01:41,086] OPENING buy-liquid(3508.499), sell-bitbank(3508.799), margin=3164, profit=0.3
[INFO:2021-04-22 09:03:14,841] CLOSING buy-bitbank(3488.071), sell-liquid(3484.039), margin=-105, profit=-4.032
[INFO:2021-04-22 09:03:16,856] OPENING buy-liquid(3485.627), sell-bitbank(3487.199), margin=4290, profit=1.572
[INFO:2021-04-22 09:03:24,832] open threshold changed from 3000 to 4619
[INFO:2021-04-22 09:03:27,596] CLOSING buy-bitbank(3488.281), sell-liquid(3485.366), margin=-1408, profit=-2.914
[INFO:2021-04-22 09:03:36,842] OPENING buy-liquid(3486.323), sell-bitbank(3487.832), margin=5347, profit=1.509
[INFO:2021-04-22 09:03:40,873] CLOSING buy-bitbank(3488.015), sell-liquid(3485.366), margin=434, profit=-2.649
[INFO:2021-04-22 09:04:32,555] OPENING buy-liquid(3494.024), sell-bitbank(3496.2), margin=4980, profit=2.176
[INFO:2021-04-22 09:05:50,802] CLOSING buy-bitbank(3481.471), sell-liquid(3478.111), margin=-1516, profit=-3.361
[INFO:2021-04-22 09:06:01,936] OPENING buy-liquid(3479.37), sell-bitbank(3481.136), margin=4997, profit=1.766
[INFO:2021-04-22 09:06:33,901] CLOSING buy-bitbank(3480.749), sell-liquid(3469.584), margin=-385, profit=-11.165
[INFO:2021-04-22 09:06:45,029] OPENING buy-liquid(3477.277), sell-bitbank(3480.0), margin=4612, profit=2.723
[INFO:2021-04-22 09:06:51,039] CLOSING buy-bitbank(3480.0), sell-liquid(3476.546), margin=-1359, profit=-3.454
[INFO:2021-04-22 09:06:57,923] OPENING buy-liquid(3478.897), sell-bitbank(3480.001), margin=5672, profit=1.105
[INFO:2021-04-22 09:08:12,320] CLOSING buy-bitbank(3471.911), sell-liquid(3469.105), margin=-1703, profit=-2.806
[INFO:2021-04-22 09:08:21,215] OPENING buy-liquid(3468.986), sell-bitbank(3475.815), margin=4628, profit=6.829
[INFO:2021-04-22 09:08:49,590] open threshold changed from 4589 to 7867
[INFO:2021-04-22 09:09:05,424] CLOSING buy-bitbank(3462.822), sell-liquid(3468.003), margin=-4372, profit=5.181
[INFO:2021-04-22 09:10:31,126] OPENING buy-liquid(3470.836), sell-bitbank(3472.199), margin=8324, profit=1.363
[INFO:2021-04-22 09:11:23,064] CLOSING buy-bitbank(3459.67), sell-liquid(3459.857), margin=-3481, profit=0.187
[INFO:2021-04-22 09:14:04,506] open threshold changed from 7918 to 3000
[INFO:2021-04-22 09:14:40,205] OPENING buy-liquid(3477.749), sell-bitbank(3476.842), margin=3535, profit=-0.907
[INFO:2021-04-22 09:15:38,705] CLOSING buy-bitbank(3467.969), sell-liquid(3467.981), margin=-2, profit=0.012
[INFO:2021-04-22 09:15:44,530] OPENING buy-liquid(3465.317), sell-bitbank(3468.0), margin=3315, profit=2.683
[INFO:2021-04-22 09:16:03,784] CLOSING buy-bitbank(3467.346), sell-liquid(3467.266), margin=1113, profit=-0.08
[INFO:2021-04-22 09:16:22,126] keyboard interuption occured. stop trading bot...
[INFO:2021-04-22 09:16:22,130] =======================
[INFO:2021-04-22 09:16:22,141] === trading bot end ===
[INFO:2021-04-22 09:16:22,142] =======================
