[INFO:2020-03-25 00:27:40,960] =========================
[INFO:2020-03-25 00:27:40,960] === trading bot start ===
[INFO:2020-03-25 00:27:40,960] =========================
[INFO:2020-03-25 00:27:42,888] amount=0.006, open_threshold=2000, profit_margin_diff=1000
[INFO:2020-03-25 00:33:02,563] open threshold changed from 2000 to 1000
[INFO:2020-03-25 00:38:21,594] open threshold changed from 1000 to 1000
[INFO:2020-03-25 00:43:41,681] open threshold changed from 1000 to 1000
[INFO:2020-03-25 00:49:01,609] open threshold changed from 1000 to 1000
[INFO:2020-03-25 00:54:20,411] open threshold changed from 1000 to 1000
[INFO:2020-03-25 00:58:33,146] OPENING buy-liquid(4410.396), sell-coincheck(4420.026), margin=1605, profit=9.6
[INFO:2020-03-25 00:58:47,787] CLOSING buy-coincheck(4427.0), sell-liquid(4423.032), margin=-423, profit=-4.0
[INFO:2020-03-25 00:59:41,988] open threshold changed from 1000 to 1000
[INFO:2020-03-25 01:03:13,255] OPENING buy-liquid(4396.872), sell-coincheck(4403.532), margin=1013, profit=6.7
[INFO:2020-03-25 01:03:50,858] CLOSING buy-coincheck(4392.0), sell-liquid(4390.704), margin=48, profit=-1.3
[INFO:2020-03-25 01:05:03,113] open threshold changed from 1000 to 1000
[INFO:2020-03-25 01:10:22,618] open threshold changed from 1000 to 1000
[INFO:2020-03-25 01:15:41,298] open threshold changed from 1000 to 1000
[INFO:2020-03-25 01:17:34,739] OPENING buy-liquid(4402.668), sell-coincheck(4408.206), margin=1135, profit=5.5
[INFO:2020-03-25 01:17:38,562] CLOSING buy-coincheck(4402.0), sell-liquid(4401.996), margin=136, profit=-0.0
[INFO:2020-03-25 01:21:02,810] open threshold changed from 1000 to 1000
[INFO:2020-03-25 01:26:22,514] open threshold changed from 1000 to 1000
[INFO:2020-03-25 01:31:43,259] open threshold changed from 1000 to 1000
[INFO:2020-03-25 01:37:03,021] open threshold changed from 1000 to 1000
[ERROR:2020-03-25 01:38:20,368] 'NoneType' object is not subscriptable
Traceback (most recent call last):
  File "/home/tsu-nera/repo/bakuchi_production/src/utils/trading.py", line 83, in run_trading
    arbitrage.run()
  File "/home/tsu-nera/repo/bakuchi_production/src/core/arbitrage_trading.py", line 62, in run
    self.next()
  File "/home/tsu-nera/repo/bakuchi_production/src/core/arbitrage_base.py", line 31, in next
    self._action(result, x, y)
  File "/home/tsu-nera/repo/bakuchi_production/src/core/arbitrage_trading.py", line 216, in _action
    profit = self._calc_profit(buy_resp["jpy"], sell_resp["jpy"])
TypeError: 'NoneType' object is not subscriptable
[INFO:2020-03-25 01:38:20,369] =======================
[INFO:2020-03-25 01:38:20,369] === trading bot end ===
[INFO:2020-03-25 01:38:20,369] =======================
