[INFO:2020-03-25 16:47:44,923] =========================
[INFO:2020-03-25 16:47:44,923] === trading bot start ===
[INFO:2020-03-25 16:47:44,923] =========================
[INFO:2020-03-25 16:47:46,821] amount=0.006, open_threshold=2000, profit_margin_diff=1000
[INFO:2020-03-25 16:53:07,154] open threshold changed from 2000 to 1000
[INFO:2020-03-25 16:58:27,228] open threshold changed from 1000 to 1000
[INFO:2020-03-25 17:03:03,344] OPENING buy-liquid(4462.53), sell-coincheck(4470.0), margin=1245, profit=7.5
[INFO:2020-03-25 17:03:49,645] open threshold changed from 1000 to 1000
[INFO:2020-03-25 17:09:09,962] open threshold changed from 1000 to 1000
[INFO:2020-03-25 17:11:35,529] CLOSING buy-coincheck(4461.0), sell-liquid(4459.686), margin=-189, profit=-1.3
[INFO:2020-03-25 17:14:33,944] open threshold changed from 1000 to 1000
[INFO:2020-03-25 17:19:55,523] open threshold changed from 1000 to 1000
[INFO:2020-03-25 17:25:16,173] open threshold changed from 1000 to 1000
[INFO:2020-03-25 17:30:38,137] open threshold changed from 1000 to 1000
[INFO:2020-03-25 17:35:59,430] open threshold changed from 1000 to 1000
[INFO:2020-03-25 17:41:20,457] open threshold changed from 1000 to 1000
[INFO:2020-03-25 17:46:41,792] open threshold changed from 1000 to 1000
[INFO:2020-03-25 17:52:01,812] open threshold changed from 1000 to 1000
[INFO:2020-03-25 17:57:21,294] open threshold changed from 1000 to 1000
[INFO:2020-03-25 17:58:47,655] OPENING buy-coincheck(4529.0), sell-liquid(4535.37), margin=1225, profit=6.4
[INFO:2020-03-25 17:58:57,993] CLOSING buy-liquid(4531.056), sell-coincheck(4535.31), margin=709, profit=4.3
[INFO:2020-03-25 17:59:14,490] OPENING buy-coincheck(4543.0), sell-liquid(4550.286), margin=1292, profit=7.3
[INFO:2020-03-25 17:59:22,456] CLOSING buy-liquid(4544.214), sell-coincheck(4545.966), margin=415, profit=1.8
[INFO:2020-03-25 18:02:03,273] OPENING buy-coincheck(4560.0), sell-liquid(4566.276), margin=1146, profit=6.3
[INFO:2020-03-25 18:02:09,258] CLOSING buy-liquid(4562.7), sell-coincheck(4563.144), margin=61, profit=0.4
[INFO:2020-03-25 18:02:13,144] OPENING buy-liquid(4553.91), sell-coincheck(4563.144), margin=1539, profit=9.2
[INFO:2020-03-25 18:02:19,052] CLOSING buy-coincheck(4558.0), sell-liquid(4552.656), margin=-489, profit=-5.3
[INFO:2020-03-25 18:02:48,898] open threshold changed from 1000 to 1000
[INFO:2020-03-25 18:08:08,088] open threshold changed from 1000 to 1000
[INFO:2020-03-25 18:13:31,257] open threshold changed from 1000 to 1000
[INFO:2020-03-25 18:16:11,381] OPENING buy-coincheck(4568.0), sell-liquid(4578.324), margin=1016, profit=10.3
[INFO:2020-03-25 18:16:19,418] CLOSING buy-liquid(4569.0), sell-coincheck(4569.108), margin=18, profit=0.1
[INFO:2020-03-25 18:17:31,306] OPENING buy-coincheck(4585.0), sell-liquid(4594.02), margin=1406, profit=9.0
[INFO:2020-03-25 18:17:37,470] CLOSING buy-liquid(4596.426), sell-coincheck(4597.212), margin=131, profit=0.8
[INFO:2020-03-25 18:17:46,563] OPENING buy-liquid(4590.996), sell-coincheck(4597.212), margin=1036, profit=6.2
[INFO:2020-03-25 18:18:33,897] CLOSING buy-coincheck(4596.0), sell-liquid(4594.296), margin=-9, profit=-1.7
[INFO:2020-03-25 18:18:54,386] open threshold changed from 1000 to 1000
[INFO:2020-03-25 18:19:47,470] OPENING buy-liquid(4603.092), sell-coincheck(4612.662), margin=1595, profit=9.6
[INFO:2020-03-25 18:19:50,186] CLOSING buy-coincheck(4605.0), sell-liquid(4603.224), margin=-125, profit=-1.8
[INFO:2020-03-25 18:22:16,815] OPENING buy-coincheck(4620.0), sell-liquid(4626.102), margin=1257, profit=6.1
[INFO:2020-03-25 18:22:32,108] CLOSING buy-liquid(4619.178), sell-coincheck(4620.048), margin=114, profit=0.9
[INFO:2020-03-25 18:24:16,169] open threshold changed from 1000 to 1000
[INFO:2020-03-25 18:24:43,978] OPENING buy-liquid(4606.92), sell-coincheck(4617.15), margin=1705, profit=10.2
[INFO:2020-03-25 18:24:59,411] CLOSING buy-coincheck(4606.0), sell-liquid(4600.794), margin=-643, profit=-5.2
[INFO:2020-03-25 18:25:45,411] OPENING buy-liquid(4605.918), sell-coincheck(4612.212), margin=1053, profit=6.3
[INFO:2020-03-25 18:25:55,585] CLOSING buy-coincheck(4608.0), sell-liquid(4608.03), margin=217, profit=0.0
[INFO:2020-03-25 18:29:37,782] open threshold changed from 1000 to 1000
[INFO:2020-03-25 18:34:57,839] open threshold changed from 1000 to 1000
[INFO:2020-03-25 18:38:51,970] OPENING buy-coincheck(4637.0), sell-liquid(4645.374), margin=1114, profit=8.4
[INFO:2020-03-25 18:39:00,127] CLOSING buy-liquid(4643.448), sell-coincheck(4644.0), margin=92, profit=0.6
[INFO:2020-03-25 18:39:54,863] OPENING buy-coincheck(4650.0), sell-liquid(4671.918), margin=2042, profit=21.9
[INFO:2020-03-25 18:39:59,840] CLOSING buy-liquid(4664.712), sell-coincheck(4660.698), margin=-536, profit=-4.0
[INFO:2020-03-25 18:40:22,034] open threshold changed from 1000 to 1000
[INFO:2020-03-25 18:41:12,553] OPENING buy-liquid(4629.078), sell-coincheck(4638.03), margin=1145, profit=9.0
[INFO:2020-03-25 18:41:15,485] CLOSING buy-coincheck(4627.0), sell-liquid(4624.734), margin=516, profit=-2.3
[INFO:2020-03-25 18:41:34,286] OPENING buy-coincheck(4629.0), sell-liquid(4637.736), margin=1110, profit=8.7
[INFO:2020-03-25 18:41:51,002] CLOSING buy-liquid(4627.794), sell-coincheck(4630.512), margin=53, profit=2.7
[INFO:2020-03-25 18:45:28,407] OPENING buy-coincheck(4621.0), sell-liquid(4627.944), margin=1349, profit=6.9
[INFO:2020-03-25 18:45:45,907] open threshold changed from 1000 to 1000
[INFO:2020-03-25 18:45:47,133] CLOSING buy-liquid(4629.192), sell-coincheck(4627.944), margin=-208, profit=-1.2
[INFO:2020-03-25 18:51:06,796] open threshold changed from 1000 to 1000
[INFO:2020-03-25 18:56:03,247] OPENING buy-coincheck(4613.0), sell-liquid(4619.178), margin=1166, profit=6.2
[INFO:2020-03-25 18:56:05,899] CLOSING buy-liquid(4620.186), sell-coincheck(4620.03), margin=-92, profit=-0.2
[INFO:2020-03-25 18:56:28,703] open threshold changed from 1000 to 1000
[INFO:2020-03-25 19:01:49,432] open threshold changed from 1000 to 1000
[INFO:2020-03-25 19:07:09,317] open threshold changed from 1000 to 1000
[INFO:2020-03-25 19:12:30,246] open threshold changed from 1000 to 1000
[INFO:2020-03-25 19:17:51,669] open threshold changed from 1000 to 1000
[INFO:2020-03-25 19:19:23,305] OPENING buy-liquid(4598.598), sell-coincheck(4605.186), margin=1098, profit=6.6
[INFO:2020-03-25 19:20:02,297] CLOSING buy-coincheck(4588.0), sell-liquid(4579.596), margin=933, profit=-8.4
[INFO:2020-03-25 19:20:37,888] OPENING buy-liquid(4580.214), sell-coincheck(4592.22), margin=1047, profit=12.0
[INFO:2020-03-25 19:20:43,897] CLOSING buy-coincheck(4584.0), sell-liquid(4584.57), margin=312, profit=0.6
[INFO:2020-03-25 19:20:52,045] OPENING buy-liquid(4569.894), sell-coincheck(4580.538), margin=1410, profit=10.6
[INFO:2020-03-25 19:21:00,220] CLOSING buy-coincheck(4567.0), sell-liquid(4565.718), margin=-70, profit=-1.3
[INFO:2020-03-25 19:21:51,400] OPENING buy-liquid(4560.672), sell-coincheck(4568.85), margin=1262, profit=8.2
[INFO:2020-03-25 19:22:14,574] CLOSING buy-coincheck(4563.0), sell-liquid(4564.56), margin=-31, profit=1.6
[INFO:2020-03-25 19:23:17,755] open threshold changed from 1000 to 1000
[INFO:2020-03-25 19:24:48,259] OPENING buy-liquid(4571.148), sell-coincheck(4577.298), margin=1025, profit=6.1
[INFO:2020-03-25 19:25:29,119] CLOSING buy-coincheck(4572.0), sell-liquid(4571.034), margin=-17, profit=-1.0
[INFO:2020-03-25 19:27:16,497] OPENING buy-liquid(4568.724), sell-coincheck(4575.234), margin=1084, profit=6.5
[INFO:2020-03-25 19:28:49,443] open threshold changed from 1000 to 1000
[INFO:2020-03-25 19:31:03,853] CLOSING buy-coincheck(4555.0), sell-liquid(4553.202), margin=218, profit=-1.8
[INFO:2020-03-25 19:31:31,458] OPENING buy-liquid(4531.746), sell-coincheck(4544.064), margin=2296, profit=12.3
[INFO:2020-03-25 19:31:36,564] CLOSING buy-coincheck(4535.0), sell-liquid(4533.33), margin=-215, profit=-1.7
[INFO:2020-03-25 19:31:42,220] OPENING buy-liquid(4520.172), sell-coincheck(4534.062), margin=1470, profit=13.9
[INFO:2020-03-25 19:32:10,233] CLOSING buy-coincheck(4478.0), sell-liquid(4487.124), margin=2059, profit=9.1
[INFO:2020-03-25 19:32:13,323] OPENING buy-coincheck(4478.0), sell-liquid(4494.324), margin=3123, profit=16.3
[INFO:2020-03-25 19:32:17,031] CLOSING buy-liquid(4496.082), sell-coincheck(4491.678), margin=-576, profit=-4.4
[INFO:2020-03-25 19:33:11,078] OPENING buy-coincheck(4483.0), sell-liquid(4490.706), margin=1451, profit=7.7
[INFO:2020-03-25 19:33:16,926] CLOSING buy-liquid(4491.888), sell-coincheck(4491.45), margin=-73, profit=-0.4
[INFO:2020-03-25 19:34:04,002] OPENING buy-liquid(4480.164), sell-coincheck(4491.228), margin=2206, profit=11.1
[INFO:2020-03-25 19:34:13,002] CLOSING buy-coincheck(4485.0), sell-liquid(4473.87), margin=-452, profit=-11.1
[INFO:2020-03-25 19:34:21,097] OPENING buy-liquid(4471.518), sell-coincheck(4475.382), margin=1207, profit=3.9
[INFO:2020-03-25 19:34:27,189] CLOSING buy-coincheck(4476.0), sell-liquid(4475.964), margin=97, profit=-0.0
[INFO:2020-03-25 19:34:49,913] open threshold changed from 1000 to 1000
[INFO:2020-03-25 19:37:18,581] OPENING buy-liquid(4469.61), sell-coincheck(4475.28), margin=1195, profit=5.7
[INFO:2020-03-25 19:37:24,543] CLOSING buy-coincheck(4472.0), sell-liquid(4470.924), margin=-174, profit=-1.1
[INFO:2020-03-25 19:40:06,243] OPENING buy-liquid(4479.9), sell-coincheck(4483.116), margin=1031, profit=3.2
[INFO:2020-03-25 19:40:17,274] open threshold changed from 1000 to 1000
[INFO:2020-03-25 19:40:24,819] CLOSING buy-coincheck(4483.0), sell-liquid(4482.948), margin=400, profit=-0.1
[INFO:2020-03-25 19:40:58,511] OPENING buy-liquid(4478.904), sell-coincheck(4485.57), margin=1111, profit=6.7
[INFO:2020-03-25 19:41:08,980] CLOSING buy-coincheck(4481.0), sell-liquid(4483.476), margin=499, profit=2.5
[INFO:2020-03-25 19:41:43,055] OPENING buy-liquid(4462.578), sell-coincheck(4473.0), margin=1056, profit=10.4
[INFO:2020-03-25 19:42:02,108] CLOSING buy-coincheck(4459.0), sell-liquid(4459.398), margin=220, profit=0.4
[INFO:2020-03-25 19:42:11,270] OPENING buy-liquid(4450.554), sell-coincheck(4457.52), margin=1161, profit=7.0
[INFO:2020-03-25 19:42:16,119] CLOSING buy-coincheck(4447.0), sell-liquid(4432.656), margin=1, profit=-14.3
[INFO:2020-03-25 19:42:17,804] OPENING buy-liquid(4436.34), sell-coincheck(4445.268), margin=1370, profit=8.9
[INFO:2020-03-25 19:42:44,893] CLOSING buy-coincheck(4444.0), sell-liquid(4444.95), margin=260, profit=0.9
[INFO:2020-03-25 19:42:50,793] OPENING buy-liquid(4445.946), sell-coincheck(4452.696), margin=1147, profit=6.8
[INFO:2020-03-25 19:43:01,965] CLOSING buy-coincheck(4446.0), sell-liquid(4444.728), margin=32, profit=-1.3
[INFO:2020-03-25 19:43:16,357] OPENING buy-liquid(4434.54), sell-coincheck(4442.37), margin=1305, profit=7.8
[INFO:2020-03-25 19:43:55,153] CLOSING buy-coincheck(4429.0), sell-liquid(4425.858), margin=23, profit=-3.1
[INFO:2020-03-25 19:45:05,606] OPENING buy-liquid(4411.584), sell-coincheck(4417.368), margin=1250, profit=5.8
[INFO:2020-03-25 19:45:30,774] CLOSING buy-coincheck(4418.0), sell-liquid(4422.0), margin=890, profit=4.0
[INFO:2020-03-25 19:45:37,703] OPENING buy-coincheck(4418.0), sell-liquid(4434.414), margin=2027, profit=16.4
[INFO:2020-03-25 19:45:39,406] CLOSING buy-liquid(4434.402), sell-coincheck(4428.18), margin=-721, profit=-6.2
[INFO:2020-03-25 19:45:48,507] open threshold changed from 1000 to 1000
[INFO:2020-03-25 19:46:13,315] OPENING buy-liquid(4415.184), sell-coincheck(4421.064), margin=1129, profit=5.9
[INFO:2020-03-25 19:46:58,971] CLOSING buy-coincheck(4407.0), sell-liquid(4408.26), margin=433, profit=1.3
[INFO:2020-03-25 19:47:01,723] OPENING buy-coincheck(4407.0), sell-liquid(4411.692), margin=1586, profit=4.7
[INFO:2020-03-25 19:47:17,492] CLOSING buy-liquid(4421.67), sell-coincheck(4419.858), margin=-429, profit=-1.8
[INFO:2020-03-25 19:48:05,907] OPENING buy-coincheck(4418.0), sell-liquid(4423.14), margin=1187, profit=5.1
[INFO:2020-03-25 19:48:07,501] CLOSING buy-liquid(4424.34), sell-coincheck(4423.878), margin=-79, profit=-0.5
[INFO:2020-03-25 19:49:40,952] OPENING buy-liquid(4429.236), sell-coincheck(4440.0), margin=1080, profit=10.8
[INFO:2020-03-25 19:49:59,495] CLOSING buy-coincheck(4438.0), sell-liquid(4437.528), margin=105, profit=-0.5
[INFO:2020-03-25 19:51:14,952] open threshold changed from 1000 to 1000
[INFO:2020-03-25 19:52:12,966] OPENING buy-liquid(4413.246), sell-coincheck(4417.89), margin=1132, profit=4.6
[INFO:2020-03-25 19:52:21,037] CLOSING buy-coincheck(4414.0), sell-liquid(4412.142), margin=-88, profit=-1.9
[INFO:2020-03-25 19:52:28,013] OPENING buy-liquid(4403.178), sell-coincheck(4410.036), margin=1125, profit=6.9
[INFO:2020-03-25 19:53:24,331] CLOSING buy-coincheck(4411.0), sell-liquid(4410.984), margin=144, profit=-0.0
[INFO:2020-03-25 19:53:45,194] OPENING buy-liquid(4402.26), sell-coincheck(4411.044), margin=1464, profit=8.8
[INFO:2020-03-25 19:53:54,308] CLOSING buy-coincheck(4407.0), sell-liquid(4404.378), margin=-180, profit=-2.6
[INFO:2020-03-25 19:55:15,787] OPENING buy-coincheck(4385.0), sell-liquid(4393.662), margin=1327, profit=8.7
[INFO:2020-03-25 19:55:20,678] CLOSING buy-liquid(4389.192), sell-coincheck(4389.99), margin=97, profit=0.8
[INFO:2020-03-25 19:55:41,766] OPENING buy-coincheck(4392.0), sell-liquid(4397.526), margin=1134, profit=5.5
[INFO:2020-03-25 19:55:52,409] CLOSING buy-liquid(4393.314), sell-coincheck(4392.222), margin=-90, profit=-1.1
[INFO:2020-03-25 19:56:43,385] open threshold changed from 1000 to 1000
[INFO:2020-03-25 19:58:02,749] OPENING buy-coincheck(4404.0), sell-liquid(4408.938), margin=1187, profit=4.9
[INFO:2020-03-25 19:58:39,258] CLOSING buy-liquid(4412.124), sell-coincheck(4409.46), margin=-129, profit=-2.7
[INFO:2020-03-25 19:59:52,523] OPENING buy-coincheck(4407.0), sell-liquid(4414.05), margin=1405, profit=7.1
[INFO:2020-03-25 19:59:56,720] CLOSING buy-liquid(4415.808), sell-coincheck(4413.0), margin=-401, profit=-2.8
[INFO:2020-03-25 20:02:08,340] open threshold changed from 1000 to 1000
[INFO:2020-03-25 20:02:27,810] OPENING buy-coincheck(4417.0), sell-liquid(4425.876), margin=1241, profit=8.9
[INFO:2020-03-25 20:02:40,253] CLOSING buy-liquid(4421.706), sell-coincheck(4418.196), margin=-137, profit=-3.5
[INFO:2020-03-25 20:04:34,581] OPENING buy-coincheck(4411.0), sell-liquid(4418.484), margin=1947, profit=7.5
[INFO:2020-03-25 20:04:36,147] CLOSING buy-liquid(4418.544), sell-coincheck(4416.012), margin=-422, profit=-2.5
[INFO:2020-03-25 20:06:40,948] OPENING buy-coincheck(4427.0), sell-liquid(4433.832), margin=1373, profit=6.8
[INFO:2020-03-25 20:07:14,369] CLOSING buy-liquid(4430.226), sell-coincheck(4428.906), margin=-87, profit=-1.3
[INFO:2020-03-25 20:07:31,647] open threshold changed from 1000 to 1000
[INFO:2020-03-25 20:07:54,108] OPENING buy-coincheck(4432.0), sell-liquid(4435.248), margin=1020, profit=3.2
[INFO:2020-03-25 20:09:41,943] CLOSING buy-liquid(4427.226), sell-coincheck(4430.268), margin=169, profit=3.0
[INFO:2020-03-25 20:12:53,869] open threshold changed from 1000 to 1000
[INFO:2020-03-25 20:18:14,744] open threshold changed from 1000 to 1000
[INFO:2020-03-25 20:23:37,097] open threshold changed from 1000 to 1000
[INFO:2020-03-25 20:26:34,147] OPENING buy-liquid(4432.74), sell-coincheck(4439.4), margin=1110, profit=6.7
[INFO:2020-03-25 20:27:21,382] CLOSING buy-coincheck(4429.0), sell-liquid(4427.214), margin=-49, profit=-1.8
[INFO:2020-03-25 20:28:58,622] open threshold changed from 1000 to 1000
[INFO:2020-03-25 20:32:43,037] OPENING buy-liquid(4421.268), sell-coincheck(4426.254), margin=1213, profit=5.0
[INFO:2020-03-25 20:34:18,894] open threshold changed from 1000 to 1000
[INFO:2020-03-25 20:34:37,094] CLOSING buy-coincheck(4409.0), sell-liquid(4408.146), margin=56, profit=-0.9
[INFO:2020-03-25 20:37:05,274] OPENING buy-liquid(4389.828), sell-coincheck(4398.45), margin=1518, profit=8.6
[INFO:2020-03-25 20:37:11,197] CLOSING buy-coincheck(4396.0), sell-liquid(4392.456), margin=-367, profit=-3.5
[INFO:2020-03-25 20:37:18,459] OPENING buy-liquid(4390.14), sell-coincheck(4394.256), margin=1035, profit=4.1
[INFO:2020-03-25 20:37:51,060] CLOSING buy-coincheck(4385.0), sell-liquid(4387.002), margin=517, profit=2.0
[INFO:2020-03-25 20:39:00,863] OPENING buy-liquid(4378.2), sell-coincheck(4385.124), margin=1154, profit=6.9
[INFO:2020-03-25 20:39:43,493] open threshold changed from 1000 to 1000
[INFO:2020-03-25 20:40:41,327] CLOSING buy-coincheck(4329.0), sell-liquid(4332.966), margin=781, profit=4.0
[INFO:2020-03-25 20:40:44,132] OPENING buy-coincheck(4329.0), sell-liquid(4338.816), margin=1847, profit=9.8
[INFO:2020-03-25 20:40:48,203] CLOSING buy-liquid(4341.9), sell-coincheck(4337.82), margin=-291, profit=-4.1
[INFO:2020-03-25 20:41:09,171] OPENING buy-liquid(4333.428), sell-coincheck(4339.614), margin=1469, profit=6.2
[INFO:2020-03-25 20:41:22,487] CLOSING buy-coincheck(4342.0), sell-liquid(4337.562), margin=-468, profit=-4.4
[INFO:2020-03-25 20:42:04,364] OPENING buy-liquid(4341.39), sell-coincheck(4343.01), margin=1066, profit=1.6
[INFO:2020-03-25 20:43:32,457] CLOSING buy-coincheck(4344.0), sell-liquid(4347.12), margin=635, profit=3.1
[INFO:2020-03-25 20:45:09,781] open threshold changed from 1000 to 1000
[INFO:2020-03-25 20:45:57,812] OPENING buy-coincheck(4361.0), sell-liquid(4363.944), margin=1361, profit=2.9
[INFO:2020-03-25 20:45:59,491] CLOSING buy-liquid(4367.022), sell-coincheck(4367.004), margin=-3, profit=-0.0
[INFO:2020-03-25 20:46:18,606] OPENING buy-liquid(4359.222), sell-coincheck(4367.442), margin=1370, profit=8.2
[INFO:2020-03-25 20:46:20,442] CLOSING buy-coincheck(4359.0), sell-liquid(4358.04), margin=-120, profit=-1.0
[INFO:2020-03-25 20:47:11,101] OPENING buy-liquid(4345.422), sell-coincheck(4352.43), margin=1016, profit=7.0
[INFO:2020-03-25 20:48:18,863] CLOSING buy-coincheck(4348.0), sell-liquid(4348.41), margin=247, profit=0.4
[INFO:2020-03-25 20:48:24,863] OPENING buy-coincheck(4348.0), sell-liquid(4353.168), margin=1040, profit=5.2
[INFO:2020-03-25 20:48:31,887] CLOSING buy-liquid(4354.638), sell-coincheck(4353.426), margin=-29, profit=-1.2
[INFO:2020-03-25 20:50:37,250] open threshold changed from 1000 to 1000
[INFO:2020-03-25 20:55:04,689] OPENING buy-coincheck(4369.0), sell-liquid(4375.2), margin=1200, profit=6.2
[INFO:2020-03-25 20:55:07,437] CLOSING buy-liquid(4374.708), sell-coincheck(4372.782), margin=5, profit=-1.9
[INFO:2020-03-25 20:56:00,537] open threshold changed from 1000 to 1000
[INFO:2020-03-25 20:58:22,767] OPENING buy-liquid(4361.28), sell-coincheck(4368.342), margin=1195, profit=7.1
[INFO:2020-03-25 20:58:51,872] CLOSING buy-coincheck(4362.0), sell-liquid(4361.988), margin=198, profit=-0.0
[INFO:2020-03-25 21:01:23,409] open threshold changed from 1000 to 1000
[INFO:2020-03-25 21:06:43,135] open threshold changed from 1000 to 1000
[INFO:2020-03-25 21:11:10,435] OPENING buy-liquid(4388.67), sell-coincheck(4398.606), margin=1620, profit=9.9
[INFO:2020-03-25 21:12:04,365] open threshold changed from 1000 to 1000
[INFO:2020-03-25 21:17:25,261] open threshold changed from 1000 to 1000
[INFO:2020-03-25 21:18:23,063] CLOSING buy-coincheck(4402.0), sell-liquid(4399.566), margin=-112, profit=-2.4
[INFO:2020-03-25 21:21:20,274] OPENING buy-liquid(4398.432), sell-coincheck(4404.6), margin=1091, profit=6.2
[INFO:2020-03-25 21:22:57,856] open threshold changed from 1000 to 1000
[INFO:2020-03-25 21:24:02,696] CLOSING buy-coincheck(4401.0), sell-liquid(4399.968), margin=137, profit=-1.0
[INFO:2020-03-25 21:25:52,789] OPENING buy-liquid(4396.518), sell-coincheck(4400.34), margin=1027, profit=3.8
[INFO:2020-03-25 21:28:28,990] open threshold changed from 1000 to 1000
[INFO:2020-03-25 21:33:17,085] CLOSING buy-coincheck(4386.0), sell-liquid(4384.83), margin=28, profit=-1.2
[INFO:2020-03-25 21:33:50,623] open threshold changed from 1000 to 1000
[INFO:2020-03-25 21:36:43,431] OPENING buy-liquid(4390.056), sell-coincheck(4397.082), margin=1171, profit=7.0
[INFO:2020-03-25 21:39:12,572] open threshold changed from 1000 to 1000
[INFO:2020-03-25 21:40:54,110] CLOSING buy-coincheck(4402.0), sell-liquid(4396.806), margin=-146, profit=-5.2
[INFO:2020-03-25 21:44:34,211] open threshold changed from 1000 to 1000
[INFO:2020-03-25 21:49:55,512] open threshold changed from 1000 to 1000
[INFO:2020-03-25 21:55:18,390] open threshold changed from 1000 to 1000
[INFO:2020-03-25 22:00:40,497] open threshold changed from 1000 to 1000
[INFO:2020-03-25 22:06:02,595] open threshold changed from 1000 to 1000
[INFO:2020-03-25 22:11:23,676] open threshold changed from 1000 to 1000
[INFO:2020-03-25 22:12:18,342] OPENING buy-coincheck(4425.0), sell-liquid(4430.67), margin=1266, profit=5.7
[INFO:2020-03-25 22:12:19,916] CLOSING buy-liquid(4430.238), sell-coincheck(4432.632), margin=29, profit=2.4
[INFO:2020-03-25 22:13:21,482] OPENING buy-liquid(4430.658), sell-coincheck(4437.6), margin=1157, profit=6.9
[INFO:2020-03-25 22:14:25,141] CLOSING buy-coincheck(4435.0), sell-liquid(4432.674), margin=-20, profit=-2.3
[INFO:2020-03-25 22:16:47,502] open threshold changed from 1000 to 1000
[INFO:2020-03-25 22:22:10,013] open threshold changed from 1000 to 1000
[INFO:2020-03-25 22:27:32,887] open threshold changed from 1000 to 1000
[INFO:2020-03-25 22:30:45,829] OPENING buy-liquid(4414.248), sell-coincheck(4420.266), margin=1072, profit=6.0
[INFO:2020-03-25 22:32:54,505] open threshold changed from 1000 to 1000
[INFO:2020-03-25 22:33:17,061] CLOSING buy-coincheck(4419.0), sell-liquid(4418.724), margin=74, profit=-0.3
[INFO:2020-03-25 22:33:18,741] OPENING buy-liquid(4420.314), sell-coincheck(4425.672), margin=1120, profit=5.4
[INFO:2020-03-25 22:33:21,395] CLOSING buy-coincheck(4427.0), sell-liquid(4427.43), margin=190, profit=0.4
[INFO:2020-03-25 22:34:10,158] OPENING buy-coincheck(4449.0), sell-liquid(4453.254), margin=1158, profit=4.3
[INFO:2020-03-25 22:34:26,848] CLOSING buy-liquid(4465.38), sell-coincheck(4462.86), margin=152, profit=-2.5
[INFO:2020-03-25 22:35:13,168] OPENING buy-liquid(4458.882), sell-coincheck(4468.47), margin=1336, profit=9.6
[INFO:2020-03-25 22:35:21,282] CLOSING buy-coincheck(4462.0), sell-liquid(4458.42), margin=-22, profit=-3.6
[INFO:2020-03-25 22:36:14,580] OPENING buy-liquid(4459.224), sell-coincheck(4467.138), margin=1319, profit=7.9
[INFO:2020-03-25 22:36:35,550] CLOSING buy-coincheck(4461.0), sell-liquid(4457.988), margin=84, profit=-3.0
[INFO:2020-03-25 22:38:21,313] open threshold changed from 1000 to 1000
[INFO:2020-03-25 22:38:48,045] OPENING buy-coincheck(4464.0), sell-liquid(4470.0), margin=1148, profit=6.0
[INFO:2020-03-25 22:38:57,215] CLOSING buy-liquid(4479.612), sell-coincheck(4477.53), margin=283, profit=-2.1
[INFO:2020-03-25 22:39:13,840] OPENING buy-coincheck(4482.0), sell-liquid(4496.346), margin=2614, profit=14.3
[INFO:2020-03-25 22:39:16,593] CLOSING buy-liquid(4503.456), sell-coincheck(4499.772), margin=301, profit=-3.7
[INFO:2020-03-25 22:39:34,245] OPENING buy-coincheck(4500.0), sell-liquid(4505.712), margin=1661, profit=5.7
[INFO:2020-03-25 22:39:37,028] CLOSING buy-liquid(4528.914), sell-coincheck(4513.692), margin=-362, profit=-15.2
[INFO:2020-03-25 22:39:38,708] OPENING buy-coincheck(4516.0), sell-liquid(4527.372), margin=1923, profit=11.4
[INFO:2020-03-25 22:39:46,829] CLOSING buy-liquid(4549.824), sell-coincheck(4550.352), margin=619, profit=0.5
[INFO:2020-03-25 22:39:57,007] OPENING buy-liquid(4532.976), sell-coincheck(4550.352), margin=2319, profit=17.4
[INFO:2020-03-25 22:40:09,230] CLOSING buy-coincheck(4534.0), sell-liquid(4523.232), margin=-966, profit=-10.8
[INFO:2020-03-25 22:40:14,115] OPENING buy-liquid(4529.652), sell-coincheck(4530.756), margin=1586, profit=1.1
[INFO:2020-03-25 22:40:24,422] CLOSING buy-coincheck(4537.0), sell-liquid(4543.818), margin=258, profit=6.8
[INFO:2020-03-25 22:40:27,233] OPENING buy-coincheck(4537.0), sell-liquid(4541.814), margin=1371, profit=4.8
[INFO:2020-03-25 22:40:29,916] CLOSING buy-liquid(4548.54), sell-coincheck(4545.972), margin=-228, profit=-2.6
[INFO:2020-03-25 22:40:36,964] OPENING buy-liquid(4538.214), sell-coincheck(4545.972), margin=1293, profit=7.8
[INFO:2020-03-25 22:41:47,114] CLOSING buy-coincheck(4514.0), sell-liquid(4513.278), margin=-150, profit=-0.7
[INFO:2020-03-25 22:42:52,078] OPENING buy-liquid(4516.416), sell-coincheck(4524.738), margin=1522, profit=8.3
[INFO:2020-03-25 22:43:18,319] CLOSING buy-coincheck(4506.0), sell-liquid(4499.136), margin=-501, profit=-6.9
[INFO:2020-03-25 22:43:53,975] open threshold changed from 1000 to 1000
[INFO:2020-03-25 22:44:15,525] OPENING buy-liquid(4487.514), sell-coincheck(4501.44), margin=1846, profit=13.9
[INFO:2020-03-25 22:44:17,204] CLOSING buy-coincheck(4491.0), sell-liquid(4491.354), margin=4, profit=0.4
[INFO:2020-03-25 22:44:54,296] OPENING buy-liquid(4488.078), sell-coincheck(4496.502), margin=1452, profit=8.4
[INFO:2020-03-25 22:44:55,907] CLOSING buy-coincheck(4490.0), sell-liquid(4488.864), margin=-398, profit=-1.1
[INFO:2020-03-25 22:45:05,004] OPENING buy-coincheck(4490.0), sell-liquid(4495.842), margin=1157, profit=5.8
[INFO:2020-03-25 22:45:06,677] CLOSING buy-liquid(4497.282), sell-coincheck(4496.916), margin=-73, profit=-0.4
[INFO:2020-03-25 22:47:00,683] OPENING buy-liquid(4478.154), sell-coincheck(4490.022), margin=1700, profit=11.9
[INFO:2020-03-25 22:47:05,786] CLOSING buy-coincheck(4482.0), sell-liquid(4482.45), margin=-577, profit=0.4
[INFO:2020-03-25 22:48:33,635] OPENING buy-coincheck(4489.0), sell-liquid(4495.548), margin=1258, profit=6.5
[INFO:2020-03-25 22:48:39,518] CLOSING buy-liquid(4491.306), sell-coincheck(4492.44), margin=188, profit=1.1
[INFO:2020-03-25 22:49:19,562] OPENING buy-coincheck(4491.0), sell-liquid(4501.428), margin=1919, profit=10.4
[INFO:2020-03-25 22:49:22,137] open threshold changed from 1000 to 1000
[INFO:2020-03-25 22:49:26,528] CLOSING buy-liquid(4496.904), sell-coincheck(4494.048), margin=-448, profit=-2.9
[INFO:2020-03-25 22:51:44,835] OPENING buy-liquid(4478.028), sell-coincheck(4482.168), margin=1020, profit=4.1
[INFO:2020-03-25 22:51:59,494] CLOSING buy-coincheck(4465.0), sell-liquid(4466.586), margin=433, profit=1.6
[INFO:2020-03-25 22:52:02,363] OPENING buy-coincheck(4465.0), sell-liquid(4469.448), margin=1188, profit=4.4
[INFO:2020-03-25 22:52:07,289] CLOSING buy-liquid(4474.164), sell-coincheck(4471.824), margin=129, profit=-2.3
[INFO:2020-03-25 22:52:14,325] OPENING buy-liquid(4464.84), sell-coincheck(4471.824), margin=1164, profit=7.0
[INFO:2020-03-25 22:53:38,039] CLOSING buy-coincheck(4447.0), sell-liquid(4446.66), margin=-116, profit=-0.3
[INFO:2020-03-25 22:54:47,954] open threshold changed from 1000 to 1000
[INFO:2020-03-25 22:54:54,563] OPENING buy-coincheck(4444.0), sell-liquid(4448.91), margin=1052, profit=4.9
[INFO:2020-03-25 22:55:26,012] CLOSING buy-liquid(4444.608), sell-coincheck(4446.936), margin=388, profit=2.3
[INFO:2020-03-25 22:55:33,002] OPENING buy-liquid(4436.76), sell-coincheck(4443.78), margin=1159, profit=7.0
[INFO:2020-03-25 22:55:51,986] CLOSING buy-coincheck(4433.0), sell-liquid(4432.638), margin=22, profit=-0.4
[INFO:2020-03-25 22:59:24,637] OPENING buy-liquid(4420.548), sell-coincheck(4432.32), margin=1114, profit=11.8
[INFO:2020-03-25 22:59:30,550] CLOSING buy-coincheck(4424.0), sell-liquid(4424.808), margin=-18, profit=0.8
[INFO:2020-03-25 22:59:51,293] OPENING buy-liquid(4419.864), sell-coincheck(4429.356), margin=1582, profit=9.5
[INFO:2020-03-25 23:00:12,810] CLOSING buy-coincheck(4417.0), sell-liquid(4415.682), margin=-64, profit=-1.3
[INFO:2020-03-25 23:00:15,440] open threshold changed from 1000 to 1000
[INFO:2020-03-25 23:03:30,192] OPENING buy-liquid(4396.056), sell-coincheck(4404.6), margin=1423, profit=8.5
[INFO:2020-03-25 23:03:50,970] CLOSING buy-coincheck(4398.0), sell-liquid(4398.024), margin=145, profit=0.0
[INFO:2020-03-25 23:03:58,144] OPENING buy-coincheck(4398.0), sell-liquid(4406.658), margin=2171, profit=8.7
[INFO:2020-03-25 23:03:59,761] CLOSING buy-liquid(4408.806), sell-coincheck(4410.54), margin=157, profit=1.7
[INFO:2020-03-25 23:04:01,487] OPENING buy-liquid(4402.47), sell-coincheck(4410.54), margin=1345, profit=8.1
[INFO:2020-03-25 23:04:33,024] CLOSING buy-coincheck(4384.0), sell-liquid(4387.014), margin=1136, profit=3.0
[INFO:2020-03-25 23:04:34,717] OPENING buy-coincheck(4384.0), sell-liquid(4387.806), margin=1136, profit=3.8
[INFO:2020-03-25 23:04:46,945] CLOSING buy-liquid(4394.814), sell-coincheck(4392.714), margin=-16, profit=-2.1
[INFO:2020-03-25 23:05:08,900] OPENING buy-coincheck(4393.0), sell-liquid(4399.164), margin=1165, profit=6.2
[INFO:2020-03-25 23:05:18,180] CLOSING buy-liquid(4396.176), sell-coincheck(4397.388), margin=168, profit=1.2
[INFO:2020-03-25 23:05:44,138] open threshold changed from 1000 to 1000
[INFO:2020-03-25 23:10:44,690] OPENING buy-liquid(4418.574), sell-coincheck(4425.18), margin=1078, profit=6.6
[INFO:2020-03-25 23:11:05,676] open threshold changed from 1000 to 1000
[INFO:2020-03-25 23:12:13,518] CLOSING buy-coincheck(4412.0), sell-liquid(4414.284), margin=273, profit=2.3
[INFO:2020-03-25 23:12:25,916] OPENING buy-liquid(4412.412), sell-coincheck(4418.928), margin=1086, profit=6.5
[INFO:2020-03-25 23:14:44,900] CLOSING buy-coincheck(4406.0), sell-liquid(4404.558), margin=-76, profit=-1.4
[INFO:2020-03-25 23:15:08,118] OPENING buy-coincheck(4411.0), sell-liquid(4416.204), margin=1614, profit=5.2
[INFO:2020-03-25 23:15:09,834] CLOSING buy-liquid(4421.394), sell-coincheck(4421.436), margin=7, profit=0.0
[INFO:2020-03-25 23:16:13,689] OPENING buy-liquid(4421.55), sell-coincheck(4427.712), margin=1025, profit=6.2
[INFO:2020-03-25 23:16:24,211] CLOSING buy-coincheck(4427.0), sell-liquid(4433.322), margin=1317, profit=6.3
[INFO:2020-03-25 23:16:25,989] OPENING buy-coincheck(4427.0), sell-liquid(4433.328), margin=1200, profit=6.3
[INFO:2020-03-25 23:16:27,828] CLOSING buy-liquid(4432.986), sell-coincheck(4435.944), margin=509, profit=3.0
[INFO:2020-03-25 23:16:35,309] open threshold changed from 1000 to 1000
[INFO:2020-03-25 23:17:08,055] OPENING buy-liquid(4433.238), sell-coincheck(4439.328), margin=1015, profit=6.1
[INFO:2020-03-25 23:17:44,229] CLOSING buy-coincheck(4433.0), sell-liquid(4431.768), margin=249, profit=-1.2
[INFO:2020-03-25 23:18:38,212] OPENING buy-liquid(4418.76), sell-coincheck(4430.25), margin=1915, profit=11.5
[INFO:2020-03-25 23:18:45,160] CLOSING buy-coincheck(4429.0), sell-liquid(4422.672), margin=-862, profit=-6.3
[INFO:2020-03-25 23:22:00,266] open threshold changed from 1000 to 1000
[INFO:2020-03-25 23:24:53,966] OPENING buy-liquid(4425.348), sell-coincheck(4432.236), margin=1148, profit=6.9
[INFO:2020-03-25 23:25:19,979] CLOSING buy-coincheck(4431.0), sell-liquid(4431.192), margin=-144, profit=0.2
[INFO:2020-03-25 23:27:21,914] open threshold changed from 1000 to 1000
[INFO:2020-03-25 23:32:43,969] open threshold changed from 1000 to 1000
[INFO:2020-03-25 23:35:04,454] OPENING buy-liquid(4450.89), sell-coincheck(4457.412), margin=1087, profit=6.5
[INFO:2020-03-25 23:36:46,110] CLOSING buy-coincheck(4453.0), sell-liquid(4452.276), margin=85, profit=-0.7
[INFO:2020-03-25 23:38:06,988] open threshold changed from 1000 to 1000
[INFO:2020-03-25 23:38:15,656] OPENING buy-liquid(4451.154), sell-coincheck(4458.012), margin=1143, profit=6.9
[INFO:2020-03-25 23:38:47,216] CLOSING buy-coincheck(4456.0), sell-liquid(4454.736), margin=168, profit=-1.3
[INFO:2020-03-25 23:43:29,604] open threshold changed from 1000 to 1000
[INFO:2020-03-25 23:44:23,241] OPENING buy-liquid(4440.738), sell-coincheck(4448.946), margin=1226, profit=8.2
[INFO:2020-03-25 23:44:28,117] CLOSING buy-coincheck(4441.0), sell-liquid(4438.134), margin=-132, profit=-2.9
[INFO:2020-03-25 23:47:27,040] OPENING buy-liquid(4419.24), sell-coincheck(4428.06), margin=1201, profit=8.8
[INFO:2020-03-25 23:47:56,366] CLOSING buy-coincheck(4420.0), sell-liquid(4417.482), margin=-198, profit=-2.5
[INFO:2020-03-25 23:48:53,632] open threshold changed from 1000 to 1000
[INFO:2020-03-25 23:48:54,826] OPENING buy-liquid(4419.48), sell-coincheck(4425.108), margin=1174, profit=5.6
[INFO:2020-03-25 23:49:09,245] CLOSING buy-coincheck(4424.0), sell-liquid(4422.612), margin=-59, profit=-1.4
[INFO:2020-03-25 23:49:59,914] OPENING buy-liquid(4421.016), sell-coincheck(4428.0), margin=1165, profit=7.0
[INFO:2020-03-25 23:50:22,818] CLOSING buy-coincheck(4423.0), sell-liquid(4421.4), margin=-56, profit=-1.6
[INFO:2020-03-25 23:54:16,937] open threshold changed from 1000 to 1000
[INFO:2020-03-25 23:58:47,110] OPENING buy-coincheck(4448.0), sell-liquid(4452.81), margin=1031, profit=4.8
[INFO:2020-03-25 23:58:49,901] CLOSING buy-liquid(4453.722), sell-coincheck(4454.484), margin=127, profit=0.8
[INFO:2020-03-25 23:59:40,582] open threshold changed from 1000 to 1000
[INFO:2020-03-26 00:05:01,485] open threshold changed from 1000 to 1000
[INFO:2020-03-26 00:06:12,288] OPENING buy-liquid(4445.25), sell-coincheck(4451.472), margin=1037, profit=6.2
[INFO:2020-03-26 00:06:37,451] CLOSING buy-coincheck(4455.0), sell-liquid(4453.77), margin=8, profit=-1.2
[INFO:2020-03-26 00:10:23,867] open threshold changed from 1000 to 1000
[INFO:2020-03-26 00:15:44,028] open threshold changed from 1000 to 1000
[INFO:2020-03-26 00:16:48,647] keyboard interuption occured. stop trading bot...
[INFO:2020-03-26 00:16:48,647] =======================
[INFO:2020-03-26 00:16:48,648] === trading bot end ===
[INFO:2020-03-26 00:16:48,648] =======================
