[INFO:2021-04-13 17:43:30,363] =========================
[INFO:2021-04-13 17:43:30,363] === trading bot start ===
[INFO:2021-04-13 17:43:30,363] =========================
[INFO:2021-04-13 17:43:32,183] amount=0.0005, open_threshold=5000, profit_margin_diff=5000, tick_inverval_sec=3.0
[INFO:2021-04-13 17:45:10,790] OPENING buy-bitbank(3426.034), sell-liquid(3424.355), margin=5351, profit=-1.678
[INFO:2021-04-13 17:45:29,708] CLOSING buy-liquid(3426.562), sell-bitbank(3421.922), margin=961, profit=-4.64
[INFO:2021-04-13 17:46:34,589] OPENING buy-bitbank(3418.633), sell-liquid(3416.251), margin=5357, profit=-2.382
[INFO:2021-04-13 17:46:41,222] CLOSING buy-liquid(3415.032), sell-bitbank(3415.453), margin=842, profit=0.421
[INFO:2021-04-13 17:47:24,573] OPENING buy-bitbank(3416.224), sell-liquid(3410.995), margin=5243, profit=-5.228
[INFO:2021-04-13 17:47:34,207] CLOSING buy-liquid(3416.223), sell-bitbank(3413.043), margin=1433, profit=-3.18
[INFO:2021-04-13 17:48:05,293] OPENING buy-bitbank(3416.094), sell-liquid(3411.264), margin=5184, profit=-4.83
[INFO:2021-04-13 17:48:45,590] open threshold changed from 5000 to 5000
[INFO:2021-04-13 17:53:16,494] CLOSING buy-liquid(3428.15), sell-bitbank(3428.85), margin=1576, profit=0.7
[INFO:2021-04-13 17:53:26,089] OPENING buy-bitbank(3432.345), sell-liquid(3431.084), margin=5615, profit=-1.261
[INFO:2021-04-13 17:53:57,092] open threshold changed from 5000 to 5000
[INFO:2021-04-13 17:54:27,853] CLOSING buy-liquid(3431.832), sell-bitbank(3430.001), margin=337, profit=-1.83
[INFO:2021-04-13 17:56:03,541] OPENING buy-bitbank(3428.084), sell-liquid(3427.447), margin=5895, profit=-0.637
[INFO:2021-04-13 17:58:43,148] CLOSING buy-liquid(3426.874), sell-bitbank(3424.907), margin=-401, profit=-1.967
[INFO:2021-04-13 17:58:59,044] OPENING buy-bitbank(3428.851), sell-liquid(3425.269), margin=7851, profit=-3.582
[INFO:2021-04-13 17:59:08,596] open threshold changed from 5000 to 5000
[INFO:2021-04-13 18:00:19,207] CLOSING buy-liquid(3431.018), sell-bitbank(3429.905), margin=-2377, profit=-1.113
[INFO:2021-04-13 18:01:08,987] OPENING buy-bitbank(3427.633), sell-liquid(3424.99), margin=6081, profit=-2.642
[INFO:2021-04-13 18:01:43,190] CLOSING buy-liquid(3428.062), sell-bitbank(3425.365), margin=-518, profit=-2.697
[INFO:2021-04-13 18:02:17,682] OPENING buy-bitbank(3427.485), sell-liquid(3425.724), margin=5988, profit=-1.762
[INFO:2021-04-13 18:03:56,295] CLOSING buy-liquid(3428.059), sell-bitbank(3424.749), margin=-574, profit=-3.309
[INFO:2021-04-13 18:04:21,179] open threshold changed from 5000 to 5000
[INFO:2021-04-13 18:04:24,412] OPENING buy-bitbank(3428.024), sell-liquid(3426.988), margin=5352, profit=-1.036
[INFO:2021-04-13 18:09:31,177] open threshold changed from 5000 to 5000
[INFO:2021-04-13 18:11:49,311] CLOSING buy-liquid(3428.124), sell-bitbank(3426.35), margin=200, profit=-1.775
[INFO:2021-04-13 18:14:13,936] OPENING buy-bitbank(3429.999), sell-liquid(3427.229), margin=6968, profit=-2.771
[INFO:2021-04-13 18:14:42,649] open threshold changed from 5000 to 5000
[INFO:2021-04-13 18:16:11,645] CLOSING buy-liquid(3431.048), sell-bitbank(3429.571), margin=-1680, profit=-1.477
[INFO:2021-04-13 18:18:48,651] OPENING buy-bitbank(3426.481), sell-liquid(3426.573), margin=6606, profit=0.092
[INFO:2021-04-13 18:19:53,380] open threshold changed from 5000 to 5000
[INFO:2021-04-13 18:19:53,472] CLOSING buy-liquid(3427.046), sell-bitbank(3424.001), margin=-1367, profit=-3.046
[INFO:2021-04-13 18:22:12,410] OPENING buy-bitbank(3418.631), sell-liquid(3418.6), margin=5651, profit=-0.031
[INFO:2021-04-13 18:25:06,410] open threshold changed from 5000 to 6444
[INFO:2021-04-13 18:30:15,790] open threshold changed from 6508 to 5334
[INFO:2021-04-13 18:30:25,133] CLOSING buy-liquid(3417.527), sell-bitbank(3417.501), margin=-306, profit=-0.026
[INFO:2021-04-13 18:30:53,172] OPENING buy-bitbank(3416.749), sell-liquid(3416.251), margin=6479, profit=-0.499
[INFO:2021-04-13 18:33:08,754] CLOSING buy-liquid(3414.782), sell-bitbank(3412.006), margin=-1264, profit=-2.776
[INFO:2021-04-13 18:33:33,660] OPENING buy-bitbank(3414.254), sell-liquid(3411.983), margin=6927, profit=-2.271
[INFO:2021-04-13 18:35:27,305] open threshold changed from 5215 to 8711
[INFO:2021-04-13 18:40:36,323] open threshold changed from 8699 to 9825
[INFO:2021-04-13 18:44:29,148] CLOSING buy-liquid(3424.624), sell-bitbank(3420.5), margin=-3824, profit=-4.124
[INFO:2021-04-13 18:45:09,454] OPENING buy-bitbank(3423.921), sell-liquid(3422.882), margin=11959, profit=-1.039
[INFO:2021-04-13 18:45:46,720] open threshold changed from 9849 to 7973
[INFO:2021-04-13 18:49:33,208] CLOSING buy-liquid(3446.826), sell-bitbank(3443.903), margin=-6577, profit=-2.923
[INFO:2021-04-13 18:49:42,929] OPENING buy-bitbank(3450.125), sell-liquid(3447.392), margin=9993, profit=-2.733
[INFO:2021-04-13 18:50:56,731] open threshold changed from 8153 to 6048
[INFO:2021-04-13 18:50:59,863] CLOSING buy-liquid(3451.789), sell-bitbank(3448.501), margin=-2996, profit=-3.287
[INFO:2021-04-13 18:51:06,400] OPENING buy-bitbank(3453.124), sell-liquid(3451.876), margin=8607, profit=-1.249
[INFO:2021-04-13 18:52:08,149] CLOSING buy-liquid(3457.225), sell-bitbank(3451.064), margin=-2894, profit=-6.161
[INFO:2021-04-13 18:52:14,722] OPENING buy-bitbank(3455.798), sell-liquid(3457.738), margin=8728, profit=1.941
[INFO:2021-04-13 18:52:54,765] CLOSING buy-liquid(3455.383), sell-bitbank(3452.363), margin=-3297, profit=-3.02
[INFO:2021-04-13 18:53:47,572] OPENING buy-bitbank(3451.503), sell-liquid(3448.65), margin=6657, profit=-2.852
[INFO:2021-04-13 18:55:32,345] CLOSING buy-liquid(3451.51), sell-bitbank(3449.548), margin=-1541, profit=-1.961
[INFO:2021-04-13 18:55:57,163] OPENING buy-bitbank(3445.494), sell-liquid(3448.044), margin=6466, profit=2.55
[INFO:2021-04-13 18:56:09,781] open threshold changed from 6075 to 5000
[INFO:2021-04-13 18:56:28,267] CLOSING buy-liquid(3447.044), sell-bitbank(3445.01), margin=-1070, profit=-2.034
[INFO:2021-04-13 18:56:59,698] OPENING buy-liquid(3443.624), sell-bitbank(3442.5), margin=7673, profit=-1.124
[INFO:2021-04-13 18:57:12,315] CLOSING buy-bitbank(3441.914), sell-liquid(3442.315), margin=-2301, profit=0.401
[INFO:2021-04-13 18:57:40,221] OPENING buy-liquid(3441.876), sell-bitbank(3442.51), margin=5768, profit=0.634
[INFO:2021-04-13 18:57:59,022] CLOSING buy-bitbank(3438.124), sell-liquid(3437.508), margin=144, profit=-0.617
[INFO:2021-04-13 18:58:17,959] OPENING buy-bitbank(3443.124), sell-liquid(3437.332), margin=6166, profit=-5.792
[INFO:2021-04-13 18:58:39,871] CLOSING buy-liquid(3442.53), sell-bitbank(3441.287), margin=2, profit=-1.243
[INFO:2021-04-13 19:00:15,200] OPENING buy-bitbank(3446.433), sell-liquid(3446.499), margin=7063, profit=0.066
[INFO:2021-04-13 19:00:34,086] CLOSING buy-liquid(3445.553), sell-bitbank(3444.34), margin=-1410, profit=-1.213
[INFO:2021-04-13 19:01:23,348] open threshold changed from 5000 to 5000
[INFO:2021-04-13 19:01:50,872] OPENING buy-bitbank(3448.748), sell-liquid(3446.886), margin=6665, profit=-1.862
[INFO:2021-04-13 19:02:27,948] CLOSING buy-liquid(3446.678), sell-bitbank(3446.652), margin=424, profit=-0.026
[INFO:2021-04-13 19:03:14,283] OPENING buy-bitbank(3450.624), sell-liquid(3449.76), margin=6215, profit=-0.863
[INFO:2021-04-13 19:05:57,335] CLOSING buy-liquid(3451.238), sell-bitbank(3450.001), margin=101, profit=-1.238
[INFO:2021-04-13 19:06:34,396] open threshold changed from 5000 to 5000
[INFO:2021-04-13 19:09:41,426] OPENING buy-bitbank(3445.624), sell-liquid(3444.245), margin=6426, profit=-1.379
[INFO:2021-04-13 19:11:01,321] CLOSING buy-liquid(3443.512), sell-bitbank(3442.678), margin=-499, profit=-0.834
[INFO:2021-04-13 19:11:44,508] open threshold changed from 5000 to 5000
[INFO:2021-04-13 19:11:59,987] OPENING buy-bitbank(3441.21), sell-liquid(3442.094), margin=6539, profit=0.884
[INFO:2021-04-13 19:12:18,797] CLOSING buy-liquid(3441.095), sell-bitbank(3439.87), margin=-36, profit=-1.225
[INFO:2021-04-13 19:12:43,652] OPENING buy-bitbank(3439.353), sell-liquid(3436.897), margin=6098, profit=-2.456
[INFO:2021-04-13 19:16:54,821] open threshold changed from 5000 to 5370
[INFO:2021-04-13 19:22:03,782] open threshold changed from 5399 to 6592
[INFO:2021-04-13 19:27:12,504] open threshold changed from 6517 to 8718
[INFO:2021-04-13 19:32:21,384] open threshold changed from 8684 to 11323
[INFO:2021-04-13 19:37:20,396] CLOSING buy-liquid(3428.08), sell-bitbank(3425.0), margin=-6159, profit=-3.08
[INFO:2021-04-13 19:37:29,900] open threshold changed from 11303 to 6747
[INFO:2021-04-13 19:37:39,155] OPENING buy-bitbank(3427.502), sell-liquid(3425.751), margin=8853, profit=-1.751
[INFO:2021-04-13 19:42:38,755] open threshold changed from 6742 to 8529
[INFO:2021-04-13 19:47:46,772] open threshold changed from 8551 to 7146
[INFO:2021-04-13 19:52:54,946] open threshold changed from 7109 to 8021
[INFO:2021-04-13 19:58:02,870] open threshold changed from 8035 to 11170
[INFO:2021-04-13 20:02:01,256] CLOSING buy-liquid(3436.731), sell-bitbank(3434.501), margin=-4462, profit=-2.231
[INFO:2021-04-13 20:03:11,698] open threshold changed from 11204 to 5000
[INFO:2021-04-13 20:03:14,859] OPENING buy-bitbank(3431.249), sell-liquid(3431.847), margin=5213, profit=0.597
[INFO:2021-04-13 20:08:22,014] open threshold changed from 5000 to 8707
[INFO:2021-04-13 20:10:05,888] CLOSING buy-liquid(3431.762), sell-bitbank(3430.102), margin=-3319, profit=-1.66
[INFO:2021-04-13 20:12:57,219] OPENING buy-bitbank(3427.425), sell-liquid(3426.876), margin=8753, profit=-0.549
[INFO:2021-04-13 20:13:31,171] open threshold changed from 8697 to 7242
[INFO:2021-04-13 20:18:40,018] open threshold changed from 7229 to 9712
[INFO:2021-04-13 20:23:49,644] open threshold changed from 9655 to 11654
[INFO:2021-04-13 20:28:59,290] open threshold changed from 11653 to 11307
[INFO:2021-04-13 20:34:08,650] open threshold changed from 11260 to 12195
[INFO:2021-04-13 20:39:18,233] open threshold changed from 12144 to 10110
[INFO:2021-04-13 20:42:58,892] =============================
[INFO:2021-04-13 20:42:58,892] = CIRCUIT BREAKER CALLED!!! =
[INFO:2021-04-13 20:42:58,892] =============================
[INFO:2021-04-13 20:42:58,892] waiting for 3 sec ...
[INFO:2021-04-13 20:43:01,896] opening for 30 minutes, force closing start.
[INFO:2021-04-13 20:43:02,103] CLOSING buy-liquid(3452.268), sell-bitbank(3447.464), margin=-12257, profit=-4.804
[INFO:2021-04-13 20:43:02,467] waiting for 3 sec ...
[INFO:2021-04-13 20:43:05,471] force closing end.
[INFO:2021-04-13 20:43:05,828] OPENING buy-bitbank(3454.248), sell-liquid(3453.669), margin=10932, profit=-0.579
[INFO:2021-04-13 20:44:35,106] open threshold changed from 10104 to 10115
[INFO:2021-04-13 20:45:43,016] CLOSING buy-liquid(3452.47), sell-bitbank(3446.888), margin=-4999, profit=-5.582
[INFO:2021-04-13 20:46:18,695] OPENING buy-bitbank(3446.374), sell-liquid(3446.193), margin=11226, profit=-0.181
[INFO:2021-04-13 20:47:02,127] CLOSING buy-liquid(3444.35), sell-bitbank(3441.7), margin=-5298, profit=-2.649
[INFO:2021-04-13 20:49:45,701] OPENING buy-bitbank(3441.49), sell-liquid(3441.354), margin=10585, profit=-0.136
[INFO:2021-04-13 20:49:49,139] open threshold changed from 10183 to 7674
[INFO:2021-04-13 20:54:59,829] open threshold changed from 7731 to 10586
[INFO:2021-04-13 21:00:11,803] open threshold changed from 10506 to 15489
[INFO:2021-04-13 21:00:24,174] CLOSING buy-liquid(3446.177), sell-bitbank(3441.716), margin=-8922, profit=-4.461
[INFO:2021-04-13 21:05:24,836] open threshold changed from 15359 to 12531
[INFO:2021-04-13 21:05:24,936] OPENING buy-bitbank(3444.474), sell-liquid(3444.086), margin=13182, profit=-0.387
[INFO:2021-04-13 21:09:10,354] CLOSING buy-liquid(3452.389), sell-bitbank(3448.0), margin=-3492, profit=-4.389
[INFO:2021-04-13 21:10:12,578] OPENING buy-bitbank(3451.249), sell-liquid(3448.669), margin=13305, profit=-2.581
[INFO:2021-04-13 21:10:37,478] open threshold changed from 12552 to 8825
[INFO:2021-04-13 21:11:23,615] CLOSING buy-liquid(3454.5), sell-bitbank(3448.956), margin=-7517, profit=-5.544
[INFO:2021-04-13 21:11:33,267] OPENING buy-bitbank(3453.867), sell-liquid(3453.685), margin=9509, profit=-0.182
[INFO:2021-04-13 21:13:11,977] CLOSING buy-liquid(3452.28), sell-bitbank(3450.1), margin=-4361, profit=-2.18
[INFO:2021-04-13 21:13:18,548] OPENING buy-bitbank(3455.921), sell-liquid(3457.5), margin=9672, profit=1.579
[INFO:2021-04-13 21:15:49,575] open threshold changed from 8900 to 6866
[INFO:2021-04-13 21:16:29,463] CLOSING buy-liquid(3459.747), sell-bitbank(3457.499), margin=-4498, profit=-2.248
[INFO:2021-04-13 21:16:45,372] OPENING buy-bitbank(3462.404), sell-liquid(3459.376), margin=6922, profit=-3.028
[INFO:2021-04-13 21:17:44,144] CLOSING buy-liquid(3459.147), sell-bitbank(3460.0), margin=286, profit=0.853
[INFO:2021-04-13 21:21:00,579] open threshold changed from 6871 to 5000
[INFO:2021-04-13 21:21:03,736] OPENING buy-bitbank(3452.743), sell-liquid(3451.836), margin=5775, profit=-0.907
[INFO:2021-04-13 21:23:04,967] CLOSING buy-liquid(3451.669), sell-bitbank(3450.0), margin=-532, profit=-1.669
[INFO:2021-04-13 21:23:27,057] OPENING buy-bitbank(3451.079), sell-liquid(3449.589), margin=5698, profit=-1.49
[INFO:2021-04-13 21:26:12,942] open threshold changed from 5000 to 7286
[INFO:2021-04-13 21:31:23,326] open threshold changed from 7303 to 9438
[INFO:2021-04-13 21:36:33,034] open threshold changed from 9412 to 14084
[INFO:2021-04-13 21:41:42,498] open threshold changed from 14185 to 11430
[INFO:2021-04-13 21:46:52,096] open threshold changed from 11394 to 10280
[INFO:2021-04-13 21:52:01,523] open threshold changed from 10370 to 11546
[INFO:2021-04-13 21:53:27,536] =============================
[INFO:2021-04-13 21:53:27,536] = CIRCUIT BREAKER CALLED!!! =
[INFO:2021-04-13 21:53:27,536] =============================
[INFO:2021-04-13 21:53:27,536] waiting for 3 sec ...
[INFO:2021-04-13 21:53:30,540] opening for 30 minutes, force closing start.
[INFO:2021-04-13 21:53:30,779] CLOSING buy-liquid(3448.48), sell-bitbank(3439.999), margin=-16961, profit=-8.481
[INFO:2021-04-13 21:53:31,163] waiting for 3 sec ...
[INFO:2021-04-13 21:53:34,165] force closing end.
[INFO:2021-04-13 21:53:34,316] OPENING buy-bitbank(3448.765), sell-liquid(3448.093), margin=16661, profit=-0.672
[INFO:2021-04-13 21:55:31,681] CLOSING buy-liquid(3448.504), sell-bitbank(3443.501), margin=-10499, profit=-5.003
[INFO:2021-04-13 21:57:19,030] open threshold changed from 11568 to 7927
[INFO:2021-04-13 21:57:22,230] OPENING buy-bitbank(3449.169), sell-liquid(3448.289), margin=9574, profit=-0.88
[INFO:2021-04-13 22:02:34,812] open threshold changed from 7901 to 8665
[INFO:2021-04-13 22:02:34,945] CLOSING buy-liquid(3449.575), sell-bitbank(3445.5), margin=-2299, profit=-4.075
[INFO:2021-04-13 22:04:10,479] OPENING buy-bitbank(3446.222), sell-liquid(3442.802), margin=9919, profit=-3.421
[INFO:2021-04-13 22:07:45,687] open threshold changed from 8459 to 8969
[INFO:2021-04-13 22:12:57,081] open threshold changed from 9008 to 11013
[INFO:2021-04-13 22:13:12,607] CLOSING buy-liquid(3444.91), sell-bitbank(3442.0), margin=-5378, profit=-2.91
[INFO:2021-04-13 22:16:07,651] OPENING buy-bitbank(3445.981), sell-liquid(3445.009), margin=11273, profit=-0.972
[INFO:2021-04-13 22:18:07,739] open threshold changed from 11018 to 8600
[INFO:2021-04-13 22:23:11,058] CLOSING buy-liquid(3438.459), sell-bitbank(3435.789), margin=-5340, profit=-2.67
[INFO:2021-04-13 22:23:17,516] open threshold changed from 8558 to 11312
[INFO:2021-04-13 22:24:21,897] OPENING buy-bitbank(3441.677), sell-liquid(3441.251), margin=12403, profit=-0.426
[INFO:2021-04-13 22:25:20,585] CLOSING buy-liquid(3439.782), sell-bitbank(3435.0), margin=-6800, profit=-4.782
[INFO:2021-04-13 22:28:27,757] open threshold changed from 11217 to 6726
[INFO:2021-04-13 22:28:30,979] OPENING buy-bitbank(3435.168), sell-liquid(3434.983), margin=6844, profit=-0.185
[INFO:2021-04-13 22:32:03,220] CLOSING buy-liquid(3430.624), sell-bitbank(3429.051), margin=-1489, profit=-1.574
[INFO:2021-04-13 22:33:38,458] open threshold changed from 6674 to 5000
[INFO:2021-04-13 22:33:53,794] OPENING buy-bitbank(3428.749), sell-liquid(3427.245), margin=5775, profit=-1.505
[INFO:2021-04-13 22:35:13,681] CLOSING buy-liquid(3427.151), sell-bitbank(3425.0), margin=-364, profit=-2.151
[INFO:2021-04-13 22:36:12,217] OPENING buy-bitbank(3426.08), sell-liquid(3422.783), margin=5812, profit=-3.297
[INFO:2021-04-13 22:38:49,102] open threshold changed from 5000 to 6721
[INFO:2021-04-13 22:44:01,037] open threshold changed from 6810 to 7970
[INFO:2021-04-13 22:49:10,326] open threshold changed from 7982 to 7693
[INFO:2021-04-13 22:54:20,239] open threshold changed from 7840 to 10312
[INFO:2021-04-13 22:58:02,015] CLOSING buy-liquid(3437.841), sell-bitbank(3434.927), margin=-4649, profit=-2.914
[INFO:2021-04-13 22:59:31,315] open threshold changed from 10221 to 6273
[INFO:2021-04-13 22:59:31,458] OPENING buy-bitbank(3439.263), sell-liquid(3439.204), margin=7646, profit=-0.059
[INFO:2021-04-13 23:01:59,480] CLOSING buy-liquid(3436.044), sell-bitbank(3434.928), margin=-2234, profit=-1.117
[INFO:2021-04-13 23:02:12,289] OPENING buy-bitbank(3437.148), sell-liquid(3436.479), margin=7280, profit=-0.668
[INFO:2021-04-13 23:02:43,363] CLOSING buy-liquid(3434.354), sell-bitbank(3433.284), margin=-1832, profit=-1.071
[INFO:2021-04-13 23:02:53,047] OPENING buy-bitbank(3434.062), sell-liquid(3433.751), margin=6610, profit=-0.311
[INFO:2021-04-13 23:04:43,759] open threshold changed from 6317 to 5000
[INFO:2021-04-13 23:09:54,154] open threshold changed from 5000 to 9651
[INFO:2021-04-13 23:15:03,962] open threshold changed from 9569 to 8354
[INFO:2021-04-13 23:20:14,332] open threshold changed from 8281 to 7867
[INFO:2021-04-13 23:21:37,377] CLOSING buy-liquid(3436.745), sell-bitbank(3434.417), margin=-1685, profit=-2.328
[INFO:2021-04-13 23:24:51,908] OPENING buy-bitbank(3437.28), sell-liquid(3437.42), margin=8103, profit=0.14
[INFO:2021-04-13 23:25:25,987] open threshold changed from 7696 to 6189
[INFO:2021-04-13 23:30:36,369] open threshold changed from 6223 to 8539
[INFO:2021-04-13 23:35:46,364] open threshold changed from 8404 to 10778
[INFO:2021-04-13 23:40:55,919] open threshold changed from 10872 to 9965
[INFO:2021-04-13 23:46:04,845] open threshold changed from 9911 to 11495
[INFO:2021-04-13 23:51:04,506] CLOSING buy-liquid(3440.072), sell-bitbank(3436.0), margin=-6314, profit=-4.072
[INFO:2021-04-13 23:51:14,060] open threshold changed from 11494 to 8459
[INFO:2021-04-13 23:52:12,907] OPENING buy-bitbank(3438.062), sell-liquid(3437.885), margin=8443, profit=-0.177
[INFO:2021-04-13 23:56:23,855] open threshold changed from 8381 to 11785
[INFO:2021-04-14 00:01:32,754] open threshold changed from 11839 to 14020
[INFO:2021-04-14 00:06:41,431] open threshold changed from 13971 to 16055
[INFO:2021-04-14 00:07:50,776] CLOSING buy-liquid(3447.285), sell-bitbank(3439.834), margin=-10744, profit=-7.451
[INFO:2021-04-14 00:11:52,516] open threshold changed from 15975 to 10530
[INFO:2021-04-14 00:11:52,622] OPENING buy-bitbank(3442.932), sell-liquid(3441.927), margin=11400, profit=-1.005
[INFO:2021-04-14 00:17:01,456] open threshold changed from 10558 to 10415
[INFO:2021-04-14 00:22:10,158] open threshold changed from 10398 to 13643
[INFO:2021-04-14 00:27:19,414] open threshold changed from 13614 to 17551
[INFO:2021-04-14 00:32:28,365] open threshold changed from 17582 to 16060
[INFO:2021-04-14 00:36:12,030] CLOSING buy-liquid(3449.099), sell-bitbank(3441.391), margin=-10900, profit=-7.708
[INFO:2021-04-14 00:37:13,996] OPENING buy-bitbank(3447.499), sell-liquid(3445.916), margin=16940, profit=-1.583
[INFO:2021-04-14 00:37:38,873] open threshold changed from 15991 to 12914
[INFO:2021-04-14 00:42:47,374] open threshold changed from 13005 to 18813
[INFO:2021-04-14 00:44:00,944] CLOSING buy-liquid(3471.524), sell-bitbank(3465.515), margin=-12183, profit=-6.008
[INFO:2021-04-14 00:47:57,400] open threshold changed from 18807 to 8979
[INFO:2021-04-14 00:47:57,483] OPENING buy-bitbank(3463.526), sell-liquid(3462.501), margin=11800, profit=-1.026
[INFO:2021-04-14 00:49:08,629] CLOSING buy-liquid(3465.124), sell-bitbank(3455.437), margin=-5877, profit=-9.688
[INFO:2021-04-14 00:49:12,151] OPENING buy-bitbank(3457.327), sell-liquid(3463.751), margin=14942, profit=6.424
[INFO:2021-04-14 00:53:08,212] open threshold changed from 9070 to 15644
[INFO:2021-04-14 00:58:17,022] open threshold changed from 15732 to 16243
[INFO:2021-04-14 00:59:36,350] CLOSING buy-liquid(3462.45), sell-bitbank(3456.376), margin=-10104, profit=-6.074
[INFO:2021-04-14 01:00:07,319] OPENING buy-bitbank(3466.249), sell-liquid(3460.246), margin=17869, profit=-6.003
[INFO:2021-04-14 01:00:32,656] CLOSING buy-liquid(3471.247), sell-bitbank(3460.493), margin=-12295, profit=-10.754
[INFO:2021-04-14 01:00:42,234] OPENING buy-bitbank(3470.624), sell-liquid(3468.765), margin=20103, profit=-1.859
[INFO:2021-04-14 01:01:56,441] CLOSING buy-liquid(3472.569), sell-bitbank(3467.502), margin=-14995, profit=-5.067
[INFO:2021-04-14 01:02:30,510] OPENING buy-bitbank(3477.269), sell-liquid(3472.068), margin=19018, profit=-5.201
[INFO:2021-04-14 01:03:07,613] CLOSING buy-liquid(3479.811), sell-bitbank(3470.97), margin=-12409, profit=-8.84
[INFO:2021-04-14 01:03:29,335] open threshold changed from 16165 to 12990
[INFO:2021-04-14 01:03:32,517] OPENING buy-bitbank(3478.56), sell-liquid(3473.222), margin=15865, profit=-5.338
[INFO:2021-04-14 01:04:15,676] CLOSING buy-liquid(3478.229), sell-bitbank(3472.9), margin=-10689, profit=-5.329
[INFO:2021-04-14 01:04:25,276] OPENING buy-bitbank(3477.599), sell-liquid(3479.298), margin=12908, profit=1.699
[INFO:2021-04-14 01:08:38,973] open threshold changed from 12904 to 14592
[INFO:2021-04-14 01:13:47,406] open threshold changed from 14686 to 14718
[INFO:2021-04-14 01:15:19,111] CLOSING buy-liquid(3466.682), sell-bitbank(3458.481), margin=-7386, profit=-8.201
[INFO:2021-04-14 01:18:07,591] OPENING buy-bitbank(3458.566), sell-liquid(3457.177), margin=14973, profit=-1.389
[INFO:2021-04-14 01:18:56,806] open threshold changed from 14699 to 12322
[INFO:2021-04-14 01:23:53,619] CLOSING buy-liquid(3459.639), sell-bitbank(3452.552), margin=-9929, profit=-7.087
[INFO:2021-04-14 01:24:06,152] open threshold changed from 12317 to 11053
[INFO:2021-04-14 01:24:06,235] OPENING buy-bitbank(3455.464), sell-liquid(3457.191), margin=11517, profit=1.727
[INFO:2021-04-14 01:29:14,873] open threshold changed from 11068 to 17081
[INFO:2021-04-14 01:29:24,123] CLOSING buy-liquid(3456.876), sell-bitbank(3450.907), margin=-11939, profit=-5.97
[INFO:2021-04-14 01:30:28,583] OPENING buy-bitbank(3458.871), sell-liquid(3458.441), margin=17979, profit=-0.43
[INFO:2021-04-14 01:31:33,120] CLOSING buy-liquid(3456.104), sell-bitbank(3449.452), margin=-12888, profit=-6.653
[INFO:2021-04-14 01:32:04,135] OPENING buy-bitbank(3459.12), sell-liquid(3458.184), margin=32674, profit=-0.936
[INFO:2021-04-14 01:32:07,638] CLOSING buy-liquid(3457.943), sell-bitbank(3447.999), margin=-20233, profit=-9.943
[INFO:2021-04-14 01:32:11,149] OPENING buy-bitbank(3458.108), sell-liquid(3456.803), margin=17130, profit=-1.305
[INFO:2021-04-14 01:34:25,783] open threshold changed from 17022 to 16652
[INFO:2021-04-14 01:39:34,401] open threshold changed from 16613 to 21729
[INFO:2021-04-14 01:44:42,278] open threshold changed from 21647 to 22000
[INFO:2021-04-14 01:46:35,014] CLOSING buy-liquid(3450.698), sell-bitbank(3441.422), margin=-16331, profit=-9.276
[INFO:2021-04-14 01:49:44,496] OPENING buy-bitbank(3449.656), sell-liquid(3448.262), margin=22347, profit=-1.394
[INFO:2021-04-14 01:49:50,957] open threshold changed from 21912 to 18408
[INFO:2021-04-14 01:51:13,373] CLOSING buy-liquid(3447.363), sell-bitbank(3439.001), margin=-16724, profit=-8.362
[INFO:2021-04-14 01:54:59,137] open threshold changed from 18504 to 14995
[INFO:2021-04-14 01:54:59,216] OPENING buy-bitbank(3447.154), sell-liquid(3445.0), margin=15896, profit=-2.154
[INFO:2021-04-14 01:57:22,948] CLOSING buy-liquid(3444.354), sell-bitbank(3437.992), margin=-10807, profit=-6.361
[INFO:2021-04-14 01:58:30,490] OPENING buy-bitbank(3446.249), sell-liquid(3444.899), margin=15832, profit=-1.35
[INFO:2021-04-14 02:00:08,429] open threshold changed from 15024 to 16890
[INFO:2021-04-14 02:01:27,980] CLOSING buy-liquid(3451.874), sell-bitbank(3444.841), margin=-8425, profit=-7.034
[INFO:2021-04-14 02:05:17,375] open threshold changed from 16798 to 9414
[INFO:2021-04-14 02:05:17,454] OPENING buy-bitbank(3444.581), sell-liquid(3443.652), margin=11868, profit=-0.929
[INFO:2021-04-14 02:06:37,248] CLOSING buy-liquid(3445.226), sell-bitbank(3441.097), margin=-5812, profit=-4.129
[INFO:2021-04-14 02:07:41,850] OPENING buy-bitbank(3446.12), sell-liquid(3443.797), margin=9767, profit=-2.323
[INFO:2021-04-14 02:10:26,793] open threshold changed from 9493 to 11336
[INFO:2021-04-14 02:15:35,378] open threshold changed from 11361 to 10093
[INFO:2021-04-14 02:20:43,384] open threshold changed from 10171 to 10200
[INFO:2021-04-14 02:25:53,681] open threshold changed from 10254 to 8670
[INFO:2021-04-14 02:31:01,421] open threshold changed from 8714 to 8850
[INFO:2021-04-14 02:36:09,315] open threshold changed from 8922 to 6967
[INFO:2021-04-14 02:37:43,825] =============================
[INFO:2021-04-14 02:37:43,825] = CIRCUIT BREAKER CALLED!!! =
[INFO:2021-04-14 02:37:43,825] =============================
[INFO:2021-04-14 02:37:43,825] waiting for 3 sec ...
[INFO:2021-04-14 02:37:46,829] opening for 30 minutes, force closing start.
[INFO:2021-04-14 02:37:46,947] CLOSING buy-liquid(3451.84), sell-bitbank(3446.676), margin=-11068, profit=-5.164
[INFO:2021-04-14 02:37:47,312] waiting for 3 sec ...
[INFO:2021-04-14 02:37:50,316] force closing end.
[INFO:2021-04-14 02:37:50,442] OPENING buy-bitbank(3451.317), sell-liquid(3451.251), margin=8088, profit=-0.066
[INFO:2021-04-14 02:41:24,207] open threshold changed from 7036 to 7198
[INFO:2021-04-14 02:46:32,137] open threshold changed from 7167 to 11626
[INFO:2021-04-14 02:51:43,449] open threshold changed from 11573 to 10610
[INFO:2021-04-14 02:56:52,773] open threshold changed from 10702 to 14097
[INFO:2021-04-14 03:02:01,598] open threshold changed from 14215 to 19771
[INFO:2021-04-14 03:07:10,432] open threshold changed from 19731 to 21105
[INFO:2021-04-14 03:07:53,111] =============================
[INFO:2021-04-14 03:07:53,112] = CIRCUIT BREAKER CALLED!!! =
[INFO:2021-04-14 03:07:53,112] =============================
[INFO:2021-04-14 03:07:53,112] waiting for 3 sec ...
[INFO:2021-04-14 03:07:56,115] opening for 30 minutes, force closing start.
[INFO:2021-04-14 03:07:56,259] CLOSING buy-liquid(3460.621), sell-bitbank(3450.356), margin=-20453, profit=-10.265
[INFO:2021-04-14 03:07:56,615] waiting for 3 sec ...
[INFO:2021-04-14 03:07:59,619] force closing end.
[INFO:2021-04-14 03:11:27,853] OPENING buy-bitbank(3461.869), sell-liquid(3459.577), margin=21542, profit=-2.292
[INFO:2021-04-14 03:12:26,277] open threshold changed from 21075 to 20519
[INFO:2021-04-14 03:17:35,191] open threshold changed from 20513 to 24474
[INFO:2021-04-14 03:18:05,921] CLOSING buy-liquid(3464.91), sell-bitbank(3453.758), margin=-19510, profit=-11.152
[INFO:2021-04-14 03:20:45,577] OPENING buy-bitbank(3462.825), sell-liquid(3462.706), margin=25385, profit=-0.119
[INFO:2021-04-14 03:21:28,884] CLOSING buy-liquid(3462.017), sell-bitbank(3450.124), margin=-19684, profit=-11.892
[INFO:2021-04-14 03:22:45,628] open threshold changed from 24514 to 21323
[INFO:2021-04-14 03:22:45,712] OPENING buy-bitbank(3459.999), sell-liquid(3459.347), margin=21472, profit=-0.652
[INFO:2021-04-14 03:27:54,900] open threshold changed from 21328 to 21539
[INFO:2021-04-14 03:33:03,814] open threshold changed from 21434 to 20734
[INFO:2021-04-14 03:34:33,061] CLOSING buy-liquid(3457.85), sell-bitbank(3450.0), margin=-15767, profit=-7.85
[INFO:2021-04-14 03:35:16,372] OPENING buy-bitbank(3456.195), sell-liquid(3456.43), margin=20975, profit=0.235
[INFO:2021-04-14 03:38:15,977] open threshold changed from 20805 to 23337
[INFO:2021-04-14 03:43:25,272] open threshold changed from 23262 to 22368
[INFO:2021-04-14 03:45:40,393] CLOSING buy-liquid(3449.374), sell-bitbank(3440.0), margin=-16895, profit=-9.374
[INFO:2021-04-14 03:45:50,043] OPENING buy-bitbank(3448.224), sell-liquid(3448.588), margin=23538, profit=0.363
[INFO:2021-04-14 03:46:27,291] CLOSING buy-liquid(3441.501), sell-bitbank(3435.0), margin=-14646, profit=-6.501
[INFO:2021-04-14 03:46:49,234] OPENING buy-bitbank(3443.678), sell-liquid(3442.23), margin=22627, profit=-1.448
[INFO:2021-04-14 03:48:36,877] open threshold changed from 22412 to 26538
[INFO:2021-04-14 03:53:43,520] CLOSING buy-liquid(3441.769), sell-bitbank(3427.99), margin=-20727, profit=-13.779
[INFO:2021-04-14 03:53:46,939] open threshold changed from 26460 to 25933
[INFO:2021-04-14 03:54:20,905] OPENING buy-bitbank(3434.349), sell-liquid(3436.731), margin=26631, profit=2.383
[INFO:2021-04-14 03:54:33,632] CLOSING buy-liquid(3433.124), sell-bitbank(3420.3), margin=-19240, profit=-12.824
[INFO:2021-04-14 03:55:14,246] OPENING buy-bitbank(3429.374), sell-liquid(3429.314), margin=27107, profit=-0.061
[INFO:2021-04-14 03:56:59,280] CLOSING buy-liquid(3429.484), sell-bitbank(3412.5), margin=-21799, profit=-16.984
[INFO:2021-04-14 03:57:18,238] OPENING buy-bitbank(3426.586), sell-liquid(3421.623), margin=32611, profit=-4.963
[INFO:2021-04-14 03:58:59,968] open threshold changed from 25791 to 29963
[INFO:2021-04-14 03:59:03,155] CLOSING buy-liquid(3425.377), sell-bitbank(3410.004), margin=-27430, profit=-15.373
[INFO:2021-04-14 03:59:09,812] OPENING buy-bitbank(3426.64), sell-liquid(3422.867), margin=31590, profit=-3.773
[INFO:2021-04-14 04:02:11,756] CLOSING buy-liquid(3428.599), sell-bitbank(3415.836), margin=-25525, profit=-12.763
[INFO:2021-04-14 04:02:52,121] OPENING buy-bitbank(3431.728), sell-liquid(3431.028), margin=30160, profit=-0.7
[INFO:2021-04-14 04:03:51,566] CLOSING buy-liquid(3431.872), sell-bitbank(3416.262), margin=-25069, profit=-15.61
[INFO:2021-04-14 04:04:13,459] open threshold changed from 29897 to 26703
[INFO:2021-04-14 04:04:22,746] OPENING buy-bitbank(3430.589), sell-liquid(3429.297), margin=26815, profit=-1.292
[INFO:2021-04-14 04:09:23,489] open threshold changed from 26688 to 25740
[INFO:2021-04-14 04:12:18,368] CLOSING buy-liquid(3430.001), sell-bitbank(3420.578), margin=-20278, profit=-9.423
[INFO:2021-04-14 04:14:33,668] open threshold changed from 25806 to 21405
[INFO:2021-04-14 04:14:33,767] OPENING buy-bitbank(3430.814), sell-liquid(3430.955), margin=22955, profit=0.141
[INFO:2021-04-14 04:19:44,752] open threshold changed from 21455 to 22248
[INFO:2021-04-14 04:21:29,366] CLOSING buy-liquid(3432.865), sell-bitbank(3423.001), margin=-16089, profit=-9.865
[INFO:2021-04-14 04:24:55,464] open threshold changed from 22225 to 13986
[INFO:2021-04-14 04:24:55,559] OPENING buy-bitbank(3429.612), sell-liquid(3427.682), margin=20276, profit=-1.93
[INFO:2021-04-14 04:27:20,760] CLOSING buy-liquid(3427.864), sell-bitbank(3420.305), margin=-15119, profit=-7.559
[INFO:2021-04-14 04:27:27,398] OPENING buy-bitbank(3428.086), sell-liquid(3428.075), margin=15543, profit=-0.011
[INFO:2021-04-14 04:30:07,657] open threshold changed from 14189 to 13829
[INFO:2021-04-14 04:31:03,078] CLOSING buy-liquid(3421.273), sell-bitbank(3417.174), margin=-9609, profit=-4.099
[INFO:2021-04-14 04:31:18,826] OPENING buy-bitbank(3422.554), sell-liquid(3422.073), margin=14141, profit=-0.481
[INFO:2021-04-14 04:35:18,426] open threshold changed from 13874 to 16413
[INFO:2021-04-14 04:40:28,868] open threshold changed from 16540 to 14564
[INFO:2021-04-14 04:42:07,208] keyboard interuption occured. stop trading bot...
[INFO:2021-04-14 04:42:07,208] =======================
[INFO:2021-04-14 04:42:07,208] === trading bot end ===
[INFO:2021-04-14 04:42:07,209] =======================
