[INFO:2020-03-25 10:37:42,368] =========================
[INFO:2020-03-25 10:37:42,368] === trading bot start ===
[INFO:2020-03-25 10:37:42,368] =========================
[INFO:2020-03-25 10:37:44,424] amount=0.006, open_threshold=2000, profit_margin_diff=1000
[INFO:2020-03-25 10:43:06,802] open threshold changed from 2000 to 1000
[INFO:2020-03-25 10:48:26,836] open threshold changed from 1000 to 1000
[INFO:2020-03-25 10:52:19,983] OPENING buy-liquid(4450.896), sell-coincheck(4458.0), margin=1164, profit=7.1
[INFO:2020-03-25 10:52:51,152] CLOSING buy-coincheck(4452.0), sell-liquid(4450.704), margin=-136, profit=-1.3
[INFO:2020-03-25 10:53:46,464] open threshold changed from 1000 to 1000
[INFO:2020-03-25 10:55:20,548] OPENING buy-liquid(4431.048), sell-coincheck(4438.062), margin=1169, profit=7.0
[INFO:2020-03-25 10:58:05,720] CLOSING buy-coincheck(4401.0), sell-liquid(4399.314), margin=-87, profit=-1.7
[INFO:2020-03-25 10:59:06,692] open threshold changed from 1000 to 1000
[INFO:2020-03-25 10:59:26,814] OPENING buy-liquid(4406.604), sell-coincheck(4413.492), margin=1129, profit=6.9
[INFO:2020-03-25 11:01:36,615] CLOSING buy-coincheck(4414.0), sell-liquid(4413.888), margin=184, profit=-0.1
[INFO:2020-03-25 11:04:27,962] open threshold changed from 1000 to 1000
[INFO:2020-03-25 11:07:55,544] OPENING buy-liquid(4412.112), sell-coincheck(4418.298), margin=1031, profit=6.2
[INFO:2020-03-25 11:08:16,365] CLOSING buy-coincheck(4412.0), sell-liquid(4412.49), margin=168, profit=0.5
[INFO:2020-03-25 11:09:47,673] open threshold changed from 1000 to 1000
[INFO:2020-03-25 11:15:07,856] open threshold changed from 1000 to 1000
[INFO:2020-03-25 11:20:25,585] OPENING buy-liquid(4431.522), sell-coincheck(4436.832), margin=1039, profit=5.3
[INFO:2020-03-25 11:20:28,100] open threshold changed from 1000 to 1000
[INFO:2020-03-25 11:20:44,151] CLOSING buy-coincheck(4433.0), sell-liquid(4434.366), margin=226, profit=1.4
[INFO:2020-03-25 11:25:48,584] open threshold changed from 1000 to 1000
[INFO:2020-03-25 11:31:08,274] open threshold changed from 1000 to 1000
[INFO:2020-03-25 11:36:16,639] OPENING buy-liquid(4399.632), sell-coincheck(4406.16), margin=1088, profit=6.5
[INFO:2020-03-25 11:36:28,865] open threshold changed from 1000 to 1000
[INFO:2020-03-25 11:37:00,984] CLOSING buy-coincheck(4396.0), sell-liquid(4394.694), margin=-56, profit=-1.3
[INFO:2020-03-25 11:37:32,320] OPENING buy-liquid(4384.44), sell-coincheck(4389.882), margin=1262, profit=5.4
[INFO:2020-03-25 11:37:36,027] CLOSING buy-coincheck(4388.0), sell-liquid(4384.812), margin=-219, profit=-3.2
[INFO:2020-03-25 11:41:49,993] open threshold changed from 1000 to 1000
[INFO:2020-03-25 11:45:19,251] OPENING buy-liquid(4383.6), sell-coincheck(4390.62), margin=1170, profit=7.0
[INFO:2020-03-25 11:45:42,294] CLOSING buy-coincheck(4386.0), sell-liquid(4382.466), margin=-42, profit=-3.5
[INFO:2020-03-25 11:47:10,996] open threshold changed from 1000 to 1000
[INFO:2020-03-25 11:51:04,040] OPENING buy-liquid(4373.448), sell-coincheck(4383.894), margin=1157, profit=10.4
[INFO:2020-03-25 11:51:22,659] CLOSING buy-coincheck(4374.0), sell-liquid(4374.33), margin=155, profit=0.3
[INFO:2020-03-25 11:52:31,284] open threshold changed from 1000 to 1000
[INFO:2020-03-25 11:57:50,779] open threshold changed from 1000 to 1000
[INFO:2020-03-25 12:03:10,140] open threshold changed from 1000 to 1000
[INFO:2020-03-25 12:08:29,371] open threshold changed from 1000 to 1000
[INFO:2020-03-25 12:13:48,377] open threshold changed from 1000 to 1000
[INFO:2020-03-25 12:19:07,487] open threshold changed from 1000 to 1000
[INFO:2020-03-25 12:24:26,808] open threshold changed from 1000 to 1000
[INFO:2020-03-25 12:29:47,122] open threshold changed from 1000 to 1000
[INFO:2020-03-25 12:35:07,214] open threshold changed from 1000 to 1000
[INFO:2020-03-25 12:40:21,760] OPENING buy-liquid(4378.224), sell-coincheck(4384.572), margin=1017, profit=6.3
[INFO:2020-03-25 12:40:27,480] open threshold changed from 1000 to 1000
[INFO:2020-03-25 12:42:10,555] CLOSING buy-coincheck(4381.0), sell-liquid(4380.402), margin=318, profit=-0.6
[INFO:2020-03-25 12:43:49,597] OPENING buy-liquid(4379.496), sell-coincheck(4386.006), margin=1319, profit=6.5
[INFO:2020-03-25 12:45:27,844] CLOSING buy-coincheck(4382.0), sell-liquid(4381.122), margin=-16, profit=-0.9
[INFO:2020-03-25 12:45:48,635] open threshold changed from 1000 to 1000
[INFO:2020-03-25 12:47:06,182] OPENING buy-liquid(4362.462), sell-coincheck(4369.212), margin=1069, profit=6.8
[INFO:2020-03-25 12:48:13,689] CLOSING buy-coincheck(4362.0), sell-liquid(4360.89), margin=-47, profit=-1.1
[INFO:2020-03-25 12:49:14,903] OPENING buy-liquid(4359.132), sell-coincheck(4365.57), margin=1073, profit=6.4
[INFO:2020-03-25 12:50:18,047] CLOSING buy-coincheck(4369.0), sell-liquid(4367.604), margin=-60, profit=-1.4
[INFO:2020-03-25 12:51:11,272] open threshold changed from 1000 to 1000
[INFO:2020-03-25 12:56:30,709] open threshold changed from 1000 to 1000
[INFO:2020-03-25 13:01:51,582] open threshold changed from 1000 to 1000
[INFO:2020-03-25 13:07:11,946] open threshold changed from 1000 to 1000
[INFO:2020-03-25 13:10:34,449] OPENING buy-coincheck(4397.0), sell-liquid(4401.426), margin=1158, profit=4.4
[INFO:2020-03-25 13:10:40,270] CLOSING buy-liquid(4401.546), sell-coincheck(4401.294), margin=-51, profit=-0.3
[INFO:2020-03-25 13:12:34,704] open threshold changed from 1000 to 1000
[INFO:2020-03-25 13:17:54,499] open threshold changed from 1000 to 1000
[INFO:2020-03-25 13:23:14,144] open threshold changed from 1000 to 1000
[INFO:2020-03-25 13:28:32,775] open threshold changed from 1000 to 1000
[INFO:2020-03-25 13:33:52,408] open threshold changed from 1000 to 1000
[INFO:2020-03-25 13:39:12,864] open threshold changed from 1000 to 1000
[INFO:2020-03-25 13:43:14,110] OPENING buy-liquid(4395.768), sell-coincheck(4400.352), margin=1539, profit=4.6
[INFO:2020-03-25 13:43:46,676] CLOSING buy-coincheck(4398.0), sell-liquid(4396.758), margin=-211, profit=-1.2
[INFO:2020-03-25 13:44:33,733] open threshold changed from 1000 to 1000
[INFO:2020-03-25 13:49:52,933] open threshold changed from 1000 to 1000
[INFO:2020-03-25 13:55:12,310] open threshold changed from 1000 to 1000
[INFO:2020-03-25 14:00:32,723] open threshold changed from 1000 to 1000
[INFO:2020-03-25 14:01:00,424] OPENING buy-liquid(4434.888), sell-coincheck(4433.964), margin=1087, profit=-0.9
[INFO:2020-03-25 14:02:26,933] CLOSING buy-coincheck(4430.0), sell-liquid(4429.59), margin=217, profit=-0.4
[INFO:2020-03-25 14:05:54,216] open threshold changed from 1000 to 1000
[INFO:2020-03-25 14:09:14,189] keyboard interuption occured. stop trading bot...
[INFO:2020-03-25 14:09:14,189] =======================
[INFO:2020-03-25 14:09:14,189] === trading bot end ===
[INFO:2020-03-25 14:09:14,189] =======================
