[INFO:2021-04-15 16:22:46,643] waiting OPENING sell-liquid/buy-bitbank margin:849, open_threshold:5000
[INFO:2021-04-15 16:22:47,661] waiting OPENING sell-liquid/buy-bitbank margin:849, open_threshold:5000
[INFO:2021-04-15 16:22:48,668] waiting OPENING sell-liquid/buy-bitbank margin:849, open_threshold:5000
[INFO:2021-04-15 16:22:49,673] waiting OPENING sell-liquid/buy-bitbank margin:375, open_threshold:5000
[INFO:2021-04-15 16:22:50,684] waiting OPENING sell-liquid/buy-bitbank margin:401, open_threshold:5000
[INFO:2021-04-15 16:22:51,693] waiting OPENING sell-liquid/buy-bitbank margin:401, open_threshold:5000
[INFO:2021-04-15 16:22:52,703] waiting OPENING sell-bitbank/buy-liquid margin:-499, open_threshold:5000
[INFO:2021-04-15 16:22:53,714] waiting OPENING sell-bitbank/buy-liquid margin:-499, open_threshold:5000
[INFO:2021-04-15 16:22:54,735] waiting OPENING sell-bitbank/buy-liquid margin:-499, open_threshold:5000
[INFO:2021-04-15 16:22:55,752] waiting OPENING sell-bitbank/buy-liquid margin:-499, open_threshold:5000
[INFO:2021-04-15 16:22:56,782] waiting OPENING sell-bitbank/buy-liquid margin:-499, open_threshold:5000
[INFO:2021-04-15 16:22:57,792] waiting OPENING sell-bitbank/buy-liquid margin:-499, open_threshold:5000
[INFO:2021-04-15 16:22:58,808] waiting OPENING sell-bitbank/buy-liquid margin:668, open_threshold:5000
[INFO:2021-04-15 16:22:59,824] waiting OPENING sell-bitbank/buy-liquid margin:668, open_threshold:5000
[INFO:2021-04-15 16:23:00,829] waiting OPENING sell-bitbank/buy-liquid margin:668, open_threshold:5000
[INFO:2021-04-15 16:23:01,847] waiting OPENING sell-bitbank/buy-liquid margin:668, open_threshold:5000
[INFO:2021-04-15 16:23:02,865] waiting OPENING sell-bitbank/buy-liquid margin:668, open_threshold:5000
[INFO:2021-04-15 16:23:03,873] waiting OPENING sell-bitbank/buy-liquid margin:425, open_threshold:5000
[INFO:2021-04-15 16:23:04,976] waiting OPENING sell-bitbank/buy-liquid margin:425, open_threshold:5000
[INFO:2021-04-15 16:23:05,991] waiting OPENING sell-bitbank/buy-liquid margin:558, open_threshold:5000
[INFO:2021-04-15 16:23:07,037] waiting OPENING sell-bitbank/buy-liquid margin:1631, open_threshold:5000
[INFO:2021-04-15 16:23:08,046] waiting OPENING sell-bitbank/buy-liquid margin:1981, open_threshold:5000
[INFO:2021-04-15 16:23:09,076] waiting OPENING sell-bitbank/buy-liquid margin:2015, open_threshold:5000
[INFO:2021-04-15 16:23:10,182] waiting OPENING sell-bitbank/buy-liquid margin:3196, open_threshold:5000
[INFO:2021-04-15 16:23:11,203] waiting OPENING sell-bitbank/buy-liquid margin:3196, open_threshold:5000
[INFO:2021-04-15 16:23:12,215] waiting OPENING sell-bitbank/buy-liquid margin:4554, open_threshold:5000
[INFO:2021-04-15 16:23:13,233] waiting OPENING sell-bitbank/buy-liquid margin:3781, open_threshold:5000
[INFO:2021-04-15 16:23:14,249] waiting OPENING sell-bitbank/buy-liquid margin:3781, open_threshold:5000
[INFO:2021-04-15 16:23:15,253] waiting OPENING sell-bitbank/buy-liquid margin:3781, open_threshold:5000
[INFO:2021-04-15 16:23:16,262] waiting OPENING sell-bitbank/buy-liquid margin:3781, open_threshold:5000
[INFO:2021-04-15 16:23:17,285] waiting OPENING sell-bitbank/buy-liquid margin:3811, open_threshold:5000
[INFO:2021-04-15 16:23:18,293] waiting OPENING sell-bitbank/buy-liquid margin:3811, open_threshold:5000
[INFO:2021-04-15 16:23:19,313] waiting OPENING sell-bitbank/buy-liquid margin:4194, open_threshold:5000
[INFO:2021-04-15 16:23:20,344] waiting OPENING sell-bitbank/buy-liquid margin:4194, open_threshold:5000
[INFO:2021-04-15 16:23:21,389] waiting OPENING sell-bitbank/buy-liquid margin:4328, open_threshold:5000
[INFO:2021-04-15 16:23:22,406] waiting OPENING sell-bitbank/buy-liquid margin:4448, open_threshold:5000
[INFO:2021-04-15 16:23:23,412] waiting OPENING sell-bitbank/buy-liquid margin:4828, open_threshold:5000
[INFO:2021-04-15 16:23:24,430] waiting OPENING sell-bitbank/buy-liquid margin:-852, open_threshold:5000
[INFO:2021-04-15 16:23:25,461] waiting OPENING sell-bitbank/buy-liquid margin:986, open_threshold:5000
[INFO:2021-04-15 16:23:26,479] waiting OPENING sell-bitbank/buy-liquid margin:993, open_threshold:5000
[INFO:2021-04-15 16:23:27,492] waiting OPENING sell-bitbank/buy-liquid margin:993, open_threshold:5000
[INFO:2021-04-15 16:23:28,549] waiting OPENING sell-bitbank/buy-liquid margin:994, open_threshold:5000
[INFO:2021-04-15 16:23:29,567] waiting OPENING sell-bitbank/buy-liquid margin:1037, open_threshold:5000
[INFO:2021-04-15 16:23:30,570] waiting OPENING sell-bitbank/buy-liquid margin:1037, open_threshold:5000
[INFO:2021-04-15 16:23:31,598] waiting OPENING sell-bitbank/buy-liquid margin:1037, open_threshold:5000
[INFO:2021-04-15 16:23:32,610] waiting OPENING sell-bitbank/buy-liquid margin:1037, open_threshold:5000
[INFO:2021-04-15 16:23:33,633] waiting OPENING sell-bitbank/buy-liquid margin:899, open_threshold:5000
[INFO:2021-04-15 16:23:34,686] waiting OPENING sell-bitbank/buy-liquid margin:906, open_threshold:5000
[INFO:2021-04-15 16:23:35,727] waiting OPENING sell-bitbank/buy-liquid margin:906, open_threshold:5000
[INFO:2021-04-15 16:23:36,733] waiting OPENING sell-bitbank/buy-liquid margin:994, open_threshold:5000
[INFO:2021-04-15 16:23:37,773] waiting OPENING sell-bitbank/buy-liquid margin:1271, open_threshold:5000
[INFO:2021-04-15 16:23:38,779] waiting OPENING sell-bitbank/buy-liquid margin:1555, open_threshold:5000
[INFO:2021-04-15 16:23:39,785] waiting OPENING sell-bitbank/buy-liquid margin:1555, open_threshold:5000
[INFO:2021-04-15 16:23:40,826] waiting OPENING sell-bitbank/buy-liquid margin:1555, open_threshold:5000
[INFO:2021-04-15 16:23:41,833] waiting OPENING sell-bitbank/buy-liquid margin:1584, open_threshold:5000
[INFO:2021-04-15 16:23:42,838] waiting OPENING sell-bitbank/buy-liquid margin:1584, open_threshold:5000
[INFO:2021-04-15 16:23:43,850] waiting OPENING sell-bitbank/buy-liquid margin:1584, open_threshold:5000
[INFO:2021-04-15 16:23:44,865] waiting OPENING sell-bitbank/buy-liquid margin:1584, open_threshold:5000
[INFO:2021-04-15 16:23:45,990] waiting OPENING sell-bitbank/buy-liquid margin:1584, open_threshold:5000
[INFO:2021-04-15 16:23:47,043] waiting OPENING sell-bitbank/buy-liquid margin:4713, open_threshold:5000
[INFO:2021-04-15 16:23:48,049] waiting OPENING sell-bitbank/buy-liquid margin:4085, open_threshold:5000
[INFO:2021-04-15 16:23:49,052] waiting OPENING sell-bitbank/buy-liquid margin:4229, open_threshold:5000
[INFO:2021-04-15 16:23:50,088] waiting OPENING sell-bitbank/buy-liquid margin:3904, open_threshold:5000
[INFO:2021-04-15 16:23:51,186] waiting OPENING sell-bitbank/buy-liquid margin:4315, open_threshold:5000
[INFO:2021-04-15 16:23:52,208] waiting OPENING sell-bitbank/buy-liquid margin:3796, open_threshold:5000
[INFO:2021-04-15 16:23:53,213] waiting OPENING sell-bitbank/buy-liquid margin:5505, open_threshold:5000
[INFO:2021-04-15 16:23:55,508] waiting CLOSING sell-liquid/buy-bitbank margin:-3027, close_threshold:-505
[INFO:2021-04-15 16:23:56,516] waiting CLOSING sell-liquid/buy-bitbank margin:-1506, close_threshold:-505
[INFO:2021-04-15 16:23:57,619] waiting CLOSING sell-liquid/buy-bitbank margin:-1506, close_threshold:-505
[INFO:2021-04-15 16:23:58,633] waiting CLOSING sell-liquid/buy-bitbank margin:-1345, close_threshold:-505
[INFO:2021-04-15 16:23:59,648] waiting CLOSING sell-liquid/buy-bitbank margin:-3738, close_threshold:-505
[INFO:2021-04-15 16:24:00,665] waiting CLOSING sell-liquid/buy-bitbank margin:-4523, close_threshold:-505
[INFO:2021-04-15 16:24:01,682] waiting CLOSING sell-liquid/buy-bitbank margin:-4523, close_threshold:-505
[INFO:2021-04-15 16:24:02,688] waiting CLOSING sell-liquid/buy-bitbank margin:-4913, close_threshold:-505
[INFO:2021-04-15 16:24:03,695] waiting CLOSING sell-liquid/buy-bitbank margin:-4524, close_threshold:-505
[INFO:2021-04-15 16:24:04,830] waiting CLOSING sell-liquid/buy-bitbank margin:-4524, close_threshold:-505
[INFO:2021-04-15 16:24:05,846] waiting CLOSING sell-liquid/buy-bitbank margin:-4524, close_threshold:-505
[INFO:2021-04-15 16:24:06,857] waiting CLOSING sell-liquid/buy-bitbank margin:-4524, close_threshold:-505
[INFO:2021-04-15 16:24:07,879] waiting CLOSING sell-liquid/buy-bitbank margin:-4237, close_threshold:-505
[INFO:2021-04-15 16:24:08,984] waiting CLOSING sell-liquid/buy-bitbank margin:1716, close_threshold:-505
[INFO:2021-04-15 16:24:10,647] waiting OPENING sell-liquid/buy-bitbank margin:1931, open_threshold:5000
[INFO:2021-04-15 16:24:11,665] waiting OPENING sell-liquid/buy-bitbank margin:4192, open_threshold:5000
[INFO:2021-04-15 16:24:12,675] waiting OPENING sell-liquid/buy-bitbank margin:5141, open_threshold:5000
[INFO:2021-04-15 16:24:14,336] waiting CLOSING sell-bitbank/buy-liquid margin:-5303, close_threshold:-141
[INFO:2021-04-15 16:24:15,422] waiting CLOSING sell-bitbank/buy-liquid margin:-5303, close_threshold:-141
[INFO:2021-04-15 16:24:16,465] waiting CLOSING sell-bitbank/buy-liquid margin:-5303, close_threshold:-141
[INFO:2021-04-15 16:24:17,476] waiting CLOSING sell-bitbank/buy-liquid margin:-5303, close_threshold:-141
[INFO:2021-04-15 16:24:18,489] waiting CLOSING sell-bitbank/buy-liquid margin:-3281, close_threshold:-141
[INFO:2021-04-15 16:24:19,532] waiting CLOSING sell-bitbank/buy-liquid margin:-3207, close_threshold:-141
[INFO:2021-04-15 16:24:20,550] waiting CLOSING sell-bitbank/buy-liquid margin:-1971, close_threshold:-141
[INFO:2021-04-15 16:24:21,572] waiting CLOSING sell-bitbank/buy-liquid margin:-1971, close_threshold:-141
[INFO:2021-04-15 16:24:22,585] waiting CLOSING sell-bitbank/buy-liquid margin:-1929, close_threshold:-141
[INFO:2021-04-15 16:24:23,594] waiting CLOSING sell-bitbank/buy-liquid margin:-1920, close_threshold:-141
[INFO:2021-04-15 16:24:24,614] waiting CLOSING sell-bitbank/buy-liquid margin:-1907, close_threshold:-141
[INFO:2021-04-15 16:24:25,618] waiting CLOSING sell-bitbank/buy-liquid margin:-1819, close_threshold:-141
[INFO:2021-04-15 16:24:26,636] waiting CLOSING sell-bitbank/buy-liquid margin:-1738, close_threshold:-141
[INFO:2021-04-15 16:24:27,711] waiting CLOSING sell-bitbank/buy-liquid margin:-753, close_threshold:-141
[INFO:2021-04-15 16:24:28,730] waiting CLOSING sell-bitbank/buy-liquid margin:213, close_threshold:-141
[INFO:2021-04-15 16:24:30,372] waiting OPENING sell-bitbank/buy-liquid margin:600, open_threshold:5000
[INFO:2021-04-15 16:24:31,422] waiting OPENING sell-bitbank/buy-liquid margin:730, open_threshold:5000
[INFO:2021-04-15 16:24:32,455] waiting OPENING sell-bitbank/buy-liquid margin:736, open_threshold:5000
[INFO:2021-04-15 16:24:33,467] waiting OPENING sell-bitbank/buy-liquid margin:736, open_threshold:5000
[INFO:2021-04-15 16:24:34,474] waiting OPENING sell-liquid/buy-bitbank margin:-531, open_threshold:5000
[INFO:2021-04-15 16:24:35,477] waiting OPENING sell-liquid/buy-bitbank margin:-531, open_threshold:5000
[INFO:2021-04-15 16:24:36,492] waiting OPENING sell-liquid/buy-bitbank margin:-530, open_threshold:5000
[INFO:2021-04-15 16:24:37,631] waiting OPENING sell-liquid/buy-bitbank margin:-300, open_threshold:5000
[INFO:2021-04-15 16:24:38,640] waiting OPENING sell-liquid/buy-bitbank margin:-300, open_threshold:5000
[INFO:2021-04-15 16:24:39,667] waiting OPENING sell-liquid/buy-bitbank margin:2204, open_threshold:5000
[INFO:2021-04-15 16:24:40,677] waiting OPENING sell-liquid/buy-bitbank margin:2204, open_threshold:5000
[INFO:2021-04-15 16:24:41,691] waiting OPENING sell-liquid/buy-bitbank margin:2204, open_threshold:5000
[INFO:2021-04-15 16:24:42,809] waiting OPENING sell-liquid/buy-bitbank margin:2204, open_threshold:5000
[INFO:2021-04-15 16:24:43,818] waiting OPENING sell-liquid/buy-bitbank margin:2204, open_threshold:5000
[INFO:2021-04-15 16:24:45,067] waiting OPENING sell-liquid/buy-bitbank margin:2204, open_threshold:5000
[INFO:2021-04-15 16:24:46,079] waiting OPENING sell-liquid/buy-bitbank margin:1240, open_threshold:5000
[INFO:2021-04-15 16:24:47,147] waiting OPENING sell-liquid/buy-bitbank margin:1392, open_threshold:5000
[INFO:2021-04-15 16:24:48,160] waiting OPENING sell-liquid/buy-bitbank margin:1392, open_threshold:5000
[INFO:2021-04-15 16:24:49,178] waiting OPENING sell-liquid/buy-bitbank margin:1392, open_threshold:5000
[INFO:2021-04-15 16:24:50,314] waiting OPENING sell-liquid/buy-bitbank margin:1392, open_threshold:5000
[INFO:2021-04-15 16:24:51,358] waiting OPENING sell-liquid/buy-bitbank margin:1392, open_threshold:5000
[INFO:2021-04-15 16:24:52,364] waiting OPENING sell-liquid/buy-bitbank margin:1392, open_threshold:5000
[INFO:2021-04-15 16:24:53,367] waiting OPENING sell-liquid/buy-bitbank margin:2469, open_threshold:5000
[INFO:2021-04-15 16:24:54,385] waiting OPENING sell-liquid/buy-bitbank margin:2469, open_threshold:5000
[INFO:2021-04-15 16:24:55,391] waiting OPENING sell-liquid/buy-bitbank margin:2469, open_threshold:5000
[INFO:2021-04-15 16:24:56,406] waiting OPENING sell-liquid/buy-bitbank margin:2469, open_threshold:5000
[INFO:2021-04-15 16:24:57,456] waiting OPENING sell-liquid/buy-bitbank margin:2469, open_threshold:5000
[INFO:2021-04-15 16:24:58,524] waiting OPENING sell-liquid/buy-bitbank margin:2469, open_threshold:5000
[INFO:2021-04-15 16:24:59,531] waiting OPENING sell-liquid/buy-bitbank margin:2469, open_threshold:5000
[INFO:2021-04-15 16:25:00,552] waiting OPENING sell-liquid/buy-bitbank margin:1240, open_threshold:5000
[INFO:2021-04-15 16:25:01,606] waiting OPENING sell-liquid/buy-bitbank margin:1240, open_threshold:5000
[INFO:2021-04-15 16:25:02,624] waiting OPENING sell-liquid/buy-bitbank margin:1328, open_threshold:5000
[INFO:2021-04-15 16:25:03,645] waiting OPENING sell-liquid/buy-bitbank margin:1500, open_threshold:5000
[INFO:2021-04-15 16:25:04,656] waiting OPENING sell-liquid/buy-bitbank margin:1654, open_threshold:5000
[INFO:2021-04-15 16:25:05,673] waiting OPENING sell-liquid/buy-bitbank margin:1681, open_threshold:5000
[INFO:2021-04-15 16:25:06,686] waiting OPENING sell-liquid/buy-bitbank margin:2451, open_threshold:5000
[INFO:2021-04-15 16:25:07,704] waiting OPENING sell-liquid/buy-bitbank margin:2451, open_threshold:5000
[INFO:2021-04-15 16:25:08,726] waiting OPENING sell-liquid/buy-bitbank margin:2451, open_threshold:5000
[INFO:2021-04-15 16:25:09,919] waiting OPENING sell-liquid/buy-bitbank margin:648, open_threshold:5000
[INFO:2021-04-15 16:25:10,941] waiting OPENING sell-liquid/buy-bitbank margin:271, open_threshold:5000
[INFO:2021-04-15 16:25:11,952] waiting OPENING sell-liquid/buy-bitbank margin:297, open_threshold:5000
[INFO:2021-04-15 16:25:13,120] waiting OPENING sell-bitbank/buy-liquid margin:984, open_threshold:5000
[INFO:2021-04-15 16:25:14,126] waiting OPENING sell-bitbank/buy-liquid margin:984, open_threshold:5000
[INFO:2021-04-15 16:25:15,165] waiting OPENING sell-bitbank/buy-liquid margin:1932, open_threshold:5000
[INFO:2021-04-15 16:25:16,176] waiting OPENING sell-bitbank/buy-liquid margin:1932, open_threshold:5000
[INFO:2021-04-15 16:25:17,211] waiting OPENING sell-bitbank/buy-liquid margin:1941, open_threshold:5000
[INFO:2021-04-15 16:25:18,222] waiting OPENING sell-bitbank/buy-liquid margin:2061, open_threshold:5000
[INFO:2021-04-15 16:25:19,232] waiting OPENING sell-bitbank/buy-liquid margin:687, open_threshold:5000
[INFO:2021-04-15 16:25:20,274] waiting OPENING sell-liquid/buy-bitbank margin:1067, open_threshold:5000
[INFO:2021-04-15 16:25:21,326] waiting OPENING sell-liquid/buy-bitbank margin:1454, open_threshold:5000
[INFO:2021-04-15 16:25:22,417] waiting OPENING sell-liquid/buy-bitbank margin:1655, open_threshold:5000
[INFO:2021-04-15 16:25:23,457] waiting OPENING sell-liquid/buy-bitbank margin:1655, open_threshold:5000
[INFO:2021-04-15 16:25:24,479] waiting OPENING sell-liquid/buy-bitbank margin:1377, open_threshold:5000
[INFO:2021-04-15 16:25:25,522] waiting OPENING sell-liquid/buy-bitbank margin:1377, open_threshold:5000
[INFO:2021-04-15 16:25:26,542] waiting OPENING sell-liquid/buy-bitbank margin:1377, open_threshold:5000
[INFO:2021-04-15 16:25:27,554] waiting OPENING sell-liquid/buy-bitbank margin:1377, open_threshold:5000
[INFO:2021-04-15 16:25:28,558] waiting OPENING sell-liquid/buy-bitbank margin:1377, open_threshold:5000
[INFO:2021-04-15 16:25:29,588] waiting OPENING sell-liquid/buy-bitbank margin:1377, open_threshold:5000
[INFO:2021-04-15 16:25:30,592] waiting OPENING sell-liquid/buy-bitbank margin:1377, open_threshold:5000
[INFO:2021-04-15 16:25:31,603] waiting OPENING sell-liquid/buy-bitbank margin:1377, open_threshold:5000
[INFO:2021-04-15 16:25:32,632] waiting OPENING sell-liquid/buy-bitbank margin:1377, open_threshold:5000
[INFO:2021-04-15 16:25:33,644] waiting OPENING sell-liquid/buy-bitbank margin:1377, open_threshold:5000
[INFO:2021-04-15 16:25:34,653] waiting OPENING sell-liquid/buy-bitbank margin:308, open_threshold:5000
[INFO:2021-04-15 16:25:35,661] waiting OPENING sell-bitbank/buy-liquid margin:-134, open_threshold:5000
[INFO:2021-04-15 16:25:36,673] waiting OPENING sell-liquid/buy-bitbank margin:1291, open_threshold:5000
[INFO:2021-04-15 16:25:37,692] waiting OPENING sell-liquid/buy-bitbank margin:1291, open_threshold:5000
[INFO:2021-04-15 16:25:38,701] waiting OPENING sell-liquid/buy-bitbank margin:1291, open_threshold:5000
[INFO:2021-04-15 16:25:39,743] waiting OPENING sell-liquid/buy-bitbank margin:1291, open_threshold:5000
[INFO:2021-04-15 16:25:40,770] waiting OPENING sell-liquid/buy-bitbank margin:1291, open_threshold:5000
[INFO:2021-04-15 16:25:41,776] waiting OPENING sell-liquid/buy-bitbank margin:1291, open_threshold:5000
[INFO:2021-04-15 16:25:42,789] waiting OPENING sell-liquid/buy-bitbank margin:1291, open_threshold:5000
[INFO:2021-04-15 16:25:43,795] waiting OPENING sell-liquid/buy-bitbank margin:1291, open_threshold:5000
[INFO:2021-04-15 16:25:44,826] waiting OPENING sell-liquid/buy-bitbank margin:1291, open_threshold:5000
[INFO:2021-04-15 16:25:45,873] waiting OPENING sell-liquid/buy-bitbank margin:1291, open_threshold:5000
[INFO:2021-04-15 16:25:46,891] waiting OPENING sell-liquid/buy-bitbank margin:1291, open_threshold:5000
[INFO:2021-04-15 16:25:47,900] waiting OPENING sell-liquid/buy-bitbank margin:1065, open_threshold:5000
[INFO:2021-04-15 16:25:48,905] waiting OPENING sell-liquid/buy-bitbank margin:1351, open_threshold:5000
[INFO:2021-04-15 16:25:49,909] waiting OPENING sell-liquid/buy-bitbank margin:4011, open_threshold:5000
[INFO:2021-04-15 16:25:50,915] waiting OPENING sell-liquid/buy-bitbank margin:4200, open_threshold:5000
[INFO:2021-04-15 16:25:51,964] waiting OPENING sell-liquid/buy-bitbank margin:6747, open_threshold:5000
[INFO:2021-04-15 16:25:53,724] waiting CLOSING sell-bitbank/buy-liquid margin:-4580, close_threshold:-1747
[INFO:2021-04-15 16:25:54,794] waiting CLOSING sell-bitbank/buy-liquid margin:-4580, close_threshold:-1747
[INFO:2021-04-15 16:25:55,829] waiting CLOSING sell-bitbank/buy-liquid margin:-4580, close_threshold:-1747
[INFO:2021-04-15 16:25:56,845] waiting CLOSING sell-bitbank/buy-liquid margin:-4580, close_threshold:-1747
[INFO:2021-04-15 16:25:57,858] waiting CLOSING sell-bitbank/buy-liquid margin:-4580, close_threshold:-1747
[INFO:2021-04-15 16:25:58,866] waiting CLOSING sell-bitbank/buy-liquid margin:-4580, close_threshold:-1747
[INFO:2021-04-15 16:25:59,998] waiting CLOSING sell-bitbank/buy-liquid margin:-4580, close_threshold:-1747
[INFO:2021-04-15 16:26:01,079] waiting CLOSING sell-bitbank/buy-liquid margin:-4580, close_threshold:-1747
[INFO:2021-04-15 16:26:02,086] waiting CLOSING sell-bitbank/buy-liquid margin:-4580, close_threshold:-1747
[INFO:2021-04-15 16:26:03,090] waiting CLOSING sell-bitbank/buy-liquid margin:-4580, close_threshold:-1747
[INFO:2021-04-15 16:26:04,092] waiting CLOSING sell-bitbank/buy-liquid margin:-4580, close_threshold:-1747
[INFO:2021-04-15 16:26:05,105] waiting CLOSING sell-bitbank/buy-liquid margin:-4580, close_threshold:-1747
[INFO:2021-04-15 16:26:06,123] waiting CLOSING sell-bitbank/buy-liquid margin:-4580, close_threshold:-1747
[INFO:2021-04-15 16:26:07,143] waiting CLOSING sell-bitbank/buy-liquid margin:-6283, close_threshold:-1747
[INFO:2021-04-15 16:26:08,201] waiting CLOSING sell-bitbank/buy-liquid margin:-6283, close_threshold:-1747
[INFO:2021-04-15 16:26:09,254] waiting CLOSING sell-bitbank/buy-liquid margin:-6410, close_threshold:-1747
[INFO:2021-04-15 16:26:10,276] waiting CLOSING sell-bitbank/buy-liquid margin:-6291, close_threshold:-1747
[INFO:2021-04-15 16:26:11,296] waiting CLOSING sell-bitbank/buy-liquid margin:-6445, close_threshold:-1747
[INFO:2021-04-15 16:26:12,300] waiting CLOSING sell-bitbank/buy-liquid margin:-9128, close_threshold:-1747
[INFO:2021-04-15 16:26:13,345] waiting CLOSING sell-bitbank/buy-liquid margin:-8991, close_threshold:-1747
[INFO:2021-04-15 16:26:14,419] waiting CLOSING sell-bitbank/buy-liquid margin:-8991, close_threshold:-1747
[INFO:2021-04-15 16:26:15,434] waiting CLOSING sell-bitbank/buy-liquid margin:-9145, close_threshold:-1747
[INFO:2021-04-15 16:26:16,453] waiting CLOSING sell-bitbank/buy-liquid margin:-9145, close_threshold:-1747
[INFO:2021-04-15 16:26:17,471] waiting CLOSING sell-bitbank/buy-liquid margin:-9145, close_threshold:-1747
[INFO:2021-04-15 16:26:18,491] waiting CLOSING sell-bitbank/buy-liquid margin:-9145, close_threshold:-1747
[INFO:2021-04-15 16:26:19,502] waiting CLOSING sell-bitbank/buy-liquid margin:-9145, close_threshold:-1747
[INFO:2021-04-15 16:26:20,519] waiting CLOSING sell-bitbank/buy-liquid margin:-11395, close_threshold:-1747
[INFO:2021-04-15 16:26:21,526] waiting CLOSING sell-bitbank/buy-liquid margin:-10925, close_threshold:-1747
[INFO:2021-04-15 16:26:22,531] waiting CLOSING sell-bitbank/buy-liquid margin:-10925, close_threshold:-1747
[INFO:2021-04-15 16:26:23,656] waiting CLOSING sell-bitbank/buy-liquid margin:-10925, close_threshold:-1747
[INFO:2021-04-15 16:26:24,666] waiting CLOSING sell-bitbank/buy-liquid margin:-6754, close_threshold:-1747
[INFO:2021-04-15 16:26:25,683] waiting CLOSING sell-bitbank/buy-liquid margin:-6754, close_threshold:-1747
[INFO:2021-04-15 16:26:26,691] waiting CLOSING sell-bitbank/buy-liquid margin:-7563, close_threshold:-1747
[INFO:2021-04-15 16:26:27,709] waiting CLOSING sell-bitbank/buy-liquid margin:-7473, close_threshold:-1747
[INFO:2021-04-15 16:26:28,733] waiting CLOSING sell-bitbank/buy-liquid margin:-7473, close_threshold:-1747
[INFO:2021-04-15 16:26:29,746] waiting CLOSING sell-bitbank/buy-liquid margin:-7471, close_threshold:-1747
[INFO:2021-04-15 16:26:30,758] waiting CLOSING sell-bitbank/buy-liquid margin:-7205, close_threshold:-1747
[INFO:2021-04-15 16:26:31,773] waiting CLOSING sell-bitbank/buy-liquid margin:-7205, close_threshold:-1747
[INFO:2021-04-15 16:26:32,815] waiting CLOSING sell-bitbank/buy-liquid margin:-7205, close_threshold:-1747
[INFO:2021-04-15 16:26:33,825] waiting CLOSING sell-bitbank/buy-liquid margin:-7205, close_threshold:-1747
[INFO:2021-04-15 16:26:34,837] waiting CLOSING sell-bitbank/buy-liquid margin:-7205, close_threshold:-1747
[INFO:2021-04-15 16:26:35,859] waiting CLOSING sell-bitbank/buy-liquid margin:-8427, close_threshold:-1747
[INFO:2021-04-15 16:26:36,876] waiting CLOSING sell-bitbank/buy-liquid margin:-8425, close_threshold:-1747
[INFO:2021-04-15 16:26:37,914] waiting CLOSING sell-bitbank/buy-liquid margin:-8425, close_threshold:-1747
[INFO:2021-04-15 16:26:38,936] waiting CLOSING sell-bitbank/buy-liquid margin:-8399, close_threshold:-1747
[INFO:2021-04-15 16:26:40,008] waiting CLOSING sell-bitbank/buy-liquid margin:-8399, close_threshold:-1747
[INFO:2021-04-15 16:26:41,029] waiting CLOSING sell-bitbank/buy-liquid margin:-8399, close_threshold:-1747
[INFO:2021-04-15 16:26:42,108] waiting CLOSING sell-bitbank/buy-liquid margin:-8399, close_threshold:-1747
[INFO:2021-04-15 16:26:43,198] waiting CLOSING sell-bitbank/buy-liquid margin:-8399, close_threshold:-1747
[INFO:2021-04-15 16:26:44,239] waiting CLOSING sell-bitbank/buy-liquid margin:-9233, close_threshold:-1747
[INFO:2021-04-15 16:26:45,266] waiting CLOSING sell-bitbank/buy-liquid margin:-9019, close_threshold:-1747
[INFO:2021-04-15 16:26:46,322] waiting CLOSING sell-bitbank/buy-liquid margin:-9019, close_threshold:-1747
[INFO:2021-04-15 16:26:47,337] waiting CLOSING sell-bitbank/buy-liquid margin:-9293, close_threshold:-1747
[INFO:2021-04-15 16:26:48,378] waiting CLOSING sell-bitbank/buy-liquid margin:-9293, close_threshold:-1747
[INFO:2021-04-15 16:26:49,423] waiting CLOSING sell-bitbank/buy-liquid margin:-9293, close_threshold:-1747
[INFO:2021-04-15 16:26:50,531] waiting CLOSING sell-bitbank/buy-liquid margin:-9293, close_threshold:-1747
[INFO:2021-04-15 16:26:51,537] waiting CLOSING sell-bitbank/buy-liquid margin:-9293, close_threshold:-1747
[INFO:2021-04-15 16:26:52,651] waiting CLOSING sell-bitbank/buy-liquid margin:-9322, close_threshold:-1747
[INFO:2021-04-15 16:26:53,772] waiting CLOSING sell-bitbank/buy-liquid margin:-9322, close_threshold:-1747
[INFO:2021-04-15 16:26:54,903] waiting CLOSING sell-bitbank/buy-liquid margin:-7090, close_threshold:-1747
[INFO:2021-04-15 16:26:55,918] waiting CLOSING sell-bitbank/buy-liquid margin:-7090, close_threshold:-1747
[INFO:2021-04-15 16:26:56,922] waiting CLOSING sell-bitbank/buy-liquid margin:-7509, close_threshold:-1747
[INFO:2021-04-15 16:26:57,936] waiting CLOSING sell-bitbank/buy-liquid margin:-7509, close_threshold:-1747
[INFO:2021-04-15 16:26:58,951] waiting CLOSING sell-bitbank/buy-liquid margin:-7509, close_threshold:-1747
[INFO:2021-04-15 16:26:59,955] waiting CLOSING sell-bitbank/buy-liquid margin:-7509, close_threshold:-1747
[INFO:2021-04-15 16:27:00,998] waiting CLOSING sell-bitbank/buy-liquid margin:-7509, close_threshold:-1747
[INFO:2021-04-15 16:27:02,002] waiting CLOSING sell-bitbank/buy-liquid margin:-7509, close_threshold:-1747
[INFO:2021-04-15 16:27:03,018] waiting CLOSING sell-bitbank/buy-liquid margin:-7509, close_threshold:-1747
[INFO:2021-04-15 16:27:04,080] waiting CLOSING sell-bitbank/buy-liquid margin:-7509, close_threshold:-1747
[INFO:2021-04-15 16:27:05,097] waiting CLOSING sell-bitbank/buy-liquid margin:-7509, close_threshold:-1747
[INFO:2021-04-15 16:27:06,128] waiting CLOSING sell-bitbank/buy-liquid margin:-7509, close_threshold:-1747
[INFO:2021-04-15 16:27:07,145] waiting CLOSING sell-bitbank/buy-liquid margin:-7509, close_threshold:-1747
[INFO:2021-04-15 16:27:08,158] waiting CLOSING sell-bitbank/buy-liquid margin:-7509, close_threshold:-1747
[INFO:2021-04-15 16:27:09,162] waiting CLOSING sell-bitbank/buy-liquid margin:-5510, close_threshold:-1747
[INFO:2021-04-15 16:27:10,215] waiting CLOSING sell-bitbank/buy-liquid margin:-5510, close_threshold:-1747
[INFO:2021-04-15 16:27:11,232] waiting CLOSING sell-bitbank/buy-liquid margin:-5510, close_threshold:-1747
[INFO:2021-04-15 16:27:12,321] waiting CLOSING sell-bitbank/buy-liquid margin:-5510, close_threshold:-1747
[INFO:2021-04-15 16:27:13,368] waiting CLOSING sell-bitbank/buy-liquid margin:-5510, close_threshold:-1747
[INFO:2021-04-15 16:27:14,413] waiting CLOSING sell-bitbank/buy-liquid margin:-5510, close_threshold:-1747
[INFO:2021-04-15 16:27:15,451] waiting CLOSING sell-bitbank/buy-liquid margin:-5510, close_threshold:-1747
[INFO:2021-04-15 16:27:16,486] waiting CLOSING sell-bitbank/buy-liquid margin:-5510, close_threshold:-1747
[INFO:2021-04-15 16:27:17,507] waiting CLOSING sell-bitbank/buy-liquid margin:-5510, close_threshold:-1747
[INFO:2021-04-15 16:27:18,557] waiting CLOSING sell-bitbank/buy-liquid margin:-6321, close_threshold:-1747
[INFO:2021-04-15 16:27:19,606] waiting CLOSING sell-bitbank/buy-liquid margin:-6321, close_threshold:-1747
[INFO:2021-04-15 16:27:20,693] waiting CLOSING sell-bitbank/buy-liquid margin:-6321, close_threshold:-1747
[INFO:2021-04-15 16:27:21,718] waiting CLOSING sell-bitbank/buy-liquid margin:-6321, close_threshold:-1747
[INFO:2021-04-15 16:27:22,738] waiting CLOSING sell-bitbank/buy-liquid margin:-6321, close_threshold:-1747
[INFO:2021-04-15 16:27:23,772] waiting CLOSING sell-bitbank/buy-liquid margin:-6321, close_threshold:-1747
[INFO:2021-04-15 16:27:24,787] waiting CLOSING sell-bitbank/buy-liquid margin:-6321, close_threshold:-1747
[INFO:2021-04-15 16:27:25,813] waiting CLOSING sell-bitbank/buy-liquid margin:-6321, close_threshold:-1747
[INFO:2021-04-15 16:27:26,841] waiting CLOSING sell-bitbank/buy-liquid margin:-6321, close_threshold:-1747
[INFO:2021-04-15 16:27:27,856] waiting CLOSING sell-bitbank/buy-liquid margin:-7145, close_threshold:-1747
[INFO:2021-04-15 16:27:28,871] waiting CLOSING sell-bitbank/buy-liquid margin:-7145, close_threshold:-1747
[INFO:2021-04-15 16:27:29,907] waiting CLOSING sell-bitbank/buy-liquid margin:-7145, close_threshold:-1747
[INFO:2021-04-15 16:27:30,916] waiting CLOSING sell-bitbank/buy-liquid margin:-7145, close_threshold:-1747
[INFO:2021-04-15 16:27:31,958] waiting CLOSING sell-bitbank/buy-liquid margin:-7491, close_threshold:-1747
[INFO:2021-04-15 16:27:32,973] waiting CLOSING sell-bitbank/buy-liquid margin:-7888, close_threshold:-1747
[INFO:2021-04-15 16:27:34,064] waiting CLOSING sell-bitbank/buy-liquid margin:-7888, close_threshold:-1747
[INFO:2021-04-15 16:27:35,082] waiting CLOSING sell-bitbank/buy-liquid margin:-7888, close_threshold:-1747
[INFO:2021-04-15 16:27:36,114] waiting CLOSING sell-bitbank/buy-liquid margin:-8463, close_threshold:-1747
[INFO:2021-04-15 16:27:37,128] waiting CLOSING sell-bitbank/buy-liquid margin:-8331, close_threshold:-1747
[INFO:2021-04-15 16:27:38,137] waiting CLOSING sell-bitbank/buy-liquid margin:-8331, close_threshold:-1747
[INFO:2021-04-15 16:27:39,158] waiting CLOSING sell-bitbank/buy-liquid margin:-8331, close_threshold:-1747
[INFO:2021-04-15 16:27:40,193] waiting CLOSING sell-bitbank/buy-liquid margin:-8331, close_threshold:-1747
[INFO:2021-04-15 16:27:41,223] waiting CLOSING sell-bitbank/buy-liquid margin:-8331, close_threshold:-1747
[INFO:2021-04-15 16:27:42,298] waiting CLOSING sell-bitbank/buy-liquid margin:-10583, close_threshold:-1747
[INFO:2021-04-15 16:27:43,307] waiting CLOSING sell-bitbank/buy-liquid margin:-10582, close_threshold:-1747
[INFO:2021-04-15 16:27:44,350] waiting CLOSING sell-bitbank/buy-liquid margin:-10255, close_threshold:-1747
[INFO:2021-04-15 16:27:45,365] waiting CLOSING sell-bitbank/buy-liquid margin:-10255, close_threshold:-1747
[INFO:2021-04-15 16:27:46,380] waiting CLOSING sell-bitbank/buy-liquid margin:-7180, close_threshold:-1747
[INFO:2021-04-15 16:27:47,443] waiting CLOSING sell-bitbank/buy-liquid margin:-9231, close_threshold:-1747
[INFO:2021-04-15 16:27:48,451] waiting CLOSING sell-bitbank/buy-liquid margin:-9231, close_threshold:-1747
[INFO:2021-04-15 16:27:49,469] waiting CLOSING sell-bitbank/buy-liquid margin:-9231, close_threshold:-1747
[INFO:2021-04-15 16:27:50,511] waiting CLOSING sell-bitbank/buy-liquid margin:-9231, close_threshold:-1747
[INFO:2021-04-15 16:27:51,535] waiting CLOSING sell-bitbank/buy-liquid margin:-8396, close_threshold:-1747
[INFO:2021-04-15 16:27:52,550] waiting CLOSING sell-bitbank/buy-liquid margin:-6770, close_threshold:-1747
[INFO:2021-04-15 16:27:53,589] waiting CLOSING sell-bitbank/buy-liquid margin:-6612, close_threshold:-1747
[INFO:2021-04-15 16:27:54,612] waiting CLOSING sell-bitbank/buy-liquid margin:-6612, close_threshold:-1747
[INFO:2021-04-15 16:27:55,617] waiting CLOSING sell-bitbank/buy-liquid margin:-6423, close_threshold:-1747
[INFO:2021-04-15 16:27:56,627] waiting CLOSING sell-bitbank/buy-liquid margin:-6222, close_threshold:-1747
[INFO:2021-04-15 16:27:57,675] waiting CLOSING sell-bitbank/buy-liquid margin:-6222, close_threshold:-1747
[INFO:2021-04-15 16:27:58,710] waiting CLOSING sell-bitbank/buy-liquid margin:-6222, close_threshold:-1747
[INFO:2021-04-15 16:27:59,736] waiting CLOSING sell-bitbank/buy-liquid margin:-6222, close_threshold:-1747
[INFO:2021-04-15 16:28:00,751] waiting CLOSING sell-bitbank/buy-liquid margin:-6222, close_threshold:-3745
[INFO:2021-04-15 16:28:01,776] waiting CLOSING sell-bitbank/buy-liquid margin:-6222, close_threshold:-3745
[INFO:2021-04-15 16:28:02,800] waiting CLOSING sell-bitbank/buy-liquid margin:-7714, close_threshold:-3745
[INFO:2021-04-15 16:28:03,812] waiting CLOSING sell-bitbank/buy-liquid margin:-7714, close_threshold:-3745
[INFO:2021-04-15 16:28:04,832] waiting CLOSING sell-bitbank/buy-liquid margin:-7714, close_threshold:-3745
[INFO:2021-04-15 16:28:06,142] waiting CLOSING sell-bitbank/buy-liquid margin:-7602, close_threshold:-3745
[INFO:2021-04-15 16:28:07,157] waiting CLOSING sell-bitbank/buy-liquid margin:-7602, close_threshold:-3745
[INFO:2021-04-15 16:28:08,189] waiting CLOSING sell-bitbank/buy-liquid margin:-7602, close_threshold:-3745
[INFO:2021-04-15 16:28:09,263] waiting CLOSING sell-bitbank/buy-liquid margin:-7588, close_threshold:-3745
[INFO:2021-04-15 16:28:10,328] waiting CLOSING sell-bitbank/buy-liquid margin:-7588, close_threshold:-3745
[INFO:2021-04-15 16:28:11,379] waiting CLOSING sell-bitbank/buy-liquid margin:-7588, close_threshold:-3745
[INFO:2021-04-15 16:28:12,439] waiting CLOSING sell-bitbank/buy-liquid margin:-7655, close_threshold:-3745
[INFO:2021-04-15 16:28:13,483] waiting CLOSING sell-bitbank/buy-liquid margin:-7655, close_threshold:-3745
[INFO:2021-04-15 16:28:14,508] waiting CLOSING sell-bitbank/buy-liquid margin:-7446, close_threshold:-3745
[INFO:2021-04-15 16:28:15,660] waiting CLOSING sell-bitbank/buy-liquid margin:-7446, close_threshold:-3745
[INFO:2021-04-15 16:28:16,668] waiting CLOSING sell-bitbank/buy-liquid margin:-7446, close_threshold:-3745
[INFO:2021-04-15 16:28:17,694] waiting CLOSING sell-bitbank/buy-liquid margin:-9278, close_threshold:-3745
[INFO:2021-04-15 16:28:18,730] waiting CLOSING sell-bitbank/buy-liquid margin:-9561, close_threshold:-3745
[INFO:2021-04-15 16:28:19,761] waiting CLOSING sell-bitbank/buy-liquid margin:-10076, close_threshold:-3745
[INFO:2021-04-15 16:28:20,770] waiting CLOSING sell-bitbank/buy-liquid margin:-10564, close_threshold:-3745
[INFO:2021-04-15 16:28:21,809] waiting CLOSING sell-bitbank/buy-liquid margin:-10564, close_threshold:-3745
[INFO:2021-04-15 16:28:22,857] waiting CLOSING sell-bitbank/buy-liquid margin:-10795, close_threshold:-3745
[INFO:2021-04-15 16:28:23,871] waiting CLOSING sell-bitbank/buy-liquid margin:-7134, close_threshold:-3745
[INFO:2021-04-15 16:28:24,968] waiting CLOSING sell-bitbank/buy-liquid margin:-7134, close_threshold:-3745
[INFO:2021-04-15 16:28:25,987] waiting CLOSING sell-bitbank/buy-liquid margin:-7134, close_threshold:-3745
[INFO:2021-04-15 16:28:27,015] waiting CLOSING sell-bitbank/buy-liquid margin:-7134, close_threshold:-3745
[INFO:2021-04-15 16:28:28,027] waiting CLOSING sell-bitbank/buy-liquid margin:-7134, close_threshold:-3745
[INFO:2021-04-15 16:28:29,046] waiting CLOSING sell-bitbank/buy-liquid margin:-7134, close_threshold:-3745
[INFO:2021-04-15 16:28:30,052] waiting CLOSING sell-bitbank/buy-liquid margin:-7134, close_threshold:-3745
[INFO:2021-04-15 16:28:31,087] waiting CLOSING sell-bitbank/buy-liquid margin:-7134, close_threshold:-3745
[INFO:2021-04-15 16:28:32,100] waiting CLOSING sell-bitbank/buy-liquid margin:-7134, close_threshold:-3745
[INFO:2021-04-15 16:28:33,110] waiting CLOSING sell-bitbank/buy-liquid margin:-7134, close_threshold:-3745
[INFO:2021-04-15 16:28:34,117] waiting CLOSING sell-bitbank/buy-liquid margin:-8883, close_threshold:-3745
[INFO:2021-04-15 16:28:35,127] waiting CLOSING sell-bitbank/buy-liquid margin:-8883, close_threshold:-3745
[INFO:2021-04-15 16:28:36,161] waiting CLOSING sell-bitbank/buy-liquid margin:-8883, close_threshold:-3745
[INFO:2021-04-15 16:28:37,273] waiting CLOSING sell-bitbank/buy-liquid margin:-8883, close_threshold:-3745
[INFO:2021-04-15 16:28:38,278] waiting CLOSING sell-bitbank/buy-liquid margin:-8883, close_threshold:-3745
[INFO:2021-04-15 16:28:39,293] waiting CLOSING sell-bitbank/buy-liquid margin:-7497, close_threshold:-3745
[INFO:2021-04-15 16:28:40,301] waiting CLOSING sell-bitbank/buy-liquid margin:-8186, close_threshold:-3745
[INFO:2021-04-15 16:28:41,333] waiting CLOSING sell-bitbank/buy-liquid margin:-8186, close_threshold:-3745
[INFO:2021-04-15 16:28:42,345] waiting CLOSING sell-bitbank/buy-liquid margin:-8186, close_threshold:-3745
[INFO:2021-04-15 16:28:43,350] waiting CLOSING sell-bitbank/buy-liquid margin:-8186, close_threshold:-3745
[INFO:2021-04-15 16:28:44,354] waiting CLOSING sell-bitbank/buy-liquid margin:-8186, close_threshold:-3745
[INFO:2021-04-15 16:28:45,366] waiting CLOSING sell-bitbank/buy-liquid margin:-8186, close_threshold:-3745
[INFO:2021-04-15 16:28:46,424] waiting CLOSING sell-bitbank/buy-liquid margin:-8186, close_threshold:-3745
[INFO:2021-04-15 16:28:47,443] waiting CLOSING sell-bitbank/buy-liquid margin:-8186, close_threshold:-3745
[INFO:2021-04-15 16:28:48,486] waiting CLOSING sell-bitbank/buy-liquid margin:-8186, close_threshold:-3745
[INFO:2021-04-15 16:28:49,507] waiting CLOSING sell-bitbank/buy-liquid margin:-8186, close_threshold:-3745
[INFO:2021-04-15 16:28:50,560] waiting CLOSING sell-bitbank/buy-liquid margin:-5637, close_threshold:-3745
[INFO:2021-04-15 16:28:51,778] waiting CLOSING sell-bitbank/buy-liquid margin:-5628, close_threshold:-3745
[INFO:2021-04-15 16:28:52,781] waiting CLOSING sell-bitbank/buy-liquid margin:-6881, close_threshold:-3745
[INFO:2021-04-15 16:28:53,816] waiting CLOSING sell-bitbank/buy-liquid margin:-5718, close_threshold:-3745
[INFO:2021-04-15 16:28:54,873] waiting CLOSING sell-bitbank/buy-liquid margin:-5718, close_threshold:-3745
[INFO:2021-04-15 16:28:55,910] waiting CLOSING sell-bitbank/buy-liquid margin:-5718, close_threshold:-3745
[INFO:2021-04-15 16:28:56,916] waiting CLOSING sell-bitbank/buy-liquid margin:-5718, close_threshold:-3745
[INFO:2021-04-15 16:28:57,922] waiting CLOSING sell-bitbank/buy-liquid margin:-6135, close_threshold:-3745
[INFO:2021-04-15 16:28:58,961] waiting CLOSING sell-bitbank/buy-liquid margin:-6135, close_threshold:-3745
[INFO:2021-04-15 16:28:59,997] waiting CLOSING sell-bitbank/buy-liquid margin:-7948, close_threshold:-3745
[INFO:2021-04-15 16:29:01,014] waiting CLOSING sell-bitbank/buy-liquid margin:-7948, close_threshold:-3745
[INFO:2021-04-15 16:29:02,035] waiting CLOSING sell-bitbank/buy-liquid margin:-7861, close_threshold:-3745
[INFO:2021-04-15 16:29:03,042] waiting CLOSING sell-bitbank/buy-liquid margin:-7705, close_threshold:-3745
[INFO:2021-04-15 16:29:04,053] waiting CLOSING sell-bitbank/buy-liquid margin:-7705, close_threshold:-3745
[INFO:2021-04-15 16:29:05,114] waiting CLOSING sell-bitbank/buy-liquid margin:-7705, close_threshold:-3745
[INFO:2021-04-15 16:29:06,162] waiting CLOSING sell-bitbank/buy-liquid margin:-7705, close_threshold:-3745
[INFO:2021-04-15 16:29:07,245] waiting CLOSING sell-bitbank/buy-liquid margin:-7705, close_threshold:-3745
[INFO:2021-04-15 16:29:08,278] waiting CLOSING sell-bitbank/buy-liquid margin:-8209, close_threshold:-3745
[INFO:2021-04-15 16:29:09,306] waiting CLOSING sell-bitbank/buy-liquid margin:-7424, close_threshold:-3745
[INFO:2021-04-15 16:29:10,314] waiting CLOSING sell-bitbank/buy-liquid margin:-7424, close_threshold:-3745
[INFO:2021-04-15 16:29:11,332] waiting CLOSING sell-bitbank/buy-liquid margin:-10379, close_threshold:-3745
[INFO:2021-04-15 16:29:12,413] waiting CLOSING sell-bitbank/buy-liquid margin:-10858, close_threshold:-3745
[INFO:2021-04-15 16:29:13,437] waiting CLOSING sell-bitbank/buy-liquid margin:-10698, close_threshold:-3745
[INFO:2021-04-15 16:29:14,498] waiting CLOSING sell-bitbank/buy-liquid margin:-10698, close_threshold:-3745
[INFO:2021-04-15 16:29:15,514] waiting CLOSING sell-bitbank/buy-liquid margin:-10858, close_threshold:-3745
[INFO:2021-04-15 16:29:16,637] waiting CLOSING sell-bitbank/buy-liquid margin:-10858, close_threshold:-3745
[INFO:2021-04-15 16:29:17,647] waiting CLOSING sell-bitbank/buy-liquid margin:-10858, close_threshold:-3745
[INFO:2021-04-15 16:29:18,679] waiting CLOSING sell-bitbank/buy-liquid margin:-10858, close_threshold:-3745
[INFO:2021-04-15 16:29:19,731] waiting CLOSING sell-bitbank/buy-liquid margin:-10858, close_threshold:-3745
[INFO:2021-04-15 16:29:20,744] waiting CLOSING sell-bitbank/buy-liquid margin:-8534, close_threshold:-3745
[INFO:2021-04-15 16:29:21,874] waiting CLOSING sell-bitbank/buy-liquid margin:-8106, close_threshold:-3745
[INFO:2021-04-15 16:29:22,946] waiting CLOSING sell-bitbank/buy-liquid margin:-8349, close_threshold:-3745
[INFO:2021-04-15 16:29:24,031] waiting CLOSING sell-bitbank/buy-liquid margin:-5531, close_threshold:-3745
[INFO:2021-04-15 16:29:25,071] waiting CLOSING sell-bitbank/buy-liquid margin:-4991, close_threshold:-3745
[INFO:2021-04-15 16:29:26,082] waiting CLOSING sell-bitbank/buy-liquid margin:-4990, close_threshold:-3745
[INFO:2021-04-15 16:29:27,122] waiting CLOSING sell-bitbank/buy-liquid margin:-2298, close_threshold:-3745
[INFO:2021-04-15 16:29:28,803] waiting OPENING sell-liquid/buy-bitbank margin:2606, open_threshold:8745
[INFO:2021-04-15 16:29:29,809] waiting OPENING sell-liquid/buy-bitbank margin:1633, open_threshold:8745
[INFO:2021-04-15 16:29:30,860] waiting OPENING sell-liquid/buy-bitbank margin:1097, open_threshold:8745
[INFO:2021-04-15 16:29:32,018] waiting OPENING sell-liquid/buy-bitbank margin:1097, open_threshold:8745
[INFO:2021-04-15 16:29:33,024] waiting OPENING sell-liquid/buy-bitbank margin:2746, open_threshold:8745
[INFO:2021-04-15 16:29:34,065] waiting OPENING sell-liquid/buy-bitbank margin:2746, open_threshold:8745
[INFO:2021-04-15 16:29:35,088] waiting OPENING sell-liquid/buy-bitbank margin:2746, open_threshold:8745
[INFO:2021-04-15 16:29:36,136] waiting OPENING sell-liquid/buy-bitbank margin:1424, open_threshold:8745
[INFO:2021-04-15 16:29:37,175] waiting OPENING sell-liquid/buy-bitbank margin:1424, open_threshold:8745
[INFO:2021-04-15 16:29:38,315] waiting OPENING sell-liquid/buy-bitbank margin:1424, open_threshold:8745
[INFO:2021-04-15 16:29:39,334] waiting OPENING sell-liquid/buy-bitbank margin:4443, open_threshold:8745
[INFO:2021-04-15 16:29:40,345] waiting OPENING sell-liquid/buy-bitbank margin:5129, open_threshold:8745
[INFO:2021-04-15 16:29:41,353] waiting OPENING sell-liquid/buy-bitbank margin:8285, open_threshold:8745
[INFO:2021-04-15 16:29:42,393] waiting OPENING sell-liquid/buy-bitbank margin:8259, open_threshold:8745
[INFO:2021-04-15 16:29:43,452] waiting OPENING sell-liquid/buy-bitbank margin:8257, open_threshold:8745
[INFO:2021-04-15 16:29:44,479] waiting OPENING sell-liquid/buy-bitbank margin:8257, open_threshold:8745
[INFO:2021-04-15 16:29:45,586] waiting OPENING sell-liquid/buy-bitbank margin:8464, open_threshold:8745
[INFO:2021-04-15 16:29:46,593] waiting OPENING sell-liquid/buy-bitbank margin:8663, open_threshold:8745
[INFO:2021-04-15 16:29:47,639] waiting OPENING sell-liquid/buy-bitbank margin:8663, open_threshold:8745
[INFO:2021-04-15 16:29:48,739] waiting OPENING sell-liquid/buy-bitbank margin:8339, open_threshold:8745
[INFO:2021-04-15 16:29:49,761] waiting OPENING sell-liquid/buy-bitbank margin:8340, open_threshold:8745
[INFO:2021-04-15 16:29:50,801] waiting OPENING sell-liquid/buy-bitbank margin:8441, open_threshold:8745
[INFO:2021-04-15 16:29:51,834] waiting OPENING sell-liquid/buy-bitbank margin:8619, open_threshold:8745
[INFO:2021-04-15 16:29:52,851] waiting OPENING sell-liquid/buy-bitbank margin:8619, open_threshold:8745
[INFO:2021-04-15 16:29:53,901] waiting OPENING sell-liquid/buy-bitbank margin:8619, open_threshold:8745
[INFO:2021-04-15 16:29:54,969] waiting OPENING sell-liquid/buy-bitbank margin:8619, open_threshold:8745
[INFO:2021-04-15 16:29:56,006] waiting OPENING sell-liquid/buy-bitbank margin:8619, open_threshold:8745
[INFO:2021-04-15 16:29:57,085] waiting OPENING sell-liquid/buy-bitbank margin:8619, open_threshold:8745
[INFO:2021-04-15 16:29:58,131] waiting OPENING sell-liquid/buy-bitbank margin:8619, open_threshold:8745
[INFO:2021-04-15 16:29:59,192] waiting OPENING sell-liquid/buy-bitbank margin:8257, open_threshold:8745
[INFO:2021-04-15 16:30:00,200] waiting OPENING sell-liquid/buy-bitbank margin:8257, open_threshold:8745
[INFO:2021-04-15 16:30:01,254] waiting OPENING sell-liquid/buy-bitbank margin:8288, open_threshold:8745
[INFO:2021-04-15 16:30:02,287] waiting OPENING sell-liquid/buy-bitbank margin:8257, open_threshold:8745
[INFO:2021-04-15 16:30:03,331] waiting OPENING sell-liquid/buy-bitbank margin:8269, open_threshold:8745
[INFO:2021-04-15 16:30:04,379] waiting OPENING sell-liquid/buy-bitbank margin:5516, open_threshold:8745
[INFO:2021-04-15 16:30:05,410] waiting OPENING sell-liquid/buy-bitbank margin:5689, open_threshold:8745
[INFO:2021-04-15 16:30:06,470] waiting OPENING sell-liquid/buy-bitbank margin:5689, open_threshold:8745
[INFO:2021-04-15 16:30:07,480] waiting OPENING sell-liquid/buy-bitbank margin:5594, open_threshold:8745
[INFO:2021-04-15 16:30:08,642] waiting OPENING sell-liquid/buy-bitbank margin:5715, open_threshold:8745
[INFO:2021-04-15 16:30:09,660] waiting OPENING sell-liquid/buy-bitbank margin:5756, open_threshold:8745
[INFO:2021-04-15 16:30:10,670] waiting OPENING sell-liquid/buy-bitbank margin:5757, open_threshold:8745
[INFO:2021-04-15 16:30:11,718] waiting OPENING sell-liquid/buy-bitbank margin:5758, open_threshold:8745
[INFO:2021-04-15 16:30:12,763] waiting OPENING sell-liquid/buy-bitbank margin:5760, open_threshold:8745
[INFO:2021-04-15 16:30:13,784] waiting OPENING sell-liquid/buy-bitbank margin:5768, open_threshold:8745
[INFO:2021-04-15 16:30:14,849] waiting OPENING sell-liquid/buy-bitbank margin:5768, open_threshold:8745
[INFO:2021-04-15 16:30:15,880] waiting OPENING sell-liquid/buy-bitbank margin:5806, open_threshold:8745
[INFO:2021-04-15 16:30:16,928] waiting OPENING sell-liquid/buy-bitbank margin:5807, open_threshold:8745
[INFO:2021-04-15 16:30:17,963] waiting OPENING sell-liquid/buy-bitbank margin:5849, open_threshold:8745
[INFO:2021-04-15 16:30:19,008] waiting OPENING sell-liquid/buy-bitbank margin:5996, open_threshold:8745
[INFO:2021-04-15 16:30:20,046] waiting OPENING sell-liquid/buy-bitbank margin:5996, open_threshold:8745
[INFO:2021-04-15 16:30:21,063] waiting OPENING sell-liquid/buy-bitbank margin:5996, open_threshold:8745
[INFO:2021-04-15 16:30:22,113] waiting OPENING sell-liquid/buy-bitbank margin:5996, open_threshold:8745
[INFO:2021-04-15 16:30:23,122] waiting OPENING sell-liquid/buy-bitbank margin:5996, open_threshold:8745
[INFO:2021-04-15 16:30:24,139] waiting OPENING sell-liquid/buy-bitbank margin:5996, open_threshold:8745
[INFO:2021-04-15 16:30:25,154] waiting OPENING sell-liquid/buy-bitbank margin:5996, open_threshold:8745
[INFO:2021-04-15 16:30:26,165] waiting OPENING sell-liquid/buy-bitbank margin:5996, open_threshold:8745
[INFO:2021-04-15 16:30:27,217] waiting OPENING sell-liquid/buy-bitbank margin:5996, open_threshold:8745
[INFO:2021-04-15 16:30:28,236] waiting OPENING sell-liquid/buy-bitbank margin:5996, open_threshold:8745
[INFO:2021-04-15 16:30:29,309] waiting OPENING sell-liquid/buy-bitbank margin:5862, open_threshold:8745
[INFO:2021-04-15 16:30:30,370] waiting OPENING sell-liquid/buy-bitbank margin:5990, open_threshold:8745
[INFO:2021-04-15 16:30:31,429] waiting OPENING sell-liquid/buy-bitbank margin:5990, open_threshold:8745
[INFO:2021-04-15 16:30:32,596] waiting OPENING sell-liquid/buy-bitbank margin:2469, open_threshold:8745
[INFO:2021-04-15 16:30:33,622] waiting OPENING sell-liquid/buy-bitbank margin:898, open_threshold:8745
[INFO:2021-04-15 16:30:34,646] waiting OPENING sell-liquid/buy-bitbank margin:995, open_threshold:8745
[INFO:2021-04-15 16:30:35,673] waiting OPENING sell-liquid/buy-bitbank margin:1812, open_threshold:8745
[INFO:2021-04-15 16:30:36,701] waiting OPENING sell-liquid/buy-bitbank margin:1812, open_threshold:8745
[INFO:2021-04-15 16:30:37,721] waiting OPENING sell-liquid/buy-bitbank margin:1812, open_threshold:8745
[INFO:2021-04-15 16:30:38,776] waiting OPENING sell-liquid/buy-bitbank margin:905, open_threshold:8745
[INFO:2021-04-15 16:30:39,813] waiting OPENING sell-liquid/buy-bitbank margin:905, open_threshold:8745
[INFO:2021-04-15 16:30:40,849] waiting OPENING sell-liquid/buy-bitbank margin:905, open_threshold:8745
[INFO:2021-04-15 16:30:41,862] waiting OPENING sell-bitbank/buy-liquid margin:-48, open_threshold:8745
[INFO:2021-04-15 16:30:42,876] waiting OPENING sell-liquid/buy-bitbank margin:1230, open_threshold:8745
[INFO:2021-04-15 16:30:43,890] waiting OPENING sell-bitbank/buy-liquid margin:-101, open_threshold:8745
[INFO:2021-04-15 16:30:44,908] waiting OPENING sell-bitbank/buy-liquid margin:74, open_threshold:8745
[INFO:2021-04-15 16:30:45,928] waiting OPENING sell-bitbank/buy-liquid margin:795, open_threshold:8745
[INFO:2021-04-15 16:30:46,975] waiting OPENING sell-bitbank/buy-liquid margin:795, open_threshold:8745
[INFO:2021-04-15 16:30:48,047] waiting OPENING sell-bitbank/buy-liquid margin:1217, open_threshold:8745
[INFO:2021-04-15 16:30:49,063] waiting OPENING sell-bitbank/buy-liquid margin:1217, open_threshold:8745
[INFO:2021-04-15 16:30:50,091] waiting OPENING sell-bitbank/buy-liquid margin:1217, open_threshold:8745
[INFO:2021-04-15 16:30:51,100] waiting OPENING sell-bitbank/buy-liquid margin:1217, open_threshold:8745
[INFO:2021-04-15 16:30:52,150] waiting OPENING sell-bitbank/buy-liquid margin:1217, open_threshold:8745
[INFO:2021-04-15 16:30:53,186] waiting OPENING sell-bitbank/buy-liquid margin:1217, open_threshold:8745
[INFO:2021-04-15 16:30:54,294] waiting OPENING sell-bitbank/buy-liquid margin:1217, open_threshold:8745
[INFO:2021-04-15 16:30:55,316] waiting OPENING sell-bitbank/buy-liquid margin:1217, open_threshold:8745
[INFO:2021-04-15 16:30:56,321] waiting OPENING sell-bitbank/buy-liquid margin:1217, open_threshold:8745
[INFO:2021-04-15 16:30:57,335] waiting OPENING sell-bitbank/buy-liquid margin:1217, open_threshold:8745
[INFO:2021-04-15 16:30:58,350] waiting OPENING sell-bitbank/buy-liquid margin:1217, open_threshold:8745
[INFO:2021-04-15 16:30:59,389] waiting OPENING sell-bitbank/buy-liquid margin:1217, open_threshold:8745
[INFO:2021-04-15 16:31:00,472] waiting OPENING sell-bitbank/buy-liquid margin:1217, open_threshold:8745
[INFO:2021-04-15 16:31:01,495] waiting OPENING sell-bitbank/buy-liquid margin:1217, open_threshold:8745
[INFO:2021-04-15 16:31:02,553] waiting OPENING sell-liquid/buy-bitbank margin:-195, open_threshold:8745
[INFO:2021-04-15 16:31:03,612] waiting OPENING sell-liquid/buy-bitbank margin:-195, open_threshold:8745
[INFO:2021-04-15 16:31:04,617] waiting OPENING sell-liquid/buy-bitbank margin:-195, open_threshold:8745
[INFO:2021-04-15 16:31:05,625] waiting OPENING sell-liquid/buy-bitbank margin:-195, open_threshold:8745
[INFO:2021-04-15 16:31:06,628] waiting OPENING sell-liquid/buy-bitbank margin:-195, open_threshold:8745
[INFO:2021-04-15 16:31:07,668] waiting OPENING sell-liquid/buy-bitbank margin:-652, open_threshold:8745
[INFO:2021-04-15 16:31:08,678] waiting OPENING sell-liquid/buy-bitbank margin:-652, open_threshold:8745
[INFO:2021-04-15 16:31:09,702] waiting OPENING sell-liquid/buy-bitbank margin:4990, open_threshold:8745
[INFO:2021-04-15 16:31:10,720] waiting OPENING sell-liquid/buy-bitbank margin:4990, open_threshold:8745
[INFO:2021-04-15 16:31:11,781] waiting OPENING sell-liquid/buy-bitbank margin:4990, open_threshold:8745
[INFO:2021-04-15 16:31:12,805] waiting OPENING sell-liquid/buy-bitbank margin:4518, open_threshold:8745
[INFO:2021-04-15 16:31:13,822] waiting OPENING sell-liquid/buy-bitbank margin:4582, open_threshold:8745
[INFO:2021-04-15 16:31:14,835] waiting OPENING sell-liquid/buy-bitbank margin:4582, open_threshold:8745
[INFO:2021-04-15 16:31:15,855] waiting OPENING sell-liquid/buy-bitbank margin:4582, open_threshold:8745
[INFO:2021-04-15 16:31:16,942] waiting OPENING sell-liquid/buy-bitbank margin:4582, open_threshold:8745
[INFO:2021-04-15 16:31:17,960] waiting OPENING sell-liquid/buy-bitbank margin:4582, open_threshold:8745
[INFO:2021-04-15 16:31:18,978] waiting OPENING sell-liquid/buy-bitbank margin:3741, open_threshold:8745
[INFO:2021-04-15 16:31:20,067] waiting OPENING sell-liquid/buy-bitbank margin:2657, open_threshold:8745
[INFO:2021-04-15 16:31:21,073] waiting OPENING sell-liquid/buy-bitbank margin:2657, open_threshold:8745
[INFO:2021-04-15 16:31:22,125] waiting OPENING sell-liquid/buy-bitbank margin:2678, open_threshold:8745
[INFO:2021-04-15 16:31:23,144] waiting OPENING sell-liquid/buy-bitbank margin:92, open_threshold:8745
[INFO:2021-04-15 16:31:24,175] waiting OPENING sell-liquid/buy-bitbank margin:92, open_threshold:8745
[INFO:2021-04-15 16:31:25,219] waiting OPENING sell-liquid/buy-bitbank margin:129, open_threshold:8745
[INFO:2021-04-15 16:31:26,233] waiting OPENING sell-liquid/buy-bitbank margin:129, open_threshold:8745
[INFO:2021-04-15 16:31:27,266] waiting OPENING sell-liquid/buy-bitbank margin:129, open_threshold:8745
[INFO:2021-04-15 16:31:28,293] waiting OPENING sell-liquid/buy-bitbank margin:232, open_threshold:8745
[INFO:2021-04-15 16:31:29,300] waiting OPENING sell-liquid/buy-bitbank margin:59, open_threshold:8745
[INFO:2021-04-15 16:31:30,325] waiting OPENING sell-liquid/buy-bitbank margin:232, open_threshold:8745
[INFO:2021-04-15 16:31:31,400] waiting OPENING sell-liquid/buy-bitbank margin:232, open_threshold:8745
[INFO:2021-04-15 16:31:32,407] waiting OPENING sell-bitbank/buy-liquid margin:229, open_threshold:8745
[INFO:2021-04-15 16:31:33,418] waiting OPENING sell-bitbank/buy-liquid margin:229, open_threshold:8745
[INFO:2021-04-15 16:31:34,440] waiting OPENING sell-liquid/buy-bitbank margin:1211, open_threshold:8745
[INFO:2021-04-15 16:31:35,445] waiting OPENING sell-bitbank/buy-liquid margin:152, open_threshold:8745
[INFO:2021-04-15 16:31:36,471] waiting OPENING sell-bitbank/buy-liquid margin:518, open_threshold:8745
[INFO:2021-04-15 16:31:37,487] waiting OPENING sell-bitbank/buy-liquid margin:518, open_threshold:8745
[INFO:2021-04-15 16:31:38,527] waiting OPENING sell-bitbank/buy-liquid margin:518, open_threshold:8745
[INFO:2021-04-15 16:31:39,554] waiting OPENING sell-bitbank/buy-liquid margin:518, open_threshold:8745
[INFO:2021-04-15 16:31:40,614] waiting OPENING sell-bitbank/buy-liquid margin:-96, open_threshold:8745
[INFO:2021-04-15 16:31:41,642] waiting OPENING sell-bitbank/buy-liquid margin:-96, open_threshold:8745
[INFO:2021-04-15 16:31:42,650] waiting OPENING sell-liquid/buy-bitbank margin:-1075, open_threshold:8745
[INFO:2021-04-15 16:31:43,672] waiting OPENING sell-liquid/buy-bitbank margin:265, open_threshold:8745
[INFO:2021-04-15 16:31:44,687] waiting OPENING sell-liquid/buy-bitbank margin:595, open_threshold:8745
[INFO:2021-04-15 16:31:45,711] waiting OPENING sell-liquid/buy-bitbank margin:595, open_threshold:8745
[INFO:2021-04-15 16:31:46,720] waiting OPENING sell-liquid/buy-bitbank margin:1704, open_threshold:8745
[INFO:2021-04-15 16:31:47,738] waiting OPENING sell-liquid/buy-bitbank margin:985, open_threshold:8745
[INFO:2021-04-15 16:31:48,803] waiting OPENING sell-liquid/buy-bitbank margin:647, open_threshold:8745
[INFO:2021-04-15 16:31:49,828] waiting OPENING sell-liquid/buy-bitbank margin:850, open_threshold:8745
[INFO:2021-04-15 16:31:50,836] waiting OPENING sell-liquid/buy-bitbank margin:850, open_threshold:8745
[INFO:2021-04-15 16:31:51,852] waiting OPENING sell-liquid/buy-bitbank margin:2708, open_threshold:8745
[INFO:2021-04-15 16:31:52,886] waiting OPENING sell-liquid/buy-bitbank margin:2708, open_threshold:8745
[INFO:2021-04-15 16:31:53,889] waiting OPENING sell-liquid/buy-bitbank margin:3477, open_threshold:8745
[INFO:2021-04-15 16:31:55,020] waiting OPENING sell-liquid/buy-bitbank margin:3477, open_threshold:8745
[INFO:2021-04-15 16:31:56,026] waiting OPENING sell-liquid/buy-bitbank margin:3477, open_threshold:8745
[INFO:2021-04-15 16:31:57,030] waiting OPENING sell-liquid/buy-bitbank margin:3477, open_threshold:8745
[INFO:2021-04-15 16:31:58,043] waiting OPENING sell-liquid/buy-bitbank margin:3477, open_threshold:8745
[INFO:2021-04-15 16:31:59,082] waiting OPENING sell-liquid/buy-bitbank margin:1840, open_threshold:8745
[INFO:2021-04-15 16:32:00,202] waiting OPENING sell-liquid/buy-bitbank margin:1840, open_threshold:8745
[INFO:2021-04-15 16:32:01,225] waiting OPENING sell-liquid/buy-bitbank margin:1840, open_threshold:8745
[INFO:2021-04-15 16:32:02,271] waiting OPENING sell-liquid/buy-bitbank margin:2338, open_threshold:8745
[INFO:2021-04-15 16:32:03,300] waiting OPENING sell-liquid/buy-bitbank margin:2338, open_threshold:8745
[INFO:2021-04-15 16:32:04,464] waiting OPENING sell-liquid/buy-bitbank margin:2338, open_threshold:8745
[INFO:2021-04-15 16:32:05,474] waiting OPENING sell-liquid/buy-bitbank margin:2338, open_threshold:8745
[INFO:2021-04-15 16:32:06,489] waiting OPENING sell-liquid/buy-bitbank margin:2338, open_threshold:8745
[INFO:2021-04-15 16:32:07,546] waiting OPENING sell-liquid/buy-bitbank margin:3768, open_threshold:8745
[INFO:2021-04-15 16:32:08,592] waiting OPENING sell-liquid/buy-bitbank margin:3833, open_threshold:8745
[INFO:2021-04-15 16:32:09,625] waiting OPENING sell-liquid/buy-bitbank margin:3768, open_threshold:8745
[INFO:2021-04-15 16:32:10,728] waiting OPENING sell-liquid/buy-bitbank margin:3768, open_threshold:8745
[INFO:2021-04-15 16:32:11,778] waiting OPENING sell-liquid/buy-bitbank margin:3935, open_threshold:8745
[INFO:2021-04-15 16:32:12,787] waiting OPENING sell-liquid/buy-bitbank margin:3971, open_threshold:8745
[INFO:2021-04-15 16:32:13,841] waiting OPENING sell-liquid/buy-bitbank margin:3971, open_threshold:8745
[INFO:2021-04-15 16:32:14,864] waiting OPENING sell-liquid/buy-bitbank margin:3971, open_threshold:8745
[INFO:2021-04-15 16:32:15,912] waiting OPENING sell-liquid/buy-bitbank margin:3971, open_threshold:8745
[INFO:2021-04-15 16:32:16,960] waiting OPENING sell-liquid/buy-bitbank margin:3971, open_threshold:8745
[INFO:2021-04-15 16:32:18,103] waiting OPENING sell-liquid/buy-bitbank margin:3971, open_threshold:8745
[INFO:2021-04-15 16:32:19,127] waiting OPENING sell-liquid/buy-bitbank margin:3768, open_threshold:8745
[INFO:2021-04-15 16:32:20,222] waiting OPENING sell-liquid/buy-bitbank margin:3768, open_threshold:8745
[INFO:2021-04-15 16:32:21,233] waiting OPENING sell-liquid/buy-bitbank margin:3268, open_threshold:8745
[INFO:2021-04-15 16:32:22,240] waiting OPENING sell-liquid/buy-bitbank margin:3268, open_threshold:8745
[INFO:2021-04-15 16:32:23,270] waiting OPENING sell-liquid/buy-bitbank margin:895, open_threshold:8745
[INFO:2021-04-15 16:32:24,306] waiting OPENING sell-liquid/buy-bitbank margin:895, open_threshold:8745
[INFO:2021-04-15 16:32:25,314] waiting OPENING sell-liquid/buy-bitbank margin:895, open_threshold:8745
[INFO:2021-04-15 16:32:26,325] waiting OPENING sell-liquid/buy-bitbank margin:1182, open_threshold:8745
[INFO:2021-04-15 16:32:27,343] waiting OPENING sell-liquid/buy-bitbank margin:1182, open_threshold:8745
[INFO:2021-04-15 16:32:28,364] waiting OPENING sell-liquid/buy-bitbank margin:1182, open_threshold:8745
[INFO:2021-04-15 16:32:29,412] waiting OPENING sell-liquid/buy-bitbank margin:-18, open_threshold:8745
[INFO:2021-04-15 16:32:30,421] waiting OPENING sell-liquid/buy-bitbank margin:-18, open_threshold:8745
[INFO:2021-04-15 16:32:31,459] waiting OPENING sell-bitbank/buy-liquid margin:988, open_threshold:8745
[INFO:2021-04-15 16:32:32,502] waiting OPENING sell-bitbank/buy-liquid margin:988, open_threshold:8745
[INFO:2021-04-15 16:32:33,522] waiting OPENING sell-bitbank/buy-liquid margin:988, open_threshold:8745
[INFO:2021-04-15 16:32:34,552] waiting OPENING sell-bitbank/buy-liquid margin:988, open_threshold:8745
[INFO:2021-04-15 16:32:35,578] waiting OPENING sell-bitbank/buy-liquid margin:988, open_threshold:8745
[INFO:2021-04-15 16:32:36,601] waiting OPENING sell-bitbank/buy-liquid margin:988, open_threshold:8745
[INFO:2021-04-15 16:32:37,616] waiting OPENING sell-bitbank/buy-liquid margin:1233, open_threshold:8745
[INFO:2021-04-15 16:32:38,712] waiting OPENING sell-bitbank/buy-liquid margin:1615, open_threshold:8745
[INFO:2021-04-15 16:32:39,724] waiting OPENING sell-bitbank/buy-liquid margin:2114, open_threshold:8745
[INFO:2021-04-15 16:32:40,756] waiting OPENING sell-bitbank/buy-liquid margin:2317, open_threshold:8745
[INFO:2021-04-15 16:32:41,778] waiting OPENING sell-bitbank/buy-liquid margin:2317, open_threshold:8745
[INFO:2021-04-15 16:32:42,794] waiting OPENING sell-bitbank/buy-liquid margin:2553, open_threshold:8745
[INFO:2021-04-15 16:32:43,833] waiting OPENING sell-bitbank/buy-liquid margin:2310, open_threshold:8745
[INFO:2021-04-15 16:32:44,877] waiting OPENING sell-bitbank/buy-liquid margin:2310, open_threshold:8745
[INFO:2021-04-15 16:32:45,977] waiting OPENING sell-bitbank/buy-liquid margin:2310, open_threshold:8745
[INFO:2021-04-15 16:32:47,180] waiting OPENING sell-bitbank/buy-liquid margin:2310, open_threshold:8745
[INFO:2021-04-15 16:32:48,212] waiting OPENING sell-bitbank/buy-liquid margin:2310, open_threshold:8745
[INFO:2021-04-15 16:32:49,234] waiting OPENING sell-bitbank/buy-liquid margin:1406, open_threshold:8745
[INFO:2021-04-15 16:32:50,328] waiting OPENING sell-bitbank/buy-liquid margin:1406, open_threshold:8745
[INFO:2021-04-15 16:32:51,345] waiting OPENING sell-bitbank/buy-liquid margin:1406, open_threshold:8745
[INFO:2021-04-15 16:32:52,394] waiting OPENING sell-bitbank/buy-liquid margin:1406, open_threshold:8745
[INFO:2021-04-15 16:32:53,416] waiting OPENING sell-bitbank/buy-liquid margin:2560, open_threshold:8745
[INFO:2021-04-15 16:32:54,423] waiting OPENING sell-bitbank/buy-liquid margin:2774, open_threshold:8745
[INFO:2021-04-15 16:32:55,438] waiting OPENING sell-bitbank/buy-liquid margin:2901, open_threshold:8745
[INFO:2021-04-15 16:32:56,478] waiting OPENING sell-bitbank/buy-liquid margin:2901, open_threshold:8745
[INFO:2021-04-15 16:32:57,519] waiting OPENING sell-bitbank/buy-liquid margin:2901, open_threshold:8745
[INFO:2021-04-15 16:32:58,542] waiting OPENING sell-bitbank/buy-liquid margin:2901, open_threshold:8745
[INFO:2021-04-15 16:32:59,588] waiting OPENING sell-bitbank/buy-liquid margin:2901, open_threshold:8745
[INFO:2021-04-15 16:33:00,593] waiting OPENING sell-bitbank/buy-liquid margin:3028, open_threshold:8745
[INFO:2021-04-15 16:33:01,611] waiting OPENING sell-bitbank/buy-liquid margin:3028, open_threshold:8745
[INFO:2021-04-15 16:33:02,637] waiting OPENING sell-bitbank/buy-liquid margin:3028, open_threshold:8745
[INFO:2021-04-15 16:33:03,646] waiting OPENING sell-bitbank/buy-liquid margin:2614, open_threshold:8745
[INFO:2021-04-15 16:33:04,696] waiting OPENING sell-bitbank/buy-liquid margin:2614, open_threshold:8745
[INFO:2021-04-15 16:33:05,701] waiting OPENING sell-bitbank/buy-liquid margin:2838, open_threshold:8745
[INFO:2021-04-15 16:33:06,709] waiting OPENING sell-bitbank/buy-liquid margin:3166, open_threshold:8745
[INFO:2021-04-15 16:33:07,742] waiting OPENING sell-bitbank/buy-liquid margin:3256, open_threshold:8745
[INFO:2021-04-15 16:33:08,753] waiting OPENING sell-bitbank/buy-liquid margin:3674, open_threshold:8745
[INFO:2021-04-15 16:33:09,785] waiting OPENING sell-bitbank/buy-liquid margin:3674, open_threshold:8745
[INFO:2021-04-15 16:33:10,798] waiting OPENING sell-bitbank/buy-liquid margin:3674, open_threshold:8745
[INFO:2021-04-15 16:33:11,880] waiting OPENING sell-bitbank/buy-liquid margin:3674, open_threshold:8745
[INFO:2021-04-15 16:33:12,978] waiting OPENING sell-bitbank/buy-liquid margin:1870, open_threshold:8745
[INFO:2021-04-15 16:33:14,000] waiting OPENING sell-bitbank/buy-liquid margin:971, open_threshold:5000
[INFO:2021-04-15 16:33:15,058] waiting OPENING sell-bitbank/buy-liquid margin:-1000, open_threshold:5000
[INFO:2021-04-15 16:33:16,064] waiting OPENING sell-bitbank/buy-liquid margin:-838, open_threshold:5000
[INFO:2021-04-15 16:33:17,069] waiting OPENING sell-bitbank/buy-liquid margin:-838, open_threshold:5000
[INFO:2021-04-15 16:33:18,125] waiting OPENING sell-bitbank/buy-liquid margin:-838, open_threshold:5000
[INFO:2021-04-15 16:33:19,130] waiting OPENING sell-bitbank/buy-liquid margin:-838, open_threshold:5000
[INFO:2021-04-15 16:33:20,144] waiting OPENING sell-bitbank/buy-liquid margin:-838, open_threshold:5000
[INFO:2021-04-15 16:33:21,168] waiting OPENING sell-bitbank/buy-liquid margin:-838, open_threshold:5000
[INFO:2021-04-15 16:33:22,186] waiting OPENING sell-bitbank/buy-liquid margin:-1669, open_threshold:5000
[INFO:2021-04-15 16:33:23,219] waiting OPENING sell-bitbank/buy-liquid margin:-1669, open_threshold:5000
[INFO:2021-04-15 16:33:24,235] waiting OPENING sell-liquid/buy-bitbank margin:634, open_threshold:5000
[INFO:2021-04-15 16:33:25,249] waiting OPENING sell-liquid/buy-bitbank margin:634, open_threshold:5000
[INFO:2021-04-15 16:33:26,280] waiting OPENING sell-liquid/buy-bitbank margin:634, open_threshold:5000
[INFO:2021-04-15 16:33:27,295] waiting OPENING sell-liquid/buy-bitbank margin:634, open_threshold:5000
[INFO:2021-04-15 16:33:28,346] waiting OPENING sell-liquid/buy-bitbank margin:634, open_threshold:5000
[INFO:2021-04-15 16:33:29,358] waiting OPENING sell-liquid/buy-bitbank margin:325, open_threshold:5000
[INFO:2021-04-15 16:33:30,364] waiting OPENING sell-liquid/buy-bitbank margin:444, open_threshold:5000
[INFO:2021-04-15 16:33:31,384] waiting OPENING sell-liquid/buy-bitbank margin:444, open_threshold:5000
[INFO:2021-04-15 16:33:32,473] waiting OPENING sell-liquid/buy-bitbank margin:569, open_threshold:5000
[INFO:2021-04-15 16:33:33,493] waiting OPENING sell-liquid/buy-bitbank margin:569, open_threshold:5000
[INFO:2021-04-15 16:33:34,516] waiting OPENING sell-liquid/buy-bitbank margin:1867, open_threshold:5000
[INFO:2021-04-15 16:33:35,529] waiting OPENING sell-liquid/buy-bitbank margin:1867, open_threshold:5000
[INFO:2021-04-15 16:33:36,597] waiting OPENING sell-liquid/buy-bitbank margin:1896, open_threshold:5000
[INFO:2021-04-15 16:33:37,602] waiting OPENING sell-liquid/buy-bitbank margin:2160, open_threshold:5000
[INFO:2021-04-15 16:33:38,699] waiting OPENING sell-liquid/buy-bitbank margin:2160, open_threshold:5000
[INFO:2021-04-15 16:33:39,707] waiting OPENING sell-liquid/buy-bitbank margin:515, open_threshold:5000
[INFO:2021-04-15 16:33:40,779] waiting OPENING sell-liquid/buy-bitbank margin:634, open_threshold:5000
[INFO:2021-04-15 16:33:41,821] waiting OPENING sell-liquid/buy-bitbank margin:634, open_threshold:5000
[INFO:2021-04-15 16:33:42,848] waiting OPENING sell-liquid/buy-bitbank margin:634, open_threshold:5000
[INFO:2021-04-15 16:33:43,865] waiting OPENING sell-bitbank/buy-liquid margin:1356, open_threshold:5000
[INFO:2021-04-15 16:33:44,919] waiting OPENING sell-bitbank/buy-liquid margin:1356, open_threshold:5000
[INFO:2021-04-15 16:33:45,964] waiting OPENING sell-bitbank/buy-liquid margin:1249, open_threshold:5000
[INFO:2021-04-15 16:33:46,987] waiting OPENING sell-bitbank/buy-liquid margin:1249, open_threshold:5000
[INFO:2021-04-15 16:33:48,030] waiting OPENING sell-bitbank/buy-liquid margin:1249, open_threshold:5000
[INFO:2021-04-15 16:33:49,071] waiting OPENING sell-bitbank/buy-liquid margin:1249, open_threshold:5000
[INFO:2021-04-15 16:33:50,093] waiting OPENING sell-bitbank/buy-liquid margin:1249, open_threshold:5000
[INFO:2021-04-15 16:33:51,115] waiting OPENING sell-bitbank/buy-liquid margin:1249, open_threshold:5000
[INFO:2021-04-15 16:33:52,144] waiting OPENING sell-bitbank/buy-liquid margin:1249, open_threshold:5000
[INFO:2021-04-15 16:33:53,171] waiting OPENING sell-bitbank/buy-liquid margin:1249, open_threshold:5000
[INFO:2021-04-15 16:33:54,254] waiting OPENING sell-liquid/buy-bitbank margin:1349, open_threshold:5000
[INFO:2021-04-15 16:33:55,416] waiting OPENING sell-liquid/buy-bitbank margin:1375, open_threshold:5000
[INFO:2021-04-15 16:33:56,423] waiting OPENING sell-liquid/buy-bitbank margin:1375, open_threshold:5000
[INFO:2021-04-15 16:33:57,457] waiting OPENING sell-liquid/buy-bitbank margin:1375, open_threshold:5000
[INFO:2021-04-15 16:33:58,548] waiting OPENING sell-liquid/buy-bitbank margin:1375, open_threshold:5000
[INFO:2021-04-15 16:33:59,591] waiting OPENING sell-liquid/buy-bitbank margin:1349, open_threshold:5000
[INFO:2021-04-15 16:34:00,605] waiting OPENING sell-liquid/buy-bitbank margin:1349, open_threshold:5000
[INFO:2021-04-15 16:34:01,617] waiting OPENING sell-liquid/buy-bitbank margin:1349, open_threshold:5000
[INFO:2021-04-15 16:34:02,676] waiting OPENING sell-liquid/buy-bitbank margin:1349, open_threshold:5000
[INFO:2021-04-15 16:34:03,819] waiting OPENING sell-liquid/buy-bitbank margin:102, open_threshold:5000
[INFO:2021-04-15 16:34:04,835] waiting OPENING sell-liquid/buy-bitbank margin:284, open_threshold:5000
[INFO:2021-04-15 16:34:05,858] waiting OPENING sell-liquid/buy-bitbank margin:293, open_threshold:5000
[INFO:2021-04-15 16:34:06,862] waiting OPENING sell-liquid/buy-bitbank margin:962, open_threshold:5000
[INFO:2021-04-15 16:34:07,881] waiting OPENING sell-liquid/buy-bitbank margin:1566, open_threshold:5000
[INFO:2021-04-15 16:34:08,911] waiting OPENING sell-liquid/buy-bitbank margin:2776, open_threshold:5000
[INFO:2021-04-15 16:34:09,941] waiting OPENING sell-liquid/buy-bitbank margin:3567, open_threshold:5000
[INFO:2021-04-15 16:34:10,981] waiting OPENING sell-liquid/buy-bitbank margin:3619, open_threshold:5000
[INFO:2021-04-15 16:34:12,004] waiting OPENING sell-liquid/buy-bitbank margin:3619, open_threshold:5000
[INFO:2021-04-15 16:34:13,041] waiting OPENING sell-liquid/buy-bitbank margin:3619, open_threshold:5000
[INFO:2021-04-15 16:34:14,093] waiting OPENING sell-liquid/buy-bitbank margin:3619, open_threshold:5000
[INFO:2021-04-15 16:34:15,152] waiting OPENING sell-liquid/buy-bitbank margin:3619, open_threshold:5000
[INFO:2021-04-15 16:34:16,193] waiting OPENING sell-liquid/buy-bitbank margin:3619, open_threshold:5000
[INFO:2021-04-15 16:34:17,212] waiting OPENING sell-liquid/buy-bitbank margin:3619, open_threshold:5000
[INFO:2021-04-15 16:34:18,222] waiting OPENING sell-liquid/buy-bitbank margin:1727, open_threshold:5000
[INFO:2021-04-15 16:34:19,237] waiting OPENING sell-liquid/buy-bitbank margin:1231, open_threshold:5000
[INFO:2021-04-15 16:34:20,262] waiting OPENING sell-liquid/buy-bitbank margin:1231, open_threshold:5000
[INFO:2021-04-15 16:34:21,280] waiting OPENING sell-liquid/buy-bitbank margin:1231, open_threshold:5000
[INFO:2021-04-15 16:34:22,302] waiting OPENING sell-liquid/buy-bitbank margin:1231, open_threshold:5000
[INFO:2021-04-15 16:34:23,343] waiting OPENING sell-liquid/buy-bitbank margin:1231, open_threshold:5000
[INFO:2021-04-15 16:34:24,380] waiting OPENING sell-liquid/buy-bitbank margin:1319, open_threshold:5000
[INFO:2021-04-15 16:34:25,439] waiting OPENING sell-liquid/buy-bitbank margin:1319, open_threshold:5000
[INFO:2021-04-15 16:34:26,503] waiting OPENING sell-liquid/buy-bitbank margin:1319, open_threshold:5000
[INFO:2021-04-15 16:34:27,532] waiting OPENING sell-liquid/buy-bitbank margin:1319, open_threshold:5000
[INFO:2021-04-15 16:34:28,556] waiting OPENING sell-liquid/buy-bitbank margin:1319, open_threshold:5000
[INFO:2021-04-15 16:34:29,653] waiting OPENING sell-liquid/buy-bitbank margin:581, open_threshold:5000
[INFO:2021-04-15 16:34:30,699] waiting OPENING sell-liquid/buy-bitbank margin:581, open_threshold:5000
[INFO:2021-04-15 16:34:31,702] waiting OPENING sell-liquid/buy-bitbank margin:581, open_threshold:5000
[INFO:2021-04-15 16:34:32,738] waiting OPENING sell-liquid/buy-bitbank margin:581, open_threshold:5000
[INFO:2021-04-15 16:34:33,762] waiting OPENING sell-liquid/buy-bitbank margin:581, open_threshold:5000
[INFO:2021-04-15 16:34:34,833] waiting OPENING sell-liquid/buy-bitbank margin:581, open_threshold:5000
[INFO:2021-04-15 16:34:35,877] waiting OPENING sell-liquid/buy-bitbank margin:581, open_threshold:5000
[INFO:2021-04-15 16:34:36,895] waiting OPENING sell-liquid/buy-bitbank margin:581, open_threshold:5000
[INFO:2021-04-15 16:34:38,064] waiting OPENING sell-liquid/buy-bitbank margin:581, open_threshold:5000
[INFO:2021-04-15 16:34:39,071] waiting OPENING sell-liquid/buy-bitbank margin:189, open_threshold:5000
[INFO:2021-04-15 16:34:40,083] waiting OPENING sell-bitbank/buy-liquid margin:-195, open_threshold:5000
[INFO:2021-04-15 16:34:41,108] waiting OPENING sell-bitbank/buy-liquid margin:668, open_threshold:5000
[INFO:2021-04-15 16:34:42,128] waiting OPENING sell-bitbank/buy-liquid margin:1739, open_threshold:5000
[INFO:2021-04-15 16:34:43,146] waiting OPENING sell-bitbank/buy-liquid margin:1739, open_threshold:5000
[INFO:2021-04-15 16:34:44,205] waiting OPENING sell-bitbank/buy-liquid margin:1739, open_threshold:5000
[INFO:2021-04-15 16:34:45,211] waiting OPENING sell-bitbank/buy-liquid margin:1739, open_threshold:5000
[INFO:2021-04-15 16:34:46,233] waiting OPENING sell-bitbank/buy-liquid margin:1739, open_threshold:5000
[INFO:2021-04-15 16:34:47,241] waiting OPENING sell-bitbank/buy-liquid margin:1739, open_threshold:5000
[INFO:2021-04-15 16:34:48,268] waiting OPENING sell-bitbank/buy-liquid margin:1739, open_threshold:5000
[INFO:2021-04-15 16:34:49,273] waiting OPENING sell-bitbank/buy-liquid margin:1739, open_threshold:5000
[INFO:2021-04-15 16:34:50,292] waiting OPENING sell-bitbank/buy-liquid margin:1739, open_threshold:5000
[INFO:2021-04-15 16:34:51,317] waiting OPENING sell-bitbank/buy-liquid margin:1739, open_threshold:5000
[INFO:2021-04-15 16:34:52,325] waiting OPENING sell-bitbank/buy-liquid margin:1739, open_threshold:5000
[INFO:2021-04-15 16:34:53,330] waiting OPENING sell-bitbank/buy-liquid margin:1739, open_threshold:5000
[INFO:2021-04-15 16:34:54,427] waiting OPENING sell-bitbank/buy-liquid margin:1739, open_threshold:5000
[INFO:2021-04-15 16:34:55,537] waiting OPENING sell-bitbank/buy-liquid margin:1739, open_threshold:5000
[INFO:2021-04-15 16:34:56,553] waiting OPENING sell-bitbank/buy-liquid margin:1204, open_threshold:5000
[INFO:2021-04-15 16:34:57,584] waiting OPENING sell-bitbank/buy-liquid margin:1204, open_threshold:5000
[INFO:2021-04-15 16:34:58,610] waiting OPENING sell-bitbank/buy-liquid margin:1204, open_threshold:5000
[INFO:2021-04-15 16:34:59,684] waiting OPENING sell-liquid/buy-bitbank margin:-313, open_threshold:5000
[INFO:2021-04-15 16:35:00,710] waiting OPENING sell-liquid/buy-bitbank margin:195, open_threshold:5000
[INFO:2021-04-15 16:35:01,722] waiting OPENING sell-liquid/buy-bitbank margin:360, open_threshold:5000
[INFO:2021-04-15 16:35:02,751] waiting OPENING sell-liquid/buy-bitbank margin:360, open_threshold:5000
[INFO:2021-04-15 16:35:03,769] waiting OPENING sell-liquid/buy-bitbank margin:360, open_threshold:5000
[INFO:2021-04-15 16:35:04,786] waiting OPENING sell-liquid/buy-bitbank margin:360, open_threshold:5000
[INFO:2021-04-15 16:35:05,792] waiting OPENING sell-liquid/buy-bitbank margin:658, open_threshold:5000
[INFO:2021-04-15 16:35:06,858] waiting OPENING sell-liquid/buy-bitbank margin:658, open_threshold:5000
[INFO:2021-04-15 16:35:07,976] waiting OPENING sell-liquid/buy-bitbank margin:658, open_threshold:5000
[INFO:2021-04-15 16:35:08,984] waiting OPENING sell-liquid/buy-bitbank margin:418, open_threshold:5000
[INFO:2021-04-15 16:35:09,995] waiting OPENING sell-liquid/buy-bitbank margin:418, open_threshold:5000
[INFO:2021-04-15 16:35:11,034] waiting OPENING sell-liquid/buy-bitbank margin:431, open_threshold:5000
[INFO:2021-04-15 16:35:12,047] waiting OPENING sell-liquid/buy-bitbank margin:431, open_threshold:5000
[INFO:2021-04-15 16:35:13,080] waiting OPENING sell-liquid/buy-bitbank margin:431, open_threshold:5000
[INFO:2021-04-15 16:35:14,164] waiting OPENING sell-liquid/buy-bitbank margin:431, open_threshold:5000
[INFO:2021-04-15 16:35:15,192] waiting OPENING sell-liquid/buy-bitbank margin:431, open_threshold:5000
[INFO:2021-04-15 16:35:16,214] waiting OPENING sell-liquid/buy-bitbank margin:817, open_threshold:5000
[INFO:2021-04-15 16:35:17,245] waiting OPENING sell-liquid/buy-bitbank margin:817, open_threshold:5000
[INFO:2021-04-15 16:35:18,252] waiting OPENING sell-liquid/buy-bitbank margin:817, open_threshold:5000
[INFO:2021-04-15 16:35:19,283] waiting OPENING sell-liquid/buy-bitbank margin:1634, open_threshold:5000
[INFO:2021-04-15 16:35:20,307] waiting OPENING sell-liquid/buy-bitbank margin:1887, open_threshold:5000
[INFO:2021-04-15 16:35:21,326] waiting OPENING sell-liquid/buy-bitbank margin:2008, open_threshold:5000
[INFO:2021-04-15 16:35:22,347] waiting OPENING sell-liquid/buy-bitbank margin:2008, open_threshold:5000
[INFO:2021-04-15 16:35:23,377] waiting OPENING sell-liquid/buy-bitbank margin:2008, open_threshold:5000
[INFO:2021-04-15 16:35:24,394] waiting OPENING sell-liquid/buy-bitbank margin:2008, open_threshold:5000
[INFO:2021-04-15 16:35:25,411] waiting OPENING sell-liquid/buy-bitbank margin:2008, open_threshold:5000
[INFO:2021-04-15 16:35:26,445] waiting OPENING sell-liquid/buy-bitbank margin:-764, open_threshold:5000
[INFO:2021-04-15 16:35:27,659] waiting OPENING sell-liquid/buy-bitbank margin:-764, open_threshold:5000
[INFO:2021-04-15 16:35:28,711] waiting OPENING sell-liquid/buy-bitbank margin:-711, open_threshold:5000
[INFO:2021-04-15 16:35:29,729] waiting OPENING sell-liquid/buy-bitbank margin:-711, open_threshold:5000
[INFO:2021-04-15 16:35:30,749] waiting OPENING sell-liquid/buy-bitbank margin:-610, open_threshold:5000
[INFO:2021-04-15 16:35:31,758] waiting OPENING sell-liquid/buy-bitbank margin:-336, open_threshold:5000
[INFO:2021-04-15 16:35:32,773] waiting OPENING sell-liquid/buy-bitbank margin:152, open_threshold:5000
[INFO:2021-04-15 16:35:33,780] waiting OPENING sell-liquid/buy-bitbank margin:1525, open_threshold:5000
[INFO:2021-04-15 16:35:34,847] waiting OPENING sell-liquid/buy-bitbank margin:1525, open_threshold:5000
[INFO:2021-04-15 16:35:35,858] waiting OPENING sell-liquid/buy-bitbank margin:-25, open_threshold:5000
[INFO:2021-04-15 16:35:36,871] waiting OPENING sell-liquid/buy-bitbank margin:-25, open_threshold:5000
[INFO:2021-04-15 16:35:37,895] waiting OPENING sell-liquid/buy-bitbank margin:-25, open_threshold:5000
[INFO:2021-04-15 16:35:38,918] waiting OPENING sell-bitbank/buy-liquid margin:74, open_threshold:5000
[INFO:2021-04-15 16:35:39,931] waiting OPENING sell-liquid/buy-bitbank margin:2631, open_threshold:5000
[INFO:2021-04-15 16:35:40,959] waiting OPENING sell-liquid/buy-bitbank margin:2631, open_threshold:5000
[INFO:2021-04-15 16:35:41,981] waiting OPENING sell-liquid/buy-bitbank margin:2856, open_threshold:5000
[INFO:2021-04-15 16:35:43,023] waiting OPENING sell-liquid/buy-bitbank margin:2856, open_threshold:5000
[INFO:2021-04-15 16:35:44,038] waiting OPENING sell-liquid/buy-bitbank margin:2856, open_threshold:5000
[INFO:2021-04-15 16:35:45,057] waiting OPENING sell-liquid/buy-bitbank margin:2856, open_threshold:5000
[INFO:2021-04-15 16:35:46,128] waiting OPENING sell-liquid/buy-bitbank margin:2856, open_threshold:5000
[INFO:2021-04-15 16:35:47,135] waiting OPENING sell-liquid/buy-bitbank margin:2856, open_threshold:5000
[INFO:2021-04-15 16:35:48,164] waiting OPENING sell-liquid/buy-bitbank margin:2856, open_threshold:5000
[INFO:2021-04-15 16:35:49,207] waiting OPENING sell-liquid/buy-bitbank margin:2463, open_threshold:5000
[INFO:2021-04-15 16:35:50,221] waiting OPENING sell-liquid/buy-bitbank margin:2463, open_threshold:5000
[INFO:2021-04-15 16:35:51,320] waiting OPENING sell-liquid/buy-bitbank margin:2463, open_threshold:5000
[INFO:2021-04-15 16:35:52,339] waiting OPENING sell-liquid/buy-bitbank margin:2463, open_threshold:5000
[INFO:2021-04-15 16:35:53,346] waiting OPENING sell-liquid/buy-bitbank margin:2463, open_threshold:5000
[INFO:2021-04-15 16:35:54,351] waiting OPENING sell-liquid/buy-bitbank margin:2464, open_threshold:5000
[INFO:2021-04-15 16:35:55,368] waiting OPENING sell-liquid/buy-bitbank margin:2464, open_threshold:5000
[INFO:2021-04-15 16:35:56,377] waiting OPENING sell-liquid/buy-bitbank margin:2464, open_threshold:5000
[INFO:2021-04-15 16:35:57,408] waiting OPENING sell-liquid/buy-bitbank margin:2464, open_threshold:5000
[INFO:2021-04-15 16:35:58,422] waiting OPENING sell-liquid/buy-bitbank margin:2213, open_threshold:5000
[INFO:2021-04-15 16:35:59,528] waiting OPENING sell-liquid/buy-bitbank margin:2213, open_threshold:5000
[INFO:2021-04-15 16:36:00,541] waiting OPENING sell-liquid/buy-bitbank margin:2213, open_threshold:5000
[INFO:2021-04-15 16:36:01,621] waiting OPENING sell-liquid/buy-bitbank margin:2213, open_threshold:5000
[INFO:2021-04-15 16:36:02,632] waiting OPENING sell-liquid/buy-bitbank margin:2213, open_threshold:5000
[INFO:2021-04-15 16:36:03,655] waiting OPENING sell-liquid/buy-bitbank margin:2305, open_threshold:5000
[INFO:2021-04-15 16:36:04,687] waiting OPENING sell-liquid/buy-bitbank margin:2313, open_threshold:5000
[INFO:2021-04-15 16:36:05,691] waiting OPENING sell-liquid/buy-bitbank margin:2324, open_threshold:5000
[INFO:2021-04-15 16:36:06,716] waiting OPENING sell-liquid/buy-bitbank margin:2324, open_threshold:5000
[INFO:2021-04-15 16:36:07,728] waiting OPENING sell-liquid/buy-bitbank margin:2324, open_threshold:5000
[INFO:2021-04-15 16:36:08,737] waiting OPENING sell-liquid/buy-bitbank margin:2324, open_threshold:5000
[INFO:2021-04-15 16:36:09,748] waiting OPENING sell-liquid/buy-bitbank margin:1517, open_threshold:5000
[INFO:2021-04-15 16:36:10,760] waiting OPENING sell-liquid/buy-bitbank margin:1534, open_threshold:5000
[INFO:2021-04-15 16:36:11,778] waiting OPENING sell-liquid/buy-bitbank margin:1534, open_threshold:5000
[INFO:2021-04-15 16:36:12,818] waiting OPENING sell-liquid/buy-bitbank margin:1534, open_threshold:5000
[INFO:2021-04-15 16:36:13,844] waiting OPENING sell-liquid/buy-bitbank margin:1534, open_threshold:5000
[INFO:2021-04-15 16:36:14,861] waiting OPENING sell-liquid/buy-bitbank margin:1534, open_threshold:5000
[INFO:2021-04-15 16:36:15,888] waiting OPENING sell-liquid/buy-bitbank margin:1534, open_threshold:5000
[INFO:2021-04-15 16:36:17,015] waiting OPENING sell-liquid/buy-bitbank margin:1553, open_threshold:5000
[INFO:2021-04-15 16:36:18,036] waiting OPENING sell-liquid/buy-bitbank margin:3232, open_threshold:5000
[INFO:2021-04-15 16:36:19,048] waiting OPENING sell-liquid/buy-bitbank margin:3241, open_threshold:5000
[INFO:2021-04-15 16:36:20,097] waiting OPENING sell-liquid/buy-bitbank margin:3241, open_threshold:5000
[INFO:2021-04-15 16:36:21,111] waiting OPENING sell-liquid/buy-bitbank margin:3241, open_threshold:5000
[INFO:2021-04-15 16:36:22,133] waiting OPENING sell-liquid/buy-bitbank margin:3241, open_threshold:5000
[INFO:2021-04-15 16:36:23,140] waiting OPENING sell-liquid/buy-bitbank margin:3384, open_threshold:5000
[INFO:2021-04-15 16:36:24,164] waiting OPENING sell-liquid/buy-bitbank margin:3454, open_threshold:5000
[INFO:2021-04-15 16:36:25,266] waiting OPENING sell-liquid/buy-bitbank margin:3454, open_threshold:5000
[INFO:2021-04-15 16:36:26,277] waiting OPENING sell-liquid/buy-bitbank margin:3454, open_threshold:5000
[INFO:2021-04-15 16:36:27,288] waiting OPENING sell-liquid/buy-bitbank margin:3454, open_threshold:5000
[INFO:2021-04-15 16:36:28,336] waiting OPENING sell-liquid/buy-bitbank margin:3454, open_threshold:5000
[INFO:2021-04-15 16:36:29,367] waiting OPENING sell-liquid/buy-bitbank margin:1839, open_threshold:5000
[INFO:2021-04-15 16:36:30,431] waiting OPENING sell-liquid/buy-bitbank margin:2030, open_threshold:5000
[INFO:2021-04-15 16:36:31,472] waiting OPENING sell-liquid/buy-bitbank margin:2198, open_threshold:5000
[INFO:2021-04-15 16:36:32,490] waiting OPENING sell-liquid/buy-bitbank margin:3301, open_threshold:5000
[INFO:2021-04-15 16:36:33,506] waiting OPENING sell-liquid/buy-bitbank margin:3417, open_threshold:5000
[INFO:2021-04-15 16:36:34,583] waiting OPENING sell-liquid/buy-bitbank margin:3417, open_threshold:5000
[INFO:2021-04-15 16:36:35,640] waiting OPENING sell-liquid/buy-bitbank margin:3417, open_threshold:5000
[INFO:2021-04-15 16:36:36,651] waiting OPENING sell-liquid/buy-bitbank margin:3417, open_threshold:5000
[INFO:2021-04-15 16:36:37,684] waiting OPENING sell-liquid/buy-bitbank margin:3417, open_threshold:5000
[INFO:2021-04-15 16:36:38,692] waiting OPENING sell-liquid/buy-bitbank margin:3417, open_threshold:5000
[INFO:2021-04-15 16:36:39,733] waiting OPENING sell-liquid/buy-bitbank margin:2537, open_threshold:5000
[INFO:2021-04-15 16:36:40,785] waiting OPENING sell-liquid/buy-bitbank margin:2538, open_threshold:5000
[INFO:2021-04-15 16:36:41,799] waiting OPENING sell-liquid/buy-bitbank margin:3176, open_threshold:5000
[INFO:2021-04-15 16:36:42,808] waiting OPENING sell-liquid/buy-bitbank margin:3359, open_threshold:5000
[INFO:2021-04-15 16:36:43,841] waiting OPENING sell-liquid/buy-bitbank margin:3364, open_threshold:5000
[INFO:2021-04-15 16:36:44,858] waiting OPENING sell-liquid/buy-bitbank margin:3364, open_threshold:5000
[INFO:2021-04-15 16:36:45,874] waiting OPENING sell-liquid/buy-bitbank margin:3364, open_threshold:5000
[INFO:2021-04-15 16:36:46,950] waiting OPENING sell-liquid/buy-bitbank margin:3364, open_threshold:5000
[INFO:2021-04-15 16:36:47,973] waiting OPENING sell-liquid/buy-bitbank margin:3413, open_threshold:5000
[INFO:2021-04-15 16:36:48,977] waiting OPENING sell-liquid/buy-bitbank margin:3413, open_threshold:5000
[INFO:2021-04-15 16:36:50,055] waiting OPENING sell-liquid/buy-bitbank margin:3413, open_threshold:5000
[INFO:2021-04-15 16:36:51,060] waiting OPENING sell-liquid/buy-bitbank margin:3413, open_threshold:5000
[INFO:2021-04-15 16:36:52,079] waiting OPENING sell-liquid/buy-bitbank margin:3413, open_threshold:5000
[INFO:2021-04-15 16:36:53,089] waiting OPENING sell-liquid/buy-bitbank margin:4856, open_threshold:5000
[INFO:2021-04-15 16:36:54,097] waiting OPENING sell-liquid/buy-bitbank margin:6265, open_threshold:5000
[INFO:2021-04-15 16:36:55,942] waiting CLOSING sell-bitbank/buy-liquid margin:-6251, close_threshold:-1265
[INFO:2021-04-15 16:36:56,967] waiting CLOSING sell-bitbank/buy-liquid margin:-6251, close_threshold:-1265
[INFO:2021-04-15 16:36:57,978] waiting CLOSING sell-bitbank/buy-liquid margin:-6251, close_threshold:-1265
[INFO:2021-04-15 16:36:59,016] waiting CLOSING sell-bitbank/buy-liquid margin:-6251, close_threshold:-1265
[INFO:2021-04-15 16:37:00,029] waiting CLOSING sell-bitbank/buy-liquid margin:-6251, close_threshold:-1265
[INFO:2021-04-15 16:37:01,046] waiting CLOSING sell-bitbank/buy-liquid margin:-6251, close_threshold:-1265
[INFO:2021-04-15 16:37:02,070] waiting CLOSING sell-bitbank/buy-liquid margin:-6251, close_threshold:-1265
[INFO:2021-04-15 16:37:03,081] waiting CLOSING sell-bitbank/buy-liquid margin:-6251, close_threshold:-1265
[INFO:2021-04-15 16:37:04,114] waiting CLOSING sell-bitbank/buy-liquid margin:-6251, close_threshold:-1265
[INFO:2021-04-15 16:37:05,141] waiting CLOSING sell-bitbank/buy-liquid margin:-6251, close_threshold:-1265
[INFO:2021-04-15 16:37:06,163] waiting CLOSING sell-bitbank/buy-liquid margin:-6251, close_threshold:-1265
[INFO:2021-04-15 16:37:07,178] waiting CLOSING sell-bitbank/buy-liquid margin:-6251, close_threshold:-1265
[INFO:2021-04-15 16:37:08,183] waiting CLOSING sell-bitbank/buy-liquid margin:-6251, close_threshold:-1265
[INFO:2021-04-15 16:37:09,217] waiting CLOSING sell-bitbank/buy-liquid margin:-6250, close_threshold:-1265
[INFO:2021-04-15 16:37:10,255] waiting CLOSING sell-bitbank/buy-liquid margin:-6250, close_threshold:-1265
[INFO:2021-04-15 16:37:11,301] waiting CLOSING sell-bitbank/buy-liquid margin:-6250, close_threshold:-1265
[INFO:2021-04-15 16:37:12,328] waiting CLOSING sell-bitbank/buy-liquid margin:-6250, close_threshold:-1265
[INFO:2021-04-15 16:37:13,338] waiting CLOSING sell-bitbank/buy-liquid margin:-6250, close_threshold:-1265
[INFO:2021-04-15 16:37:14,357] waiting CLOSING sell-bitbank/buy-liquid margin:-6250, close_threshold:-1265
[INFO:2021-04-15 16:37:15,380] waiting CLOSING sell-bitbank/buy-liquid margin:-6250, close_threshold:-1265
[INFO:2021-04-15 16:37:16,428] waiting CLOSING sell-bitbank/buy-liquid margin:-6250, close_threshold:-1265
[INFO:2021-04-15 16:37:17,463] waiting CLOSING sell-bitbank/buy-liquid margin:-6250, close_threshold:-1265
[INFO:2021-04-15 16:37:18,472] waiting CLOSING sell-bitbank/buy-liquid margin:-6250, close_threshold:-1265
[INFO:2021-04-15 16:37:19,518] waiting CLOSING sell-bitbank/buy-liquid margin:-6250, close_threshold:-1265
[INFO:2021-04-15 16:37:20,536] waiting CLOSING sell-bitbank/buy-liquid margin:-6250, close_threshold:-1265
[INFO:2021-04-15 16:37:21,548] waiting CLOSING sell-bitbank/buy-liquid margin:-6250, close_threshold:-1265
[INFO:2021-04-15 16:37:22,561] waiting CLOSING sell-bitbank/buy-liquid margin:-6250, close_threshold:-1265
[INFO:2021-04-15 16:37:23,586] waiting CLOSING sell-bitbank/buy-liquid margin:-11168, close_threshold:-1265
[INFO:2021-04-15 16:37:24,595] waiting CLOSING sell-bitbank/buy-liquid margin:-8976, close_threshold:-1265
[INFO:2021-04-15 16:37:25,604] waiting CLOSING sell-bitbank/buy-liquid margin:-7094, close_threshold:-1265
[INFO:2021-04-15 16:37:26,616] waiting CLOSING sell-bitbank/buy-liquid margin:-7094, close_threshold:-1265
[INFO:2021-04-15 16:37:27,623] waiting CLOSING sell-bitbank/buy-liquid margin:-5275, close_threshold:-1265
[INFO:2021-04-15 16:37:28,649] waiting CLOSING sell-bitbank/buy-liquid margin:-5269, close_threshold:-1265
[INFO:2021-04-15 16:37:29,659] waiting CLOSING sell-bitbank/buy-liquid margin:-6502, close_threshold:-1265
[INFO:2021-04-15 16:37:30,672] waiting CLOSING sell-bitbank/buy-liquid margin:-6502, close_threshold:-1265
[INFO:2021-04-15 16:37:31,689] waiting CLOSING sell-bitbank/buy-liquid margin:-6502, close_threshold:-1265
[INFO:2021-04-15 16:37:32,698] waiting CLOSING sell-bitbank/buy-liquid margin:-9044, close_threshold:-1265
[INFO:2021-04-15 16:37:33,721] waiting CLOSING sell-bitbank/buy-liquid margin:-8976, close_threshold:-1265
[INFO:2021-04-15 16:37:34,733] waiting CLOSING sell-bitbank/buy-liquid margin:-8976, close_threshold:-1265
[INFO:2021-04-15 16:37:35,746] waiting CLOSING sell-bitbank/buy-liquid margin:-8976, close_threshold:-1265
[INFO:2021-04-15 16:37:36,764] waiting CLOSING sell-bitbank/buy-liquid margin:-8976, close_threshold:-1265
[INFO:2021-04-15 16:37:37,856] waiting CLOSING sell-bitbank/buy-liquid margin:-8848, close_threshold:-1265
[INFO:2021-04-15 16:37:38,882] waiting CLOSING sell-bitbank/buy-liquid margin:-4879, close_threshold:-1265
[INFO:2021-04-15 16:37:39,897] waiting CLOSING sell-bitbank/buy-liquid margin:-4878, close_threshold:-1265
[INFO:2021-04-15 16:37:40,907] waiting CLOSING sell-bitbank/buy-liquid margin:-4819, close_threshold:-1265
[INFO:2021-04-15 16:37:41,996] waiting CLOSING sell-bitbank/buy-liquid margin:-4332, close_threshold:-1265
[INFO:2021-04-15 16:37:43,049] waiting CLOSING sell-bitbank/buy-liquid margin:-4332, close_threshold:-1265
[INFO:2021-04-15 16:37:44,073] waiting CLOSING sell-bitbank/buy-liquid margin:-4328, close_threshold:-1265
[INFO:2021-04-15 16:37:45,080] waiting CLOSING sell-bitbank/buy-liquid margin:-4197, close_threshold:-1265
[INFO:2021-04-15 16:37:46,119] waiting CLOSING sell-bitbank/buy-liquid margin:-3939, close_threshold:-1265
[INFO:2021-04-15 16:37:47,174] waiting CLOSING sell-bitbank/buy-liquid margin:-3939, close_threshold:-1265
[INFO:2021-04-15 16:37:48,183] waiting CLOSING sell-bitbank/buy-liquid margin:-3939, close_threshold:-1265
[INFO:2021-04-15 16:37:49,196] waiting CLOSING sell-bitbank/buy-liquid margin:-3939, close_threshold:-1265
[INFO:2021-04-15 16:37:50,212] waiting CLOSING sell-bitbank/buy-liquid margin:-3939, close_threshold:-1265
[INFO:2021-04-15 16:37:51,288] waiting CLOSING sell-bitbank/buy-liquid margin:-3939, close_threshold:-1265
[INFO:2021-04-15 16:37:52,294] waiting CLOSING sell-bitbank/buy-liquid margin:-3939, close_threshold:-1265
[INFO:2021-04-15 16:37:53,302] waiting CLOSING sell-bitbank/buy-liquid margin:-3846, close_threshold:-1265
[INFO:2021-04-15 16:37:54,313] waiting CLOSING sell-bitbank/buy-liquid margin:-3846, close_threshold:-1265
[INFO:2021-04-15 16:37:55,339] waiting CLOSING sell-bitbank/buy-liquid margin:-3846, close_threshold:-1265
[INFO:2021-04-15 16:37:56,361] waiting CLOSING sell-bitbank/buy-liquid margin:-3846, close_threshold:-1265
[INFO:2021-04-15 16:37:57,484] waiting CLOSING sell-bitbank/buy-liquid margin:-2939, close_threshold:-1265
[INFO:2021-04-15 16:37:58,565] waiting CLOSING sell-bitbank/buy-liquid margin:-2939, close_threshold:-1265
[INFO:2021-04-15 16:37:59,630] waiting CLOSING sell-bitbank/buy-liquid margin:-2817, close_threshold:-1265
[INFO:2021-04-15 16:38:00,640] waiting CLOSING sell-bitbank/buy-liquid margin:-2817, close_threshold:-1265
[INFO:2021-04-15 16:38:01,651] waiting CLOSING sell-bitbank/buy-liquid margin:-2817, close_threshold:-1265
[INFO:2021-04-15 16:38:02,782] waiting CLOSING sell-bitbank/buy-liquid margin:-2817, close_threshold:-1265
[INFO:2021-04-15 16:38:03,835] waiting CLOSING sell-bitbank/buy-liquid margin:-2817, close_threshold:-1265
[INFO:2021-04-15 16:38:04,859] waiting CLOSING sell-bitbank/buy-liquid margin:-2817, close_threshold:-1265
[INFO:2021-04-15 16:38:05,897] waiting CLOSING sell-bitbank/buy-liquid margin:-2817, close_threshold:-1265
[INFO:2021-04-15 16:38:06,907] waiting CLOSING sell-bitbank/buy-liquid margin:-4220, close_threshold:-1265
[INFO:2021-04-15 16:38:07,952] waiting CLOSING sell-bitbank/buy-liquid margin:-4220, close_threshold:-1265
[INFO:2021-04-15 16:38:08,983] waiting CLOSING sell-bitbank/buy-liquid margin:-4220, close_threshold:-1265
[INFO:2021-04-15 16:38:10,030] waiting CLOSING sell-bitbank/buy-liquid margin:-4220, close_threshold:-1265
[INFO:2021-04-15 16:38:11,038] waiting CLOSING sell-bitbank/buy-liquid margin:-4220, close_threshold:-1265
[INFO:2021-04-15 16:38:12,044] waiting CLOSING sell-bitbank/buy-liquid margin:-4220, close_threshold:-1265
[INFO:2021-04-15 16:38:13,083] waiting CLOSING sell-bitbank/buy-liquid margin:-4220, close_threshold:-1265
[INFO:2021-04-15 16:38:14,091] waiting CLOSING sell-bitbank/buy-liquid margin:-4220, close_threshold:-1265
[INFO:2021-04-15 16:38:15,103] waiting CLOSING sell-bitbank/buy-liquid margin:-4220, close_threshold:-1265
[INFO:2021-04-15 16:38:16,109] waiting CLOSING sell-bitbank/buy-liquid margin:-4220, close_threshold:-1265
[INFO:2021-04-15 16:38:17,176] waiting CLOSING sell-bitbank/buy-liquid margin:-4220, close_threshold:-1265
[INFO:2021-04-15 16:38:18,213] waiting CLOSING sell-bitbank/buy-liquid margin:-4220, close_threshold:-1265
[INFO:2021-04-15 16:38:19,238] waiting CLOSING sell-bitbank/buy-liquid margin:-4220, close_threshold:-1265
[INFO:2021-04-15 16:38:20,256] waiting CLOSING sell-bitbank/buy-liquid margin:-4220, close_threshold:-1265
[INFO:2021-04-15 16:38:21,263] waiting CLOSING sell-bitbank/buy-liquid margin:-4220, close_threshold:-1265
[INFO:2021-04-15 16:38:22,336] waiting CLOSING sell-bitbank/buy-liquid margin:-4220, close_threshold:-1265
[INFO:2021-04-15 16:38:23,355] waiting CLOSING sell-bitbank/buy-liquid margin:-3995, close_threshold:-1265
[INFO:2021-04-15 16:38:24,396] waiting CLOSING sell-bitbank/buy-liquid margin:-3861, close_threshold:-1265
[INFO:2021-04-15 16:38:25,469] waiting CLOSING sell-bitbank/buy-liquid margin:-3855, close_threshold:-1265
[INFO:2021-04-15 16:38:26,482] waiting CLOSING sell-bitbank/buy-liquid margin:-3849, close_threshold:-1265
[INFO:2021-04-15 16:38:27,496] waiting CLOSING sell-bitbank/buy-liquid margin:-3837, close_threshold:-1265
[INFO:2021-04-15 16:38:28,511] waiting CLOSING sell-bitbank/buy-liquid margin:-1117, close_threshold:-1265
[INFO:2021-04-15 16:38:30,182] waiting OPENING sell-liquid/buy-bitbank margin:1337, open_threshold:5000
[INFO:2021-04-15 16:38:31,214] waiting OPENING sell-liquid/buy-bitbank margin:1337, open_threshold:5000
[INFO:2021-04-15 16:38:32,222] waiting OPENING sell-liquid/buy-bitbank margin:1457, open_threshold:5000
[INFO:2021-04-15 16:38:33,272] waiting OPENING sell-liquid/buy-bitbank margin:1457, open_threshold:5000
[INFO:2021-04-15 16:38:34,282] waiting OPENING sell-liquid/buy-bitbank margin:1457, open_threshold:5000
