[INFO:2021-03-31 19:48:04,585] tick bid=6393103.0 ask=6393104.0 (bitbank:BTC/JPY)
[INFO:2021-03-31 19:48:04,876] tick bid=6393103.0 ask=6393104.0 (bitbank:BTC/JPY)
[INFO:2021-03-31 19:48:06,745] tick bid=6385515.0 ask=6385889.0 (liquid:BTC/JPY)
[INFO:2021-03-31 19:48:07,361] tick bid=6386361.0 ask=6387499.0 (liquid:BTC/JPY)
[INFO:2021-03-31 19:48:11,175] tick bid=6387611.0 ask=6388749.0 (liquid:BTC/JPY)
[INFO:2021-03-31 19:48:11,599] tick bid=6393103.0 ask=6393104.0 (bitbank:BTC/JPY)
[INFO:2021-03-31 19:48:11,600] (liquid:BTC/JPY) order buy amount=0.0001
[INFO:2021-03-31 19:48:11,601] (bitbank:BTC/JPY) order sell amount=0.0001
[INFO:2021-03-31 19:48:16,174] tick bid=6393103.0 ask=6393104.0 (bitbank:BTC/JPY)
[INFO:2021-03-31 19:48:16,252] tick bid=6388841.0 ask=6389338.0 (liquid:BTC/JPY)
[INFO:2021-03-31 19:48:19,328] tick bid=6392560.0 ask=6393104.0 (bitbank:BTC/JPY)
[INFO:2021-03-31 19:48:19,348] tick bid=6387202.0 ask=6388484.0 (liquid:BTC/JPY)
[INFO:2021-03-31 19:48:22,439] tick bid=6386251.0 ask=6388358.0 (liquid:BTC/JPY)
[INFO:2021-03-31 19:48:22,443] tick bid=6391103.0 ask=6391104.0 (bitbank:BTC/JPY)
[INFO:2021-03-31 19:48:25,509] tick bid=6391103.0 ask=6391104.0 (bitbank:BTC/JPY)
[INFO:2021-03-31 19:48:25,516] tick bid=6386251.0 ask=6388314.0 (liquid:BTC/JPY)
[INFO:2021-03-31 19:48:28,585] tick bid=6391103.0 ask=6391104.0 (bitbank:BTC/JPY)
[INFO:2021-03-31 19:48:28,596] tick bid=6385100.0 ask=6386250.0 (liquid:BTC/JPY)
[INFO:2021-03-31 19:48:31,700] tick bid=6385001.0 ask=6385026.0 (liquid:BTC/JPY)
[INFO:2021-03-31 19:48:31,700] tick bid=6391103.0 ask=6391104.0 (bitbank:BTC/JPY)
[INFO:2021-03-31 19:48:34,777] tick bid=6391103.0 ask=6391104.0 (bitbank:BTC/JPY)
[INFO:2021-03-31 19:48:34,779] tick bid=6384917.0 ask=6385099.0 (liquid:BTC/JPY)
[INFO:2021-03-31 19:48:37,863] tick bid=6391103.0 ask=6391104.0 (bitbank:BTC/JPY)
[INFO:2021-03-31 19:48:37,871] tick bid=6383751.0 ask=6386521.0 (liquid:BTC/JPY)
[INFO:2021-03-31 19:48:40,988] tick bid=6391103.0 ask=6391104.0 (bitbank:BTC/JPY)
[INFO:2021-03-31 19:48:41,266] tick bid=6383752.0 ask=6386225.0 (liquid:BTC/JPY)
[INFO:2021-03-31 19:48:44,342] tick bid=6391103.0 ask=6391104.0 (bitbank:BTC/JPY)
[INFO:2021-03-31 19:48:44,450] tick bid=6383752.0 ask=6386210.0 (liquid:BTC/JPY)
[INFO:2021-03-31 19:48:47,527] tick bid=6391103.0 ask=6391104.0 (bitbank:BTC/JPY)
[INFO:2021-03-31 19:48:47,548] tick bid=6383752.0 ask=6384895.0 (liquid:BTC/JPY)
[INFO:2021-03-31 19:48:50,623] tick bid=6391103.0 ask=6391104.0 (bitbank:BTC/JPY)
[INFO:2021-03-31 19:48:50,633] tick bid=6383867.0 ask=6384895.0 (liquid:BTC/JPY)
[INFO:2021-03-31 19:48:53,714] tick bid=6391103.0 ask=6391104.0 (bitbank:BTC/JPY)
[INFO:2021-03-31 19:48:53,721] tick bid=6383751.0 ask=6385290.0 (liquid:BTC/JPY)
[INFO:2021-03-31 19:48:56,792] tick bid=6391103.0 ask=6391104.0 (bitbank:BTC/JPY)
[INFO:2021-03-31 19:48:56,794] tick bid=6383751.0 ask=6385289.0 (liquid:BTC/JPY)
[INFO:2021-03-31 19:48:59,864] tick bid=6391103.0 ask=6391104.0 (bitbank:BTC/JPY)
[INFO:2021-03-31 19:48:59,880] tick bid=6383751.0 ask=6384560.0 (liquid:BTC/JPY)
[INFO:2021-03-31 19:49:02,953] tick bid=6391100.0 ask=6391101.0 (bitbank:BTC/JPY)
[INFO:2021-03-31 19:49:03,519] tick bid=6383751.0 ask=6384114.0 (liquid:BTC/JPY)
[INFO:2021-03-31 19:49:06,601] tick bid=6385029.0 ask=6385030.0 (bitbank:BTC/JPY)
[INFO:2021-03-31 19:49:06,664] tick bid=6382501.0 ask=6383345.0 (liquid:BTC/JPY)
[INFO:2021-03-31 19:49:06,665] (bitbank:BTC/JPY) order buy amount=0.0001
[INFO:2021-03-31 19:49:06,666] (liquid:BTC/JPY) order sell amount=0.0001
[INFO:2021-03-31 19:49:10,506] tick bid=6382000.0 ask=6382495.0 (liquid:BTC/JPY)
[INFO:2021-03-31 19:49:10,690] tick bid=6385004.0 ask=6386562.0 (bitbank:BTC/JPY)
[INFO:2021-03-31 19:49:10,691] (liquid:BTC/JPY) order buy amount=0.0001
[INFO:2021-03-31 19:49:10,692] (bitbank:BTC/JPY) order sell amount=0.0001
[INFO:2021-03-31 19:49:14,709] tick bid=6384821.0 ask=6386562.0 (bitbank:BTC/JPY)
[INFO:2021-03-31 19:49:14,733] tick bid=6382161.0 ask=6383510.0 (liquid:BTC/JPY)
[INFO:2021-03-31 19:49:17,796] tick bid=6384821.0 ask=6386325.0 (bitbank:BTC/JPY)
[INFO:2021-03-31 19:49:17,799] tick bid=6382000.0 ask=6383407.0 (liquid:BTC/JPY)
[INFO:2021-03-31 19:49:20,851] tick bid=6384713.0 ask=6384821.0 (bitbank:BTC/JPY)
[INFO:2021-03-31 19:49:20,878] tick bid=6382000.0 ask=6382830.0 (liquid:BTC/JPY)
[INFO:2021-03-31 19:49:23,958] tick bid=6384713.0 ask=6384714.0 (bitbank:BTC/JPY)
[INFO:2021-03-31 19:49:23,959] tick bid=6380002.0 ask=6381702.0 (liquid:BTC/JPY)
[INFO:2021-03-31 19:49:27,017] tick bid=6384000.0 ask=6384007.0 (bitbank:BTC/JPY)
[INFO:2021-03-31 19:49:27,018] tick bid=6380001.0 ask=6381701.0 (liquid:BTC/JPY)
[INFO:2021-03-31 19:49:30,057] tick bid=6384000.0 ask=6384001.0 (bitbank:BTC/JPY)
[INFO:2021-03-31 19:49:30,062] tick bid=6378570.0 ask=6381463.0 (liquid:BTC/JPY)
[INFO:2021-03-31 19:49:33,137] tick bid=6378668.0 ask=6379999.0 (liquid:BTC/JPY)
[INFO:2021-03-31 19:49:33,141] tick bid=6384000.0 ask=6384001.0 (bitbank:BTC/JPY)
[INFO:2021-03-31 19:49:36,176] tick bid=6384000.0 ask=6384001.0 (bitbank:BTC/JPY)
[INFO:2021-03-31 19:49:36,189] tick bid=6378815.0 ask=6379999.0 (liquid:BTC/JPY)
[INFO:2021-03-31 19:49:39,222] tick bid=6384000.0 ask=6385973.0 (bitbank:BTC/JPY)
[INFO:2021-03-31 19:49:39,237] tick bid=6379867.0 ask=6382475.0 (liquid:BTC/JPY)
[INFO:2021-03-31 19:49:42,284] tick bid=6384001.0 ask=6384341.0 (bitbank:BTC/JPY)
[INFO:2021-03-31 19:49:42,298] tick bid=6378510.0 ask=6379130.0 (liquid:BTC/JPY)
[INFO:2021-03-31 19:49:45,329] tick bid=6384000.0 ask=6384001.0 (bitbank:BTC/JPY)
[INFO:2021-03-31 19:49:45,388] tick bid=6377501.0 ask=6378057.0 (liquid:BTC/JPY)
[INFO:2021-03-31 19:49:48,421] tick bid=6384000.0 ask=6384001.0 (bitbank:BTC/JPY)
[INFO:2021-03-31 19:49:48,429] tick bid=6377501.0 ask=6377779.0 (liquid:BTC/JPY)
[INFO:2021-03-31 19:49:51,475] tick bid=6384000.0 ask=6384001.0 (bitbank:BTC/JPY)
[INFO:2021-03-31 19:49:51,500] tick bid=6377501.0 ask=6377779.0 (liquid:BTC/JPY)
[INFO:2021-03-31 19:49:54,540] tick bid=6384000.0 ask=6384001.0 (bitbank:BTC/JPY)
[INFO:2021-03-31 19:49:54,543] tick bid=6375732.0 ask=6377284.0 (liquid:BTC/JPY)
[INFO:2021-03-31 19:49:57,579] tick bid=6384000.0 ask=6384001.0 (bitbank:BTC/JPY)
[INFO:2021-03-31 19:49:57,590] tick bid=6375734.0 ask=6377326.0 (liquid:BTC/JPY)
[INFO:2021-03-31 19:50:00,645] tick bid=6384000.0 ask=6384001.0 (bitbank:BTC/JPY)
[INFO:2021-03-31 19:50:00,650] tick bid=6375734.0 ask=6377506.0 (liquid:BTC/JPY)
[INFO:2021-03-31 19:50:03,684] tick bid=6384000.0 ask=6384001.0 (bitbank:BTC/JPY)
[INFO:2021-03-31 19:50:03,765] tick bid=6375734.0 ask=6377499.0 (liquid:BTC/JPY)
[INFO:2021-03-31 19:50:06,813] tick bid=6384000.0 ask=6384001.0 (bitbank:BTC/JPY)
[INFO:2021-03-31 19:50:06,850] tick bid=6375220.0 ask=6375734.0 (liquid:BTC/JPY)
[INFO:2021-03-31 19:50:09,921] tick bid=6375220.0 ask=6375320.0 (liquid:BTC/JPY)
[INFO:2021-03-31 19:50:09,930] tick bid=6384000.0 ask=6384001.0 (bitbank:BTC/JPY)
[INFO:2021-03-31 19:50:12,971] tick bid=6375220.0 ask=6375802.0 (liquid:BTC/JPY)
[INFO:2021-03-31 19:50:12,974] tick bid=6384000.0 ask=6384001.0 (bitbank:BTC/JPY)
[INFO:2021-03-31 19:50:16,023] tick bid=6383998.0 ask=6383999.0 (bitbank:BTC/JPY)
[INFO:2021-03-31 19:50:16,047] tick bid=6375220.0 ask=6375482.0 (liquid:BTC/JPY)
[INFO:2021-03-31 19:50:19,078] tick bid=6376569.0 ask=6383840.0 (bitbank:BTC/JPY)
[INFO:2021-03-31 19:50:19,090] tick bid=6375001.0 ask=6375120.0 (liquid:BTC/JPY)
[INFO:2021-03-31 19:50:22,129] tick bid=6378861.0 ask=6378862.0 (bitbank:BTC/JPY)
[INFO:2021-03-31 19:50:22,140] tick bid=6375001.0 ask=6375687.0 (liquid:BTC/JPY)
[INFO:2021-03-31 19:50:25,187] tick bid=6375051.0 ask=6375687.0 (liquid:BTC/JPY)
[INFO:2021-03-31 19:50:25,192] tick bid=6378861.0 ask=6379425.0 (bitbank:BTC/JPY)
[INFO:2021-03-31 19:50:28,239] tick bid=6372503.0 ask=6374382.0 (liquid:BTC/JPY)
[INFO:2021-03-31 19:50:28,244] tick bid=6376675.0 ask=6377468.0 (bitbank:BTC/JPY)
[INFO:2021-03-31 19:50:31,288] tick bid=6376675.0 ask=6377463.0 (bitbank:BTC/JPY)
[INFO:2021-03-31 19:50:31,292] tick bid=6372502.0 ask=6374068.0 (liquid:BTC/JPY)
[INFO:2021-03-31 19:50:34,346] tick bid=6376675.0 ask=6377458.0 (bitbank:BTC/JPY)
[INFO:2021-03-31 19:50:34,353] tick bid=6372502.0 ask=6374515.0 (liquid:BTC/JPY)
[INFO:2021-03-31 19:50:37,395] tick bid=6376007.0 ask=6379045.0 (bitbank:BTC/JPY)
[INFO:2021-03-31 19:50:37,419] tick bid=6374274.0 ask=6376249.0 (liquid:BTC/JPY)
[INFO:2021-03-31 19:50:40,463] tick bid=6375904.0 ask=6376892.0 (liquid:BTC/JPY)
[INFO:2021-03-31 19:50:40,471] tick bid=6377190.0 ask=6379044.0 (bitbank:BTC/JPY)
[INFO:2021-03-31 19:50:43,518] tick bid=6376566.0 ask=6377405.0 (liquid:BTC/JPY)
[INFO:2021-03-31 19:50:43,524] tick bid=6377882.0 ask=6380394.0 (bitbank:BTC/JPY)
[INFO:2021-03-31 19:50:46,570] tick bid=6377886.0 ask=6380394.0 (bitbank:BTC/JPY)
[INFO:2021-03-31 19:50:46,590] tick bid=6374989.0 ask=6377908.0 (liquid:BTC/JPY)
[INFO:2021-03-31 19:50:49,635] tick bid=6377889.0 ask=6380394.0 (bitbank:BTC/JPY)
[INFO:2021-03-31 19:50:49,643] tick bid=6375242.0 ask=6377908.0 (liquid:BTC/JPY)
[INFO:2021-03-31 19:50:52,687] tick bid=6379252.0 ask=6383026.0 (bitbank:BTC/JPY)
[INFO:2021-03-31 19:50:52,702] tick bid=6376492.0 ask=6377980.0 (liquid:BTC/JPY)
[INFO:2021-03-31 19:50:55,745] tick bid=6378524.0 ask=6381386.0 (bitbank:BTC/JPY)
[INFO:2021-03-31 19:50:55,763] tick bid=6376635.0 ask=6377822.0 (liquid:BTC/JPY)
[INFO:2021-03-31 19:50:58,797] tick bid=6378086.0 ask=6381195.0 (bitbank:BTC/JPY)
[INFO:2021-03-31 19:50:58,815] tick bid=6377501.0 ask=6377720.0 (liquid:BTC/JPY)
[INFO:2021-03-31 19:51:01,858] tick bid=6378085.0 ask=6380056.0 (bitbank:BTC/JPY)
[INFO:2021-03-31 19:51:01,873] tick bid=6374829.0 ask=6376350.0 (liquid:BTC/JPY)
[INFO:2021-03-31 19:51:04,903] tick bid=6378085.0 ask=6380056.0 (bitbank:BTC/JPY)
[INFO:2021-03-31 19:51:04,921] tick bid=6375065.0 ask=6377605.0 (liquid:BTC/JPY)
[INFO:2021-03-31 19:51:07,971] tick bid=6378089.0 ask=6380055.0 (bitbank:BTC/JPY)
[INFO:2021-03-31 19:51:07,991] tick bid=6375065.0 ask=6377605.0 (liquid:BTC/JPY)
[INFO:2021-03-31 19:51:11,054] tick bid=6378519.0 ask=6380055.0 (bitbank:BTC/JPY)
[INFO:2021-03-31 19:51:11,068] tick bid=6375604.0 ask=6376249.0 (liquid:BTC/JPY)
[INFO:2021-03-31 19:51:14,114] tick bid=6378518.0 ask=6380055.0 (bitbank:BTC/JPY)
[INFO:2021-03-31 19:51:14,121] tick bid=6375083.0 ask=6376249.0 (liquid:BTC/JPY)
[INFO:2021-03-31 19:51:17,164] tick bid=6375083.0 ask=6376249.0 (liquid:BTC/JPY)
[INFO:2021-03-31 19:51:17,187] tick bid=6378519.0 ask=6380055.0 (bitbank:BTC/JPY)
[INFO:2021-03-31 19:51:20,226] tick bid=6378518.0 ask=6380055.0 (bitbank:BTC/JPY)
[INFO:2021-03-31 19:51:20,242] tick bid=6375083.0 ask=6376226.0 (liquid:BTC/JPY)
[INFO:2021-03-31 19:51:23,285] tick bid=6375083.0 ask=6376226.0 (liquid:BTC/JPY)
[INFO:2021-03-31 19:51:23,294] tick bid=6378520.0 ask=6381297.0 (bitbank:BTC/JPY)
[INFO:2021-03-31 19:51:26,340] tick bid=6378522.0 ask=6381297.0 (bitbank:BTC/JPY)
[INFO:2021-03-31 19:51:26,350] tick bid=6376937.0 ask=6377499.0 (liquid:BTC/JPY)
[INFO:2021-03-31 19:51:29,412] tick bid=6376871.0 ask=6377499.0 (liquid:BTC/JPY)
[INFO:2021-03-31 19:51:29,418] tick bid=6378082.0 ask=6381297.0 (bitbank:BTC/JPY)
[INFO:2021-03-31 19:51:32,480] tick bid=6378519.0 ask=6381296.0 (bitbank:BTC/JPY)
[INFO:2021-03-31 19:51:32,484] tick bid=6376577.0 ask=6377499.0 (liquid:BTC/JPY)
[INFO:2021-03-31 19:51:35,525] tick bid=6379257.0 ask=6380394.0 (bitbank:BTC/JPY)
[INFO:2021-03-31 19:51:35,537] tick bid=6379202.0 ask=6379999.0 (liquid:BTC/JPY)
[INFO:2021-03-31 19:51:38,593] tick bid=6380613.0 ask=6384001.0 (bitbank:BTC/JPY)
[INFO:2021-03-31 19:51:38,607] tick bid=6382951.0 ask=6382952.0 (liquid:BTC/JPY)
[INFO:2021-03-31 19:51:41,664] tick bid=6384513.0 ask=6384729.0 (liquid:BTC/JPY)
[INFO:2021-03-31 19:51:41,666] tick bid=6384000.0 ask=6384001.0 (bitbank:BTC/JPY)
[INFO:2021-03-31 19:51:41,667] (bitbank:BTC/JPY) order buy amount=0.0001
[INFO:2021-03-31 19:51:41,668] (liquid:BTC/JPY) order sell amount=0.0001
[INFO:2021-03-31 19:51:45,273] tick bid=6383897.0 ask=6386249.0 (liquid:BTC/JPY)
[INFO:2021-03-31 19:51:45,280] tick bid=6384000.0 ask=6384001.0 (bitbank:BTC/JPY)
[INFO:2021-03-31 19:51:48,332] tick bid=6384000.0 ask=6384001.0 (bitbank:BTC/JPY)
[INFO:2021-03-31 19:51:48,361] tick bid=6383912.0 ask=6386249.0 (liquid:BTC/JPY)
[INFO:2021-03-31 19:51:51,399] tick bid=6384000.0 ask=6384001.0 (bitbank:BTC/JPY)
[INFO:2021-03-31 19:51:51,412] tick bid=6383913.0 ask=6386014.0 (liquid:BTC/JPY)
[INFO:2021-03-31 19:51:54,538] tick bid=6384000.0 ask=6384001.0 (bitbank:BTC/JPY)
[INFO:2021-03-31 19:51:54,541] tick bid=6384410.0 ask=6386064.0 (liquid:BTC/JPY)
[INFO:2021-03-31 19:51:57,595] tick bid=6384000.0 ask=6384001.0 (bitbank:BTC/JPY)
[INFO:2021-03-31 19:51:57,609] tick bid=6380001.0 ask=6381840.0 (liquid:BTC/JPY)
[INFO:2021-03-31 19:51:57,610] (liquid:BTC/JPY) order buy amount=0.0001
[INFO:2021-03-31 19:51:57,611] (bitbank:BTC/JPY) order sell amount=0.0001
[INFO:2021-03-31 19:52:01,228] tick bid=6380912.0 ask=6382668.0 (liquid:BTC/JPY)
[INFO:2021-03-31 19:52:01,370] tick bid=6384002.0 ask=6384010.0 (bitbank:BTC/JPY)
[INFO:2021-03-31 19:52:04,430] tick bid=6381736.0 ask=6382499.0 (liquid:BTC/JPY)
[INFO:2021-03-31 19:52:04,432] tick bid=6383524.0 ask=6384000.0 (bitbank:BTC/JPY)
[INFO:2021-03-31 19:52:07,466] tick bid=6383532.0 ask=6384000.0 (bitbank:BTC/JPY)
[INFO:2021-03-31 19:52:07,482] tick bid=6381760.0 ask=6382499.0 (liquid:BTC/JPY)
[INFO:2021-03-31 19:52:10,532] tick bid=6383999.0 ask=6384000.0 (bitbank:BTC/JPY)
[INFO:2021-03-31 19:52:10,536] tick bid=6382509.0 ask=6383532.0 (liquid:BTC/JPY)
[INFO:2021-03-31 19:52:13,574] tick bid=6383999.0 ask=6384000.0 (bitbank:BTC/JPY)
[INFO:2021-03-31 19:52:13,593] tick bid=6382999.0 ask=6383532.0 (liquid:BTC/JPY)
[INFO:2021-03-31 19:52:16,626] tick bid=6383999.0 ask=6384000.0 (bitbank:BTC/JPY)
[INFO:2021-03-31 19:52:16,640] tick bid=6382499.0 ask=6382939.0 (liquid:BTC/JPY)
[INFO:2021-03-31 19:52:19,694] tick bid=6383999.0 ask=6384000.0 (bitbank:BTC/JPY)
[INFO:2021-03-31 19:52:19,703] tick bid=6381922.0 ask=6382929.0 (liquid:BTC/JPY)
[INFO:2021-03-31 19:52:22,734] tick bid=6383999.0 ask=6384000.0 (bitbank:BTC/JPY)
[INFO:2021-03-31 19:52:22,747] tick bid=6386176.0 ask=6386239.0 (liquid:BTC/JPY)
[INFO:2021-03-31 19:52:22,748] (bitbank:BTC/JPY) order buy amount=0.0001
[INFO:2021-03-31 19:52:22,748] (liquid:BTC/JPY) order sell amount=0.0001
[INFO:2021-03-31 19:52:26,330] tick bid=6386000.0 ask=6386001.0 (bitbank:BTC/JPY)
[INFO:2021-03-31 19:52:26,347] tick bid=6386264.0 ask=6388597.0 (liquid:BTC/JPY)
[INFO:2021-03-31 19:52:29,401] tick bid=6386547.0 ask=6388749.0 (liquid:BTC/JPY)
[INFO:2021-03-31 19:52:29,404] tick bid=6386002.0 ask=6389100.0 (bitbank:BTC/JPY)
[INFO:2021-03-31 19:52:32,434] tick bid=6387505.0 ask=6389100.0 (bitbank:BTC/JPY)
[INFO:2021-03-31 19:52:32,461] tick bid=6386313.0 ask=6388508.0 (liquid:BTC/JPY)
[INFO:2021-03-31 19:52:35,491] tick bid=6387513.0 ask=6389100.0 (bitbank:BTC/JPY)
[INFO:2021-03-31 19:52:35,510] tick bid=6386792.0 ask=6388749.0 (liquid:BTC/JPY)
[INFO:2021-03-31 19:52:38,553] tick bid=6387519.0 ask=6389100.0 (bitbank:BTC/JPY)
[INFO:2021-03-31 19:52:38,564] tick bid=6386587.0 ask=6388734.0 (liquid:BTC/JPY)
[INFO:2021-03-31 19:52:41,611] tick bid=6387527.0 ask=6389100.0 (bitbank:BTC/JPY)
[INFO:2021-03-31 19:52:41,626] tick bid=6386826.0 ask=6388734.0 (liquid:BTC/JPY)
[INFO:2021-03-31 19:52:44,680] tick bid=6387536.0 ask=6389100.0 (bitbank:BTC/JPY)
[INFO:2021-03-31 19:52:44,702] tick bid=6387017.0 ask=6388719.0 (liquid:BTC/JPY)
[INFO:2021-03-31 19:52:47,764] tick bid=6388989.0 ask=6389100.0 (bitbank:BTC/JPY)
[INFO:2021-03-31 19:52:47,769] tick bid=6388505.0 ask=6388512.0 (liquid:BTC/JPY)
[INFO:2021-03-31 19:52:50,817] tick bid=6387542.0 ask=6389100.0 (bitbank:BTC/JPY)
[INFO:2021-03-31 19:52:50,822] tick bid=6386994.0 ask=6388495.0 (liquid:BTC/JPY)
[INFO:2021-03-31 19:52:53,876] tick bid=6387549.0 ask=6389100.0 (bitbank:BTC/JPY)
[INFO:2021-03-31 19:52:53,897] tick bid=6386827.0 ask=6388470.0 (liquid:BTC/JPY)
[INFO:2021-03-31 19:52:56,936] tick bid=6387557.0 ask=6389099.0 (bitbank:BTC/JPY)
[INFO:2021-03-31 19:52:56,974] tick bid=6386827.0 ask=6388460.0 (liquid:BTC/JPY)
[INFO:2021-03-31 19:53:00,010] tick bid=6387563.0 ask=6389099.0 (bitbank:BTC/JPY)
[INFO:2021-03-31 19:53:00,021] tick bid=6386785.0 ask=6388445.0 (liquid:BTC/JPY)
[INFO:2021-03-31 19:53:03,078] tick bid=6387898.0 ask=6389100.0 (bitbank:BTC/JPY)
[INFO:2021-03-31 19:53:03,096] tick bid=6387758.0 ask=6389999.0 (liquid:BTC/JPY)
[INFO:2021-03-31 19:53:06,127] tick bid=6390384.0 ask=6390385.0 (bitbank:BTC/JPY)
[INFO:2021-03-31 19:53:06,140] tick bid=6390251.0 ask=6391249.0 (liquid:BTC/JPY)
[INFO:2021-03-31 19:53:09,193] tick bid=6390384.0 ask=6390385.0 (bitbank:BTC/JPY)
[INFO:2021-03-31 19:53:09,214] tick bid=6388571.0 ask=6390783.0 (liquid:BTC/JPY)
[INFO:2021-03-31 19:53:12,259] tick bid=6389737.0 ask=6390385.0 (bitbank:BTC/JPY)
[INFO:2021-03-31 19:53:12,272] tick bid=6388751.0 ask=6390436.0 (liquid:BTC/JPY)
[INFO:2021-03-31 19:53:15,327] tick bid=6389745.0 ask=6390385.0 (bitbank:BTC/JPY)
[INFO:2021-03-31 19:53:15,330] tick bid=6387501.0 ask=6387684.0 (liquid:BTC/JPY)
[INFO:2021-03-31 19:53:15,331] (liquid:BTC/JPY) order buy amount=0.0001
[INFO:2021-03-31 19:53:15,332] (bitbank:BTC/JPY) order sell amount=0.0001
[INFO:2021-03-31 19:53:18,934] tick bid=6389754.0 ask=6390383.0 (bitbank:BTC/JPY)
[INFO:2021-03-31 19:53:18,951] tick bid=6386625.0 ask=6388209.0 (liquid:BTC/JPY)
[INFO:2021-03-31 19:53:21,981] tick bid=6389762.0 ask=6390385.0 (bitbank:BTC/JPY)
[INFO:2021-03-31 19:53:21,995] tick bid=6388312.0 ask=6391692.0 (liquid:BTC/JPY)
[INFO:2021-03-31 19:53:25,044] tick bid=6389579.0 ask=6392746.0 (liquid:BTC/JPY)
[INFO:2021-03-31 19:53:25,070] tick bid=6389771.0 ask=6390385.0 (bitbank:BTC/JPY)
[INFO:2021-03-31 19:53:28,125] tick bid=6389691.0 ask=6392458.0 (liquid:BTC/JPY)
[INFO:2021-03-31 19:53:28,126] tick bid=6389780.0 ask=6390385.0 (bitbank:BTC/JPY)
[INFO:2021-03-31 19:53:31,186] tick bid=6390178.0 ask=6390385.0 (bitbank:BTC/JPY)
[INFO:2021-03-31 19:53:31,188] tick bid=6389692.0 ask=6392746.0 (liquid:BTC/JPY)
[INFO:2021-03-31 19:53:34,252] tick bid=6391251.0 ask=6392746.0 (liquid:BTC/JPY)
[INFO:2021-03-31 19:53:34,254] tick bid=6390384.0 ask=6390385.0 (bitbank:BTC/JPY)
[INFO:2021-03-31 19:53:34,255] (bitbank:BTC/JPY) order buy amount=0.0001
[INFO:2021-03-31 19:53:34,255] (liquid:BTC/JPY) order sell amount=0.0001
[INFO:2021-03-31 19:53:37,922] tick bid=6390390.0 ask=6392000.0 (bitbank:BTC/JPY)
[INFO:2021-03-31 19:53:37,931] tick bid=6390208.0 ask=6392746.0 (liquid:BTC/JPY)
[INFO:2021-03-31 19:53:40,974] tick bid=6390416.0 ask=6392000.0 (bitbank:BTC/JPY)
[INFO:2021-03-31 19:53:40,983] tick bid=6390716.0 ask=6392499.0 (liquid:BTC/JPY)
[INFO:2021-03-31 19:53:44,040] tick bid=6390417.0 ask=6391521.0 (bitbank:BTC/JPY)
[INFO:2021-03-31 19:53:44,041] tick bid=6388000.0 ask=6388751.0 (liquid:BTC/JPY)
[INFO:2021-03-31 19:53:44,042] (liquid:BTC/JPY) order buy amount=0.0001
[INFO:2021-03-31 19:53:44,042] (bitbank:BTC/JPY) order sell amount=0.0001
[INFO:2021-03-31 19:53:47,580] tick bid=6390417.0 ask=6391517.0 (bitbank:BTC/JPY)
[INFO:2021-03-31 19:53:47,599] tick bid=6388000.0 ask=6390238.0 (liquid:BTC/JPY)
[INFO:2021-03-31 19:53:50,627] tick bid=6390417.0 ask=6391517.0 (bitbank:BTC/JPY)
[INFO:2021-03-31 19:53:50,654] tick bid=6388000.0 ask=6390432.0 (liquid:BTC/JPY)
[INFO:2021-03-31 19:53:53,713] tick bid=6385490.0 ask=6387243.0 (liquid:BTC/JPY)
[INFO:2021-03-31 19:53:53,866] tick bid=6390417.0 ask=6391157.0 (bitbank:BTC/JPY)
[INFO:2021-03-31 19:53:56,936] tick bid=6390417.0 ask=6390418.0 (bitbank:BTC/JPY)
[INFO:2021-03-31 19:53:56,982] tick bid=6385878.0 ask=6388425.0 (liquid:BTC/JPY)
[INFO:2021-03-31 19:54:00,023] tick bid=6390418.0 ask=6390419.0 (bitbank:BTC/JPY)
[INFO:2021-03-31 19:54:00,029] tick bid=6386328.0 ask=6387499.0 (liquid:BTC/JPY)
[INFO:2021-03-31 19:54:03,086] tick bid=6386535.0 ask=6388749.0 (liquid:BTC/JPY)
[INFO:2021-03-31 19:54:03,101] tick bid=6390422.0 ask=6391240.0 (bitbank:BTC/JPY)
[INFO:2021-03-31 19:54:06,147] tick bid=6390429.0 ask=6392010.0 (bitbank:BTC/JPY)
[INFO:2021-03-31 19:54:06,168] tick bid=6388221.0 ask=6390190.0 (liquid:BTC/JPY)
[INFO:2021-03-31 19:54:09,229] tick bid=6390436.0 ask=6392010.0 (bitbank:BTC/JPY)
[INFO:2021-03-31 19:54:09,239] tick bid=6388004.0 ask=6390294.0 (liquid:BTC/JPY)
[INFO:2021-03-31 19:54:12,330] tick bid=6391228.0 ask=6392010.0 (bitbank:BTC/JPY)
[INFO:2021-03-31 19:54:12,332] tick bid=6388751.0 ask=6390246.0 (liquid:BTC/JPY)
[INFO:2021-03-31 19:54:15,380] tick bid=6391235.0 ask=6392010.0 (bitbank:BTC/JPY)
[INFO:2021-03-31 19:54:15,393] tick bid=6388751.0 ask=6390091.0 (liquid:BTC/JPY)
[INFO:2021-03-31 19:54:18,438] tick bid=6387507.0 ask=6390294.0 (liquid:BTC/JPY)
[INFO:2021-03-31 19:54:18,439] tick bid=6391242.0 ask=6392010.0 (bitbank:BTC/JPY)
[INFO:2021-03-31 19:54:21,500] tick bid=6391245.0 ask=6392243.0 (bitbank:BTC/JPY)
[INFO:2021-03-31 19:54:21,508] tick bid=6387508.0 ask=6390288.0 (liquid:BTC/JPY)
[INFO:2021-03-31 19:54:24,550] tick bid=6391222.0 ask=6391666.0 (bitbank:BTC/JPY)
[INFO:2021-03-31 19:54:24,560] tick bid=6387501.0 ask=6389053.0 (liquid:BTC/JPY)
[INFO:2021-03-31 19:54:27,599] tick bid=6391224.0 ask=6393505.0 (bitbank:BTC/JPY)
[INFO:2021-03-31 19:54:27,616] tick bid=6386651.0 ask=6388402.0 (liquid:BTC/JPY)
[INFO:2021-03-31 19:54:30,665] tick bid=6391222.0 ask=6391223.0 (bitbank:BTC/JPY)
[INFO:2021-03-31 19:54:30,690] tick bid=6386251.0 ask=6388340.0 (liquid:BTC/JPY)
[INFO:2021-03-31 19:54:33,746] tick bid=6391222.0 ask=6391223.0 (bitbank:BTC/JPY)
[INFO:2021-03-31 19:54:33,756] tick bid=6386251.0 ask=6388303.0 (liquid:BTC/JPY)
[INFO:2021-03-31 19:54:36,807] tick bid=6391222.0 ask=6391223.0 (bitbank:BTC/JPY)
[INFO:2021-03-31 19:54:36,821] tick bid=6385430.0 ask=6388162.0 (liquid:BTC/JPY)
[INFO:2021-03-31 19:54:39,880] tick bid=6385000.0 ask=6385365.0 (liquid:BTC/JPY)
[INFO:2021-03-31 19:54:39,885] tick bid=6391222.0 ask=6391223.0 (bitbank:BTC/JPY)
[INFO:2021-03-31 19:54:42,970] tick bid=6384724.0 ask=6384996.0 (liquid:BTC/JPY)
[INFO:2021-03-31 19:54:43,200] tick bid=6391222.0 ask=6391223.0 (bitbank:BTC/JPY)
[INFO:2021-03-31 19:54:46,277] tick bid=6391222.0 ask=6391223.0 (bitbank:BTC/JPY)
[INFO:2021-03-31 19:54:46,284] tick bid=6384016.0 ask=6386397.0 (liquid:BTC/JPY)
[INFO:2021-03-31 19:54:49,344] tick bid=6391222.0 ask=6391223.0 (bitbank:BTC/JPY)
[INFO:2021-03-31 19:54:49,344] tick bid=6383751.0 ask=6385327.0 (liquid:BTC/JPY)
[INFO:2021-03-31 19:54:52,387] tick bid=6391222.0 ask=6391223.0 (bitbank:BTC/JPY)
[INFO:2021-03-31 19:54:52,387] tick bid=6383766.0 ask=6386791.0 (liquid:BTC/JPY)
[INFO:2021-03-31 19:54:55,432] tick bid=6383751.0 ask=6386585.0 (liquid:BTC/JPY)
[INFO:2021-03-31 19:54:55,457] tick bid=6391222.0 ask=6391223.0 (bitbank:BTC/JPY)
[INFO:2021-03-31 19:54:58,502] tick bid=6390000.0 ask=6391001.0 (bitbank:BTC/JPY)
[INFO:2021-03-31 19:54:58,521] tick bid=6382237.0 ask=6384222.0 (liquid:BTC/JPY)
[INFO:2021-03-31 19:55:01,562] tick bid=6381750.0 ask=6382237.0 (liquid:BTC/JPY)
[INFO:2021-03-31 19:55:01,588] tick bid=6385882.0 ask=6385883.0 (bitbank:BTC/JPY)
[INFO:2021-03-31 19:55:04,640] tick bid=6385592.0 ask=6385882.0 (bitbank:BTC/JPY)
[INFO:2021-03-31 19:55:04,655] tick bid=6380038.0 ask=6382237.0 (liquid:BTC/JPY)
[INFO:2021-03-31 19:55:07,691] tick bid=6384010.0 ask=6384011.0 (bitbank:BTC/JPY)
[INFO:2021-03-31 19:55:07,711] tick bid=6380048.0 ask=6382017.0 (liquid:BTC/JPY)
[INFO:2021-03-31 19:55:10,750] tick bid=6382965.0 ask=6382966.0 (bitbank:BTC/JPY)
[INFO:2021-03-31 19:55:10,762] tick bid=6378170.0 ask=6381288.0 (liquid:BTC/JPY)
[INFO:2021-03-31 19:55:13,810] tick bid=6382048.0 ask=6382500.0 (bitbank:BTC/JPY)
[INFO:2021-03-31 19:55:13,827] tick bid=6377501.0 ask=6379867.0 (liquid:BTC/JPY)
[INFO:2021-03-31 19:55:16,888] tick bid=6381931.0 ask=6385237.0 (bitbank:BTC/JPY)
[INFO:2021-03-31 19:55:16,895] tick bid=6378608.0 ask=6381249.0 (liquid:BTC/JPY)
[INFO:2021-03-31 19:55:19,948] tick bid=6381932.0 ask=6385231.0 (bitbank:BTC/JPY)
[INFO:2021-03-31 19:55:19,969] tick bid=6378338.0 ask=6381166.0 (liquid:BTC/JPY)
[INFO:2021-03-31 19:55:23,008] tick bid=6381932.0 ask=6385226.0 (bitbank:BTC/JPY)
[INFO:2021-03-31 19:55:23,020] tick bid=6378353.0 ask=6381111.0 (liquid:BTC/JPY)
[INFO:2021-03-31 19:55:26,062] tick bid=6381937.0 ask=6385219.0 (bitbank:BTC/JPY)
[INFO:2021-03-31 19:55:26,071] tick bid=6379392.0 ask=6382347.0 (liquid:BTC/JPY)
[INFO:2021-03-31 19:55:29,137] tick bid=6386000.0 ask=6386276.0 (bitbank:BTC/JPY)
[INFO:2021-03-31 19:55:29,154] tick bid=6380001.0 ask=6382348.0 (liquid:BTC/JPY)
[INFO:2021-03-31 19:55:32,194] tick bid=6381931.0 ask=6385209.0 (bitbank:BTC/JPY)
[INFO:2021-03-31 19:55:32,243] tick bid=6378821.0 ask=6382443.0 (liquid:BTC/JPY)
[INFO:2021-03-31 19:55:35,286] tick bid=6381932.0 ask=6385203.0 (bitbank:BTC/JPY)
[INFO:2021-03-31 19:55:35,298] tick bid=6378821.0 ask=6381249.0 (liquid:BTC/JPY)
[INFO:2021-03-31 19:55:38,334] tick bid=6381940.0 ask=6385199.0 (bitbank:BTC/JPY)
[INFO:2021-03-31 19:55:38,338] tick bid=6379088.0 ask=6381249.0 (liquid:BTC/JPY)
[INFO:2021-03-31 19:55:41,367] tick bid=6381937.0 ask=6385194.0 (bitbank:BTC/JPY)
[INFO:2021-03-31 19:55:41,390] tick bid=6379099.0 ask=6381249.0 (liquid:BTC/JPY)
[INFO:2021-03-31 19:55:44,431] tick bid=6381953.0 ask=6385189.0 (bitbank:BTC/JPY)
[INFO:2021-03-31 19:55:44,439] tick bid=6379762.0 ask=6382242.0 (liquid:BTC/JPY)
[INFO:2021-03-31 19:55:47,475] tick bid=6383342.0 ask=6385189.0 (bitbank:BTC/JPY)
[INFO:2021-03-31 19:55:47,497] tick bid=6382296.0 ask=6383156.0 (liquid:BTC/JPY)
[INFO:2021-03-31 19:55:50,539] tick bid=6384360.0 ask=6385190.0 (bitbank:BTC/JPY)
[INFO:2021-03-31 19:55:50,547] tick bid=6383414.0 ask=6384723.0 (liquid:BTC/JPY)
[INFO:2021-03-31 19:55:53,592] tick bid=6382028.0 ask=6382436.0 (liquid:BTC/JPY)
[INFO:2021-03-31 19:55:53,603] tick bid=6384367.0 ask=6385190.0 (bitbank:BTC/JPY)
[INFO:2021-03-31 19:55:56,649] tick bid=6381252.0 ask=6383022.0 (liquid:BTC/JPY)
[INFO:2021-03-31 19:55:56,658] tick bid=6383738.0 ask=6385190.0 (bitbank:BTC/JPY)
[INFO:2021-03-31 19:55:59,698] tick bid=6383744.0 ask=6385866.0 (bitbank:BTC/JPY)
[INFO:2021-03-31 19:55:59,704] tick bid=6382501.0 ask=6383894.0 (liquid:BTC/JPY)
[INFO:2021-03-31 19:56:02,743] tick bid=6383750.0 ask=6385866.0 (bitbank:BTC/JPY)
[INFO:2021-03-31 19:56:02,745] tick bid=6382501.0 ask=6383754.0 (liquid:BTC/JPY)
[INFO:2021-03-31 19:56:05,825] tick bid=6380001.0 ask=6381569.0 (liquid:BTC/JPY)
[INFO:2021-03-31 19:56:05,829] tick bid=6385190.0 ask=6385191.0 (bitbank:BTC/JPY)
[INFO:2021-03-31 19:56:08,875] tick bid=6385190.0 ask=6385191.0 (bitbank:BTC/JPY)
[INFO:2021-03-31 19:56:08,882] tick bid=6380001.0 ask=6381559.0 (liquid:BTC/JPY)
[INFO:2021-03-31 19:56:11,928] tick bid=6385190.0 ask=6385191.0 (bitbank:BTC/JPY)
[INFO:2021-03-31 19:56:11,934] tick bid=6380002.0 ask=6381803.0 (liquid:BTC/JPY)
[INFO:2021-03-31 19:56:15,000] tick bid=6379179.0 ask=6381527.0 (liquid:BTC/JPY)
[INFO:2021-03-31 19:56:15,042] tick bid=6385190.0 ask=6385191.0 (bitbank:BTC/JPY)
[INFO:2021-03-31 19:56:18,097] tick bid=6379180.0 ask=6381028.0 (liquid:BTC/JPY)
[INFO:2021-03-31 19:56:18,098] tick bid=6385190.0 ask=6385191.0 (bitbank:BTC/JPY)
[INFO:2021-03-31 19:56:21,132] tick bid=6385190.0 ask=6385191.0 (bitbank:BTC/JPY)
[INFO:2021-03-31 19:56:21,138] tick bid=6379180.0 ask=6381124.0 (liquid:BTC/JPY)
[INFO:2021-03-31 19:56:24,178] tick bid=6385190.0 ask=6385191.0 (bitbank:BTC/JPY)
[INFO:2021-03-31 19:56:24,197] tick bid=6380304.0 ask=6381758.0 (liquid:BTC/JPY)
[INFO:2021-03-31 19:56:27,240] tick bid=6385190.0 ask=6385191.0 (bitbank:BTC/JPY)
[INFO:2021-03-31 19:56:27,246] tick bid=6380001.0 ask=6380259.0 (liquid:BTC/JPY)
[INFO:2021-03-31 19:56:30,282] tick bid=6385190.0 ask=6385191.0 (bitbank:BTC/JPY)
[INFO:2021-03-31 19:56:30,291] tick bid=6379196.0 ask=6379830.0 (liquid:BTC/JPY)
[INFO:2021-03-31 19:56:33,333] tick bid=6385190.0 ask=6385191.0 (bitbank:BTC/JPY)
[INFO:2021-03-31 19:56:33,348] tick bid=6379195.0 ask=6380489.0 (liquid:BTC/JPY)
[INFO:2021-03-31 19:56:36,411] tick bid=6379195.0 ask=6380868.0 (liquid:BTC/JPY)
[INFO:2021-03-31 19:56:36,428] tick bid=6385190.0 ask=6385191.0 (bitbank:BTC/JPY)
[INFO:2021-03-31 19:56:39,481] tick bid=6385190.0 ask=6385191.0 (bitbank:BTC/JPY)
[INFO:2021-03-31 19:56:39,492] tick bid=6379363.0 ask=6380828.0 (liquid:BTC/JPY)
[INFO:2021-03-31 19:56:42,543] tick bid=6385190.0 ask=6385191.0 (bitbank:BTC/JPY)
[INFO:2021-03-31 19:56:42,548] tick bid=6379195.0 ask=6380818.0 (liquid:BTC/JPY)
[INFO:2021-03-31 19:56:45,608] tick bid=6379205.0 ask=6381044.0 (liquid:BTC/JPY)
[INFO:2021-03-31 19:56:45,611] tick bid=6385190.0 ask=6385191.0 (bitbank:BTC/JPY)
[INFO:2021-03-31 19:56:48,680] tick bid=6385190.0 ask=6385191.0 (bitbank:BTC/JPY)
[INFO:2021-03-31 19:56:48,685] tick bid=6379196.0 ask=6381209.0 (liquid:BTC/JPY)
[INFO:2021-03-31 19:56:51,736] tick bid=6385190.0 ask=6385191.0 (bitbank:BTC/JPY)
[INFO:2021-03-31 19:56:51,748] tick bid=6380559.0 ask=6380900.0 (liquid:BTC/JPY)
[INFO:2021-03-31 19:56:54,784] tick bid=6385190.0 ask=6385191.0 (bitbank:BTC/JPY)
[INFO:2021-03-31 19:56:54,805] tick bid=6380559.0 ask=6380900.0 (liquid:BTC/JPY)
[INFO:2021-03-31 19:56:57,834] tick bid=6385190.0 ask=6385191.0 (bitbank:BTC/JPY)
[INFO:2021-03-31 19:56:57,852] tick bid=6379794.0 ask=6380815.0 (liquid:BTC/JPY)
[INFO:2021-03-31 19:57:00,895] tick bid=6385190.0 ask=6385191.0 (bitbank:BTC/JPY)
[INFO:2021-03-31 19:57:00,897] tick bid=6379200.0 ask=6380810.0 (liquid:BTC/JPY)
[INFO:2021-03-31 19:57:03,950] tick bid=6385190.0 ask=6385191.0 (bitbank:BTC/JPY)
[INFO:2021-03-31 19:57:03,960] tick bid=6379200.0 ask=6380809.0 (liquid:BTC/JPY)
[INFO:2021-03-31 19:57:06,999] tick bid=6385190.0 ask=6385191.0 (bitbank:BTC/JPY)
[INFO:2021-03-31 19:57:07,006] tick bid=6379195.0 ask=6379995.0 (liquid:BTC/JPY)
[INFO:2021-03-31 19:57:10,052] tick bid=6382368.0 ask=6382646.0 (bitbank:BTC/JPY)
[INFO:2021-03-31 19:57:10,055] tick bid=6376104.0 ask=6377040.0 (liquid:BTC/JPY)
[INFO:2021-03-31 19:57:13,122] tick bid=6380005.0 ask=6380034.0 (bitbank:BTC/JPY)
[INFO:2021-03-31 19:57:13,136] tick bid=6373751.0 ask=6374617.0 (liquid:BTC/JPY)
[INFO:2021-03-31 19:57:16,196] tick bid=6373751.0 ask=6374714.0 (liquid:BTC/JPY)
[INFO:2021-03-31 19:57:16,240] tick bid=6380000.0 ask=6380001.0 (bitbank:BTC/JPY)
[INFO:2021-03-31 19:57:19,781] tick bid=6380000.0 ask=6380001.0 (bitbank:BTC/JPY)
[INFO:2021-03-31 19:57:19,783] tick bid=6373752.0 ask=6374712.0 (liquid:BTC/JPY)
[INFO:2021-03-31 19:57:22,827] tick bid=6380000.0 ask=6380001.0 (bitbank:BTC/JPY)
[INFO:2021-03-31 19:57:22,857] tick bid=6373751.0 ask=6374614.0 (liquid:BTC/JPY)
[INFO:2021-03-31 19:57:25,918] tick bid=6380000.0 ask=6380001.0 (bitbank:BTC/JPY)
[INFO:2021-03-31 19:57:25,966] tick bid=6373751.0 ask=6374711.0 (liquid:BTC/JPY)
[INFO:2021-03-31 19:57:28,990] tick bid=6380000.0 ask=6380001.0 (bitbank:BTC/JPY)
[INFO:2021-03-31 19:57:29,014] tick bid=6372741.0 ask=6374510.0 (liquid:BTC/JPY)
[INFO:2021-03-31 19:57:32,030] tick bid=6380000.0 ask=6380001.0 (bitbank:BTC/JPY)
[INFO:2021-03-31 19:57:32,070] tick bid=6372501.0 ask=6374149.0 (liquid:BTC/JPY)
[INFO:2021-03-31 19:57:35,093] tick bid=6380000.0 ask=6380001.0 (bitbank:BTC/JPY)
[INFO:2021-03-31 19:57:35,124] tick bid=6376186.0 ask=6376248.0 (liquid:BTC/JPY)
[INFO:2021-03-31 19:57:38,141] tick bid=6380000.0 ask=6380001.0 (bitbank:BTC/JPY)
[INFO:2021-03-31 19:57:38,171] tick bid=6373510.0 ask=6376248.0 (liquid:BTC/JPY)
[INFO:2021-03-31 19:57:41,212] tick bid=6380000.0 ask=6380001.0 (bitbank:BTC/JPY)
[INFO:2021-03-31 19:57:41,217] tick bid=6374031.0 ask=6376175.0 (liquid:BTC/JPY)
[INFO:2021-03-31 19:57:44,262] tick bid=6375126.0 ask=6376247.0 (liquid:BTC/JPY)
[INFO:2021-03-31 19:57:44,263] tick bid=6380000.0 ask=6380001.0 (bitbank:BTC/JPY)
[INFO:2021-03-31 19:57:47,317] tick bid=6380000.0 ask=6380001.0 (bitbank:BTC/JPY)
[INFO:2021-03-31 19:57:47,319] tick bid=6375249.0 ask=6376247.0 (liquid:BTC/JPY)
[INFO:2021-03-31 19:57:50,356] tick bid=6380000.0 ask=6380001.0 (bitbank:BTC/JPY)
[INFO:2021-03-31 19:57:50,379] tick bid=6375001.0 ask=6376021.0 (liquid:BTC/JPY)
[INFO:2021-03-31 19:57:53,405] tick bid=6380002.0 ask=6381352.0 (bitbank:BTC/JPY)
[INFO:2021-03-31 19:57:53,421] tick bid=6375703.0 ask=6376247.0 (liquid:BTC/JPY)
[INFO:2021-03-31 19:57:56,465] tick bid=6381357.0 ask=6382001.0 (bitbank:BTC/JPY)
[INFO:2021-03-31 19:57:56,478] tick bid=6378744.0 ask=6378889.0 (liquid:BTC/JPY)
[INFO:2021-03-31 19:57:59,522] tick bid=6381365.0 ask=6382001.0 (bitbank:BTC/JPY)
[INFO:2021-03-31 19:57:59,534] tick bid=6379080.0 ask=6380075.0 (liquid:BTC/JPY)
[INFO:2021-03-31 19:58:02,593] tick bid=6380081.0 ask=6381249.0 (liquid:BTC/JPY)
[INFO:2021-03-31 19:58:02,599] tick bid=6382000.0 ask=6382001.0 (bitbank:BTC/JPY)
[INFO:2021-03-31 19:58:05,650] tick bid=6382000.0 ask=6382001.0 (bitbank:BTC/JPY)
[INFO:2021-03-31 19:58:05,652] tick bid=6382294.0 ask=6382499.0 (liquid:BTC/JPY)
[INFO:2021-03-31 19:58:05,653] (bitbank:BTC/JPY) order buy amount=0.0001
[INFO:2021-03-31 19:58:05,655] (liquid:BTC/JPY) order sell amount=0.0001
[INFO:2021-03-31 19:58:09,285] tick bid=6385248.0 ask=6386829.0 (bitbank:BTC/JPY)
[INFO:2021-03-31 19:58:09,290] tick bid=6382822.0 ask=6384999.0 (liquid:BTC/JPY)
[INFO:2021-03-31 19:58:12,371] tick bid=6386589.0 ask=6386829.0 (bitbank:BTC/JPY)
[INFO:2021-03-31 19:58:12,387] tick bid=6386026.0 ask=6386041.0 (liquid:BTC/JPY)
[INFO:2021-03-31 19:58:15,413] tick bid=6386729.0 ask=6386829.0 (bitbank:BTC/JPY)
[INFO:2021-03-31 19:58:15,437] tick bid=6384800.0 ask=6386249.0 (liquid:BTC/JPY)
[INFO:2021-03-31 19:58:18,490] tick bid=6386828.0 ask=6386829.0 (bitbank:BTC/JPY)
[INFO:2021-03-31 19:58:18,503] tick bid=6385936.0 ask=6387499.0 (liquid:BTC/JPY)
[INFO:2021-03-31 19:58:21,548] tick bid=6386828.0 ask=6386829.0 (bitbank:BTC/JPY)
[INFO:2021-03-31 19:58:21,561] tick bid=6385441.0 ask=6387499.0 (liquid:BTC/JPY)
[INFO:2021-03-31 19:58:24,645] tick bid=6388887.0 ask=6388888.0 (bitbank:BTC/JPY)
[INFO:2021-03-31 19:58:24,647] tick bid=6385442.0 ask=6387499.0 (liquid:BTC/JPY)
[INFO:2021-03-31 19:58:27,696] tick bid=6390004.0 ask=6390005.0 (bitbank:BTC/JPY)
[INFO:2021-03-31 19:58:27,714] tick bid=6389568.0 ask=6390000.0 (liquid:BTC/JPY)
[INFO:2021-03-31 19:58:30,803] tick bid=6391805.0 ask=6394172.0 (bitbank:BTC/JPY)
[INFO:2021-03-31 19:58:30,810] tick bid=6389844.0 ask=6391249.0 (liquid:BTC/JPY)
[INFO:2021-03-31 19:58:33,895] tick bid=6389533.0 ask=6391249.0 (liquid:BTC/JPY)
[INFO:2021-03-31 19:58:34,141] tick bid=6391812.0 ask=6394171.0 (bitbank:BTC/JPY)
[INFO:2021-03-31 19:58:37,216] tick bid=6391914.0 ask=6394172.0 (bitbank:BTC/JPY)
[INFO:2021-03-31 19:58:37,216] tick bid=6389918.0 ask=6391249.0 (liquid:BTC/JPY)
[INFO:2021-03-31 19:58:40,260] tick bid=6389534.0 ask=6391059.0 (liquid:BTC/JPY)
[INFO:2021-03-31 19:58:40,263] tick bid=6391920.0 ask=6392499.0 (bitbank:BTC/JPY)
[INFO:2021-03-31 19:58:43,309] tick bid=6391277.0 ask=6394172.0 (bitbank:BTC/JPY)
[INFO:2021-03-31 19:58:43,309] tick bid=6389686.0 ask=6391049.0 (liquid:BTC/JPY)
[INFO:2021-03-31 19:58:46,341] tick bid=6391622.0 ask=6395117.0 (bitbank:BTC/JPY)
[INFO:2021-03-31 19:58:46,355] tick bid=6389418.0 ask=6390880.0 (liquid:BTC/JPY)
[INFO:2021-03-31 19:58:49,391] tick bid=6391630.0 ask=6395117.0 (bitbank:BTC/JPY)
[INFO:2021-03-31 19:58:49,396] tick bid=6388761.0 ask=6390995.0 (liquid:BTC/JPY)
[INFO:2021-03-31 19:58:52,458] tick bid=6390718.0 ask=6392499.0 (bitbank:BTC/JPY)
[INFO:2021-03-31 19:58:52,489] tick bid=6388772.0 ask=6390769.0 (liquid:BTC/JPY)
[INFO:2021-03-31 19:58:55,522] tick bid=6390210.0 ask=6392493.0 (bitbank:BTC/JPY)
[INFO:2021-03-31 19:58:55,530] tick bid=6387501.0 ask=6387759.0 (liquid:BTC/JPY)
[INFO:2021-03-31 19:58:58,614] tick bid=6386251.0 ask=6386940.0 (liquid:BTC/JPY)
[INFO:2021-03-31 19:58:58,634] tick bid=6390004.0 ask=6391899.0 (bitbank:BTC/JPY)
[INFO:2021-03-31 19:58:58,634] (liquid:BTC/JPY) order buy amount=0.0001
[INFO:2021-03-31 19:58:58,635] (bitbank:BTC/JPY) order sell amount=0.0001
[INFO:2021-03-31 19:59:02,564] tick bid=6390004.0 ask=6391899.0 (bitbank:BTC/JPY)
[INFO:2021-03-31 19:59:02,575] tick bid=6386251.0 ask=6386940.0 (liquid:BTC/JPY)
[INFO:2021-03-31 19:59:05,632] tick bid=6390007.0 ask=6391899.0 (bitbank:BTC/JPY)
[INFO:2021-03-31 19:59:05,637] tick bid=6386320.0 ask=6387000.0 (liquid:BTC/JPY)
[INFO:2021-03-31 19:59:08,685] tick bid=6390095.0 ask=6394496.0 (bitbank:BTC/JPY)
[INFO:2021-03-31 19:59:08,705] tick bid=6387681.0 ask=6389999.0 (liquid:BTC/JPY)
[INFO:2021-03-31 19:59:11,757] tick bid=6387831.0 ask=6389999.0 (liquid:BTC/JPY)
[INFO:2021-03-31 19:59:11,764] tick bid=6390103.0 ask=6394496.0 (bitbank:BTC/JPY)
[INFO:2021-03-31 19:59:14,802] tick bid=6390112.0 ask=6394496.0 (bitbank:BTC/JPY)
[INFO:2021-03-31 19:59:14,848] tick bid=6388348.0 ask=6391058.0 (liquid:BTC/JPY)
[INFO:2021-03-31 19:59:17,894] tick bid=6393806.0 ask=6394496.0 (bitbank:BTC/JPY)
[INFO:2021-03-31 19:59:17,910] tick bid=6389580.0 ask=6391059.0 (liquid:BTC/JPY)
[INFO:2021-03-31 19:59:20,952] tick bid=6394495.0 ask=6394496.0 (bitbank:BTC/JPY)
[INFO:2021-03-31 19:59:20,963] tick bid=6391983.0 ask=6392090.0 (liquid:BTC/JPY)
[INFO:2021-03-31 19:59:24,021] tick bid=6394495.0 ask=6394496.0 (bitbank:BTC/JPY)
[INFO:2021-03-31 19:59:24,035] tick bid=6391989.0 ask=6392499.0 (liquid:BTC/JPY)
[INFO:2021-03-31 19:59:27,075] tick bid=6392153.0 ask=6392499.0 (liquid:BTC/JPY)
[INFO:2021-03-31 19:59:27,081] tick bid=6395001.0 ask=6395117.0 (bitbank:BTC/JPY)
[INFO:2021-03-31 19:59:30,108] tick bid=6395001.0 ask=6395117.0 (bitbank:BTC/JPY)
[INFO:2021-03-31 19:59:30,130] tick bid=6390438.0 ask=6392499.0 (liquid:BTC/JPY)
[INFO:2021-03-31 19:59:33,188] tick bid=6395114.0 ask=6395117.0 (bitbank:BTC/JPY)
[INFO:2021-03-31 19:59:33,196] tick bid=6393502.0 ask=6393749.0 (liquid:BTC/JPY)
[INFO:2021-03-31 19:59:36,250] tick bid=6395000.0 ask=6395114.0 (bitbank:BTC/JPY)
[INFO:2021-03-31 19:59:36,260] tick bid=6390064.0 ask=6390623.0 (liquid:BTC/JPY)
[INFO:2021-03-31 19:59:39,308] tick bid=6395115.0 ask=6395117.0 (bitbank:BTC/JPY)
[INFO:2021-03-31 19:59:39,316] tick bid=6391251.0 ask=6392602.0 (liquid:BTC/JPY)
[INFO:2021-03-31 19:59:42,351] tick bid=6395113.0 ask=6395117.0 (bitbank:BTC/JPY)
[INFO:2021-03-31 19:59:42,366] tick bid=6390001.0 ask=6390289.0 (liquid:BTC/JPY)
[INFO:2021-03-31 19:59:45,422] tick bid=6386834.0 ask=6387752.0 (liquid:BTC/JPY)
[INFO:2021-03-31 19:59:45,422] tick bid=6395113.0 ask=6395114.0 (bitbank:BTC/JPY)
[INFO:2021-03-31 19:59:48,477] tick bid=6393005.0 ask=6395111.0 (bitbank:BTC/JPY)
[INFO:2021-03-31 19:59:48,485] tick bid=6387469.0 ask=6389569.0 (liquid:BTC/JPY)
[INFO:2021-03-31 19:59:51,540] tick bid=6393004.0 ask=6395103.0 (bitbank:BTC/JPY)
[INFO:2021-03-31 19:59:51,547] tick bid=6386836.0 ask=6389569.0 (liquid:BTC/JPY)
[INFO:2021-03-31 19:59:54,587] tick bid=6393004.0 ask=6395099.0 (bitbank:BTC/JPY)
[INFO:2021-03-31 19:59:54,600] tick bid=6387082.0 ask=6389569.0 (liquid:BTC/JPY)
[INFO:2021-03-31 19:59:57,670] tick bid=6387855.0 ask=6390152.0 (liquid:BTC/JPY)
[INFO:2021-03-31 19:59:57,675] tick bid=6393004.0 ask=6395099.0 (bitbank:BTC/JPY)
[INFO:2021-03-31 20:00:00,768] tick bid=6393004.0 ask=6395096.0 (bitbank:BTC/JPY)
[INFO:2021-03-31 20:00:00,805] tick bid=6387599.0 ask=6390152.0 (liquid:BTC/JPY)
[INFO:2021-03-31 20:00:03,879] tick bid=6395089.0 ask=6395726.0 (bitbank:BTC/JPY)
[INFO:2021-03-31 20:00:03,879] tick bid=6387599.0 ask=6390143.0 (liquid:BTC/JPY)
[INFO:2021-03-31 20:00:06,976] tick bid=6388751.0 ask=6390144.0 (liquid:BTC/JPY)
[INFO:2021-03-31 20:00:06,980] tick bid=6393005.0 ask=6396342.0 (bitbank:BTC/JPY)
[INFO:2021-03-31 20:00:10,022] tick bid=6394249.0 ask=6396848.0 (bitbank:BTC/JPY)
[INFO:2021-03-31 20:00:10,078] tick bid=6389144.0 ask=6391249.0 (liquid:BTC/JPY)
[INFO:2021-03-31 20:00:13,118] tick bid=6393017.0 ask=6397117.0 (bitbank:BTC/JPY)
[INFO:2021-03-31 20:00:13,131] tick bid=6388751.0 ask=6391249.0 (liquid:BTC/JPY)
[INFO:2021-03-31 20:00:16,188] tick bid=6389445.0 ask=6391068.0 (liquid:BTC/JPY)
[INFO:2021-03-31 20:00:16,189] tick bid=6393024.0 ask=6397117.0 (bitbank:BTC/JPY)
[INFO:2021-03-31 20:00:19,228] tick bid=6393031.0 ask=6397117.0 (bitbank:BTC/JPY)
[INFO:2021-03-31 20:00:19,235] tick bid=6389116.0 ask=6392180.0 (liquid:BTC/JPY)
[INFO:2021-03-31 20:00:22,296] tick bid=6394904.0 ask=6397117.0 (bitbank:BTC/JPY)
[INFO:2021-03-31 20:00:22,299] tick bid=6393026.0 ask=6393475.0 (liquid:BTC/JPY)
[INFO:2021-03-31 20:00:25,382] tick bid=6395517.0 ask=6397117.0 (bitbank:BTC/JPY)
[INFO:2021-03-31 20:00:25,387] tick bid=6393026.0 ask=6393475.0 (liquid:BTC/JPY)
[INFO:2021-03-31 20:00:28,458] tick bid=6397055.0 ask=6397117.0 (bitbank:BTC/JPY)
[INFO:2021-03-31 20:00:28,460] tick bid=6393761.0 ask=6394999.0 (liquid:BTC/JPY)
[INFO:2021-03-31 20:00:31,517] tick bid=6397116.0 ask=6397117.0 (bitbank:BTC/JPY)
[INFO:2021-03-31 20:00:31,564] tick bid=6394025.0 ask=6396242.0 (liquid:BTC/JPY)
[INFO:2021-03-31 20:00:34,626] tick bid=6394606.0 ask=6396244.0 (liquid:BTC/JPY)
[INFO:2021-03-31 20:00:34,627] tick bid=6397123.0 ask=6397339.0 (bitbank:BTC/JPY)
[INFO:2021-03-31 20:00:37,686] tick bid=6397338.0 ask=6397339.0 (bitbank:BTC/JPY)
[INFO:2021-03-31 20:00:37,687] tick bid=6395374.0 ask=6396909.0 (liquid:BTC/JPY)
[INFO:2021-03-31 20:00:40,721] tick bid=6397338.0 ask=6397339.0 (bitbank:BTC/JPY)
[INFO:2021-03-31 20:00:40,782] tick bid=6395912.0 ask=6396244.0 (liquid:BTC/JPY)
[INFO:2021-03-31 20:00:40,783] (bitbank:BTC/JPY) order buy amount=0.0001
[INFO:2021-03-31 20:00:40,788] (liquid:BTC/JPY) order sell amount=0.0001
[INFO:2021-03-31 20:00:44,476] tick bid=6397338.0 ask=6397339.0 (bitbank:BTC/JPY)
[INFO:2021-03-31 20:00:44,484] tick bid=6395680.0 ask=6396244.0 (liquid:BTC/JPY)
[INFO:2021-03-31 20:00:47,533] tick bid=6396014.0 ask=6396249.0 (liquid:BTC/JPY)
[INFO:2021-03-31 20:00:47,538] tick bid=6397338.0 ask=6397339.0 (bitbank:BTC/JPY)
[INFO:2021-03-31 20:00:50,590] tick bid=6397338.0 ask=6397339.0 (bitbank:BTC/JPY)
[INFO:2021-03-31 20:00:50,607] tick bid=6396470.0 ask=6397205.0 (liquid:BTC/JPY)
[INFO:2021-03-31 20:00:53,672] tick bid=6397338.0 ask=6397339.0 (bitbank:BTC/JPY)
[INFO:2021-03-31 20:00:53,720] tick bid=6395296.0 ask=6397195.0 (liquid:BTC/JPY)
[INFO:2021-03-31 20:00:56,781] tick bid=6397338.0 ask=6397339.0 (bitbank:BTC/JPY)
[INFO:2021-03-31 20:00:56,793] tick bid=6395703.0 ask=6397205.0 (liquid:BTC/JPY)
[INFO:2021-03-31 20:00:59,847] tick bid=6397338.0 ask=6397339.0 (bitbank:BTC/JPY)
[INFO:2021-03-31 20:00:59,855] tick bid=6396653.0 ask=6397205.0 (liquid:BTC/JPY)
[INFO:2021-03-31 20:01:02,932] tick bid=6397338.0 ask=6397461.0 (bitbank:BTC/JPY)
[INFO:2021-03-31 20:01:02,942] tick bid=6395001.0 ask=6396486.0 (liquid:BTC/JPY)
[INFO:2021-03-31 20:01:05,994] tick bid=6397343.0 ask=6399999.0 (bitbank:BTC/JPY)
[INFO:2021-03-31 20:01:06,001] tick bid=6395001.0 ask=6396476.0 (liquid:BTC/JPY)
[INFO:2021-03-31 20:01:09,055] tick bid=6397351.0 ask=6399999.0 (bitbank:BTC/JPY)
[INFO:2021-03-31 20:01:09,055] tick bid=6395011.0 ask=6395100.0 (liquid:BTC/JPY)
[INFO:2021-03-31 20:01:12,117] tick bid=6397359.0 ask=6399999.0 (bitbank:BTC/JPY)
[INFO:2021-03-31 20:01:12,126] tick bid=6395001.0 ask=6395100.0 (liquid:BTC/JPY)
[INFO:2021-03-31 20:01:15,168] tick bid=6397371.0 ask=6399999.0 (bitbank:BTC/JPY)
[INFO:2021-03-31 20:01:15,181] tick bid=6394425.0 ask=6395100.0 (liquid:BTC/JPY)
[INFO:2021-03-31 20:01:18,222] tick bid=6397376.0 ask=6399597.0 (bitbank:BTC/JPY)
[INFO:2021-03-31 20:01:18,247] tick bid=6393973.0 ask=6395099.0 (liquid:BTC/JPY)
[INFO:2021-03-31 20:01:21,275] tick bid=6397378.0 ask=6399982.0 (bitbank:BTC/JPY)
[INFO:2021-03-31 20:01:21,296] tick bid=6394048.0 ask=6395099.0 (liquid:BTC/JPY)
[INFO:2021-03-31 20:01:24,340] tick bid=6397384.0 ask=6399982.0 (bitbank:BTC/JPY)
[INFO:2021-03-31 20:01:24,390] tick bid=6393926.0 ask=6394875.0 (liquid:BTC/JPY)
[INFO:2021-03-31 20:01:27,432] tick bid=6391980.0 ask=6392856.0 (liquid:BTC/JPY)
[INFO:2021-03-31 20:01:27,436] tick bid=6396848.0 ask=6397139.0 (bitbank:BTC/JPY)
[INFO:2021-03-31 20:01:27,436] (liquid:BTC/JPY) order buy amount=0.0001
[INFO:2021-03-31 20:01:27,437] (bitbank:BTC/JPY) order sell amount=0.0001
[INFO:2021-03-31 20:01:31,044] tick bid=6396848.0 ask=6396849.0 (bitbank:BTC/JPY)
[INFO:2021-03-31 20:01:31,053] tick bid=6390001.0 ask=6390292.0 (liquid:BTC/JPY)
[INFO:2021-03-31 20:01:34,104] tick bid=6396848.0 ask=6396849.0 (bitbank:BTC/JPY)
[INFO:2021-03-31 20:01:34,131] tick bid=6390001.0 ask=6390324.0 (liquid:BTC/JPY)
[INFO:2021-03-31 20:01:37,174] tick bid=6396848.0 ask=6396849.0 (bitbank:BTC/JPY)
[INFO:2021-03-31 20:01:37,190] tick bid=6388751.0 ask=6390518.0 (liquid:BTC/JPY)
[INFO:2021-03-31 20:01:40,233] tick bid=6390009.0 ask=6394451.0 (bitbank:BTC/JPY)
[INFO:2021-03-31 20:01:40,241] tick bid=6386652.0 ask=6388643.0 (liquid:BTC/JPY)
[INFO:2021-03-31 20:01:43,291] tick bid=6390014.0 ask=6394449.0 (bitbank:BTC/JPY)
[INFO:2021-03-31 20:01:43,315] tick bid=6386740.0 ask=6389250.0 (liquid:BTC/JPY)
[INFO:2021-03-31 20:01:46,351] tick bid=6390021.0 ask=6394449.0 (bitbank:BTC/JPY)
[INFO:2021-03-31 20:01:46,375] tick bid=6387418.0 ask=6389999.0 (liquid:BTC/JPY)
[INFO:2021-03-31 20:01:49,423] tick bid=6390004.0 ask=6391917.0 (bitbank:BTC/JPY)
[INFO:2021-03-31 20:01:49,427] tick bid=6386266.0 ask=6387045.0 (liquid:BTC/JPY)
[INFO:2021-03-31 20:01:52,463] tick bid=6390006.0 ask=6390812.0 (bitbank:BTC/JPY)
[INFO:2021-03-31 20:01:52,472] tick bid=6385100.0 ask=6386959.0 (liquid:BTC/JPY)
[INFO:2021-03-31 20:01:55,515] tick bid=6390100.0 ask=6390379.0 (bitbank:BTC/JPY)
[INFO:2021-03-31 20:01:55,547] tick bid=6385100.0 ask=6386114.0 (liquid:BTC/JPY)
[INFO:2021-03-31 20:01:58,593] tick bid=6390000.0 ask=6390001.0 (bitbank:BTC/JPY)
[INFO:2021-03-31 20:01:58,604] tick bid=6382501.0 ask=6383816.0 (liquid:BTC/JPY)
[INFO:2021-03-31 20:02:01,665] tick bid=6382501.0 ask=6384903.0 (liquid:BTC/JPY)
[INFO:2021-03-31 20:02:01,681] tick bid=6390000.0 ask=6390001.0 (bitbank:BTC/JPY)
[INFO:2021-03-31 20:02:04,716] tick bid=6390000.0 ask=6390001.0 (bitbank:BTC/JPY)
[INFO:2021-03-31 20:02:04,731] tick bid=6382501.0 ask=6386006.0 (liquid:BTC/JPY)
[INFO:2021-03-31 20:02:07,773] tick bid=6390000.0 ask=6390001.0 (bitbank:BTC/JPY)
[INFO:2021-03-31 20:02:07,791] tick bid=6383740.0 ask=6384999.0 (liquid:BTC/JPY)
[INFO:2021-03-31 20:02:10,827] tick bid=6390003.0 ask=6391511.0 (bitbank:BTC/JPY)
[INFO:2021-03-31 20:02:10,829] tick bid=6385018.0 ask=6385258.0 (liquid:BTC/JPY)
[INFO:2021-03-31 20:02:13,868] tick bid=6390001.0 ask=6390002.0 (bitbank:BTC/JPY)
[INFO:2021-03-31 20:02:13,875] tick bid=6383740.0 ask=6385737.0 (liquid:BTC/JPY)
[INFO:2021-03-31 20:02:16,929] tick bid=6390001.0 ask=6390501.0 (bitbank:BTC/JPY)
[INFO:2021-03-31 20:02:16,932] tick bid=6385001.0 ask=6386779.0 (liquid:BTC/JPY)
[INFO:2021-03-31 20:02:19,990] tick bid=6385001.0 ask=6387140.0 (liquid:BTC/JPY)
[INFO:2021-03-31 20:02:19,992] tick bid=6390003.0 ask=6391510.0 (bitbank:BTC/JPY)
[INFO:2021-03-31 20:02:23,018] tick bid=6390007.0 ask=6391511.0 (bitbank:BTC/JPY)
[INFO:2021-03-31 20:02:23,043] tick bid=6385221.0 ask=6387274.0 (liquid:BTC/JPY)
[INFO:2021-03-31 20:02:26,076] tick bid=6390001.0 ask=6390003.0 (bitbank:BTC/JPY)
[INFO:2021-03-31 20:02:26,096] tick bid=6385231.0 ask=6387499.0 (liquid:BTC/JPY)
[INFO:2021-03-31 20:02:29,164] tick bid=6384261.0 ask=6386718.0 (liquid:BTC/JPY)
[INFO:2021-03-31 20:02:29,172] tick bid=6390001.0 ask=6390002.0 (bitbank:BTC/JPY)
[INFO:2021-03-31 20:02:32,222] tick bid=6383751.0 ask=6385065.0 (liquid:BTC/JPY)
[INFO:2021-03-31 20:02:32,225] tick bid=6390000.0 ask=6390001.0 (bitbank:BTC/JPY)
[INFO:2021-03-31 20:02:35,268] tick bid=6390000.0 ask=6390001.0 (bitbank:BTC/JPY)
[INFO:2021-03-31 20:02:35,275] tick bid=6383751.0 ask=6384549.0 (liquid:BTC/JPY)
[INFO:2021-03-31 20:02:38,309] tick bid=6390000.0 ask=6390001.0 (bitbank:BTC/JPY)
[INFO:2021-03-31 20:02:38,322] tick bid=6383751.0 ask=6386249.0 (liquid:BTC/JPY)
[INFO:2021-03-31 20:02:41,364] tick bid=6390002.0 ask=6390004.0 (bitbank:BTC/JPY)
[INFO:2021-03-31 20:02:41,373] tick bid=6383752.0 ask=6386249.0 (liquid:BTC/JPY)
[INFO:2021-03-31 20:02:44,429] tick bid=6390004.0 ask=6391994.0 (bitbank:BTC/JPY)
[INFO:2021-03-31 20:02:44,437] tick bid=6383957.0 ask=6385696.0 (liquid:BTC/JPY)
[INFO:2021-03-31 20:02:47,481] tick bid=6383968.0 ask=6386249.0 (liquid:BTC/JPY)
[INFO:2021-03-31 20:02:47,482] tick bid=6390000.0 ask=6391646.0 (bitbank:BTC/JPY)
[INFO:2021-03-31 20:02:50,516] tick bid=6390002.0 ask=6392001.0 (bitbank:BTC/JPY)
[INFO:2021-03-31 20:02:50,531] tick bid=6386724.0 ask=6387333.0 (liquid:BTC/JPY)
[INFO:2021-03-31 20:02:53,606] tick bid=6386734.0 ask=6387499.0 (liquid:BTC/JPY)
[INFO:2021-03-31 20:02:53,614] tick bid=6390008.0 ask=6392001.0 (bitbank:BTC/JPY)
[INFO:2021-03-31 20:02:56,658] tick bid=6390012.0 ask=6392001.0 (bitbank:BTC/JPY)
[INFO:2021-03-31 20:02:56,673] tick bid=6385001.0 ask=6387056.0 (liquid:BTC/JPY)
[INFO:2021-03-31 20:02:59,733] tick bid=6385226.0 ask=6387248.0 (liquid:BTC/JPY)
[INFO:2021-03-31 20:02:59,752] tick bid=6390000.0 ask=6390403.0 (bitbank:BTC/JPY)
[INFO:2021-03-31 20:03:02,787] tick bid=6390002.0 ask=6392001.0 (bitbank:BTC/JPY)
[INFO:2021-03-31 20:03:02,802] tick bid=6385228.0 ask=6387248.0 (liquid:BTC/JPY)
[INFO:2021-03-31 20:03:05,852] tick bid=6390007.0 ask=6390403.0 (bitbank:BTC/JPY)
[INFO:2021-03-31 20:03:05,873] tick bid=6384383.0 ask=6386994.0 (liquid:BTC/JPY)
[INFO:2021-03-31 20:03:08,923] tick bid=6390000.0 ask=6390001.0 (bitbank:BTC/JPY)
[INFO:2021-03-31 20:03:08,932] tick bid=6384398.0 ask=6386760.0 (liquid:BTC/JPY)
[INFO:2021-03-31 20:03:11,973] tick bid=6390000.0 ask=6390403.0 (bitbank:BTC/JPY)
[INFO:2021-03-31 20:03:11,980] tick bid=6384570.0 ask=6386249.0 (liquid:BTC/JPY)
[INFO:2021-03-31 20:03:15,045] tick bid=6390000.0 ask=6390001.0 (bitbank:BTC/JPY)
[INFO:2021-03-31 20:03:15,047] tick bid=6384388.0 ask=6386249.0 (liquid:BTC/JPY)
[INFO:2021-03-31 20:03:18,104] tick bid=6390002.0 ask=6390403.0 (bitbank:BTC/JPY)
[INFO:2021-03-31 20:03:18,108] tick bid=6384388.0 ask=6386249.0 (liquid:BTC/JPY)
[INFO:2021-03-31 20:03:21,157] tick bid=6389323.0 ask=6390403.0 (bitbank:BTC/JPY)
[INFO:2021-03-31 20:03:21,175] tick bid=6384576.0 ask=6386249.0 (liquid:BTC/JPY)
[INFO:2021-03-31 20:03:24,219] tick bid=6389323.0 ask=6390059.0 (bitbank:BTC/JPY)
[INFO:2021-03-31 20:03:24,242] tick bid=6384575.0 ask=6386249.0 (liquid:BTC/JPY)
[INFO:2021-03-31 20:03:27,307] tick bid=6384383.0 ask=6386479.0 (liquid:BTC/JPY)
[INFO:2021-03-31 20:03:27,338] tick bid=6389330.0 ask=6390403.0 (bitbank:BTC/JPY)
[INFO:2021-03-31 20:03:30,399] tick bid=6385518.0 ask=6387777.0 (liquid:BTC/JPY)
[INFO:2021-03-31 20:03:30,401] tick bid=6389324.0 ask=6390403.0 (bitbank:BTC/JPY)
[INFO:2021-03-31 20:03:33,490] tick bid=6389330.0 ask=6390403.0 (bitbank:BTC/JPY)
[INFO:2021-03-31 20:03:33,503] tick bid=6385528.0 ask=6387984.0 (liquid:BTC/JPY)
[INFO:2021-03-31 20:03:36,568] tick bid=6388571.0 ask=6388908.0 (liquid:BTC/JPY)
[INFO:2021-03-31 20:03:36,573] tick bid=6389336.0 ask=6390403.0 (bitbank:BTC/JPY)
[INFO:2021-03-31 20:03:36,573] (bitbank:BTC/JPY) order buy amount=0.0001
[INFO:2021-03-31 20:03:36,574] (liquid:BTC/JPY) order sell amount=0.0001
[INFO:2021-03-31 20:03:40,308] tick bid=6389377.0 ask=6390403.0 (bitbank:BTC/JPY)
[INFO:2021-03-31 20:03:40,423] tick bid=6386258.0 ask=6389479.0 (liquid:BTC/JPY)
[INFO:2021-03-31 20:03:43,499] tick bid=6390402.0 ask=6390403.0 (bitbank:BTC/JPY)
[INFO:2021-03-31 20:03:43,521] tick bid=6389812.0 ask=6389999.0 (liquid:BTC/JPY)
[INFO:2021-03-31 20:03:46,584] tick bid=6390402.0 ask=6390403.0 (bitbank:BTC/JPY)
[INFO:2021-03-31 20:03:46,594] tick bid=6389801.0 ask=6392229.0 (liquid:BTC/JPY)
[INFO:2021-03-31 20:03:49,658] tick bid=6390402.0 ask=6390403.0 (bitbank:BTC/JPY)
[INFO:2021-03-31 20:03:49,663] tick bid=6389816.0 ask=6392230.0 (liquid:BTC/JPY)
[INFO:2021-03-31 20:03:52,699] tick bid=6390402.0 ask=6390403.0 (bitbank:BTC/JPY)
[INFO:2021-03-31 20:03:52,727] tick bid=6390001.0 ask=6392322.0 (liquid:BTC/JPY)
[INFO:2021-03-31 20:03:55,804] tick bid=6390402.0 ask=6390403.0 (bitbank:BTC/JPY)
[INFO:2021-03-31 20:03:55,819] tick bid=6391672.0 ask=6393920.0 (liquid:BTC/JPY)
[INFO:2021-03-31 20:03:58,885] tick bid=6390402.0 ask=6390403.0 (bitbank:BTC/JPY)
[INFO:2021-03-31 20:03:58,889] tick bid=6391678.0 ask=6393920.0 (liquid:BTC/JPY)
[INFO:2021-03-31 20:04:01,987] tick bid=6397157.0 ask=6397500.0 (bitbank:BTC/JPY)
[INFO:2021-03-31 20:04:02,272] tick bid=6393933.0 ask=6395000.0 (liquid:BTC/JPY)
[INFO:2021-03-31 20:04:05,362] tick bid=6393939.0 ask=6396249.0 (liquid:BTC/JPY)
[INFO:2021-03-31 20:04:05,468] tick bid=6397499.0 ask=6397500.0 (bitbank:BTC/JPY)
[INFO:2021-03-31 20:04:08,544] tick bid=6397499.0 ask=6397500.0 (bitbank:BTC/JPY)
[INFO:2021-03-31 20:04:08,563] tick bid=6393947.0 ask=6396249.0 (liquid:BTC/JPY)
[INFO:2021-03-31 20:04:11,639] tick bid=6397499.0 ask=6397500.0 (bitbank:BTC/JPY)
[INFO:2021-03-31 20:04:11,651] tick bid=6394078.0 ask=6396233.0 (liquid:BTC/JPY)
[INFO:2021-03-31 20:04:14,742] tick bid=6391679.0 ask=6392498.0 (liquid:BTC/JPY)
[INFO:2021-03-31 20:04:14,775] tick bid=6395499.0 ask=6397498.0 (bitbank:BTC/JPY)
[INFO:2021-03-31 20:04:14,776] (liquid:BTC/JPY) order buy amount=0.0001
[INFO:2021-03-31 20:04:14,776] (bitbank:BTC/JPY) order sell amount=0.0001
[INFO:2021-03-31 20:04:18,649] tick bid=6391893.0 ask=6393767.0 (liquid:BTC/JPY)
[INFO:2021-03-31 20:04:18,649] tick bid=6395505.0 ask=6397499.0 (bitbank:BTC/JPY)
[INFO:2021-03-31 20:04:21,716] tick bid=6395093.0 ask=6397495.0 (bitbank:BTC/JPY)
[INFO:2021-03-31 20:04:21,735] tick bid=6391890.0 ask=6393766.0 (liquid:BTC/JPY)
[INFO:2021-03-31 20:04:24,880] tick bid=6394470.0 ask=6396459.0 (bitbank:BTC/JPY)
[INFO:2021-03-31 20:04:24,901] tick bid=6391681.0 ask=6392856.0 (liquid:BTC/JPY)
[INFO:2021-03-31 20:04:27,976] tick bid=6391681.0 ask=6393160.0 (liquid:BTC/JPY)
[INFO:2021-03-31 20:04:27,986] tick bid=6394337.0 ask=6396296.0 (bitbank:BTC/JPY)
[INFO:2021-03-31 20:04:34,482] tick bid=6395731.0 ask=6396291.0 (bitbank:BTC/JPY)
[INFO:2021-03-31 20:04:34,701] tick bid=6395731.0 ask=6396291.0 (bitbank:BTC/JPY)
[INFO:2021-03-31 20:04:41,520] tick bid=6392355.0 ask=6394999.0 (liquid:BTC/JPY)
[INFO:2021-03-31 20:04:42,713] tick bid=6392065.0 ask=6394682.0 (liquid:BTC/JPY)
