[INFO:2021-03-31 19:48:11,599] waiting OPENING sell-bitbank/buy-liquid margin:4354, open_threshold:1500
[INFO:2021-03-31 19:48:16,252] waiting CLOSING sell-liquid/buy-bitbank margin:-4263, close_threshold:-2854
[INFO:2021-03-31 19:48:19,349] waiting CLOSING sell-liquid/buy-bitbank margin:-5902, close_threshold:-2854
[INFO:2021-03-31 19:48:22,443] waiting CLOSING sell-liquid/buy-bitbank margin:-4853, close_threshold:-2854
[INFO:2021-03-31 19:48:25,516] waiting CLOSING sell-liquid/buy-bitbank margin:-4853, close_threshold:-2854
[INFO:2021-03-31 19:48:28,596] waiting CLOSING sell-liquid/buy-bitbank margin:-6004, close_threshold:-2854
[INFO:2021-03-31 19:48:31,701] waiting CLOSING sell-liquid/buy-bitbank margin:-6103, close_threshold:-2854
[INFO:2021-03-31 19:48:34,779] waiting CLOSING sell-liquid/buy-bitbank margin:-6187, close_threshold:-2854
[INFO:2021-03-31 19:48:37,871] waiting CLOSING sell-liquid/buy-bitbank margin:-7353, close_threshold:-2854
[INFO:2021-03-31 19:48:41,267] waiting CLOSING sell-liquid/buy-bitbank margin:-7352, close_threshold:-2854
[INFO:2021-03-31 19:48:44,450] waiting CLOSING sell-liquid/buy-bitbank margin:-7352, close_threshold:-2854
[INFO:2021-03-31 19:48:47,548] waiting CLOSING sell-liquid/buy-bitbank margin:-7352, close_threshold:-2854
[INFO:2021-03-31 19:48:50,633] waiting CLOSING sell-liquid/buy-bitbank margin:-7237, close_threshold:-2854
[INFO:2021-03-31 19:48:53,721] waiting CLOSING sell-liquid/buy-bitbank margin:-7353, close_threshold:-2854
[INFO:2021-03-31 19:48:56,794] waiting CLOSING sell-liquid/buy-bitbank margin:-7353, close_threshold:-2854
[INFO:2021-03-31 19:48:59,881] waiting CLOSING sell-liquid/buy-bitbank margin:-7353, close_threshold:-2854
[INFO:2021-03-31 19:49:03,520] waiting CLOSING sell-liquid/buy-bitbank margin:-7350, close_threshold:-2854
[INFO:2021-03-31 19:49:06,664] waiting CLOSING sell-liquid/buy-bitbank margin:-2529, close_threshold:-2854
[INFO:2021-03-31 19:49:10,691] waiting OPENING sell-bitbank/buy-liquid margin:2509, open_threshold:1500
[INFO:2021-03-31 19:49:14,733] waiting CLOSING sell-liquid/buy-bitbank margin:-4401, close_threshold:-1009
[INFO:2021-03-31 19:49:17,799] waiting CLOSING sell-liquid/buy-bitbank margin:-4325, close_threshold:-1009
[INFO:2021-03-31 19:49:20,879] waiting CLOSING sell-liquid/buy-bitbank margin:-2821, close_threshold:-1009
[INFO:2021-03-31 19:49:23,959] waiting CLOSING sell-liquid/buy-bitbank margin:-4712, close_threshold:-1009
[INFO:2021-03-31 19:49:27,018] waiting CLOSING sell-liquid/buy-bitbank margin:-4006, close_threshold:-1009
[INFO:2021-03-31 19:49:30,063] waiting CLOSING sell-liquid/buy-bitbank margin:-5431, close_threshold:-1009
[INFO:2021-03-31 19:49:33,141] waiting CLOSING sell-liquid/buy-bitbank margin:-5333, close_threshold:-1009
[INFO:2021-03-31 19:49:36,189] waiting CLOSING sell-liquid/buy-bitbank margin:-5186, close_threshold:-1009
[INFO:2021-03-31 19:49:39,238] waiting CLOSING sell-liquid/buy-bitbank margin:-6106, close_threshold:-1009
[INFO:2021-03-31 19:49:42,299] waiting CLOSING sell-liquid/buy-bitbank margin:-5831, close_threshold:-1009
[INFO:2021-03-31 19:49:45,388] waiting CLOSING sell-liquid/buy-bitbank margin:-6500, close_threshold:-1009
[INFO:2021-03-31 19:49:48,429] waiting CLOSING sell-liquid/buy-bitbank margin:-6500, close_threshold:-1009
[INFO:2021-03-31 19:49:51,501] waiting CLOSING sell-liquid/buy-bitbank margin:-6500, close_threshold:-1009
[INFO:2021-03-31 19:49:54,543] waiting CLOSING sell-liquid/buy-bitbank margin:-8269, close_threshold:-1009
[INFO:2021-03-31 19:49:57,590] waiting CLOSING sell-liquid/buy-bitbank margin:-8267, close_threshold:-1009
[INFO:2021-03-31 19:50:00,650] waiting CLOSING sell-liquid/buy-bitbank margin:-8267, close_threshold:-1009
[INFO:2021-03-31 19:50:03,766] waiting CLOSING sell-liquid/buy-bitbank margin:-8267, close_threshold:-1009
[INFO:2021-03-31 19:50:06,851] waiting CLOSING sell-liquid/buy-bitbank margin:-8781, close_threshold:-1009
[INFO:2021-03-31 19:50:09,930] waiting CLOSING sell-liquid/buy-bitbank margin:-8781, close_threshold:-1009
[INFO:2021-03-31 19:50:12,974] waiting CLOSING sell-liquid/buy-bitbank margin:-8781, close_threshold:-1009
[INFO:2021-03-31 19:50:16,047] waiting CLOSING sell-liquid/buy-bitbank margin:-8779, close_threshold:-1009
[INFO:2021-03-31 19:50:19,091] waiting CLOSING sell-liquid/buy-bitbank margin:-8839, close_threshold:-1009
[INFO:2021-03-31 19:50:22,140] waiting CLOSING sell-liquid/buy-bitbank margin:-3861, close_threshold:-1009
[INFO:2021-03-31 19:50:25,193] waiting CLOSING sell-liquid/buy-bitbank margin:-4374, close_threshold:-1009
[INFO:2021-03-31 19:50:28,244] waiting CLOSING sell-liquid/buy-bitbank margin:-4965, close_threshold:-1009
[INFO:2021-03-31 19:50:31,293] waiting CLOSING sell-liquid/buy-bitbank margin:-4961, close_threshold:-1009
[INFO:2021-03-31 19:50:34,353] waiting CLOSING sell-liquid/buy-bitbank margin:-4956, close_threshold:-1009
[INFO:2021-03-31 19:50:37,419] waiting CLOSING sell-liquid/buy-bitbank margin:-4771, close_threshold:-1009
[INFO:2021-03-31 19:50:40,471] waiting CLOSING sell-liquid/buy-bitbank margin:-3140, close_threshold:-1009
[INFO:2021-03-31 19:50:43,524] waiting CLOSING sell-liquid/buy-bitbank margin:-3828, close_threshold:-1009
[INFO:2021-03-31 19:50:46,591] waiting CLOSING sell-liquid/buy-bitbank margin:-5405, close_threshold:-1009
[INFO:2021-03-31 19:50:49,644] waiting CLOSING sell-liquid/buy-bitbank margin:-5152, close_threshold:-1009
[INFO:2021-03-31 19:50:52,702] waiting CLOSING sell-liquid/buy-bitbank margin:-6534, close_threshold:-1009
[INFO:2021-03-31 19:50:55,763] waiting CLOSING sell-liquid/buy-bitbank margin:-4751, close_threshold:-1009
[INFO:2021-03-31 19:50:58,815] waiting CLOSING sell-liquid/buy-bitbank margin:-3694, close_threshold:-1009
[INFO:2021-03-31 19:51:01,873] waiting CLOSING sell-liquid/buy-bitbank margin:-5227, close_threshold:-1009
[INFO:2021-03-31 19:51:04,921] waiting CLOSING sell-liquid/buy-bitbank margin:-4991, close_threshold:-1009
[INFO:2021-03-31 19:51:07,992] waiting CLOSING sell-liquid/buy-bitbank margin:-4990, close_threshold:-1009
[INFO:2021-03-31 19:51:11,068] waiting CLOSING sell-liquid/buy-bitbank margin:-4451, close_threshold:-1009
[INFO:2021-03-31 19:51:14,121] waiting CLOSING sell-liquid/buy-bitbank margin:-4972, close_threshold:-1009
[INFO:2021-03-31 19:51:17,187] waiting CLOSING sell-liquid/buy-bitbank margin:-4972, close_threshold:-1009
[INFO:2021-03-31 19:51:20,242] waiting CLOSING sell-liquid/buy-bitbank margin:-4972, close_threshold:-1009
[INFO:2021-03-31 19:51:23,294] waiting CLOSING sell-liquid/buy-bitbank margin:-6214, close_threshold:-1009
[INFO:2021-03-31 19:51:26,350] waiting CLOSING sell-liquid/buy-bitbank margin:-4360, close_threshold:-1009
[INFO:2021-03-31 19:51:29,418] waiting CLOSING sell-liquid/buy-bitbank margin:-4426, close_threshold:-1009
[INFO:2021-03-31 19:51:32,484] waiting CLOSING sell-liquid/buy-bitbank margin:-4719, close_threshold:-1009
[INFO:2021-03-31 19:51:35,538] waiting CLOSING sell-liquid/buy-bitbank margin:-1192, close_threshold:-1009
[INFO:2021-03-31 19:51:38,608] waiting CLOSING sell-liquid/buy-bitbank margin:-1050, close_threshold:-1009
[INFO:2021-03-31 19:51:41,666] waiting CLOSING sell-liquid/buy-bitbank margin:512, close_threshold:-1009
[INFO:2021-03-31 19:51:45,280] waiting OPENING sell-liquid/buy-bitbank margin:-104, open_threshold:1500
[INFO:2021-03-31 19:51:48,361] waiting OPENING sell-liquid/buy-bitbank margin:-89, open_threshold:1500
[INFO:2021-03-31 19:51:51,412] waiting OPENING sell-liquid/buy-bitbank margin:-88, open_threshold:1500
[INFO:2021-03-31 19:51:54,541] waiting OPENING sell-liquid/buy-bitbank margin:409, open_threshold:1500
[INFO:2021-03-31 19:51:57,610] waiting OPENING sell-bitbank/buy-liquid margin:2160, open_threshold:1500
[INFO:2021-03-31 19:52:01,370] waiting CLOSING sell-liquid/buy-bitbank margin:-3098, close_threshold:-660
[INFO:2021-03-31 19:52:04,433] waiting CLOSING sell-liquid/buy-bitbank margin:-2264, close_threshold:-660
[INFO:2021-03-31 19:52:07,482] waiting CLOSING sell-liquid/buy-bitbank margin:-2240, close_threshold:-660
[INFO:2021-03-31 19:52:10,536] waiting CLOSING sell-liquid/buy-bitbank margin:-1491, close_threshold:-660
[INFO:2021-03-31 19:52:13,593] waiting CLOSING sell-liquid/buy-bitbank margin:-1001, close_threshold:-660
[INFO:2021-03-31 19:52:16,640] waiting CLOSING sell-liquid/buy-bitbank margin:-1501, close_threshold:-660
[INFO:2021-03-31 19:52:19,703] waiting CLOSING sell-liquid/buy-bitbank margin:-2078, close_threshold:-660
[INFO:2021-03-31 19:52:22,748] waiting CLOSING sell-liquid/buy-bitbank margin:2176, close_threshold:-660
[INFO:2021-03-31 19:52:26,347] waiting OPENING sell-liquid/buy-bitbank margin:263, open_threshold:1500
[INFO:2021-03-31 19:52:29,404] waiting OPENING sell-liquid/buy-bitbank margin:-2553, open_threshold:1500
[INFO:2021-03-31 19:52:32,461] waiting OPENING sell-bitbank/buy-liquid margin:-1003, open_threshold:1500
[INFO:2021-03-31 19:52:35,510] waiting OPENING sell-bitbank/buy-liquid margin:-1236, open_threshold:1500
[INFO:2021-03-31 19:52:38,564] waiting OPENING sell-bitbank/buy-liquid margin:-1215, open_threshold:1500
[INFO:2021-03-31 19:52:41,627] waiting OPENING sell-bitbank/buy-liquid margin:-1207, open_threshold:1500
[INFO:2021-03-31 19:52:44,702] waiting OPENING sell-bitbank/buy-liquid margin:-1183, open_threshold:1500
[INFO:2021-03-31 19:52:47,769] waiting OPENING sell-bitbank/buy-liquid margin:477, open_threshold:1500
[INFO:2021-03-31 19:52:50,822] waiting OPENING sell-bitbank/buy-liquid margin:-953, open_threshold:1500
[INFO:2021-03-31 19:52:53,897] waiting OPENING sell-bitbank/buy-liquid margin:-921, open_threshold:1500
[INFO:2021-03-31 19:52:56,974] waiting OPENING sell-bitbank/buy-liquid margin:-903, open_threshold:1500
[INFO:2021-03-31 19:53:00,022] waiting OPENING sell-bitbank/buy-liquid margin:-882, open_threshold:1500
[INFO:2021-03-31 19:53:03,097] waiting OPENING sell-liquid/buy-bitbank margin:-1342, open_threshold:1500
[INFO:2021-03-31 19:53:06,140] waiting OPENING sell-liquid/buy-bitbank margin:-134, open_threshold:1500
[INFO:2021-03-31 19:53:09,214] waiting OPENING sell-bitbank/buy-liquid margin:-399, open_threshold:1500
[INFO:2021-03-31 19:53:12,272] waiting OPENING sell-bitbank/buy-liquid margin:-699, open_threshold:1500
[INFO:2021-03-31 19:53:15,331] waiting OPENING sell-bitbank/buy-liquid margin:2061, open_threshold:1500
[INFO:2021-03-31 19:53:18,951] waiting CLOSING sell-liquid/buy-bitbank margin:-3758, close_threshold:-561
[INFO:2021-03-31 19:53:21,995] waiting CLOSING sell-liquid/buy-bitbank margin:-2073, close_threshold:-561
[INFO:2021-03-31 19:53:25,070] waiting CLOSING sell-liquid/buy-bitbank margin:-806, close_threshold:-561
[INFO:2021-03-31 19:53:28,126] waiting CLOSING sell-liquid/buy-bitbank margin:-694, close_threshold:-561
[INFO:2021-03-31 19:53:31,188] waiting CLOSING sell-liquid/buy-bitbank margin:-693, close_threshold:-561
[INFO:2021-03-31 19:53:34,254] waiting CLOSING sell-liquid/buy-bitbank margin:866, close_threshold:-561
[INFO:2021-03-31 19:53:37,931] waiting OPENING sell-liquid/buy-bitbank margin:-1792, open_threshold:1500
[INFO:2021-03-31 19:53:40,984] waiting OPENING sell-liquid/buy-bitbank margin:-1284, open_threshold:1500
[INFO:2021-03-31 19:53:44,041] waiting OPENING sell-bitbank/buy-liquid margin:1666, open_threshold:1500
[INFO:2021-03-31 19:53:47,599] waiting CLOSING sell-liquid/buy-bitbank margin:-3517, close_threshold:-166
[INFO:2021-03-31 19:53:50,654] waiting CLOSING sell-liquid/buy-bitbank margin:-3517, close_threshold:-166
[INFO:2021-03-31 19:53:53,866] waiting CLOSING sell-liquid/buy-bitbank margin:-5667, close_threshold:-166
[INFO:2021-03-31 19:53:56,982] waiting CLOSING sell-liquid/buy-bitbank margin:-4540, close_threshold:-166
[INFO:2021-03-31 19:54:00,029] waiting CLOSING sell-liquid/buy-bitbank margin:-4091, close_threshold:-166
[INFO:2021-03-31 19:54:03,101] waiting CLOSING sell-liquid/buy-bitbank margin:-4705, close_threshold:-166
[INFO:2021-03-31 19:54:06,169] waiting CLOSING sell-liquid/buy-bitbank margin:-3789, close_threshold:-166
[INFO:2021-03-31 19:54:09,239] waiting CLOSING sell-liquid/buy-bitbank margin:-4006, close_threshold:-166
[INFO:2021-03-31 19:54:12,333] waiting CLOSING sell-liquid/buy-bitbank margin:-3259, close_threshold:-166
[INFO:2021-03-31 19:54:15,393] waiting CLOSING sell-liquid/buy-bitbank margin:-3259, close_threshold:-166
[INFO:2021-03-31 19:54:18,439] waiting CLOSING sell-liquid/buy-bitbank margin:-4503, close_threshold:-166
[INFO:2021-03-31 19:54:21,508] waiting CLOSING sell-liquid/buy-bitbank margin:-4735, close_threshold:-166
[INFO:2021-03-31 19:54:24,560] waiting CLOSING sell-liquid/buy-bitbank margin:-4165, close_threshold:-166
[INFO:2021-03-31 19:54:27,617] waiting CLOSING sell-liquid/buy-bitbank margin:-6854, close_threshold:-166
[INFO:2021-03-31 19:54:30,691] waiting CLOSING sell-liquid/buy-bitbank margin:-4972, close_threshold:-166
[INFO:2021-03-31 19:54:33,757] waiting CLOSING sell-liquid/buy-bitbank margin:-4972, close_threshold:-166
[INFO:2021-03-31 19:54:36,822] waiting CLOSING sell-liquid/buy-bitbank margin:-5793, close_threshold:-166
[INFO:2021-03-31 19:54:39,885] waiting CLOSING sell-liquid/buy-bitbank margin:-6223, close_threshold:-166
[INFO:2021-03-31 19:54:43,201] waiting CLOSING sell-liquid/buy-bitbank margin:-6499, close_threshold:-166
[INFO:2021-03-31 19:54:46,285] waiting CLOSING sell-liquid/buy-bitbank margin:-7207, close_threshold:-166
[INFO:2021-03-31 19:54:49,345] waiting CLOSING sell-liquid/buy-bitbank margin:-7472, close_threshold:-166
[INFO:2021-03-31 19:54:52,387] waiting CLOSING sell-liquid/buy-bitbank margin:-7457, close_threshold:-166
[INFO:2021-03-31 19:54:55,457] waiting CLOSING sell-liquid/buy-bitbank margin:-7472, close_threshold:-166
[INFO:2021-03-31 19:54:58,521] waiting CLOSING sell-liquid/buy-bitbank margin:-8764, close_threshold:-166
[INFO:2021-03-31 19:55:01,589] waiting CLOSING sell-liquid/buy-bitbank margin:-4133, close_threshold:-166
[INFO:2021-03-31 19:55:04,655] waiting CLOSING sell-liquid/buy-bitbank margin:-5844, close_threshold:-166
[INFO:2021-03-31 19:55:07,711] waiting CLOSING sell-liquid/buy-bitbank margin:-3963, close_threshold:-166
[INFO:2021-03-31 19:55:10,762] waiting CLOSING sell-liquid/buy-bitbank margin:-4796, close_threshold:-166
[INFO:2021-03-31 19:55:13,827] waiting CLOSING sell-liquid/buy-bitbank margin:-4999, close_threshold:-166
[INFO:2021-03-31 19:55:16,895] waiting CLOSING sell-liquid/buy-bitbank margin:-6629, close_threshold:-166
[INFO:2021-03-31 19:55:19,970] waiting CLOSING sell-liquid/buy-bitbank margin:-6893, close_threshold:-166
[INFO:2021-03-31 19:55:23,020] waiting CLOSING sell-liquid/buy-bitbank margin:-6873, close_threshold:-166
[INFO:2021-03-31 19:55:26,071] waiting CLOSING sell-liquid/buy-bitbank margin:-5827, close_threshold:-166
[INFO:2021-03-31 19:55:29,155] waiting CLOSING sell-liquid/buy-bitbank margin:-6275, close_threshold:-166
[INFO:2021-03-31 19:55:32,243] waiting CLOSING sell-liquid/buy-bitbank margin:-6388, close_threshold:-166
[INFO:2021-03-31 19:55:35,298] waiting CLOSING sell-liquid/buy-bitbank margin:-6382, close_threshold:-166
[INFO:2021-03-31 19:55:38,338] waiting CLOSING sell-liquid/buy-bitbank margin:-6111, close_threshold:-166
[INFO:2021-03-31 19:55:41,391] waiting CLOSING sell-liquid/buy-bitbank margin:-6095, close_threshold:-166
[INFO:2021-03-31 19:55:44,440] waiting CLOSING sell-liquid/buy-bitbank margin:-5427, close_threshold:-166
[INFO:2021-03-31 19:55:47,497] waiting CLOSING sell-liquid/buy-bitbank margin:-2893, close_threshold:-166
[INFO:2021-03-31 19:55:50,547] waiting CLOSING sell-liquid/buy-bitbank margin:-1776, close_threshold:-166
[INFO:2021-03-31 19:55:53,603] waiting CLOSING sell-liquid/buy-bitbank margin:-3162, close_threshold:-166
[INFO:2021-03-31 19:55:56,658] waiting CLOSING sell-liquid/buy-bitbank margin:-3938, close_threshold:-166
[INFO:2021-03-31 19:55:59,704] waiting CLOSING sell-liquid/buy-bitbank margin:-3365, close_threshold:-166
[INFO:2021-03-31 19:56:02,746] waiting CLOSING sell-liquid/buy-bitbank margin:-3365, close_threshold:-166
[INFO:2021-03-31 19:56:05,829] waiting CLOSING sell-liquid/buy-bitbank margin:-5190, close_threshold:-166
[INFO:2021-03-31 19:56:08,882] waiting CLOSING sell-liquid/buy-bitbank margin:-5190, close_threshold:-166
[INFO:2021-03-31 19:56:11,934] waiting CLOSING sell-liquid/buy-bitbank margin:-5189, close_threshold:-166
[INFO:2021-03-31 19:56:15,042] waiting CLOSING sell-liquid/buy-bitbank margin:-6012, close_threshold:-166
[INFO:2021-03-31 19:56:18,098] waiting CLOSING sell-liquid/buy-bitbank margin:-6011, close_threshold:-166
[INFO:2021-03-31 19:56:21,139] waiting CLOSING sell-liquid/buy-bitbank margin:-6011, close_threshold:-166
[INFO:2021-03-31 19:56:24,197] waiting CLOSING sell-liquid/buy-bitbank margin:-4887, close_threshold:-166
[INFO:2021-03-31 19:56:27,247] waiting CLOSING sell-liquid/buy-bitbank margin:-5190, close_threshold:-166
[INFO:2021-03-31 19:56:30,292] waiting CLOSING sell-liquid/buy-bitbank margin:-5995, close_threshold:-166
[INFO:2021-03-31 19:56:33,349] waiting CLOSING sell-liquid/buy-bitbank margin:-5996, close_threshold:-166
[INFO:2021-03-31 19:56:36,428] waiting CLOSING sell-liquid/buy-bitbank margin:-5996, close_threshold:-166
[INFO:2021-03-31 19:56:39,493] waiting CLOSING sell-liquid/buy-bitbank margin:-5828, close_threshold:-166
[INFO:2021-03-31 19:56:42,549] waiting CLOSING sell-liquid/buy-bitbank margin:-5996, close_threshold:-166
[INFO:2021-03-31 19:56:45,611] waiting CLOSING sell-liquid/buy-bitbank margin:-5986, close_threshold:-166
[INFO:2021-03-31 19:56:48,685] waiting CLOSING sell-liquid/buy-bitbank margin:-5995, close_threshold:-166
[INFO:2021-03-31 19:56:51,748] waiting CLOSING sell-liquid/buy-bitbank margin:-4632, close_threshold:-166
[INFO:2021-03-31 19:56:54,805] waiting CLOSING sell-liquid/buy-bitbank margin:-4632, close_threshold:-166
[INFO:2021-03-31 19:56:57,852] waiting CLOSING sell-liquid/buy-bitbank margin:-5397, close_threshold:-166
[INFO:2021-03-31 19:57:00,897] waiting CLOSING sell-liquid/buy-bitbank margin:-5991, close_threshold:-166
[INFO:2021-03-31 19:57:03,961] waiting CLOSING sell-liquid/buy-bitbank margin:-5991, close_threshold:-166
[INFO:2021-03-31 19:57:07,007] waiting CLOSING sell-liquid/buy-bitbank margin:-5996, close_threshold:-166
[INFO:2021-03-31 19:57:10,056] waiting CLOSING sell-liquid/buy-bitbank margin:-6542, close_threshold:-166
[INFO:2021-03-31 19:57:13,136] waiting CLOSING sell-liquid/buy-bitbank margin:-6283, close_threshold:-166
[INFO:2021-03-31 19:57:16,240] waiting CLOSING sell-liquid/buy-bitbank margin:-6250, close_threshold:-166
[INFO:2021-03-31 19:57:19,783] waiting CLOSING sell-liquid/buy-bitbank margin:-6249, close_threshold:-166
[INFO:2021-03-31 19:57:22,858] waiting CLOSING sell-liquid/buy-bitbank margin:-6250, close_threshold:-166
[INFO:2021-03-31 19:57:25,966] waiting CLOSING sell-liquid/buy-bitbank margin:-6250, close_threshold:-166
[INFO:2021-03-31 19:57:29,015] waiting CLOSING sell-liquid/buy-bitbank margin:-7260, close_threshold:-166
[INFO:2021-03-31 19:57:32,071] waiting CLOSING sell-liquid/buy-bitbank margin:-7500, close_threshold:-166
[INFO:2021-03-31 19:57:35,124] waiting CLOSING sell-liquid/buy-bitbank margin:-3815, close_threshold:-166
[INFO:2021-03-31 19:57:38,171] waiting CLOSING sell-liquid/buy-bitbank margin:-6491, close_threshold:-166
[INFO:2021-03-31 19:57:41,218] waiting CLOSING sell-liquid/buy-bitbank margin:-5970, close_threshold:-166
[INFO:2021-03-31 19:57:44,263] waiting CLOSING sell-liquid/buy-bitbank margin:-4875, close_threshold:-166
[INFO:2021-03-31 19:57:47,319] waiting CLOSING sell-liquid/buy-bitbank margin:-4752, close_threshold:-166
[INFO:2021-03-31 19:57:50,380] waiting CLOSING sell-liquid/buy-bitbank margin:-5000, close_threshold:-166
[INFO:2021-03-31 19:57:53,421] waiting CLOSING sell-liquid/buy-bitbank margin:-5649, close_threshold:-166
[INFO:2021-03-31 19:57:56,478] waiting CLOSING sell-liquid/buy-bitbank margin:-3257, close_threshold:-166
[INFO:2021-03-31 19:57:59,535] waiting CLOSING sell-liquid/buy-bitbank margin:-2921, close_threshold:-166
[INFO:2021-03-31 19:58:02,599] waiting CLOSING sell-liquid/buy-bitbank margin:-1920, close_threshold:-166
[INFO:2021-03-31 19:58:05,652] waiting CLOSING sell-liquid/buy-bitbank margin:293, close_threshold:-166
[INFO:2021-03-31 19:58:09,290] waiting OPENING sell-bitbank/buy-liquid margin:249, open_threshold:1500
[INFO:2021-03-31 19:58:12,388] waiting OPENING sell-bitbank/buy-liquid margin:548, open_threshold:1500
[INFO:2021-03-31 19:58:15,437] waiting OPENING sell-bitbank/buy-liquid margin:480, open_threshold:1500
[INFO:2021-03-31 19:58:18,503] waiting OPENING sell-bitbank/buy-liquid margin:-671, open_threshold:1500
[INFO:2021-03-31 19:58:21,561] waiting OPENING sell-bitbank/buy-liquid margin:-671, open_threshold:1500
[INFO:2021-03-31 19:58:24,648] waiting OPENING sell-bitbank/buy-liquid margin:1388, open_threshold:1500
[INFO:2021-03-31 19:58:27,714] waiting OPENING sell-bitbank/buy-liquid margin:4, open_threshold:1500
[INFO:2021-03-31 19:58:30,810] waiting OPENING sell-bitbank/buy-liquid margin:556, open_threshold:1500
[INFO:2021-03-31 19:58:34,142] waiting OPENING sell-bitbank/buy-liquid margin:563, open_threshold:1500
[INFO:2021-03-31 19:58:37,217] waiting OPENING sell-bitbank/buy-liquid margin:665, open_threshold:1500
[INFO:2021-03-31 19:58:40,263] waiting OPENING sell-bitbank/buy-liquid margin:861, open_threshold:2792
[INFO:2021-03-31 19:58:43,310] waiting OPENING sell-bitbank/buy-liquid margin:228, open_threshold:2792
[INFO:2021-03-31 19:58:46,356] waiting OPENING sell-bitbank/buy-liquid margin:742, open_threshold:2792
[INFO:2021-03-31 19:58:49,397] waiting OPENING sell-bitbank/buy-liquid margin:635, open_threshold:2792
[INFO:2021-03-31 19:58:52,490] waiting OPENING sell-bitbank/buy-liquid margin:-51, open_threshold:2792
[INFO:2021-03-31 19:58:55,530] waiting OPENING sell-bitbank/buy-liquid margin:2451, open_threshold:2792
[INFO:2021-03-31 19:58:58,634] waiting OPENING sell-bitbank/buy-liquid margin:3064, open_threshold:2792
[INFO:2021-03-31 19:59:02,575] waiting CLOSING sell-liquid/buy-bitbank margin:-5648, close_threshold:-1564
[INFO:2021-03-31 19:59:05,637] waiting CLOSING sell-liquid/buy-bitbank margin:-5579, close_threshold:-1564
[INFO:2021-03-31 19:59:08,706] waiting CLOSING sell-liquid/buy-bitbank margin:-6815, close_threshold:-1564
[INFO:2021-03-31 19:59:11,764] waiting CLOSING sell-liquid/buy-bitbank margin:-6665, close_threshold:-1564
[INFO:2021-03-31 19:59:14,848] waiting CLOSING sell-liquid/buy-bitbank margin:-6148, close_threshold:-1564
[INFO:2021-03-31 19:59:17,910] waiting CLOSING sell-liquid/buy-bitbank margin:-4916, close_threshold:-1564
[INFO:2021-03-31 19:59:20,963] waiting CLOSING sell-liquid/buy-bitbank margin:-2513, close_threshold:-1564
[INFO:2021-03-31 19:59:24,035] waiting CLOSING sell-liquid/buy-bitbank margin:-2507, close_threshold:-1564
[INFO:2021-03-31 19:59:27,081] waiting CLOSING sell-liquid/buy-bitbank margin:-2964, close_threshold:-1564
[INFO:2021-03-31 19:59:30,130] waiting CLOSING sell-liquid/buy-bitbank margin:-4679, close_threshold:-1564
[INFO:2021-03-31 19:59:33,196] waiting CLOSING sell-liquid/buy-bitbank margin:-1615, close_threshold:-1564
[INFO:2021-03-31 19:59:36,260] waiting CLOSING sell-liquid/buy-bitbank margin:-5050, close_threshold:-1564
[INFO:2021-03-31 19:59:39,317] waiting CLOSING sell-liquid/buy-bitbank margin:-3866, close_threshold:-1564
[INFO:2021-03-31 19:59:42,366] waiting CLOSING sell-liquid/buy-bitbank margin:-5116, close_threshold:-1564
[INFO:2021-03-31 19:59:45,423] waiting CLOSING sell-liquid/buy-bitbank margin:-8280, close_threshold:-1564
[INFO:2021-03-31 19:59:48,485] waiting CLOSING sell-liquid/buy-bitbank margin:-7642, close_threshold:-1564
[INFO:2021-03-31 19:59:51,548] waiting CLOSING sell-liquid/buy-bitbank margin:-8267, close_threshold:-1564
[INFO:2021-03-31 19:59:54,601] waiting CLOSING sell-liquid/buy-bitbank margin:-8017, close_threshold:-1564
[INFO:2021-03-31 19:59:57,676] waiting CLOSING sell-liquid/buy-bitbank margin:-7244, close_threshold:-1564
[INFO:2021-03-31 20:00:00,806] waiting CLOSING sell-liquid/buy-bitbank margin:-7497, close_threshold:-1564
[INFO:2021-03-31 20:00:03,879] waiting CLOSING sell-liquid/buy-bitbank margin:-8127, close_threshold:-1564
[INFO:2021-03-31 20:00:06,981] waiting CLOSING sell-liquid/buy-bitbank margin:-7591, close_threshold:-1564
[INFO:2021-03-31 20:00:10,079] waiting CLOSING sell-liquid/buy-bitbank margin:-7704, close_threshold:-1564
[INFO:2021-03-31 20:00:13,131] waiting CLOSING sell-liquid/buy-bitbank margin:-8366, close_threshold:-1564
[INFO:2021-03-31 20:00:16,189] waiting CLOSING sell-liquid/buy-bitbank margin:-7672, close_threshold:-1564
[INFO:2021-03-31 20:00:19,235] waiting CLOSING sell-liquid/buy-bitbank margin:-8001, close_threshold:-1564
[INFO:2021-03-31 20:00:22,299] waiting CLOSING sell-liquid/buy-bitbank margin:-4091, close_threshold:-1564
[INFO:2021-03-31 20:00:25,387] waiting CLOSING sell-liquid/buy-bitbank margin:-4091, close_threshold:-1564
[INFO:2021-03-31 20:00:28,461] waiting CLOSING sell-liquid/buy-bitbank margin:-3356, close_threshold:-1564
[INFO:2021-03-31 20:00:31,564] waiting CLOSING sell-liquid/buy-bitbank margin:-3092, close_threshold:-1564
[INFO:2021-03-31 20:00:34,627] waiting CLOSING sell-liquid/buy-bitbank margin:-2733, close_threshold:-1564
[INFO:2021-03-31 20:00:37,687] waiting CLOSING sell-liquid/buy-bitbank margin:-1965, close_threshold:-1564
[INFO:2021-03-31 20:00:40,782] waiting CLOSING sell-liquid/buy-bitbank margin:-1427, close_threshold:-1564
[INFO:2021-03-31 20:00:44,484] waiting OPENING sell-bitbank/buy-liquid margin:1094, open_threshold:2792
[INFO:2021-03-31 20:00:47,538] waiting OPENING sell-bitbank/buy-liquid margin:1089, open_threshold:2792
[INFO:2021-03-31 20:00:50,607] waiting OPENING sell-bitbank/buy-liquid margin:133, open_threshold:2792
[INFO:2021-03-31 20:00:53,720] waiting OPENING sell-bitbank/buy-liquid margin:143, open_threshold:2792
[INFO:2021-03-31 20:00:56,794] waiting OPENING sell-bitbank/buy-liquid margin:133, open_threshold:2792
[INFO:2021-03-31 20:00:59,855] waiting OPENING sell-bitbank/buy-liquid margin:133, open_threshold:2792
[INFO:2021-03-31 20:01:02,943] waiting OPENING sell-bitbank/buy-liquid margin:852, open_threshold:2792
[INFO:2021-03-31 20:01:06,002] waiting OPENING sell-bitbank/buy-liquid margin:867, open_threshold:2792
[INFO:2021-03-31 20:01:09,055] waiting OPENING sell-bitbank/buy-liquid margin:2251, open_threshold:2792
[INFO:2021-03-31 20:01:12,127] waiting OPENING sell-bitbank/buy-liquid margin:2259, open_threshold:2792
[INFO:2021-03-31 20:01:15,181] waiting OPENING sell-bitbank/buy-liquid margin:2271, open_threshold:2792
[INFO:2021-03-31 20:01:18,248] waiting OPENING sell-bitbank/buy-liquid margin:2277, open_threshold:2792
[INFO:2021-03-31 20:01:21,296] waiting OPENING sell-bitbank/buy-liquid margin:2279, open_threshold:2792
[INFO:2021-03-31 20:01:24,391] waiting OPENING sell-bitbank/buy-liquid margin:2509, open_threshold:2792
[INFO:2021-03-31 20:01:27,436] waiting OPENING sell-bitbank/buy-liquid margin:3992, open_threshold:2792
[INFO:2021-03-31 20:01:31,054] waiting CLOSING sell-liquid/buy-bitbank margin:-6848, close_threshold:-2492
[INFO:2021-03-31 20:01:34,131] waiting CLOSING sell-liquid/buy-bitbank margin:-6848, close_threshold:-2492
[INFO:2021-03-31 20:01:37,190] waiting CLOSING sell-liquid/buy-bitbank margin:-8098, close_threshold:-2492
[INFO:2021-03-31 20:01:40,242] waiting CLOSING sell-liquid/buy-bitbank margin:-7799, close_threshold:-2492
[INFO:2021-03-31 20:01:43,316] waiting CLOSING sell-liquid/buy-bitbank margin:-7709, close_threshold:-2492
[INFO:2021-03-31 20:01:46,376] waiting CLOSING sell-liquid/buy-bitbank margin:-7031, close_threshold:-2492
[INFO:2021-03-31 20:01:49,427] waiting CLOSING sell-liquid/buy-bitbank margin:-5651, close_threshold:-2492
[INFO:2021-03-31 20:01:52,472] waiting CLOSING sell-liquid/buy-bitbank margin:-5712, close_threshold:-2492
[INFO:2021-03-31 20:01:55,547] waiting CLOSING sell-liquid/buy-bitbank margin:-5279, close_threshold:-2492
[INFO:2021-03-31 20:01:58,604] waiting CLOSING sell-liquid/buy-bitbank margin:-7500, close_threshold:-2492
[INFO:2021-03-31 20:02:01,681] waiting CLOSING sell-liquid/buy-bitbank margin:-7500, close_threshold:-2492
[INFO:2021-03-31 20:02:04,732] waiting CLOSING sell-liquid/buy-bitbank margin:-7500, close_threshold:-2492
[INFO:2021-03-31 20:02:07,792] waiting CLOSING sell-liquid/buy-bitbank margin:-6261, close_threshold:-2492
[INFO:2021-03-31 20:02:10,829] waiting CLOSING sell-liquid/buy-bitbank margin:-6493, close_threshold:-2492
[INFO:2021-03-31 20:02:13,875] waiting CLOSING sell-liquid/buy-bitbank margin:-6262, close_threshold:-2492
[INFO:2021-03-31 20:02:16,932] waiting CLOSING sell-liquid/buy-bitbank margin:-5500, close_threshold:-2492
[INFO:2021-03-31 20:02:19,993] waiting CLOSING sell-liquid/buy-bitbank margin:-6509, close_threshold:-2492
[INFO:2021-03-31 20:02:23,044] waiting CLOSING sell-liquid/buy-bitbank margin:-6290, close_threshold:-2492
[INFO:2021-03-31 20:02:26,097] waiting CLOSING sell-liquid/buy-bitbank margin:-4772, close_threshold:-2492
[INFO:2021-03-31 20:02:29,172] waiting CLOSING sell-liquid/buy-bitbank margin:-5741, close_threshold:-2492
[INFO:2021-03-31 20:02:32,225] waiting CLOSING sell-liquid/buy-bitbank margin:-6250, close_threshold:-2492
[INFO:2021-03-31 20:02:35,275] waiting CLOSING sell-liquid/buy-bitbank margin:-6250, close_threshold:-2492
[INFO:2021-03-31 20:02:38,322] waiting CLOSING sell-liquid/buy-bitbank margin:-6250, close_threshold:-2492
[INFO:2021-03-31 20:02:41,373] waiting CLOSING sell-liquid/buy-bitbank margin:-6252, close_threshold:-2492
[INFO:2021-03-31 20:02:44,437] waiting CLOSING sell-liquid/buy-bitbank margin:-8037, close_threshold:-2492
[INFO:2021-03-31 20:02:47,483] waiting CLOSING sell-liquid/buy-bitbank margin:-7678, close_threshold:-2492
[INFO:2021-03-31 20:02:50,532] waiting CLOSING sell-liquid/buy-bitbank margin:-5277, close_threshold:-2492
[INFO:2021-03-31 20:02:53,614] waiting CLOSING sell-liquid/buy-bitbank margin:-5267, close_threshold:-2492
[INFO:2021-03-31 20:02:56,673] waiting CLOSING sell-liquid/buy-bitbank margin:-7000, close_threshold:-2492
[INFO:2021-03-31 20:02:59,752] waiting CLOSING sell-liquid/buy-bitbank margin:-5177, close_threshold:-2492
[INFO:2021-03-31 20:03:02,803] waiting CLOSING sell-liquid/buy-bitbank margin:-6773, close_threshold:-2492
[INFO:2021-03-31 20:03:05,874] waiting CLOSING sell-liquid/buy-bitbank margin:-6020, close_threshold:-2492
[INFO:2021-03-31 20:03:08,932] waiting CLOSING sell-liquid/buy-bitbank margin:-5603, close_threshold:-2492
[INFO:2021-03-31 20:03:11,980] waiting CLOSING sell-liquid/buy-bitbank margin:-5833, close_threshold:-2492
[INFO:2021-03-31 20:03:15,047] waiting CLOSING sell-liquid/buy-bitbank margin:-5613, close_threshold:-2492
[INFO:2021-03-31 20:03:18,108] waiting CLOSING sell-liquid/buy-bitbank margin:-6015, close_threshold:-2492
[INFO:2021-03-31 20:03:21,175] waiting CLOSING sell-liquid/buy-bitbank margin:-5827, close_threshold:-2492
[INFO:2021-03-31 20:03:24,244] waiting CLOSING sell-liquid/buy-bitbank margin:-5484, close_threshold:-2492
[INFO:2021-03-31 20:03:27,338] waiting CLOSING sell-liquid/buy-bitbank margin:-6020, close_threshold:-2492
[INFO:2021-03-31 20:03:30,401] waiting CLOSING sell-liquid/buy-bitbank margin:-4885, close_threshold:-2492
[INFO:2021-03-31 20:03:33,503] waiting CLOSING sell-liquid/buy-bitbank margin:-4875, close_threshold:-2492
[INFO:2021-03-31 20:03:36,573] waiting CLOSING sell-liquid/buy-bitbank margin:-1832, close_threshold:-2492
[INFO:2021-03-31 20:03:40,423] waiting OPENING sell-bitbank/buy-liquid margin:-102, open_threshold:2792
[INFO:2021-03-31 20:03:43,521] waiting OPENING sell-bitbank/buy-liquid margin:403, open_threshold:2792
[INFO:2021-03-31 20:03:46,595] waiting OPENING sell-liquid/buy-bitbank margin:-602, open_threshold:2792
[INFO:2021-03-31 20:03:49,664] waiting OPENING sell-liquid/buy-bitbank margin:-587, open_threshold:2792
[INFO:2021-03-31 20:03:52,728] waiting OPENING sell-liquid/buy-bitbank margin:-402, open_threshold:2602
[INFO:2021-03-31 20:03:55,819] waiting OPENING sell-liquid/buy-bitbank margin:1269, open_threshold:2602
[INFO:2021-03-31 20:03:58,889] waiting OPENING sell-liquid/buy-bitbank margin:1275, open_threshold:2602
[INFO:2021-03-31 20:04:02,272] waiting OPENING sell-bitbank/buy-liquid margin:2157, open_threshold:2602
[INFO:2021-03-31 20:04:05,468] waiting OPENING sell-bitbank/buy-liquid margin:1250, open_threshold:2602
[INFO:2021-03-31 20:04:08,563] waiting OPENING sell-bitbank/buy-liquid margin:1250, open_threshold:2602
[INFO:2021-03-31 20:04:11,651] waiting OPENING sell-bitbank/buy-liquid margin:1266, open_threshold:2602
[INFO:2021-03-31 20:04:14,775] waiting OPENING sell-bitbank/buy-liquid margin:3001, open_threshold:2602
[INFO:2021-03-31 20:04:18,650] waiting CLOSING sell-liquid/buy-bitbank margin:-5606, close_threshold:-1501
[INFO:2021-03-31 20:04:21,735] waiting CLOSING sell-liquid/buy-bitbank margin:-5605, close_threshold:-1501
[INFO:2021-03-31 20:04:24,901] waiting CLOSING sell-liquid/buy-bitbank margin:-4778, close_threshold:-1501
[INFO:2021-03-31 20:04:27,987] waiting CLOSING sell-liquid/buy-bitbank margin:-4615, close_threshold:-1501
