[INFO:2021-03-31 19:48:03,190] =========================
[INFO:2021-03-31 19:48:03,190] === trading bot start ===
[INFO:2021-03-31 19:48:03,190] =========================
[INFO:2021-03-31 19:48:07,364] amount=0.0001, open_threshold=1500, profit_margin_diff=1500, tick_inverval_sec=3.0
[INFO:2021-03-31 19:48:12,188] OPENING buy-liquid(638.788), sell-bitbank(639.31), margin=4354, profit=0.522
[INFO:2021-03-31 19:49:06,800] CLOSING buy-bitbank(638.335), sell-liquid(638.375), margin=-2529, profit=0.041
[INFO:2021-03-31 19:49:10,829] OPENING buy-liquid(638.49), sell-bitbank(638.5), margin=2509, profit=0.011
[INFO:2021-03-31 19:51:41,773] CLOSING buy-bitbank(638.473), sell-liquid(638.361), margin=512, profit=-0.111
[INFO:2021-03-31 19:51:57,733] OPENING buy-liquid(638.09), sell-bitbank(638.4), margin=2160, profit=0.31
[INFO:2021-03-31 19:52:22,828] CLOSING buy-bitbank(638.624), sell-liquid(638.174), margin=2176, profit=-0.45
[INFO:2021-03-31 19:53:15,431] OPENING buy-liquid(638.85), sell-bitbank(638.975), margin=2061, profit=0.125
[INFO:2021-03-31 19:53:25,071] open threshold changed from 1500 to 1500
[INFO:2021-03-31 19:53:34,395] CLOSING buy-bitbank(639.275), sell-liquid(639.0), margin=866, profit=-0.275
[INFO:2021-03-31 19:53:44,129] OPENING buy-liquid(639.25), sell-bitbank(639.042), margin=1666, profit=-0.208
[INFO:2021-03-31 19:58:05,811] CLOSING buy-bitbank(638.25), sell-liquid(638.255), margin=293, profit=0.005
[INFO:2021-03-31 19:58:37,217] open threshold changed from 1500 to 2863
[INFO:2021-03-31 19:58:59,105] OPENING buy-liquid(638.771), sell-bitbank(639.0), margin=3064, profit=0.23
[INFO:2021-03-31 20:00:40,889] CLOSING buy-bitbank(639.624), sell-liquid(639.037), margin=-1427, profit=-0.587
[INFO:2021-03-31 20:01:27,534] OPENING buy-liquid(639.285), sell-bitbank(639.685), margin=3992, profit=0.4
[INFO:2021-03-31 20:03:36,678] CLOSING buy-bitbank(638.891), sell-liquid(638.552), margin=-1832, profit=-0.339
[INFO:2021-03-31 20:03:49,664] open threshold changed from 2792 to 2749
[INFO:2021-03-31 20:04:14,924] OPENING buy-liquid(639.623), sell-bitbank(639.55), margin=3001, profit=-0.073
[INFO:2021-03-31 20:04:28,241] keyboard interuption occured. stop trading bot...
[INFO:2021-03-31 20:04:28,241] =======================
[INFO:2021-03-31 20:04:28,241] === trading bot end ===
[INFO:2021-03-31 20:04:28,241] =======================
