[INFO:2020-05-07 00:08:32,675] =========================
[INFO:2020-05-07 00:08:32,681] === trading bot start ===
[INFO:2020-05-07 00:08:32,681] =========================
[INFO:2020-05-07 00:08:42,433] amount=0.006, open_threshold=2000, profit_margin_diff=1000, tick_inverval_sec=0.25
[INFO:2020-05-07 00:15:54,793] open threshold changed from 2000 to 1000
[INFO:2020-05-07 00:16:20,938] OPENING buy-coincheck(5912.0), sell-liquid(5911.95), margin=1162, profit=-0.1
[INFO:2020-05-07 00:18:28,574] CLOSING buy-liquid(5905.596), sell-coincheck(5903.406), margin=-135, profit=-2.2
[INFO:2020-05-07 00:23:27,787] open threshold changed from 1000 to 1000
[INFO:2020-05-07 00:28:53,219] OPENING buy-coincheck(5905.0), sell-liquid(5908.284), margin=1144, profit=3.3
[INFO:2020-05-07 00:30:59,684] open threshold changed from 1000 to 1000
[INFO:2020-05-07 00:38:09,186] open threshold changed from 1000 to 1000
[INFO:2020-05-07 00:43:23,484] CLOSING buy-liquid(5897.412), sell-coincheck(5898.0), margin=-49, profit=0.6
[INFO:2020-05-07 00:44:56,222] open threshold changed from 1000 to 1000
[INFO:2020-05-07 00:51:54,375] open threshold changed from 1000 to 1000
[INFO:2020-05-07 00:58:59,719] open threshold changed from 1000 to 1000
[INFO:2020-05-07 01:02:12,203] OPENING buy-coincheck(5895.0), sell-liquid(5894.778), margin=1098, profit=-0.2
[INFO:2020-05-07 01:04:12,370] CLOSING buy-liquid(5916.252), sell-coincheck(5914.044), margin=-84, profit=-2.2
[INFO:2020-05-07 01:06:07,244] open threshold changed from 1000 to 1000
[INFO:2020-05-07 01:08:54,705] OPENING buy-coincheck(5926.0), sell-liquid(5926.158), margin=1066, profit=0.2
[INFO:2020-05-07 01:09:18,862] CLOSING buy-liquid(5933.826), sell-coincheck(5930.994), margin=176, profit=-2.8
[INFO:2020-05-07 01:09:39,277] OPENING buy-coincheck(5931.0), sell-liquid(5928.834), margin=1112, profit=-2.2
[INFO:2020-05-07 01:10:26,424] CLOSING buy-liquid(5930.532), sell-coincheck(5926.776), margin=-29, profit=-3.8
[INFO:2020-05-07 01:13:07,341] open threshold changed from 1000 to 1000
[INFO:2020-05-07 01:14:01,864] OPENING buy-coincheck(5921.0), sell-liquid(5924.322), margin=1153, profit=3.3
[INFO:2020-05-07 01:16:19,572] CLOSING buy-liquid(5918.052), sell-coincheck(5910.498), margin=-109, profit=-7.6
[INFO:2020-05-07 01:16:36,547] OPENING buy-coincheck(5912.0), sell-liquid(5912.772), margin=1028, profit=0.8
[INFO:2020-05-07 01:17:22,620] CLOSING buy-liquid(5901.132), sell-coincheck(5894.682), margin=70, profit=-6.5
[INFO:2020-05-07 01:19:09,181] OPENING buy-coincheck(5904.0), sell-liquid(5901.138), margin=1152, profit=-2.9
[INFO:2020-05-07 01:19:54,656] open threshold changed from 1000 to 1000
[INFO:2020-05-07 01:20:42,709] CLOSING buy-liquid(5895.144), sell-coincheck(5894.064), margin=-1, profit=-1.1
[INFO:2020-05-07 01:25:01,241] keyboard interuption occured. stop trading bot...
[INFO:2020-05-07 01:25:01,247] =======================
[INFO:2020-05-07 01:25:01,247] === trading bot end ===
[INFO:2020-05-07 01:25:01,247] =======================
