[INFO:2020-04-21 09:31:39,521] =========================
[INFO:2020-04-21 09:31:39,526] === trading bot start ===
[INFO:2020-04-21 09:31:39,557] =========================
[INFO:2020-04-21 09:31:44,790] amount=0.0055, open_threshold=2000, profit_margin_diff=1000
[INFO:2020-04-21 09:37:11,433] open threshold changed from 2000 to 1000
[INFO:2020-04-21 09:39:07,507] OPENING buy-liquid(4103.385), sell-coincheck(4109.847), margin=1020, profit=6.5
[INFO:2020-04-21 09:39:10,277] CLOSING buy-coincheck(4112.0), sell-liquid(4108.528), margin=-14, profit=-3.5
[INFO:2020-04-21 09:42:45,214] open threshold changed from 1000 to 1000
[INFO:2020-04-21 09:48:09,486] open threshold changed from 1000 to 1000
[INFO:2020-04-21 09:53:50,676] open threshold changed from 1000 to 1000
[INFO:2020-04-21 09:59:42,071] open threshold changed from 1000 to 1000
[INFO:2020-04-21 10:05:22,687] open threshold changed from 1000 to 1000
[INFO:2020-04-21 10:10:56,322] open threshold changed from 1000 to 1000
[INFO:2020-04-21 10:16:40,916] open threshold changed from 1000 to 1000
[INFO:2020-04-21 10:22:30,880] open threshold changed from 1000 to 1000
[INFO:2020-04-21 10:27:56,232] open threshold changed from 1000 to 1000
[INFO:2020-04-21 10:33:20,511] open threshold changed from 1000 to 1000
[INFO:2020-04-21 10:38:49,039] open threshold changed from 1000 to 1000
[INFO:2020-04-21 10:41:43,638] OPENING buy-liquid(4095.437), sell-coincheck(4098.341), margin=1044, profit=2.9
[INFO:2020-04-21 10:44:23,377] open threshold changed from 1000 to 1000
[INFO:2020-04-21 10:49:57,114] open threshold changed from 1000 to 1000
[INFO:2020-04-21 10:55:45,958] open threshold changed from 1000 to 1000
[INFO:2020-04-21 11:01:34,929] open threshold changed from 1000 to 1000
[INFO:2020-04-21 11:07:25,634] open threshold changed from 1000 to 1000
[INFO:2020-04-21 11:13:13,191] open threshold changed from 1000 to 1000
[INFO:2020-04-21 11:19:07,006] open threshold changed from 1000 to 1000
[INFO:2020-04-21 11:25:04,595] open threshold changed from 1000 to 1000
[INFO:2020-04-21 11:30:54,630] open threshold changed from 1000 to 1000
[INFO:2020-04-21 11:36:50,230] open threshold changed from 1000 to 1000
[INFO:2020-04-21 11:42:41,044] open threshold changed from 1000 to 1000
[INFO:2020-04-21 11:48:43,480] open threshold changed from 1000 to 1000
[INFO:2020-04-21 11:54:39,789] open threshold changed from 1000 to 1000
[INFO:2020-04-21 12:00:35,887] open threshold changed from 1000 to 1000
[INFO:2020-04-21 12:06:20,952] open threshold changed from 1000 to 1000
[INFO:2020-04-21 12:12:09,068] open threshold changed from 1000 to 1000
[INFO:2020-04-21 12:13:25,691] CLOSING buy-coincheck(4083.0), sell-liquid(4081.671), margin=7, profit=-1.3
[INFO:2020-04-21 12:16:51,418] OPENING buy-liquid(4082.105), sell-coincheck(4087.996), margin=1071, profit=5.9
[INFO:2020-04-21 12:18:05,994] open threshold changed from 1000 to 1000
[INFO:2020-04-21 12:23:57,180] open threshold changed from 1000 to 1000
[INFO:2020-04-21 12:29:56,693] open threshold changed from 1000 to 1350
[INFO:2020-04-21 12:36:05,736] open threshold changed from 1347 to 1000
[INFO:2020-04-21 12:42:21,291] open threshold changed from 1000 to 1000
[INFO:2020-04-21 12:48:19,724] open threshold changed from 1000 to 1732
[INFO:2020-04-21 12:54:20,883] open threshold changed from 1734 to 2225
[INFO:2020-04-21 13:00:24,025] open threshold changed from 2225 to 1663
[INFO:2020-04-21 13:06:27,362] open threshold changed from 1673 to 1558
[INFO:2020-04-21 13:10:29,357] CLOSING buy-coincheck(4086.0), sell-liquid(4080.422), margin=-551, profit=-5.6
[INFO:2020-04-21 13:12:22,064] open threshold changed from 1559 to 1000
[INFO:2020-04-21 13:12:22,283] OPENING buy-liquid(4077.782), sell-coincheck(4083.75), margin=1169, profit=6.0
[INFO:2020-04-21 13:18:22,370] open threshold changed from 1000 to 2428
[INFO:2020-04-21 13:24:28,108] open threshold changed from 2430 to 3726
[INFO:2020-04-21 13:30:29,865] open threshold changed from 3727 to 3446
[INFO:2020-04-21 13:36:29,932] open threshold changed from 3442 to 3277
[INFO:2020-04-21 13:42:37,474] open threshold changed from 3275 to 3765
[INFO:2020-04-21 13:48:38,883] open threshold changed from 3764 to 3580
[INFO:2020-04-21 13:53:45,549] CLOSING buy-coincheck(4086.0), sell-liquid(4067.855), margin=-2524, profit=-18.1
[INFO:2020-04-21 13:54:46,901] open threshold changed from 3581 to 2901
[INFO:2020-04-21 13:54:47,198] OPENING buy-liquid(4068.537), sell-coincheck(4083.75), margin=2918, profit=15.2
[INFO:2020-04-21 14:00:11,213] CLOSING buy-coincheck(4086.0), sell-liquid(4074.048), margin=-1870, profit=-12.0
[INFO:2020-04-21 14:00:51,959] open threshold changed from 2901 to 1932
[INFO:2020-04-21 14:02:19,597] OPENING buy-liquid(4073.102), sell-coincheck(4083.75), margin=1936, profit=10.6
[INFO:2020-04-21 14:06:49,912] open threshold changed from 1929 to 2443
[INFO:2020-04-21 14:12:52,385] open threshold changed from 2443 to 2798
[INFO:2020-04-21 14:18:59,726] open threshold changed from 2797 to 3071
[INFO:2020-04-21 14:21:44,416] CLOSING buy-coincheck(4086.0), sell-liquid(4073.151), margin=-2040, profit=-12.8
[INFO:2020-04-21 14:25:06,752] open threshold changed from 3071 to 1000
[INFO:2020-04-21 14:28:16,871] OPENING buy-coincheck(4086.0), sell-liquid(4086.522), margin=1159, profit=0.5
[INFO:2020-04-21 14:31:06,745] open threshold changed from 1000 to 1000
[INFO:2020-04-21 14:37:12,008] open threshold changed from 1000 to 1000
[INFO:2020-04-21 14:42:29,276] CLOSING buy-liquid(4084.608), sell-coincheck(4083.75), margin=-156, profit=-0.9
[INFO:2020-04-21 14:43:13,824] open threshold changed from 1000 to 1000
[INFO:2020-04-21 14:49:14,887] open threshold changed from 1000 to 1000
[INFO:2020-04-21 14:55:10,723] OPENING buy-coincheck(4086.0), sell-liquid(4089.794), margin=1140, profit=3.8
[INFO:2020-04-21 14:55:18,878] open threshold changed from 1000 to 1000
[INFO:2020-04-21 15:01:19,050] open threshold changed from 1000 to 1971
[INFO:2020-04-21 15:04:48,100] CLOSING buy-liquid(4087.611), sell-coincheck(4083.75), margin=-702, profit=-3.9
[INFO:2020-04-21 15:07:18,496] open threshold changed from 1973 to 1000
[INFO:2020-04-21 15:13:11,027] open threshold changed from 1000 to 1000
[INFO:2020-04-21 15:19:12,380] open threshold changed from 1000 to 1000
[INFO:2020-04-21 15:19:15,793] OPENING buy-coincheck(4086.0), sell-liquid(4089.717), margin=1063, profit=3.7
[INFO:2020-04-21 15:20:58,518] CLOSING buy-liquid(4082.925), sell-coincheck(4083.75), margin=-60, profit=0.8
[INFO:2020-04-21 15:25:23,703] open threshold changed from 1000 to 1000
[INFO:2020-04-21 15:31:25,450] open threshold changed from 1000 to 1000
[INFO:2020-04-21 15:32:50,176] OPENING buy-coincheck(4086.0), sell-liquid(4089.437), margin=1014, profit=3.4
[INFO:2020-04-21 15:37:25,643] open threshold changed from 1000 to 1374
[INFO:2020-04-21 15:43:29,637] open threshold changed from 1376 to 1702
[INFO:2020-04-21 15:49:40,920] open threshold changed from 1705 to 1877
[INFO:2020-04-21 15:55:42,712] open threshold changed from 1878 to 1374
[INFO:2020-04-21 16:01:17,834] CLOSING buy-liquid(4085.262), sell-coincheck(4083.75), margin=-275, profit=-1.5
[INFO:2020-04-21 16:01:59,706] open threshold changed from 1378 to 1000
[INFO:2020-04-21 16:04:59,890] OPENING buy-coincheck(4086.0), sell-liquid(4089.783), margin=1090, profit=3.8
[INFO:2020-04-21 16:08:05,562] open threshold changed from 1000 to 1000
[INFO:2020-04-21 16:12:13,690] CLOSING buy-liquid(4084.3), sell-coincheck(4083.75), margin=-61, profit=-0.6
[INFO:2020-04-21 16:14:07,628] open threshold changed from 1000 to 1000
[INFO:2020-04-21 16:16:17,574] OPENING buy-liquid(4078.552), sell-coincheck(4083.75), margin=1069, profit=5.2
[INFO:2020-04-21 16:20:18,384] open threshold changed from 1000 to 1000
[INFO:2020-04-21 16:23:23,344] CLOSING buy-coincheck(4086.0), sell-liquid(4082.639), margin=-40, profit=-3.4
[INFO:2020-04-21 16:26:23,862] open threshold changed from 1000 to 1000
[INFO:2020-04-21 16:32:31,848] open threshold changed from 1000 to 1000
[INFO:2020-04-21 16:38:39,913] open threshold changed from 1000 to 1000
[INFO:2020-04-21 16:44:44,347] open threshold changed from 1000 to 1000
[INFO:2020-04-21 16:50:45,200] open threshold changed from 1000 to 1000
[INFO:2020-04-21 16:56:49,779] open threshold changed from 1000 to 1000
[INFO:2020-04-21 17:00:31,844] OPENING buy-coincheck(4086.0), sell-liquid(4090.773), margin=1009, profit=4.8
[INFO:2020-04-21 17:02:40,611] open threshold changed from 1000 to 1433
[INFO:2020-04-21 17:08:51,602] open threshold changed from 1431 to 1000
[INFO:2020-04-21 17:14:57,337] open threshold changed from 1000 to 1181
[INFO:2020-04-21 17:20:41,133] CLOSING buy-liquid(4084.514), sell-coincheck(4083.75), margin=-140, profit=-0.8
[INFO:2020-04-21 17:20:55,841] open threshold changed from 1177 to 1000
[INFO:2020-04-21 17:22:11,730] OPENING buy-liquid(4077.749), sell-coincheck(4083.75), margin=1075, profit=6.0
[INFO:2020-04-21 17:26:56,594] open threshold changed from 1000 to 1397
[INFO:2020-04-21 17:33:06,627] open threshold changed from 1391 to 1169
[INFO:2020-04-21 17:39:01,917] open threshold changed from 1167 to 1130
[INFO:2020-04-21 17:45:12,087] open threshold changed from 1129 to 1352
[INFO:2020-04-21 17:51:17,253] open threshold changed from 1353 to 2037
[INFO:2020-04-21 17:57:10,332] CLOSING buy-coincheck(4086.0), sell-liquid(4078.024), margin=-981, profit=-8.0
[INFO:2020-04-21 17:57:21,689] open threshold changed from 2036 to 1290
[INFO:2020-04-21 17:58:10,616] OPENING buy-liquid(4077.309), sell-coincheck(4083.75), margin=1298, profit=6.4
[INFO:2020-04-21 18:03:18,482] open threshold changed from 1287 to 1000
[INFO:2020-04-21 18:09:27,261] open threshold changed from 1000 to 1240
[INFO:2020-04-21 18:15:23,290] open threshold changed from 1241 to 2353
[INFO:2020-04-21 18:21:23,921] open threshold changed from 2354 to 2961
[INFO:2020-04-21 18:27:29,950] open threshold changed from 2960 to 3728
[INFO:2020-04-21 18:33:28,925] open threshold changed from 3737 to 4152
[INFO:2020-04-21 18:39:36,964] open threshold changed from 4154 to 5797
[INFO:2020-04-21 18:45:34,517] open threshold changed from 5825 to 7546
[INFO:2020-04-21 18:51:36,254] open threshold changed from 7554 to 8934
[INFO:2020-04-21 18:53:19,657] CLOSING buy-coincheck(4086.0), sell-liquid(4040.833), margin=-7885, profit=-45.2
[INFO:2020-04-21 18:57:45,423] open threshold changed from 8934 to 6877
[INFO:2020-04-21 18:57:45,879] OPENING buy-liquid(4045.948), sell-coincheck(4083.75), margin=6942, profit=37.8
[INFO:2020-04-21 18:59:46,189] CLOSING buy-coincheck(4086.0), sell-liquid(4054.6), margin=-5397, profit=-31.4
[INFO:2020-04-21 19:03:44,708] open threshold changed from 6878 to 5008
[INFO:2020-04-21 19:03:45,014] OPENING buy-liquid(4055.826), sell-coincheck(4083.75), margin=5070, profit=27.9
[INFO:2020-04-21 19:07:15,855] CLOSING buy-coincheck(4086.0), sell-liquid(4063.796), margin=-3970, profit=-22.2
[INFO:2020-04-21 19:09:52,855] open threshold changed from 5009 to 2489
[INFO:2020-04-21 19:09:53,295] OPENING buy-liquid(4069.917), sell-coincheck(4083.75), margin=2828, profit=13.8
[INFO:2020-04-21 19:15:48,916] open threshold changed from 2492 to 3334
[INFO:2020-04-21 19:21:51,026] open threshold changed from 3335 to 3635
[INFO:2020-04-21 19:28:00,212] open threshold changed from 3641 to 5239
[INFO:2020-04-21 19:34:09,271] open threshold changed from 5243 to 5622
[INFO:2020-04-21 19:40:25,889] open threshold changed from 5625 to 5311
[INFO:2020-04-21 19:40:57,135] CLOSING buy-coincheck(4086.0), sell-liquid(4061.106), margin=-4164, profit=-24.9
[INFO:2020-04-21 19:46:25,997] open threshold changed from 5309 to 4184
[INFO:2020-04-21 19:46:26,974] OPENING buy-liquid(4060.43), sell-coincheck(4083.75), margin=4228, profit=23.3
[INFO:2020-04-21 19:52:21,694] open threshold changed from 4184 to 5032
[INFO:2020-04-21 19:58:27,716] open threshold changed from 5032 to 5040
[INFO:2020-04-21 20:04:26,447] open threshold changed from 5044 to 5593
[INFO:2020-04-21 20:10:22,157] open threshold changed from 5593 to 6423
[INFO:2020-04-21 20:16:18,043] open threshold changed from 6431 to 8092
[INFO:2020-04-21 20:17:39,373] CLOSING buy-coincheck(4086.0), sell-liquid(4045.024), margin=-7061, profit=-41.0
[INFO:2020-04-21 20:19:19,598] OPENING buy-liquid(4038.595), sell-coincheck(4083.75), margin=8209, profit=45.2
[INFO:2020-04-21 20:22:15,697] open threshold changed from 8084 to 8422
[INFO:2020-04-21 20:24:06,723] CLOSING buy-coincheck(4086.0), sell-liquid(4050.568), margin=-7108, profit=-35.4
[INFO:2020-04-21 20:28:18,797] open threshold changed from 8424 to 5737
[INFO:2020-04-21 20:28:45,421] OPENING buy-liquid(4051.784), sell-coincheck(4083.75), margin=5812, profit=32.0
[INFO:2020-04-21 20:31:13,758] CLOSING buy-coincheck(4086.0), sell-liquid(4060.969), margin=-4500, profit=-25.0
[INFO:2020-04-21 20:32:14,784] OPENING buy-liquid(4053.522), sell-coincheck(4083.75), margin=5756, profit=30.2
[INFO:2020-04-21 20:34:32,442] open threshold changed from 5736 to 5085
[INFO:2020-04-21 20:36:34,033] CLOSING buy-coincheck(4086.0), sell-liquid(4059.231), margin=-4454, profit=-26.8
[INFO:2020-04-21 20:40:42,123] open threshold changed from 5083 to 4520
[INFO:2020-04-21 20:40:42,581] OPENING buy-liquid(4057.207), sell-coincheck(4083.75), margin=4824, profit=26.5
[INFO:2020-04-21 20:46:50,676] open threshold changed from 4523 to 5175
[INFO:2020-04-21 20:52:56,359] open threshold changed from 5183 to 6093
[INFO:2020-04-21 20:58:57,791] open threshold changed from 6095 to 7096
[INFO:2020-04-21 21:01:23,713] CLOSING buy-coincheck(4086.0), sell-liquid(4050.651), margin=-5895, profit=-35.3
[INFO:2020-04-21 21:04:53,180] open threshold changed from 7101 to 5780
[INFO:2020-04-21 21:04:53,660] OPENING buy-liquid(4052.114), sell-coincheck(4083.75), margin=5855, profit=31.6
[INFO:2020-04-21 21:10:21,770] CLOSING buy-coincheck(4086.0), sell-liquid(4056.816), margin=-4838, profit=-29.2
[INFO:2020-04-21 21:10:52,656] open threshold changed from 5781 to 5407
[INFO:2020-04-21 21:12:26,775] OPENING buy-liquid(4053.494), sell-coincheck(4083.75), margin=5501, profit=30.3
[INFO:2020-04-21 21:16:49,587] open threshold changed from 5403 to 6083
[INFO:2020-04-21 21:22:34,805] open threshold changed from 6084 to 5495
[INFO:2020-04-21 21:25:04,492] CLOSING buy-coincheck(4086.0), sell-liquid(4060.914), margin=-4460, profit=-25.1
[INFO:2020-04-21 21:28:16,469] open threshold changed from 5494 to 3891
[INFO:2020-04-21 21:28:16,758] OPENING buy-liquid(4060.507), sell-coincheck(4083.75), margin=4225, profit=23.2
[INFO:2020-04-21 21:33:59,493] open threshold changed from 3895 to 3998
[INFO:2020-04-21 21:39:34,338] open threshold changed from 3998 to 4795
[INFO:2020-04-21 21:45:16,701] open threshold changed from 4793 to 5308
[INFO:2020-04-21 21:51:17,949] open threshold changed from 5308 to 5604
[INFO:2020-04-21 21:57:07,505] open threshold changed from 5602 to 6043
[INFO:2020-04-21 21:59:15,619] keyboard interuption occured. stop trading bot...
[INFO:2020-04-21 21:59:15,630] =======================
[INFO:2020-04-21 21:59:15,636] === trading bot end ===
[INFO:2020-04-21 21:59:15,636] =======================
