[INFO:2020-05-07 07:05:47,434] =========================
[INFO:2020-05-07 07:05:47,439] === trading bot start ===
[INFO:2020-05-07 07:05:47,439] =========================
[INFO:2020-05-07 07:05:54,845] amount=0.006, open_threshold=1000, profit_margin_diff=1000, tick_inverval_sec=0.25
[INFO:2020-05-07 07:08:25,727] OPENING buy-coincheck(5950.0), sell-liquid(5950.938), margin=1073, profit=0.9
[INFO:2020-05-07 07:08:40,426] CLOSING buy-liquid(5956.764), sell-coincheck(5952.0), margin=-38, profit=-4.8
[INFO:2020-05-07 07:08:58,025] OPENING buy-coincheck(5947.0), sell-liquid(5945.97), margin=1179, profit=-1.0
[INFO:2020-05-07 07:09:21,310] CLOSING buy-liquid(5950.038), sell-coincheck(5947.314), margin=119, profit=-2.7
[INFO:2020-05-07 07:09:39,082] OPENING buy-coincheck(5946.0), sell-liquid(5946.09), margin=1053, profit=0.1
[INFO:2020-05-07 07:11:53,907] CLOSING buy-liquid(5943.354), sell-coincheck(5937.228), margin=-52, profit=-6.1
[INFO:2020-05-07 07:12:56,247] open threshold changed from 1000 to 1000
[INFO:2020-05-07 07:14:28,551] OPENING buy-coincheck(5941.0), sell-liquid(5942.148), margin=1013, profit=1.1
[INFO:2020-05-07 07:19:56,299] open threshold changed from 1000 to 1000
[INFO:2020-05-07 07:26:59,478] open threshold changed from 1000 to 1000
[INFO:2020-05-07 07:33:54,747] open threshold changed from 1000 to 1000
[INFO:2020-05-07 07:41:06,956] open threshold changed from 1000 to 1000
[INFO:2020-05-07 07:44:29,142] =============================
[INFO:2020-05-07 07:44:29,142] = CIRCUIT BREAKER CALLED!!! =
[INFO:2020-05-07 07:44:29,142] =============================
[INFO:2020-05-07 07:44:29,168] waiting for 3 sec ...
[INFO:2020-05-07 07:44:32,186] opening for 30 minutes, force closing start.
[INFO:2020-05-07 07:44:32,794] CLOSING buy-liquid(5939.652), sell-coincheck(5935.296), margin=-694, profit=-4.4
[INFO:2020-05-07 07:44:33,276] waiting for 3 sec ...
[INFO:2020-05-07 07:44:36,304] force closing end.
[INFO:2020-05-07 07:48:18,827] open threshold changed from 1000 to 1000
[INFO:2020-05-07 07:52:01,056] OPENING buy-coincheck(5972.0), sell-liquid(5970.138), margin=1648, profit=-1.9
[INFO:2020-05-07 07:52:12,608] CLOSING buy-liquid(5974.632), sell-coincheck(5971.554), margin=-207, profit=-3.1
[INFO:2020-05-07 07:52:27,910] OPENING buy-coincheck(5968.0), sell-liquid(5966.052), margin=1169, profit=-1.9
[INFO:2020-05-07 07:52:51,439] CLOSING buy-liquid(5955.39), sell-coincheck(5952.09), margin=97, profit=-3.3
[INFO:2020-05-07 07:53:30,056] OPENING buy-coincheck(5958.0), sell-liquid(5955.534), margin=1111, profit=-2.5
[INFO:2020-05-07 07:53:55,874] CLOSING buy-liquid(5959.284), sell-coincheck(5956.02), margin=-56, profit=-3.3
[INFO:2020-05-07 07:54:23,815] OPENING buy-coincheck(5961.0), sell-liquid(5964.816), margin=1078, profit=3.8
[INFO:2020-05-07 07:55:19,091] open threshold changed from 1000 to 1000
[INFO:2020-05-07 08:02:12,935] open threshold changed from 1000 to 1000
[INFO:2020-05-07 08:05:15,598] CLOSING buy-liquid(5966.64), sell-coincheck(5962.248), margin=-48, profit=-4.4
[INFO:2020-05-07 08:08:24,574] keyboard interuption occured. stop trading bot...
[INFO:2020-05-07 08:08:24,628] =======================
[INFO:2020-05-07 08:08:24,628] === trading bot end ===
[INFO:2020-05-07 08:08:24,628] =======================
