[INFO:2020-03-24 17:42:03,768] =========================
[INFO:2020-03-24 17:42:03,768] === trading bot start ===
[INFO:2020-03-24 17:42:03,768] =========================
[INFO:2020-03-24 17:42:06,365] amount=0.006, open_threshold=2000, profit_margin_diff=1000
[INFO:2020-03-24 17:47:33,163] open threshold changed from 2000 to 1000
[INFO:2020-03-24 17:47:37,760] OPENING buy-liquid(4457.226), sell-coincheck(4464.0), margin=1129, profit=6.8
[INFO:2020-03-24 17:47:47,081] CLOSING buy-coincheck(4455.0), sell-liquid(4455.078), margin=-4, profit=0.1
[INFO:2020-03-24 17:52:46,108] OPENING buy-liquid(4460.142), sell-coincheck(4466.802), margin=1104, profit=6.7
[INFO:2020-03-24 17:53:01,838] open threshold changed from 1000 to 1000
[INFO:2020-03-24 17:53:03,090] CLOSING buy-coincheck(4457.0), sell-liquid(4458.516), margin=97, profit=1.5
[INFO:2020-03-24 17:58:30,395] open threshold changed from 1000 to 1000
[INFO:2020-03-24 18:00:10,682] OPENING buy-liquid(4468.692), sell-coincheck(4473.426), margin=1083, profit=4.7
[INFO:2020-03-24 18:01:12,049] CLOSING buy-coincheck(4467.0), sell-liquid(4469.802), margin=372, profit=2.8
[INFO:2020-03-24 18:03:58,501] open threshold changed from 1000 to 1000
[INFO:2020-03-24 18:05:05,039] OPENING buy-liquid(4463.784), sell-coincheck(4471.05), margin=1197, profit=7.3
[INFO:2020-03-24 18:05:08,989] CLOSING buy-coincheck(4464.0), sell-liquid(4467.684), margin=106, profit=3.7
[INFO:2020-03-24 18:05:23,849] OPENING buy-liquid(4455.9), sell-coincheck(4464.0), margin=1298, profit=8.1
[INFO:2020-03-24 18:05:34,303] CLOSING buy-coincheck(4453.0), sell-liquid(4454.232), margin=-290, profit=1.2
[INFO:2020-03-24 18:09:27,433] open threshold changed from 1000 to 1000
[INFO:2020-03-24 18:12:51,517] OPENING buy-coincheck(4458.0), sell-liquid(4464.336), margin=1051, profit=6.3
[INFO:2020-03-24 18:13:20,118] CLOSING buy-liquid(4461.954), sell-coincheck(4463.94), margin=333, profit=2.0
[INFO:2020-03-24 18:14:53,023] open threshold changed from 1000 to 1000
[INFO:2020-03-24 18:15:45,111] OPENING buy-coincheck(4463.0), sell-liquid(4470.756), margin=1108, profit=7.8
[INFO:2020-03-24 18:15:52,397] CLOSING buy-liquid(4474.56), sell-coincheck(4471.206), margin=-98, profit=-3.4
[INFO:2020-03-24 18:18:31,713] OPENING buy-coincheck(4478.0), sell-liquid(4483.746), margin=1285, profit=5.7
[INFO:2020-03-24 18:18:37,704] CLOSING buy-liquid(4482.054), sell-coincheck(4480.788), margin=-211, profit=-1.3
[INFO:2020-03-24 18:20:22,148] open threshold changed from 1000 to 1000
[INFO:2020-03-24 18:22:21,693] OPENING buy-liquid(4489.494), sell-coincheck(4496.19), margin=1116, profit=6.7
[INFO:2020-03-24 18:25:17,816] CLOSING buy-coincheck(4503.0), sell-liquid(4505.43), margin=179, profit=2.4
[INFO:2020-03-24 18:25:49,595] open threshold changed from 1000 to 1000
[INFO:2020-03-24 18:26:55,412] OPENING buy-liquid(4479.972), sell-coincheck(4488.3), margin=1044, profit=8.3
[INFO:2020-03-24 18:31:17,533] open threshold changed from 1000 to 1000
[INFO:2020-03-24 18:33:17,718] CLOSING buy-coincheck(4500.0), sell-liquid(4496.034), margin=-24, profit=-4.0
[INFO:2020-03-24 18:34:28,180] OPENING buy-liquid(4490.808), sell-coincheck(4496.406), margin=1041, profit=5.6
[INFO:2020-03-24 18:36:23,379] CLOSING buy-coincheck(4499.0), sell-liquid(4499.238), margin=-15, profit=0.2
[INFO:2020-03-24 18:36:46,190] open threshold changed from 1000 to 1000
[INFO:2020-03-24 18:37:35,432] OPENING buy-liquid(4503.828), sell-coincheck(4510.254), margin=1070, profit=6.4
[INFO:2020-03-24 18:38:55,552] CLOSING buy-coincheck(4514.0), sell-liquid(4514.268), margin=-62, profit=0.3
[INFO:2020-03-24 18:42:14,555] open threshold changed from 1000 to 1000
[INFO:2020-03-24 18:43:20,688] OPENING buy-liquid(4516.71), sell-coincheck(4524.0), margin=1136, profit=7.3
[INFO:2020-03-24 18:44:13,362] CLOSING buy-coincheck(4528.0), sell-liquid(4528.968), margin=83, profit=1.0
[INFO:2020-03-24 18:45:20,365] OPENING buy-liquid(4517.328), sell-coincheck(4524.0), margin=1112, profit=6.7
[INFO:2020-03-24 18:45:54,539] CLOSING buy-coincheck(4524.0), sell-liquid(4525.74), margin=245, profit=1.7
[INFO:2020-03-24 18:47:43,894] open threshold changed from 1000 to 1000
[INFO:2020-03-24 18:48:26,198] OPENING buy-liquid(4518.108), sell-coincheck(4524.246), margin=1023, profit=6.1
[INFO:2020-03-24 18:50:02,855] CLOSING buy-coincheck(4512.0), sell-liquid(4513.788), margin=145, profit=1.8
[INFO:2020-03-24 18:50:19,642] keyboard interuption occured. stop trading bot...
[INFO:2020-03-24 18:50:19,643] =======================
[INFO:2020-03-24 18:50:19,643] === trading bot end ===
[INFO:2020-03-24 18:50:19,643] =======================
